# JRE version: Java(TM) SE Runtime Environment (8.0_111-b14) (build 1.8.0_111-b14)
# Java VM: Java HotSpot(TM) 64-Bit Server VM (25.111-b14 mixed mode bsd-amd64 compressed oops)
Heap:
 PSYoungGen      total 177152K, used 23978K [0x0000000795580000, 0x00000007a2e00000, 0x00000007c0000000)
  eden space 164352K, 6% used [0x0000000795580000,0x00000007960ae5a8,0x000000079f600000)
  from space 12800K, 97% used [0x00000007a2180000,0x00000007a2dbc310,0x00000007a2e00000)
  to   space 15360K, 0% used [0x00000007a1000000,0x00000007a1000000,0x00000007a1f00000)
 ParOldGen       total 130560K, used 49092K [0x0000000740000000, 0x0000000747f80000, 0x0000000795580000)
  object space 130560K, 37% used [0x0000000740000000,0x0000000742ff1250,0x0000000747f80000)
 Metaspace       used 24662K, capacity 24921K, committed 25344K, reserved 1073152K
  class space    used 2394K, capacity 2485K, committed 2560K, reserved 1048576K
GC Heap History (10 events):
Event: 78.294 GC heap before
{Heap before GC invocations=14 (full 1):
 PSYoungGen      total 187392K, used 187232K [0x0000000795580000, 0x00000007a1c00000, 0x00000007c0000000)
  eden space 176640K, 100% used [0x0000000795580000,0x00000007a0200000,0x00000007a0200000)
  from space 10752K, 98% used [0x00000007a1180000,0x00000007a1bd82f0,0x00000007a1c00000)
  to   space 12800K, 0% used [0x00000007a0300000,0x00000007a0300000,0x00000007a0f80000)
 ParOldGen       total 53760K, used 22351K [0x0000000740000000, 0x0000000743480000, 0x0000000795580000)
  object space 53760K, 41% used [0x0000000740000000,0x00000007415d3f08,0x0000000743480000)
 Metaspace       used 24475K, capacity 24793K, committed 25088K, reserved 1071104K
  class space    used 2386K, capacity 2485K, committed 2560K, reserved 1048576K
Event: 78.305 GC heap after
Heap after GC invocations=14 (full 1):
 PSYoungGen      total 182784K, used 12768K [0x0000000795580000, 0x00000007a1680000, 0x00000007c0000000)
  eden space 169984K, 0% used [0x0000000795580000,0x0000000795580000,0x000000079fb80000)
  from space 12800K, 99% used [0x00000007a0300000,0x00000007a0f783a0,0x00000007a0f80000)
  to   space 7168K, 0% used [0x00000007a0f80000,0x00000007a0f80000,0x00000007a1680000)
 ParOldGen       total 53760K, used 24919K [0x0000000740000000, 0x0000000743480000, 0x0000000795580000)
  object space 53760K, 46% used [0x0000000740000000,0x0000000741855fa8,0x0000000743480000)
 Metaspace       used 24475K, capacity 24793K, committed 25088K, reserved 1071104K
  class space    used 2386K, capacity 2485K, committed 2560K, reserved 1048576K
}
Event: 83.880 GC heap before
{Heap before GC invocations=15 (full 1):
 PSYoungGen      total 182784K, used 182752K [0x0000000795580000, 0x00000007a1680000, 0x00000007c0000000)
  eden space 169984K, 100% used [0x0000000795580000,0x000000079fb80000,0x000000079fb80000)
  from space 12800K, 99% used [0x00000007a0300000,0x00000007a0f783a0,0x00000007a0f80000)
  to   space 7168K, 0% used [0x00000007a0f80000,0x00000007a0f80000,0x00000007a1680000)
 ParOldGen       total 53760K, used 24919K [0x0000000740000000, 0x0000000743480000, 0x0000000795580000)
  object space 53760K, 46% used [0x0000000740000000,0x0000000741855fa8,0x0000000743480000)
 Metaspace       used 24590K, capacity 24857K, committed 25088K, reserved 1071104K
  class space    used 2386K, capacity 2485K, committed 2560K, reserved 1048576K
Event: 83.925 GC heap after
Heap after GC invocations=15 (full 1):
 PSYoungGen      total 170496K, used 7024K [0x0000000795580000, 0x00000007a1680000, 0x00000007c0000000)
  eden space 163328K, 0% used [0x0000000795580000,0x0000000795580000,0x000000079f500000)
  from space 7168K, 97% used [0x00000007a0f80000,0x00000007a165c240,0x00000007a1680000)
  to   space 13824K, 0% used [0x000000079fb80000,0x000000079fb80000,0x00000007a0900000)
 ParOldGen       total 53760K, used 44897K [0x0000000740000000, 0x0000000743480000, 0x0000000795580000)
  object space 53760K, 83% used [0x0000000740000000,0x0000000742bd8488,0x0000000743480000)
 Metaspace       used 24590K, capacity 24857K, committed 25088K, reserved 1071104K
  class space    used 2386K, capacity 2485K, committed 2560K, reserved 1048576K
}
Event: 83.925 GC heap before
{Heap before GC invocations=16 (full 2):
 PSYoungGen      total 170496K, used 7024K [0x0000000795580000, 0x00000007a1680000, 0x00000007c0000000)
  eden space 163328K, 0% used [0x0000000795580000,0x0000000795580000,0x000000079f500000)
  from space 7168K, 97% used [0x00000007a0f80000,0x00000007a165c240,0x00000007a1680000)
  to   space 13824K, 0% used [0x000000079fb80000,0x000000079fb80000,0x00000007a0900000)
 ParOldGen       total 53760K, used 44897K [0x0000000740000000, 0x0000000743480000, 0x0000000795580000)
  object space 53760K, 83% used [0x0000000740000000,0x0000000742bd8488,0x0000000743480000)
 Metaspace       used 24590K, capacity 24857K, committed 25088K, reserved 1071104K
  class space    used 2386K, capacity 2485K, committed 2560K, reserved 1048576K
Event: 83.980 GC heap after
Heap after GC invocations=16 (full 2):
 PSYoungGen      total 170496K, used 0K [0x0000000795580000, 0x00000007a1680000, 0x00000007c0000000)
  eden space 163328K, 0% used [0x0000000795580000,0x0000000795580000,0x000000079f500000)
  from space 7168K, 0% used [0x00000007a0f80000,0x00000007a0f80000,0x00000007a1680000)
  to   space 13824K, 0% used [0x000000079fb80000,0x000000079fb80000,0x00000007a0900000)
 ParOldGen       total 130560K, used 49084K [0x0000000740000000, 0x0000000747f80000, 0x0000000795580000)
  object space 130560K, 37% used [0x0000000740000000,0x0000000742fef250,0x0000000747f80000)
 Metaspace       used 24590K, capacity 24857K, committed 25088K, reserved 1071104K
  class space    used 2386K, capacity 2485K, committed 2560K, reserved 1048576K
}
Event: 92.235 GC heap before
{Heap before GC invocations=17 (full 2):
 PSYoungGen      total 170496K, used 163328K [0x0000000795580000, 0x00000007a1680000, 0x00000007c0000000)
  eden space 163328K, 100% used [0x0000000795580000,0x000000079f500000,0x000000079f500000)
  from space 7168K, 0% used [0x00000007a0f80000,0x00000007a0f80000,0x00000007a1680000)
  to   space 13824K, 0% used [0x000000079fb80000,0x000000079fb80000,0x00000007a0900000)
 ParOldGen       total 130560K, used 49084K [0x0000000740000000, 0x0000000747f80000, 0x0000000795580000)
  object space 130560K, 37% used [0x0000000740000000,0x0000000742fef250,0x0000000747f80000)
 Metaspace       used 24608K, capacity 24857K, committed 25088K, reserved 1071104K
  class space    used 2386K, capacity 2485K, committed 2560K, reserved 1048576K
Event: 92.239 GC heap after
Heap after GC invocations=17 (full 2):
 PSYoungGen      total 183808K, used 10912K [0x0000000795580000, 0x00000007a2f80000, 0x00000007c0000000)
  eden space 169984K, 0% used [0x0000000795580000,0x0000000795580000,0x000000079fb80000)
  from space 13824K, 78% used [0x000000079fb80000,0x00000007a06282f0,0x00000007a0900000)
  to   space 14336K, 0% used [0x00000007a2180000,0x00000007a2180000,0x00000007a2f80000)
 ParOldGen       total 130560K, used 49092K [0x0000000740000000, 0x0000000747f80000, 0x0000000795580000)
  object space 130560K, 37% used [0x0000000740000000,0x0000000742ff1250,0x0000000747f80000)
 Metaspace       used 24608K, capacity 24857K, committed 25088K, reserved 1071104K
  class space    used 2386K, capacity 2485K, committed 2560K, reserved 1048576K
}
Event: 104.157 GC heap before
{Heap before GC invocations=18 (full 2):
 PSYoungGen      total 183808K, used 180896K [0x0000000795580000, 0x00000007a2f80000, 0x00000007c0000000)
  eden space 169984K, 100% used [0x0000000795580000,0x000000079fb80000,0x000000079fb80000)
  from space 13824K, 78% used [0x000000079fb80000,0x00000007a06282f0,0x00000007a0900000)
  to   space 14336K, 0% used [0x00000007a2180000,0x00000007a2180000,0x00000007a2f80000)
 ParOldGen       total 130560K, used 49092K [0x0000000740000000, 0x0000000747f80000, 0x0000000795580000)
  object space 130560K, 37% used [0x0000000740000000,0x0000000742ff1250,0x0000000747f80000)
 Metaspace       used 24627K, capacity 24921K, committed 25344K, reserved 1073152K
  class space    used 2386K, capacity 2485K, committed 2560K, reserved 1048576K
Event: 104.166 GC heap after
Heap after GC invocations=18 (full 2):
 PSYoungGen      total 177152K, used 12528K [0x0000000795580000, 0x00000007a2e00000, 0x00000007c0000000)
  eden space 164352K, 0% used [0x0000000795580000,0x0000000795580000,0x000000079f600000)
  from space 12800K, 97% used [0x00000007a2180000,0x00000007a2dbc310,0x00000007a2e00000)
  to   space 15360K, 0% used [0x00000007a1000000,0x00000007a1000000,0x00000007a1f00000)
 ParOldGen       total 130560K, used 49092K [0x0000000740000000, 0x0000000747f80000, 0x0000000795580000)
  object space 130560K, 37% used [0x0000000740000000,0x0000000742ff1250,0x0000000747f80000)
 Metaspace       used 24627K, capacity 24921K, committed 25344K, reserved 1073152K
  class space    used 2386K, capacity 2485K, committed 2560K, reserved 1048576K
}

