# JRE version: Java(TM) SE Runtime Environment (8.0_111-b14) (build 1.8.0_111-b14)
# Java VM: Java HotSpot(TM) 64-Bit Server VM (25.111-b14 mixed mode bsd-amd64 compressed oops)
Heap:
 PSYoungGen      total 65536K, used 17608K [0x0000000795580000, 0x000000079a980000, 0x00000007c0000000)
  eden space 52736K, 24% used [0x0000000795580000,0x00000007962061e8,0x0000000798900000)
  from space 12800K, 37% used [0x0000000798900000,0x0000000798dac170,0x0000000799580000)
  to   space 12288K, 0% used [0x0000000799d80000,0x0000000799d80000,0x000000079a980000)
 ParOldGen       total 69120K, used 16427K [0x0000000740000000, 0x0000000744380000, 0x0000000795580000)
  object space 69120K, 23% used [0x0000000740000000,0x000000074100af10,0x0000000744380000)
 Metaspace       used 24061K, capacity 24333K, committed 24576K, reserved 1071104K
  class space    used 2373K, capacity 2483K, committed 2560K, reserved 1048576K
GC Heap History (10 events):
Event: 3.966 GC heap before
{Heap before GC invocations=4 (full 1):
 PSYoungGen      total 38400K, used 33280K [0x0000000795580000, 0x0000000798000000, 0x00000007c0000000)
  eden space 33280K, 100% used [0x0000000795580000,0x0000000797600000,0x0000000797600000)
  from space 5120K, 0% used [0x0000000797b00000,0x0000000797b00000,0x0000000798000000)
  to   space 5120K, 0% used [0x0000000797600000,0x0000000797600000,0x0000000797b00000)
 ParOldGen       total 69120K, used 8721K [0x0000000740000000, 0x0000000744380000, 0x0000000795580000)
  object space 69120K, 12% used [0x0000000740000000,0x0000000740884758,0x0000000744380000)
 Metaspace       used 23450K, capacity 23751K, committed 24064K, reserved 1071104K
  class space    used 2366K, capacity 2482K, committed 2560K, reserved 1048576K
Event: 3.972 GC heap after
Heap after GC invocations=4 (full 1):
 PSYoungGen      total 38400K, used 5088K [0x0000000795580000, 0x0000000798b00000, 0x00000007c0000000)
  eden space 33280K, 0% used [0x0000000795580000,0x0000000795580000,0x0000000797600000)
  from space 5120K, 99% used [0x0000000797600000,0x0000000797af81d0,0x0000000797b00000)
  to   space 5120K, 0% used [0x0000000798600000,0x0000000798600000,0x0000000798b00000)
 ParOldGen       total 69120K, used 15067K [0x0000000740000000, 0x0000000744380000, 0x0000000795580000)
  object space 69120K, 21% used [0x0000000740000000,0x0000000740eb6eb0,0x0000000744380000)
 Metaspace       used 23450K, capacity 23751K, committed 24064K, reserved 1071104K
  class space    used 2366K, capacity 2482K, committed 2560K, reserved 1048576K
}
Event: 8.493 GC heap before
{Heap before GC invocations=5 (full 1):
 PSYoungGen      total 38400K, used 38368K [0x0000000795580000, 0x0000000798b00000, 0x00000007c0000000)
  eden space 33280K, 100% used [0x0000000795580000,0x0000000797600000,0x0000000797600000)
  from space 5120K, 99% used [0x0000000797600000,0x0000000797af81d0,0x0000000797b00000)
  to   space 5120K, 0% used [0x0000000798600000,0x0000000798600000,0x0000000798b00000)
 ParOldGen       total 69120K, used 15067K [0x0000000740000000, 0x0000000744380000, 0x0000000795580000)
  object space 69120K, 21% used [0x0000000740000000,0x0000000740eb6eb0,0x0000000744380000)
 Metaspace       used 23896K, capacity 24141K, committed 24576K, reserved 1071104K
  class space    used 2366K, capacity 2483K, committed 2560K, reserved 1048576K
Event: 8.498 GC heap after
Heap after GC invocations=5 (full 1):
 PSYoungGen      total 47616K, used 5088K [0x0000000795580000, 0x0000000798b00000, 0x00000007c0000000)
  eden space 42496K, 0% used [0x0000000795580000,0x0000000795580000,0x0000000797f00000)
  from space 5120K, 99% used [0x0000000798600000,0x0000000798af81c0,0x0000000798b00000)
  to   space 5120K, 0% used [0x0000000798100000,0x0000000798100000,0x0000000798600000)
 ParOldGen       total 69120K, used 16427K [0x0000000740000000, 0x0000000744380000, 0x0000000795580000)
  object space 69120K, 23% used [0x0000000740000000,0x000000074100af10,0x0000000744380000)
 Metaspace       used 23896K, capacity 24141K, committed 24576K, reserved 1071104K
  class space    used 2366K, capacity 2483K, committed 2560K, reserved 1048576K
}
Event: 18.746 GC heap before
{Heap before GC invocations=6 (full 1):
 PSYoungGen      total 47616K, used 47584K [0x0000000795580000, 0x0000000798b00000, 0x00000007c0000000)
  eden space 42496K, 100% used [0x0000000795580000,0x0000000797f00000,0x0000000797f00000)
  from space 5120K, 99% used [0x0000000798600000,0x0000000798af81c0,0x0000000798b00000)
  to   space 5120K, 0% used [0x0000000798100000,0x0000000798100000,0x0000000798600000)
 ParOldGen       total 69120K, used 16427K [0x0000000740000000, 0x0000000744380000, 0x0000000795580000)
  object space 69120K, 23% used [0x0000000740000000,0x000000074100af10,0x0000000744380000)
 Metaspace       used 24015K, capacity 24269K, committed 24576K, reserved 1071104K
  class space    used 2366K, capacity 2483K, committed 2560K, reserved 1048576K
Event: 18.755 GC heap after
Heap after GC invocations=6 (full 1):
 PSYoungGen      total 49664K, used 4864K [0x0000000795580000, 0x000000079a200000, 0x00000007c0000000)
  eden space 44544K, 0% used [0x0000000795580000,0x0000000795580000,0x0000000798100000)
  from space 5120K, 95% used [0x0000000798100000,0x00000007985c0160,0x0000000798600000)
  to   space 12800K, 0% used [0x0000000799580000,0x0000000799580000,0x000000079a200000)
 ParOldGen       total 69120K, used 16427K [0x0000000740000000, 0x0000000744380000, 0x0000000795580000)
  object space 69120K, 23% used [0x0000000740000000,0x000000074100af10,0x0000000744380000)
 Metaspace       used 24015K, capacity 24269K, committed 24576K, reserved 1071104K
  class space    used 2366K, capacity 2483K, committed 2560K, reserved 1048576K
}
Event: 30.603 GC heap before
{Heap before GC invocations=7 (full 1):
 PSYoungGen      total 49664K, used 49408K [0x0000000795580000, 0x000000079a200000, 0x00000007c0000000)
  eden space 44544K, 100% used [0x0000000795580000,0x0000000798100000,0x0000000798100000)
  from space 5120K, 95% used [0x0000000798100000,0x00000007985c0160,0x0000000798600000)
  to   space 12800K, 0% used [0x0000000799580000,0x0000000799580000,0x000000079a200000)
 ParOldGen       total 69120K, used 16427K [0x0000000740000000, 0x0000000744380000, 0x0000000795580000)
  object space 69120K, 23% used [0x0000000740000000,0x000000074100af10,0x0000000744380000)
 Metaspace       used 24029K, capacity 24333K, committed 24576K, reserved 1071104K
  class space    used 2366K, capacity 2483K, committed 2560K, reserved 1048576K
Event: 30.609 GC heap after
Heap after GC invocations=7 (full 1):
 PSYoungGen      total 65536K, used 4784K [0x0000000795580000, 0x000000079a280000, 0x00000007c0000000)
  eden space 52736K, 0% used [0x0000000795580000,0x0000000795580000,0x0000000798900000)
  from space 12800K, 37% used [0x0000000799580000,0x0000000799a2c170,0x000000079a200000)
  to   space 12800K, 0% used [0x0000000798900000,0x0000000798900000,0x0000000799580000)
 ParOldGen       total 69120K, used 16427K [0x0000000740000000, 0x0000000744380000, 0x0000000795580000)
  object space 69120K, 23% used [0x0000000740000000,0x000000074100af10,0x0000000744380000)
 Metaspace       used 24029K, capacity 24333K, committed 24576K, reserved 1071104K
  class space    used 2366K, capacity 2483K, committed 2560K, reserved 1048576K
}
Event: 43.658 GC heap before
{Heap before GC invocations=8 (full 1):
 PSYoungGen      total 65536K, used 57520K [0x0000000795580000, 0x000000079a280000, 0x00000007c0000000)
  eden space 52736K, 100% used [0x0000000795580000,0x0000000798900000,0x0000000798900000)
  from space 12800K, 37% used [0x0000000799580000,0x0000000799a2c170,0x000000079a200000)
  to   space 12800K, 0% used [0x0000000798900000,0x0000000798900000,0x0000000799580000)
 ParOldGen       total 69120K, used 16427K [0x0000000740000000, 0x0000000744380000, 0x0000000795580000)
  object space 69120K, 23% used [0x0000000740000000,0x000000074100af10,0x0000000744380000)
 Metaspace       used 24029K, capacity 24333K, committed 24576K, reserved 1071104K
  class space    used 2366K, capacity 2483K, committed 2560K, reserved 1048576K
Event: 43.665 GC heap after
Heap after GC invocations=8 (full 1):
 PSYoungGen      total 65536K, used 4784K [0x0000000795580000, 0x000000079a980000, 0x00000007c0000000)
  eden space 52736K, 0% used [0x0000000795580000,0x0000000795580000,0x0000000798900000)
  from space 12800K, 37% used [0x0000000798900000,0x0000000798dac170,0x0000000799580000)
  to   space 12288K, 0% used [0x0000000799d80000,0x0000000799d80000,0x000000079a980000)
 ParOldGen       total 69120K, used 16427K [0x0000000740000000, 0x0000000744380000, 0x0000000795580000)
  object space 69120K, 23% used [0x0000000740000000,0x000000074100af10,0x0000000744380000)
 Metaspace       used 24029K, capacity 24333K, committed 24576K, reserved 1071104K
  class space    used 2366K, capacity 2483K, committed 2560K, reserved 1048576K
}

