# JRE version: Java(TM) SE Runtime Environment (8.0_111-b14) (build 1.8.0_111-b14)
# Java VM: Java HotSpot(TM) 64-Bit Server VM (25.111-b14 mixed mode bsd-amd64 compressed oops)
Heap:
 PSYoungGen      total 116736K, used 94400K [0x0000000795580000, 0x00000007a1380000, 0x00000007c0000000)
  eden space 104960K, 85% used [0x0000000795580000,0x000000079ad08c88,0x000000079bc00000)
  from space 11776K, 40% used [0x000000079bc00000,0x000000079c0a74c0,0x000000079c780000)
  to   space 11776K, 0% used [0x00000007a0800000,0x00000007a0800000,0x00000007a1380000)
 ParOldGen       total 51712K, used 15831K [0x0000000740000000, 0x0000000743280000, 0x0000000795580000)
  object space 51712K, 30% used [0x0000000740000000,0x0000000740f75db0,0x0000000743280000)
 Metaspace       used 24274K, capacity 24537K, committed 24832K, reserved 1071104K
  class space    used 2392K, capacity 2485K, committed 2560K, reserved 1048576K
GC Heap History (10 events):
Event: 5.713 GC heap before
{Heap before GC invocations=4 (full 1):
 PSYoungGen      total 38400K, used 5102K [0x0000000795580000, 0x000000079a080000, 0x00000007c0000000)
  eden space 33280K, 0% used [0x0000000795580000,0x0000000795580000,0x0000000797600000)
  from space 5120K, 99% used [0x0000000797600000,0x0000000797afb968,0x0000000797b00000)
  to   space 5120K, 0% used [0x0000000799b80000,0x0000000799b80000,0x000000079a080000)
 ParOldGen       total 87552K, used 4323K [0x0000000740000000, 0x0000000745580000, 0x0000000795580000)
  object space 87552K, 4% used [0x0000000740000000,0x0000000740438fe0,0x0000000745580000)
 Metaspace       used 20802K, capacity 21047K, committed 21248K, reserved 1069056K
  class space    used 2130K, capacity 2224K, committed 2304K, reserved 1048576K
Event: 5.753 GC heap after
Heap after GC invocations=4 (full 1):
 PSYoungGen      total 38400K, used 0K [0x0000000795580000, 0x000000079a080000, 0x00000007c0000000)
  eden space 33280K, 0% used [0x0000000795580000,0x0000000795580000,0x0000000797600000)
  from space 5120K, 0% used [0x0000000797600000,0x0000000797600000,0x0000000797b00000)
  to   space 5120K, 0% used [0x0000000799b80000,0x0000000799b80000,0x000000079a080000)
 ParOldGen       total 51712K, used 8058K [0x0000000740000000, 0x0000000743280000, 0x0000000795580000)
  object space 51712K, 15% used [0x0000000740000000,0x00000007407de9a8,0x0000000743280000)
 Metaspace       used 20802K, capacity 21047K, committed 21248K, reserved 1069056K
  class space    used 2130K, capacity 2224K, committed 2304K, reserved 1048576K
}
Event: 7.002 GC heap before
{Heap before GC invocations=5 (full 1):
 PSYoungGen      total 38400K, used 33186K [0x0000000795580000, 0x000000079a080000, 0x00000007c0000000)
  eden space 33280K, 99% used [0x0000000795580000,0x00000007975e8a28,0x0000000797600000)
  from space 5120K, 0% used [0x0000000797600000,0x0000000797600000,0x0000000797b00000)
  to   space 5120K, 0% used [0x0000000799b80000,0x0000000799b80000,0x000000079a080000)
 ParOldGen       total 51712K, used 8058K [0x0000000740000000, 0x0000000743280000, 0x0000000795580000)
  object space 51712K, 15% used [0x0000000740000000,0x00000007407de9a8,0x0000000743280000)
 Metaspace       used 23581K, capacity 23821K, committed 24064K, reserved 1071104K
  class space    used 2383K, capacity 2483K, committed 2560K, reserved 1048576K
Event: 7.020 GC heap after
Heap after GC invocations=5 (full 1):
 PSYoungGen      total 65024K, used 5117K [0x0000000795580000, 0x000000079a080000, 0x00000007c0000000)
  eden space 59904K, 0% used [0x0000000795580000,0x0000000795580000,0x0000000799000000)
  from space 5120K, 99% used [0x0000000799b80000,0x000000079a07f510,0x000000079a080000)
  to   space 5120K, 0% used [0x0000000799680000,0x0000000799680000,0x0000000799b80000)
 ParOldGen       total 51712K, used 14279K [0x0000000740000000, 0x0000000743280000, 0x0000000795580000)
  object space 51712K, 27% used [0x0000000740000000,0x0000000740df1d50,0x0000000743280000)
 Metaspace       used 23581K, capacity 23821K, committed 24064K, reserved 1071104K
  class space    used 2383K, capacity 2483K, committed 2560K, reserved 1048576K
}
Event: 12.744 GC heap before
{Heap before GC invocations=6 (full 1):
 PSYoungGen      total 65024K, used 65021K [0x0000000795580000, 0x000000079a080000, 0x00000007c0000000)
  eden space 59904K, 100% used [0x0000000795580000,0x0000000799000000,0x0000000799000000)
  from space 5120K, 99% used [0x0000000799b80000,0x000000079a07f510,0x000000079a080000)
  to   space 5120K, 0% used [0x0000000799680000,0x0000000799680000,0x0000000799b80000)
 ParOldGen       total 51712K, used 14279K [0x0000000740000000, 0x0000000743280000, 0x0000000795580000)
  object space 51712K, 27% used [0x0000000740000000,0x0000000740df1d50,0x0000000743280000)
 Metaspace       used 23993K, capacity 24217K, committed 24576K, reserved 1071104K
  class space    used 2384K, capacity 2485K, committed 2560K, reserved 1048576K
Event: 12.752 GC heap after
Heap after GC invocations=6 (full 1):
 PSYoungGen      total 71680K, used 5005K [0x0000000795580000, 0x000000079d380000, 0x00000007c0000000)
  eden space 66560K, 0% used [0x0000000795580000,0x0000000795580000,0x0000000799680000)
  from space 5120K, 97% used [0x0000000799680000,0x0000000799b634f0,0x0000000799b80000)
  to   space 12288K, 0% used [0x000000079c780000,0x000000079c780000,0x000000079d380000)
 ParOldGen       total 51712K, used 15823K [0x0000000740000000, 0x0000000743280000, 0x0000000795580000)
  object space 51712K, 30% used [0x0000000740000000,0x0000000740f73db0,0x0000000743280000)
 Metaspace       used 23993K, capacity 24217K, committed 24576K, reserved 1071104K
  class space    used 2384K, capacity 2485K, committed 2560K, reserved 1048576K
}
Event: 18.245 GC heap before
{Heap before GC invocations=7 (full 1):
 PSYoungGen      total 71680K, used 71565K [0x0000000795580000, 0x000000079d380000, 0x00000007c0000000)
  eden space 66560K, 100% used [0x0000000795580000,0x0000000799680000,0x0000000799680000)
  from space 5120K, 97% used [0x0000000799680000,0x0000000799b634f0,0x0000000799b80000)
  to   space 12288K, 0% used [0x000000079c780000,0x000000079c780000,0x000000079d380000)
 ParOldGen       total 51712K, used 15823K [0x0000000740000000, 0x0000000743280000, 0x0000000795580000)
  object space 51712K, 30% used [0x0000000740000000,0x0000000740f73db0,0x0000000743280000)
 Metaspace       used 24213K, capacity 24473K, committed 24832K, reserved 1071104K
  class space    used 2384K, capacity 2485K, committed 2560K, reserved 1048576K
Event: 18.253 GC heap after
Heap after GC invocations=7 (full 1):
 PSYoungGen      total 117248K, used 4765K [0x0000000795580000, 0x000000079da80000, 0x00000007c0000000)
  eden space 104960K, 0% used [0x0000000795580000,0x0000000795580000,0x000000079bc00000)
  from space 12288K, 38% used [0x000000079c780000,0x000000079cc274c0,0x000000079d380000)
  to   space 11776K, 0% used [0x000000079bc00000,0x000000079bc00000,0x000000079c780000)
 ParOldGen       total 51712K, used 15831K [0x0000000740000000, 0x0000000743280000, 0x0000000795580000)
  object space 51712K, 30% used [0x0000000740000000,0x0000000740f75db0,0x0000000743280000)
 Metaspace       used 24213K, capacity 24473K, committed 24832K, reserved 1071104K
  class space    used 2384K, capacity 2485K, committed 2560K, reserved 1048576K
}
Event: 27.848 GC heap before
{Heap before GC invocations=8 (full 1):
 PSYoungGen      total 117248K, used 109725K [0x0000000795580000, 0x000000079da80000, 0x00000007c0000000)
  eden space 104960K, 100% used [0x0000000795580000,0x000000079bc00000,0x000000079bc00000)
  from space 12288K, 38% used [0x000000079c780000,0x000000079cc274c0,0x000000079d380000)
  to   space 11776K, 0% used [0x000000079bc00000,0x000000079bc00000,0x000000079c780000)
 ParOldGen       total 51712K, used 15831K [0x0000000740000000, 0x0000000743280000, 0x0000000795580000)
  object space 51712K, 30% used [0x0000000740000000,0x0000000740f75db0,0x0000000743280000)
 Metaspace       used 24223K, capacity 24473K, committed 24832K, reserved 1071104K
  class space    used 2384K, capacity 2485K, committed 2560K, reserved 1048576K
Event: 27.860 GC heap after
Heap after GC invocations=8 (full 1):
 PSYoungGen      total 116736K, used 4765K [0x0000000795580000, 0x00000007a1380000, 0x00000007c0000000)
  eden space 104960K, 0% used [0x0000000795580000,0x0000000795580000,0x000000079bc00000)
  from space 11776K, 40% used [0x000000079bc00000,0x000000079c0a74c0,0x000000079c780000)
  to   space 11776K, 0% used [0x00000007a0800000,0x00000007a0800000,0x00000007a1380000)
 ParOldGen       total 51712K, used 15831K [0x0000000740000000, 0x0000000743280000, 0x0000000795580000)
  object space 51712K, 30% used [0x0000000740000000,0x0000000740f75db0,0x0000000743280000)
 Metaspace       used 24223K, capacity 24473K, committed 24832K, reserved 1071104K
  class space    used 2384K, capacity 2485K, committed 2560K, reserved 1048576K
}

