# JRE version: Java(TM) SE Runtime Environment (8.0_111-b14) (build 1.8.0_111-b14)
# Java VM: Java HotSpot(TM) 64-Bit Server VM (25.111-b14 mixed mode bsd-amd64 compressed oops)
Heap:
 PSYoungGen      total 62976K, used 60559K [0x0000000795580000, 0x000000079a100000, 0x00000007c0000000)
  eden space 62464K, 96% used [0x0000000795580000,0x0000000799093ef8,0x0000000799280000)
  from space 512K, 12% used [0x000000079a080000,0x000000079a090000,0x000000079a100000)
  to   space 5120K, 0% used [0x0000000799700000,0x0000000799700000,0x0000000799c00000)
 ParOldGen       total 54784K, used 20922K [0x0000000740000000, 0x0000000743580000, 0x0000000795580000)
  object space 54784K, 38% used [0x0000000740000000,0x000000074146e9a0,0x0000000743580000)
 Metaspace       used 24263K, capacity 24473K, committed 24832K, reserved 1071104K
  class space    used 2396K, capacity 2485K, committed 2560K, reserved 1048576K
GC Heap History (10 events):
Event: 261.710 GC heap before
{Heap before GC invocations=35 (full 1):
 PSYoungGen      total 78336K, used 71264K [0x0000000795580000, 0x000000079b200000, 0x00000007c0000000)
  eden space 71168K, 100% used [0x0000000795580000,0x0000000799b00000,0x0000000799b00000)
  from space 7168K, 1% used [0x000000079a400000,0x000000079a418000,0x000000079ab00000)
  to   space 7168K, 0% used [0x000000079ab00000,0x000000079ab00000,0x000000079b200000)
 ParOldGen       total 54784K, used 20922K [0x0000000740000000, 0x0000000743580000, 0x0000000795580000)
  object space 54784K, 38% used [0x0000000740000000,0x000000074146e9a0,0x0000000743580000)
 Metaspace       used 24218K, capacity 24473K, committed 24832K, reserved 1071104K
  class space    used 2389K, capacity 2485K, committed 2560K, reserved 1048576K
Event: 261.712 GC heap after
Heap after GC invocations=35 (full 1):
 PSYoungGen      total 69632K, used 96K [0x0000000795580000, 0x000000079ab80000, 0x00000007c0000000)
  eden space 69120K, 0% used [0x0000000795580000,0x0000000795580000,0x0000000799900000)
  from space 512K, 18% used [0x000000079ab00000,0x000000079ab18000,0x000000079ab80000)
  to   space 6656K, 0% used [0x0000000799e80000,0x0000000799e80000,0x000000079a500000)
 ParOldGen       total 54784K, used 20922K [0x0000000740000000, 0x0000000743580000, 0x0000000795580000)
  object space 54784K, 38% used [0x0000000740000000,0x000000074146e9a0,0x0000000743580000)
 Metaspace       used 24218K, capacity 24473K, committed 24832K, reserved 1071104K
  class space    used 2389K, capacity 2485K, committed 2560K, reserved 1048576K
}
Event: 267.528 GC heap before
{Heap before GC invocations=36 (full 1):
 PSYoungGen      total 69632K, used 69216K [0x0000000795580000, 0x000000079ab80000, 0x00000007c0000000)
  eden space 69120K, 100% used [0x0000000795580000,0x0000000799900000,0x0000000799900000)
  from space 512K, 18% used [0x000000079ab00000,0x000000079ab18000,0x000000079ab80000)
  to   space 6656K, 0% used [0x0000000799e80000,0x0000000799e80000,0x000000079a500000)
 ParOldGen       total 54784K, used 20922K [0x0000000740000000, 0x0000000743580000, 0x0000000795580000)
  object space 54784K, 38% used [0x0000000740000000,0x000000074146e9a0,0x0000000743580000)
 Metaspace       used 24218K, capacity 24473K, committed 24832K, reserved 1071104K
  class space    used 2389K, capacity 2485K, committed 2560K, reserved 1048576K
Event: 267.530 GC heap after
Heap after GC invocations=36 (full 1):
 PSYoungGen      total 73728K, used 64K [0x0000000795580000, 0x000000079ab80000, 0x00000007c0000000)
  eden space 67072K, 0% used [0x0000000795580000,0x0000000795580000,0x0000000799700000)
  from space 6656K, 0% used [0x0000000799e80000,0x0000000799e90000,0x000000079a500000)
  to   space 6144K, 0% used [0x000000079a580000,0x000000079a580000,0x000000079ab80000)
 ParOldGen       total 54784K, used 20922K [0x0000000740000000, 0x0000000743580000, 0x0000000795580000)
  object space 54784K, 38% used [0x0000000740000000,0x000000074146e9a0,0x0000000743580000)
 Metaspace       used 24218K, capacity 24473K, committed 24832K, reserved 1071104K
  class space    used 2389K, capacity 2485K, committed 2560K, reserved 1048576K
}
Event: 273.181 GC heap before
{Heap before GC invocations=37 (full 1):
 PSYoungGen      total 73728K, used 67136K [0x0000000795580000, 0x000000079ab80000, 0x00000007c0000000)
  eden space 67072K, 100% used [0x0000000795580000,0x0000000799700000,0x0000000799700000)
  from space 6656K, 0% used [0x0000000799e80000,0x0000000799e90000,0x000000079a500000)
  to   space 6144K, 0% used [0x000000079a580000,0x000000079a580000,0x000000079ab80000)
 ParOldGen       total 54784K, used 20922K [0x0000000740000000, 0x0000000743580000, 0x0000000795580000)
  object space 54784K, 38% used [0x0000000740000000,0x000000074146e9a0,0x0000000743580000)
 Metaspace       used 24218K, capacity 24473K, committed 24832K, reserved 1071104K
  class space    used 2389K, capacity 2485K, committed 2560K, reserved 1048576K
Event: 273.183 GC heap after
Heap after GC invocations=37 (full 1):
 PSYoungGen      total 66048K, used 64K [0x0000000795580000, 0x000000079a600000, 0x00000007c0000000)
  eden space 65536K, 0% used [0x0000000795580000,0x0000000795580000,0x0000000799580000)
  from space 512K, 12% used [0x000000079a580000,0x000000079a590000,0x000000079a600000)
  to   space 6144K, 0% used [0x0000000799a00000,0x0000000799a00000,0x000000079a000000)
 ParOldGen       total 54784K, used 20922K [0x0000000740000000, 0x0000000743580000, 0x0000000795580000)
  object space 54784K, 38% used [0x0000000740000000,0x000000074146e9a0,0x0000000743580000)
 Metaspace       used 24218K, capacity 24473K, committed 24832K, reserved 1071104K
  class space    used 2389K, capacity 2485K, committed 2560K, reserved 1048576K
}
Event: 278.684 GC heap before
{Heap before GC invocations=38 (full 1):
 PSYoungGen      total 66048K, used 65600K [0x0000000795580000, 0x000000079a600000, 0x00000007c0000000)
  eden space 65536K, 100% used [0x0000000795580000,0x0000000799580000,0x0000000799580000)
  from space 512K, 12% used [0x000000079a580000,0x000000079a590000,0x000000079a600000)
  to   space 6144K, 0% used [0x0000000799a00000,0x0000000799a00000,0x000000079a000000)
 ParOldGen       total 54784K, used 20922K [0x0000000740000000, 0x0000000743580000, 0x0000000795580000)
  object space 54784K, 38% used [0x0000000740000000,0x000000074146e9a0,0x0000000743580000)
 Metaspace       used 24218K, capacity 24473K, committed 24832K, reserved 1071104K
  class space    used 2389K, capacity 2485K, committed 2560K, reserved 1048576K
Event: 278.686 GC heap after
Heap after GC invocations=38 (full 1):
 PSYoungGen      total 70144K, used 32K [0x0000000795580000, 0x000000079a600000, 0x00000007c0000000)
  eden space 64000K, 0% used [0x0000000795580000,0x0000000795580000,0x0000000799400000)
  from space 6144K, 0% used [0x0000000799a00000,0x0000000799a08000,0x000000079a000000)
  to   space 5632K, 0% used [0x000000079a080000,0x000000079a080000,0x000000079a600000)
 ParOldGen       total 54784K, used 20922K [0x0000000740000000, 0x0000000743580000, 0x0000000795580000)
  object space 54784K, 38% used [0x0000000740000000,0x000000074146e9a0,0x0000000743580000)
 Metaspace       used 24218K, capacity 24473K, committed 24832K, reserved 1071104K
  class space    used 2389K, capacity 2485K, committed 2560K, reserved 1048576K
}
Event: 284.087 GC heap before
{Heap before GC invocations=39 (full 1):
 PSYoungGen      total 70144K, used 64031K [0x0000000795580000, 0x000000079a600000, 0x00000007c0000000)
  eden space 64000K, 99% used [0x0000000795580000,0x00000007993ffff0,0x0000000799400000)
  from space 6144K, 0% used [0x0000000799a00000,0x0000000799a08000,0x000000079a000000)
  to   space 5632K, 0% used [0x000000079a080000,0x000000079a080000,0x000000079a600000)
 ParOldGen       total 54784K, used 20922K [0x0000000740000000, 0x0000000743580000, 0x0000000795580000)
  object space 54784K, 38% used [0x0000000740000000,0x000000074146e9a0,0x0000000743580000)
 Metaspace       used 24218K, capacity 24473K, committed 24832K, reserved 1071104K
  class space    used 2389K, capacity 2485K, committed 2560K, reserved 1048576K
Event: 284.089 GC heap after
Heap after GC invocations=39 (full 1):
 PSYoungGen      total 62976K, used 64K [0x0000000795580000, 0x000000079a100000, 0x00000007c0000000)
  eden space 62464K, 0% used [0x0000000795580000,0x0000000795580000,0x0000000799280000)
  from space 512K, 12% used [0x000000079a080000,0x000000079a090000,0x000000079a100000)
  to   space 5120K, 0% used [0x0000000799700000,0x0000000799700000,0x0000000799c00000)
 ParOldGen       total 54784K, used 20922K [0x0000000740000000, 0x0000000743580000, 0x0000000795580000)
  object space 54784K, 38% used [0x0000000740000000,0x000000074146e9a0,0x0000000743580000)
 Metaspace       used 24218K, capacity 24473K, committed 24832K, reserved 1071104K
  class space    used 2389K, capacity 2485K, committed 2560K, reserved 1048576K
}

