# JRE version: Java(TM) SE Runtime Environment (8.0_111-b14) (build 1.8.0_111-b14)
# Java VM: Java HotSpot(TM) 64-Bit Server VM (25.111-b14 mixed mode bsd-amd64 compressed oops)
Heap:
 PSYoungGen      total 71680K, used 67910K [0x0000000795580000, 0x000000079c280000, 0x00000007c0000000)
  eden space 66560K, 94% used [0x0000000795580000,0x00000007992f17f0,0x0000000799680000)
  from space 5120K, 97% used [0x0000000799680000,0x0000000799b60130,0x0000000799b80000)
  to   space 11264K, 0% used [0x000000079b780000,0x000000079b780000,0x000000079c280000)
 ParOldGen       total 55296K, used 15836K [0x0000000740000000, 0x0000000743600000, 0x0000000795580000)
  object space 55296K, 28% used [0x0000000740000000,0x0000000740f77358,0x0000000743600000)
 Metaspace       used 24287K, capacity 24587K, committed 24832K, reserved 1071104K
  class space    used 2389K, capacity 2484K, committed 2560K, reserved 1048576K
GC Heap History (10 events):
Event: 9.915 GC heap before
{Heap before GC invocations=2 (full 0):
 PSYoungGen      total 38400K, used 38144K [0x0000000795580000, 0x0000000798000000, 0x00000007c0000000)
  eden space 33280K, 100% used [0x0000000795580000,0x0000000797600000,0x0000000797600000)
  from space 5120K, 95% used [0x0000000797600000,0x0000000797ac03b8,0x0000000797b00000)
  to   space 5120K, 0% used [0x0000000797b00000,0x0000000797b00000,0x0000000798000000)
 ParOldGen       total 87552K, used 16K [0x0000000740000000, 0x0000000745580000, 0x0000000795580000)
  object space 87552K, 0% used [0x0000000740000000,0x0000000740004000,0x0000000745580000)
 Metaspace       used 20283K, capacity 20623K, committed 20992K, reserved 1069056K
  class space    used 2078K, capacity 2192K, committed 2304K, reserved 1048576K
Event: 9.950 GC heap after
Heap after GC invocations=2 (full 0):
 PSYoungGen      total 38400K, used 5088K [0x0000000795580000, 0x0000000798000000, 0x00000007c0000000)
  eden space 33280K, 0% used [0x0000000795580000,0x0000000795580000,0x0000000797600000)
  from space 5120K, 99% used [0x0000000797b00000,0x0000000797ff8080,0x0000000798000000)
  to   space 5120K, 0% used [0x0000000797600000,0x0000000797600000,0x0000000797b00000)
 ParOldGen       total 87552K, used 3048K [0x0000000740000000, 0x0000000745580000, 0x0000000795580000)
  object space 87552K, 3% used [0x0000000740000000,0x00000007402fa218,0x0000000745580000)
 Metaspace       used 20283K, capacity 20623K, committed 20992K, reserved 1069056K
  class space    used 2078K, capacity 2192K, committed 2304K, reserved 1048576K
}
Event: 10.648 GC heap before
{Heap before GC invocations=3 (full 0):
 PSYoungGen      total 38400K, used 10599K [0x0000000795580000, 0x0000000798000000, 0x00000007c0000000)
  eden space 33280K, 16% used [0x0000000795580000,0x0000000795ae1bc0,0x0000000797600000)
  from space 5120K, 99% used [0x0000000797b00000,0x0000000797ff8080,0x0000000798000000)
  to   space 5120K, 0% used [0x0000000797600000,0x0000000797600000,0x0000000797b00000)
 ParOldGen       total 87552K, used 3048K [0x0000000740000000, 0x0000000745580000, 0x0000000795580000)
  object space 87552K, 3% used [0x0000000740000000,0x00000007402fa218,0x0000000745580000)
 Metaspace       used 20883K, capacity 21103K, committed 21248K, reserved 1069056K
  class space    used 2131K, capacity 2224K, committed 2304K, reserved 1048576K
Event: 10.681 GC heap after
Heap after GC invocations=3 (full 0):
 PSYoungGen      total 38400K, used 5115K [0x0000000795580000, 0x000000079a080000, 0x00000007c0000000)
  eden space 33280K, 0% used [0x0000000795580000,0x0000000795580000,0x0000000797600000)
  from space 5120K, 99% used [0x0000000797600000,0x0000000797afee10,0x0000000797b00000)
  to   space 5120K, 0% used [0x0000000799b80000,0x0000000799b80000,0x000000079a080000)
 ParOldGen       total 87552K, used 4294K [0x0000000740000000, 0x0000000745580000, 0x0000000795580000)
  object space 87552K, 4% used [0x0000000740000000,0x0000000740431998,0x0000000745580000)
 Metaspace       used 20883K, capacity 21103K, committed 21248K, reserved 1069056K
  class space    used 2131K, capacity 2224K, committed 2304K, reserved 1048576K
}
Event: 10.681 GC heap before
{Heap before GC invocations=4 (full 1):
 PSYoungGen      total 38400K, used 5115K [0x0000000795580000, 0x000000079a080000, 0x00000007c0000000)
  eden space 33280K, 0% used [0x0000000795580000,0x0000000795580000,0x0000000797600000)
  from space 5120K, 99% used [0x0000000797600000,0x0000000797afee10,0x0000000797b00000)
  to   space 5120K, 0% used [0x0000000799b80000,0x0000000799b80000,0x000000079a080000)
 ParOldGen       total 87552K, used 4294K [0x0000000740000000, 0x0000000745580000, 0x0000000795580000)
  object space 87552K, 4% used [0x0000000740000000,0x0000000740431998,0x0000000745580000)
 Metaspace       used 20883K, capacity 21103K, committed 21248K, reserved 1069056K
  class space    used 2131K, capacity 2224K, committed 2304K, reserved 1048576K
Event: 10.773 GC heap after
Heap after GC invocations=4 (full 1):
 PSYoungGen      total 38400K, used 0K [0x0000000795580000, 0x000000079a080000, 0x00000007c0000000)
  eden space 33280K, 0% used [0x0000000795580000,0x0000000795580000,0x0000000797600000)
  from space 5120K, 0% used [0x0000000797600000,0x0000000797600000,0x0000000797b00000)
  to   space 5120K, 0% used [0x0000000799b80000,0x0000000799b80000,0x000000079a080000)
 ParOldGen       total 55296K, used 8064K [0x0000000740000000, 0x0000000743600000, 0x0000000795580000)
  object space 55296K, 14% used [0x0000000740000000,0x00000007407e0288,0x0000000743600000)
 Metaspace       used 20883K, capacity 21103K, committed 21248K, reserved 1069056K
  class space    used 2131K, capacity 2224K, committed 2304K, reserved 1048576K
}
Event: 13.568 GC heap before
{Heap before GC invocations=5 (full 1):
 PSYoungGen      total 38400K, used 33280K [0x0000000795580000, 0x000000079a080000, 0x00000007c0000000)
  eden space 33280K, 100% used [0x0000000795580000,0x0000000797600000,0x0000000797600000)
  from space 5120K, 0% used [0x0000000797600000,0x0000000797600000,0x0000000797b00000)
  to   space 5120K, 0% used [0x0000000799b80000,0x0000000799b80000,0x000000079a080000)
 ParOldGen       total 55296K, used 8064K [0x0000000740000000, 0x0000000743600000, 0x0000000795580000)
  object space 55296K, 14% used [0x0000000740000000,0x00000007407e0288,0x0000000743600000)
 Metaspace       used 23596K, capacity 23845K, committed 24064K, reserved 1071104K
  class space    used 2378K, capacity 2451K, committed 2560K, reserved 1048576K
Event: 13.599 GC heap after
Heap after GC invocations=5 (full 1):
 PSYoungGen      total 60416K, used 5117K [0x0000000795580000, 0x000000079a080000, 0x00000007c0000000)
  eden space 55296K, 0% used [0x0000000795580000,0x0000000795580000,0x0000000798b80000)
  from space 5120K, 99% used [0x0000000799b80000,0x000000079a07f460,0x000000079a080000)
  to   space 5120K, 0% used [0x0000000799680000,0x0000000799680000,0x0000000799b80000)
 ParOldGen       total 55296K, used 13367K [0x0000000740000000, 0x0000000743600000, 0x0000000795580000)
  object space 55296K, 24% used [0x0000000740000000,0x0000000740d0df88,0x0000000743600000)
 Metaspace       used 23596K, capacity 23845K, committed 24064K, reserved 1071104K
  class space    used 2378K, capacity 2451K, committed 2560K, reserved 1048576K
}
Event: 22.653 GC heap before
{Heap before GC invocations=6 (full 1):
 PSYoungGen      total 60416K, used 60413K [0x0000000795580000, 0x000000079a080000, 0x00000007c0000000)
  eden space 55296K, 100% used [0x0000000795580000,0x0000000798b80000,0x0000000798b80000)
  from space 5120K, 99% used [0x0000000799b80000,0x000000079a07f460,0x000000079a080000)
  to   space 5120K, 0% used [0x0000000799680000,0x0000000799680000,0x0000000799b80000)
 ParOldGen       total 55296K, used 13367K [0x0000000740000000, 0x0000000743600000, 0x0000000795580000)
  object space 55296K, 24% used [0x0000000740000000,0x0000000740d0df88,0x0000000743600000)
 Metaspace       used 24119K, capacity 24363K, committed 24576K, reserved 1071104K
  class space    used 2379K, capacity 2452K, committed 2560K, reserved 1048576K
Event: 22.674 GC heap after
Heap after GC invocations=6 (full 1):
 PSYoungGen      total 71680K, used 4992K [0x0000000795580000, 0x000000079c280000, 0x00000007c0000000)
  eden space 66560K, 0% used [0x0000000795580000,0x0000000795580000,0x0000000799680000)
  from space 5120K, 97% used [0x0000000799680000,0x0000000799b60130,0x0000000799b80000)
  to   space 11264K, 0% used [0x000000079b780000,0x000000079b780000,0x000000079c280000)
 ParOldGen       total 55296K, used 15836K [0x0000000740000000, 0x0000000743600000, 0x0000000795580000)
  object space 55296K, 28% used [0x0000000740000000,0x0000000740f77358,0x0000000743600000)
 Metaspace       used 24119K, capacity 24363K, committed 24576K, reserved 1071104K
  class space    used 2379K, capacity 2452K, committed 2560K, reserved 1048576K
}

