# JRE version: Java(TM) SE Runtime Environment (8.0_111-b14) (build 1.8.0_111-b14)
# Java VM: Java HotSpot(TM) 64-Bit Server VM (25.111-b14 mixed mode bsd-amd64 compressed oops)
Heap:
 PSYoungGen      total 24576K, used 22222K [0x0000000795580000, 0x0000000799600000, 0x00000007c0000000)
  eden space 24064K, 91% used [0x0000000795580000,0x0000000796b1ba88,0x0000000796d00000)
  from space 512K, 18% used [0x0000000799500000,0x0000000799518000,0x0000000799580000)
  to   space 512K, 0% used [0x0000000799580000,0x0000000799580000,0x0000000799600000)
 ParOldGen       total 87552K, used 58666K [0x0000000740000000, 0x0000000745580000, 0x0000000795580000)
  object space 87552K, 67% used [0x0000000740000000,0x000000074394ab90,0x0000000745580000)
 Metaspace       used 19721K, capacity 19907K, committed 20224K, reserved 1067008K
  class space    used 1932K, capacity 2016K, committed 2048K, reserved 1048576K
GC Heap History (10 events):
Event: 874.077 GC heap before
{Heap before GC invocations=103 (full 0):
 PSYoungGen      total 24576K, used 24128K [0x0000000795580000, 0x0000000799600000, 0x00000007c0000000)
  eden space 24064K, 100% used [0x0000000795580000,0x0000000796d00000,0x0000000796d00000)
  from space 512K, 12% used [0x0000000799580000,0x0000000799590000,0x0000000799600000)
  to   space 512K, 0% used [0x0000000799500000,0x0000000799500000,0x0000000799580000)
 ParOldGen       total 87552K, used 58618K [0x0000000740000000, 0x0000000745580000, 0x0000000795580000)
  object space 87552K, 66% used [0x0000000740000000,0x000000074393eb90,0x0000000745580000)
 Metaspace       used 19683K, capacity 19875K, committed 20224K, reserved 1067008K
  class space    used 1924K, capacity 1984K, committed 2048K, reserved 1048576K
Event: 874.078 GC heap after
Heap after GC invocations=103 (full 0):
 PSYoungGen      total 24576K, used 96K [0x0000000795580000, 0x0000000799600000, 0x00000007c0000000)
  eden space 24064K, 0% used [0x0000000795580000,0x0000000795580000,0x0000000796d00000)
  from space 512K, 18% used [0x0000000799500000,0x0000000799518000,0x0000000799580000)
  to   space 512K, 0% used [0x0000000799580000,0x0000000799580000,0x0000000799600000)
 ParOldGen       total 87552K, used 58626K [0x0000000740000000, 0x0000000745580000, 0x0000000795580000)
  object space 87552K, 66% used [0x0000000740000000,0x0000000743940b90,0x0000000745580000)
 Metaspace       used 19683K, capacity 19875K, committed 20224K, reserved 1067008K
  class space    used 1924K, capacity 1984K, committed 2048K, reserved 1048576K
}
Event: 875.378 GC heap before
{Heap before GC invocations=104 (full 0):
 PSYoungGen      total 24576K, used 24160K [0x0000000795580000, 0x0000000799600000, 0x00000007c0000000)
  eden space 24064K, 100% used [0x0000000795580000,0x0000000796d00000,0x0000000796d00000)
  from space 512K, 18% used [0x0000000799500000,0x0000000799518000,0x0000000799580000)
  to   space 512K, 0% used [0x0000000799580000,0x0000000799580000,0x0000000799600000)
 ParOldGen       total 87552K, used 58626K [0x0000000740000000, 0x0000000745580000, 0x0000000795580000)
  object space 87552K, 66% used [0x0000000740000000,0x0000000743940b90,0x0000000745580000)
 Metaspace       used 19683K, capacity 19875K, committed 20224K, reserved 1067008K
  class space    used 1924K, capacity 1984K, committed 2048K, reserved 1048576K
Event: 875.379 GC heap after
Heap after GC invocations=104 (full 0):
 PSYoungGen      total 24576K, used 96K [0x0000000795580000, 0x0000000799600000, 0x00000007c0000000)
  eden space 24064K, 0% used [0x0000000795580000,0x0000000795580000,0x0000000796d00000)
  from space 512K, 18% used [0x0000000799580000,0x0000000799598000,0x0000000799600000)
  to   space 512K, 0% used [0x0000000799500000,0x0000000799500000,0x0000000799580000)
 ParOldGen       total 87552K, used 58634K [0x0000000740000000, 0x0000000745580000, 0x0000000795580000)
  object space 87552K, 66% used [0x0000000740000000,0x0000000743942b90,0x0000000745580000)
 Metaspace       used 19683K, capacity 19875K, committed 20224K, reserved 1067008K
  class space    used 1924K, capacity 1984K, committed 2048K, reserved 1048576K
}
Event: 877.796 GC heap before
{Heap before GC invocations=105 (full 0):
 PSYoungGen      total 24576K, used 24160K [0x0000000795580000, 0x0000000799600000, 0x00000007c0000000)
  eden space 24064K, 100% used [0x0000000795580000,0x0000000796d00000,0x0000000796d00000)
  from space 512K, 18% used [0x0000000799580000,0x0000000799598000,0x0000000799600000)
  to   space 512K, 0% used [0x0000000799500000,0x0000000799500000,0x0000000799580000)
 ParOldGen       total 87552K, used 58634K [0x0000000740000000, 0x0000000745580000, 0x0000000795580000)
  object space 87552K, 66% used [0x0000000740000000,0x0000000743942b90,0x0000000745580000)
 Metaspace       used 19683K, capacity 19875K, committed 20224K, reserved 1067008K
  class space    used 1924K, capacity 1984K, committed 2048K, reserved 1048576K
Event: 877.797 GC heap after
Heap after GC invocations=105 (full 0):
 PSYoungGen      total 24576K, used 96K [0x0000000795580000, 0x0000000799600000, 0x00000007c0000000)
  eden space 24064K, 0% used [0x0000000795580000,0x0000000795580000,0x0000000796d00000)
  from space 512K, 18% used [0x0000000799500000,0x0000000799518000,0x0000000799580000)
  to   space 512K, 0% used [0x0000000799580000,0x0000000799580000,0x0000000799600000)
 ParOldGen       total 87552K, used 58642K [0x0000000740000000, 0x0000000745580000, 0x0000000795580000)
  object space 87552K, 66% used [0x0000000740000000,0x0000000743944b90,0x0000000745580000)
 Metaspace       used 19683K, capacity 19875K, committed 20224K, reserved 1067008K
  class space    used 1924K, capacity 1984K, committed 2048K, reserved 1048576K
}
Event: 878.046 GC heap before
{Heap before GC invocations=106 (full 0):
 PSYoungGen      total 24576K, used 24160K [0x0000000795580000, 0x0000000799600000, 0x00000007c0000000)
  eden space 24064K, 100% used [0x0000000795580000,0x0000000796d00000,0x0000000796d00000)
  from space 512K, 18% used [0x0000000799500000,0x0000000799518000,0x0000000799580000)
  to   space 512K, 0% used [0x0000000799580000,0x0000000799580000,0x0000000799600000)
 ParOldGen       total 87552K, used 58642K [0x0000000740000000, 0x0000000745580000, 0x0000000795580000)
  object space 87552K, 66% used [0x0000000740000000,0x0000000743944b90,0x0000000745580000)
 Metaspace       used 19683K, capacity 19875K, committed 20224K, reserved 1067008K
  class space    used 1924K, capacity 1984K, committed 2048K, reserved 1048576K
Event: 878.048 GC heap after
Heap after GC invocations=106 (full 0):
 PSYoungGen      total 24576K, used 96K [0x0000000795580000, 0x0000000799600000, 0x00000007c0000000)
  eden space 24064K, 0% used [0x0000000795580000,0x0000000795580000,0x0000000796d00000)
  from space 512K, 18% used [0x0000000799580000,0x0000000799598000,0x0000000799600000)
  to   space 512K, 0% used [0x0000000799500000,0x0000000799500000,0x0000000799580000)
 ParOldGen       total 87552K, used 58650K [0x0000000740000000, 0x0000000745580000, 0x0000000795580000)
  object space 87552K, 66% used [0x0000000740000000,0x0000000743946b90,0x0000000745580000)
 Metaspace       used 19683K, capacity 19875K, committed 20224K, reserved 1067008K
  class space    used 1924K, capacity 1984K, committed 2048K, reserved 1048576K
}
Event: 907.448 GC heap before
{Heap before GC invocations=107 (full 0):
 PSYoungGen      total 24576K, used 24160K [0x0000000795580000, 0x0000000799600000, 0x00000007c0000000)
  eden space 24064K, 100% used [0x0000000795580000,0x0000000796d00000,0x0000000796d00000)
  from space 512K, 18% used [0x0000000799580000,0x0000000799598000,0x0000000799600000)
  to   space 512K, 0% used [0x0000000799500000,0x0000000799500000,0x0000000799580000)
 ParOldGen       total 87552K, used 58650K [0x0000000740000000, 0x0000000745580000, 0x0000000795580000)
  object space 87552K, 66% used [0x0000000740000000,0x0000000743946b90,0x0000000745580000)
 Metaspace       used 19683K, capacity 19875K, committed 20224K, reserved 1067008K
  class space    used 1924K, capacity 1984K, committed 2048K, reserved 1048576K
Event: 907.450 GC heap after
Heap after GC invocations=107 (full 0):
 PSYoungGen      total 24576K, used 96K [0x0000000795580000, 0x0000000799600000, 0x00000007c0000000)
  eden space 24064K, 0% used [0x0000000795580000,0x0000000795580000,0x0000000796d00000)
  from space 512K, 18% used [0x0000000799500000,0x0000000799518000,0x0000000799580000)
  to   space 512K, 0% used [0x0000000799580000,0x0000000799580000,0x0000000799600000)
 ParOldGen       total 87552K, used 58666K [0x0000000740000000, 0x0000000745580000, 0x0000000795580000)
  object space 87552K, 67% used [0x0000000740000000,0x000000074394ab90,0x0000000745580000)
 Metaspace       used 19683K, capacity 19875K, committed 20224K, reserved 1067008K
  class space    used 1924K, capacity 1984K, committed 2048K, reserved 1048576K
}

