# JRE version: Java(TM) SE Runtime Environment (8.0_111-b14) (build 1.8.0_111-b14)
# Java VM: Java HotSpot(TM) 64-Bit Server VM (25.111-b14 mixed mode bsd-amd64 compressed oops)
Heap:
 PSYoungGen      total 147968K, used 18017K [0x0000000795580000, 0x00000007a4c80000, 0x00000007c0000000)
  eden space 112128K, 14% used [0x0000000795580000,0x00000007965b8748,0x000000079c300000)
  from space 35840K, 3% used [0x000000079c300000,0x000000079c460050,0x000000079e600000)
  to   space 35840K, 0% used [0x00000007a2980000,0x00000007a2980000,0x00000007a4c80000)
 ParOldGen       total 96256K, used 24159K [0x0000000740000000, 0x0000000745e00000, 0x0000000795580000)
  object space 96256K, 25% used [0x0000000740000000,0x0000000741797f50,0x0000000745e00000)
 Metaspace       used 20807K, capacity 20965K, committed 21120K, reserved 1069056K
  class space    used 2055K, capacity 2113K, committed 2176K, reserved 1048576K
GC Heap History (10 events):
Event: 4.041 GC heap before
{Heap before GC invocations=4 (full 0):
 PSYoungGen      total 38400K, used 38251K [0x0000000795580000, 0x000000079a080000, 0x00000007c0000000)
  eden space 33280K, 99% used [0x0000000795580000,0x00000007975e2bb0,0x0000000797600000)
  from space 5120K, 99% used [0x0000000797600000,0x0000000797af8080,0x0000000797b00000)
  to   space 5120K, 0% used [0x0000000799b80000,0x0000000799b80000,0x000000079a080000)
 ParOldGen       total 87552K, used 37962K [0x0000000740000000, 0x0000000745580000, 0x0000000795580000)
  object space 87552K, 43% used [0x0000000740000000,0x0000000742512a50,0x0000000745580000)
 Metaspace       used 19600K, capacity 19803K, committed 19968K, reserved 1067008K
  class space    used 1978K, capacity 2048K, committed 2048K, reserved 1048576K
Event: 4.062 GC heap after
Heap after GC invocations=4 (full 0):
 PSYoungGen      total 71680K, used 5113K [0x0000000795580000, 0x000000079a080000, 0x00000007c0000000)
  eden space 66560K, 0% used [0x0000000795580000,0x0000000795580000,0x0000000799680000)
  from space 5120K, 99% used [0x0000000799b80000,0x000000079a07e6c8,0x000000079a080000)
  to   space 5120K, 0% used [0x0000000799680000,0x0000000799680000,0x0000000799b80000)
 ParOldGen       total 87552K, used 54510K [0x0000000740000000, 0x0000000745580000, 0x0000000795580000)
  object space 87552K, 62% used [0x0000000740000000,0x000000074353bbc0,0x0000000745580000)
 Metaspace       used 19600K, capacity 19803K, committed 19968K, reserved 1067008K
  class space    used 1978K, capacity 2048K, committed 2048K, reserved 1048576K
}
Event: 5.965 GC heap before
{Heap before GC invocations=5 (full 0):
 PSYoungGen      total 71680K, used 71673K [0x0000000795580000, 0x000000079a080000, 0x00000007c0000000)
  eden space 66560K, 100% used [0x0000000795580000,0x0000000799680000,0x0000000799680000)
  from space 5120K, 99% used [0x0000000799b80000,0x000000079a07e6c8,0x000000079a080000)
  to   space 5120K, 0% used [0x0000000799680000,0x0000000799680000,0x0000000799b80000)
 ParOldGen       total 87552K, used 54510K [0x0000000740000000, 0x0000000745580000, 0x0000000795580000)
  object space 87552K, 62% used [0x0000000740000000,0x000000074353bbc0,0x0000000745580000)
 Metaspace       used 20594K, capacity 20773K, committed 21120K, reserved 1069056K
  class space    used 2047K, capacity 2113K, committed 2176K, reserved 1048576K
Event: 5.979 GC heap after
Heap after GC invocations=5 (full 0):
 PSYoungGen      total 71680K, used 5110K [0x0000000795580000, 0x00000007a1b80000, 0x00000007c0000000)
  eden space 66560K, 0% used [0x0000000795580000,0x0000000795580000,0x0000000799680000)
  from space 5120K, 99% used [0x0000000799680000,0x0000000799b7dbb0,0x0000000799b80000)
  to   space 34816K, 0% used [0x000000079f980000,0x000000079f980000,0x00000007a1b80000)
 ParOldGen       total 87552K, used 62171K [0x0000000740000000, 0x0000000745580000, 0x0000000795580000)
  object space 87552K, 71% used [0x0000000740000000,0x0000000743cb6fd8,0x0000000745580000)
 Metaspace       used 20594K, capacity 20773K, committed 21120K, reserved 1069056K
  class space    used 2047K, capacity 2113K, committed 2176K, reserved 1048576K
}
Event: 5.979 GC heap before
{Heap before GC invocations=6 (full 1):
 PSYoungGen      total 71680K, used 5110K [0x0000000795580000, 0x00000007a1b80000, 0x00000007c0000000)
  eden space 66560K, 0% used [0x0000000795580000,0x0000000795580000,0x0000000799680000)
  from space 5120K, 99% used [0x0000000799680000,0x0000000799b7dbb0,0x0000000799b80000)
  to   space 34816K, 0% used [0x000000079f980000,0x000000079f980000,0x00000007a1b80000)
 ParOldGen       total 87552K, used 62171K [0x0000000740000000, 0x0000000745580000, 0x0000000795580000)
  object space 87552K, 71% used [0x0000000740000000,0x0000000743cb6fd8,0x0000000745580000)
 Metaspace       used 20594K, capacity 20773K, committed 21120K, reserved 1069056K
  class space    used 2047K, capacity 2113K, committed 2176K, reserved 1048576K
Event: 6.035 GC heap after
Heap after GC invocations=6 (full 1):
 PSYoungGen      total 71680K, used 0K [0x0000000795580000, 0x00000007a1b80000, 0x00000007c0000000)
  eden space 66560K, 0% used [0x0000000795580000,0x0000000795580000,0x0000000799680000)
  from space 5120K, 0% used [0x0000000799680000,0x0000000799680000,0x0000000799b80000)
  to   space 34816K, 0% used [0x000000079f980000,0x000000079f980000,0x00000007a1b80000)
 ParOldGen       total 96256K, used 24143K [0x0000000740000000, 0x0000000745e00000, 0x0000000795580000)
  object space 96256K, 25% used [0x0000000740000000,0x0000000741793f50,0x0000000745e00000)
 Metaspace       used 20594K, capacity 20773K, committed 21120K, reserved 1069056K
  class space    used 2047K, capacity 2113K, committed 2176K, reserved 1048576K
}
Event: 8.445 GC heap before
{Heap before GC invocations=7 (full 1):
 PSYoungGen      total 71680K, used 66560K [0x0000000795580000, 0x00000007a1b80000, 0x00000007c0000000)
  eden space 66560K, 100% used [0x0000000795580000,0x0000000799680000,0x0000000799680000)
  from space 5120K, 0% used [0x0000000799680000,0x0000000799680000,0x0000000799b80000)
  to   space 34816K, 0% used [0x000000079f980000,0x000000079f980000,0x00000007a1b80000)
 ParOldGen       total 96256K, used 24143K [0x0000000740000000, 0x0000000745e00000, 0x0000000795580000)
  object space 96256K, 25% used [0x0000000740000000,0x0000000741793f50,0x0000000745e00000)
 Metaspace       used 20654K, capacity 20837K, committed 21120K, reserved 1069056K
  class space    used 2048K, capacity 2113K, committed 2176K, reserved 1048576K
Event: 8.447 GC heap after
Heap after GC invocations=7 (full 1):
 PSYoungGen      total 128000K, used 1440K [0x0000000795580000, 0x00000007a0900000, 0x00000007c0000000)
  eden space 112128K, 0% used [0x0000000795580000,0x0000000795580000,0x000000079c300000)
  from space 15872K, 9% used [0x000000079f980000,0x000000079fae8050,0x00000007a0900000)
  to   space 35840K, 0% used [0x000000079c300000,0x000000079c300000,0x000000079e600000)
 ParOldGen       total 96256K, used 24151K [0x0000000740000000, 0x0000000745e00000, 0x0000000795580000)
  object space 96256K, 25% used [0x0000000740000000,0x0000000741795f50,0x0000000745e00000)
 Metaspace       used 20654K, capacity 20837K, committed 21120K, reserved 1069056K
  class space    used 2048K, capacity 2113K, committed 2176K, reserved 1048576K
}
Event: 13.107 GC heap before
{Heap before GC invocations=8 (full 1):
 PSYoungGen      total 128000K, used 113568K [0x0000000795580000, 0x00000007a0900000, 0x00000007c0000000)
  eden space 112128K, 100% used [0x0000000795580000,0x000000079c300000,0x000000079c300000)
  from space 15872K, 9% used [0x000000079f980000,0x000000079fae8050,0x00000007a0900000)
  to   space 35840K, 0% used [0x000000079c300000,0x000000079c300000,0x000000079e600000)
 ParOldGen       total 96256K, used 24151K [0x0000000740000000, 0x0000000745e00000, 0x0000000795580000)
  object space 96256K, 25% used [0x0000000740000000,0x0000000741795f50,0x0000000745e00000)
 Metaspace       used 20749K, capacity 20965K, committed 21120K, reserved 1069056K
  class space    used 2048K, capacity 2113K, committed 2176K, reserved 1048576K
Event: 13.109 GC heap after
Heap after GC invocations=8 (full 1):
 PSYoungGen      total 147968K, used 1408K [0x0000000795580000, 0x00000007a4c80000, 0x00000007c0000000)
  eden space 112128K, 0% used [0x0000000795580000,0x0000000795580000,0x000000079c300000)
  from space 35840K, 3% used [0x000000079c300000,0x000000079c460050,0x000000079e600000)
  to   space 35840K, 0% used [0x00000007a2980000,0x00000007a2980000,0x00000007a4c80000)
 ParOldGen       total 96256K, used 24159K [0x0000000740000000, 0x0000000745e00000, 0x0000000795580000)
  object space 96256K, 25% used [0x0000000740000000,0x0000000741797f50,0x0000000745e00000)
 Metaspace       used 20749K, capacity 20965K, committed 21120K, reserved 1069056K
  class space    used 2048K, capacity 2113K, committed 2176K, reserved 1048576K
}

