# JRE version: Java(TM) SE Runtime Environment (8.0_111-b14) (build 1.8.0_111-b14)
# Java VM: Java HotSpot(TM) 64-Bit Server VM (25.111-b14 mixed mode bsd-amd64 compressed oops)
Heap:
 PSYoungGen      total 76800K, used 3816K [0x0000000795580000, 0x000000079b400000, 0x00000007c0000000)
  eden space 76288K, 4% used [0x0000000795580000,0x000000079591a218,0x000000079a000000)
  from space 512K, 25% used [0x000000079a200000,0x000000079a220000,0x000000079a280000)
  to   space 10240K, 0% used [0x000000079aa00000,0x000000079aa00000,0x000000079b400000)
 ParOldGen       total 56320K, used 20558K [0x0000000740000000, 0x0000000743700000, 0x0000000795580000)
  object space 56320K, 36% used [0x0000000740000000,0x0000000741413b20,0x0000000743700000)
 Metaspace       used 24347K, capacity 24537K, committed 24832K, reserved 1071104K
  class space    used 2409K, capacity 2485K, committed 2560K, reserved 1048576K
GC Heap History (10 events):
Event: 175.813 GC heap before
{Heap before GC invocations=18 (full 1):
 PSYoungGen      total 93696K, used 93568K [0x0000000795580000, 0x000000079c800000, 0x00000007c0000000)
  eden space 88576K, 100% used [0x0000000795580000,0x000000079ac00000,0x000000079ac00000)
  from space 5120K, 97% used [0x000000079c300000,0x000000079c7e0130,0x000000079c800000)
  to   space 9728K, 0% used [0x000000079b500000,0x000000079b500000,0x000000079be80000)
 ParOldGen       total 56320K, used 15602K [0x0000000740000000, 0x0000000743700000, 0x0000000795580000)
  object space 56320K, 27% used [0x0000000740000000,0x0000000740f3c8f0,0x0000000743700000)
 Metaspace       used 24306K, capacity 24531K, committed 24832K, reserved 1071104K
  class space    used 2401K, capacity 2484K, committed 2560K, reserved 1048576K
Event: 175.816 GC heap after
Heap after GC invocations=18 (full 1):
 PSYoungGen      total 91136K, used 4992K [0x0000000795580000, 0x000000079c380000, 0x00000007c0000000)
  eden space 86016K, 0% used [0x0000000795580000,0x0000000795580000,0x000000079a980000)
  from space 5120K, 97% used [0x000000079b500000,0x000000079b9e0130,0x000000079ba00000)
  to   space 9216K, 0% used [0x000000079ba80000,0x000000079ba80000,0x000000079c380000)
 ParOldGen       total 56320K, used 15602K [0x0000000740000000, 0x0000000743700000, 0x0000000795580000)
  object space 56320K, 27% used [0x0000000740000000,0x0000000740f3c8f0,0x0000000743700000)
 Metaspace       used 24306K, capacity 24531K, committed 24832K, reserved 1071104K
  class space    used 2401K, capacity 2484K, committed 2560K, reserved 1048576K
}
Event: 188.308 GC heap before
{Heap before GC invocations=19 (full 1):
 PSYoungGen      total 91136K, used 91008K [0x0000000795580000, 0x000000079c380000, 0x00000007c0000000)
  eden space 86016K, 100% used [0x0000000795580000,0x000000079a980000,0x000000079a980000)
  from space 5120K, 97% used [0x000000079b500000,0x000000079b9e0130,0x000000079ba00000)
  to   space 9216K, 0% used [0x000000079ba80000,0x000000079ba80000,0x000000079c380000)
 ParOldGen       total 56320K, used 15602K [0x0000000740000000, 0x0000000743700000, 0x0000000795580000)
  object space 56320K, 27% used [0x0000000740000000,0x0000000740f3c8f0,0x0000000743700000)
 Metaspace       used 24306K, capacity 24531K, committed 24832K, reserved 1071104K
  class space    used 2401K, capacity 2484K, committed 2560K, reserved 1048576K
Event: 188.311 GC heap after
Heap after GC invocations=19 (full 1):
 PSYoungGen      total 88576K, used 5040K [0x0000000795580000, 0x000000079bf80000, 0x00000007c0000000)
  eden space 83456K, 0% used [0x0000000795580000,0x0000000795580000,0x000000079a700000)
  from space 5120K, 98% used [0x000000079ba80000,0x000000079bf6c120,0x000000079bf80000)
  to   space 9216K, 0% used [0x000000079ad80000,0x000000079ad80000,0x000000079b680000)
 ParOldGen       total 56320K, used 15602K [0x0000000740000000, 0x0000000743700000, 0x0000000795580000)
  object space 56320K, 27% used [0x0000000740000000,0x0000000740f3c8f0,0x0000000743700000)
 Metaspace       used 24306K, capacity 24531K, committed 24832K, reserved 1071104K
  class space    used 2401K, capacity 2484K, committed 2560K, reserved 1048576K
}
Event: 200.400 GC heap before
{Heap before GC invocations=20 (full 1):
 PSYoungGen      total 88576K, used 88496K [0x0000000795580000, 0x000000079bf80000, 0x00000007c0000000)
  eden space 83456K, 100% used [0x0000000795580000,0x000000079a700000,0x000000079a700000)
  from space 5120K, 98% used [0x000000079ba80000,0x000000079bf6c120,0x000000079bf80000)
  to   space 9216K, 0% used [0x000000079ad80000,0x000000079ad80000,0x000000079b680000)
 ParOldGen       total 56320K, used 15602K [0x0000000740000000, 0x0000000743700000, 0x0000000795580000)
  object space 56320K, 27% used [0x0000000740000000,0x0000000740f3c8f0,0x0000000743700000)
 Metaspace       used 24306K, capacity 24531K, committed 24832K, reserved 1071104K
  class space    used 2401K, capacity 2484K, committed 2560K, reserved 1048576K
Event: 200.405 GC heap after
Heap after GC invocations=20 (full 1):
 PSYoungGen      total 82432K, used 1504K [0x0000000795580000, 0x000000079bb00000, 0x00000007c0000000)
  eden space 80896K, 0% used [0x0000000795580000,0x0000000795580000,0x000000079a480000)
  from space 1536K, 97% used [0x000000079ad80000,0x000000079aef8050,0x000000079af00000)
  to   space 9216K, 0% used [0x000000079b200000,0x000000079b200000,0x000000079bb00000)
 ParOldGen       total 56320K, used 19150K [0x0000000740000000, 0x0000000743700000, 0x0000000795580000)
  object space 56320K, 34% used [0x0000000740000000,0x00000007412b3ad0,0x0000000743700000)
 Metaspace       used 24306K, capacity 24531K, committed 24832K, reserved 1071104K
  class space    used 2401K, capacity 2484K, committed 2560K, reserved 1048576K
}
Event: 212.122 GC heap before
{Heap before GC invocations=21 (full 1):
 PSYoungGen      total 82432K, used 82400K [0x0000000795580000, 0x000000079bb00000, 0x00000007c0000000)
  eden space 80896K, 100% used [0x0000000795580000,0x000000079a480000,0x000000079a480000)
  from space 1536K, 97% used [0x000000079ad80000,0x000000079aef8050,0x000000079af00000)
  to   space 9216K, 0% used [0x000000079b200000,0x000000079b200000,0x000000079bb00000)
 ParOldGen       total 56320K, used 19150K [0x0000000740000000, 0x0000000743700000, 0x0000000795580000)
  object space 56320K, 34% used [0x0000000740000000,0x00000007412b3ad0,0x0000000743700000)
 Metaspace       used 24306K, capacity 24531K, committed 24832K, reserved 1071104K
  class space    used 2401K, capacity 2484K, committed 2560K, reserved 1048576K
Event: 212.125 GC heap after
Heap after GC invocations=21 (full 1):
 PSYoungGen      total 81408K, used 160K [0x0000000795580000, 0x000000079b500000, 0x00000007c0000000)
  eden space 78336K, 0% used [0x0000000795580000,0x0000000795580000,0x000000079a200000)
  from space 3072K, 5% used [0x000000079b200000,0x000000079b228000,0x000000079b500000)
  to   space 9728K, 0% used [0x000000079a200000,0x000000079a200000,0x000000079ab80000)
 ParOldGen       total 56320K, used 20486K [0x0000000740000000, 0x0000000743700000, 0x0000000795580000)
  object space 56320K, 36% used [0x0000000740000000,0x0000000741401b20,0x0000000743700000)
 Metaspace       used 24306K, capacity 24531K, committed 24832K, reserved 1071104K
  class space    used 2401K, capacity 2484K, committed 2560K, reserved 1048576K
}
Event: 223.326 GC heap before
{Heap before GC invocations=22 (full 1):
 PSYoungGen      total 81408K, used 78496K [0x0000000795580000, 0x000000079b500000, 0x00000007c0000000)
  eden space 78336K, 100% used [0x0000000795580000,0x000000079a200000,0x000000079a200000)
  from space 3072K, 5% used [0x000000079b200000,0x000000079b228000,0x000000079b500000)
  to   space 9728K, 0% used [0x000000079a200000,0x000000079a200000,0x000000079ab80000)
 ParOldGen       total 56320K, used 20486K [0x0000000740000000, 0x0000000743700000, 0x0000000795580000)
  object space 56320K, 36% used [0x0000000740000000,0x0000000741401b20,0x0000000743700000)
 Metaspace       used 24312K, capacity 24537K, committed 24832K, reserved 1071104K
  class space    used 2402K, capacity 2485K, committed 2560K, reserved 1048576K
Event: 223.327 GC heap after
Heap after GC invocations=22 (full 1):
 PSYoungGen      total 76800K, used 128K [0x0000000795580000, 0x000000079b400000, 0x00000007c0000000)
  eden space 76288K, 0% used [0x0000000795580000,0x0000000795580000,0x000000079a000000)
  from space 512K, 25% used [0x000000079a200000,0x000000079a220000,0x000000079a280000)
  to   space 10240K, 0% used [0x000000079aa00000,0x000000079aa00000,0x000000079b400000)
 ParOldGen       total 56320K, used 20558K [0x0000000740000000, 0x0000000743700000, 0x0000000795580000)
  object space 56320K, 36% used [0x0000000740000000,0x0000000741413b20,0x0000000743700000)
 Metaspace       used 24312K, capacity 24537K, committed 24832K, reserved 1071104K
  class space    used 2402K, capacity 2485K, committed 2560K, reserved 1048576K
}

