# JRE version: Java(TM) SE Runtime Environment (8.0_111-b14) (build 1.8.0_111-b14)
# Java VM: Java HotSpot(TM) 64-Bit Server VM (25.111-b14 mixed mode bsd-amd64 compressed oops)
Heap:
 PSYoungGen      total 58880K, used 1860K [0x0000000795580000, 0x0000000799f00000, 0x00000007c0000000)
  eden space 45568K, 3% used [0x0000000795580000,0x0000000795729258,0x0000000798200000)
  from space 13312K, 1% used [0x0000000799200000,0x0000000799228000,0x0000000799f00000)
  to   space 14848K, 0% used [0x0000000798200000,0x0000000798200000,0x0000000799080000)
 ParOldGen       total 73728K, used 15714K [0x0000000740000000, 0x0000000744800000, 0x0000000795580000)
  object space 73728K, 21% used [0x0000000740000000,0x0000000740f58998,0x0000000744800000)
 Metaspace       used 21272K, capacity 21547K, committed 21936K, reserved 1069056K
  class space    used 2090K, capacity 2178K, committed 2304K, reserved 1048576K
GC Heap History (10 events):
Event: 4.158 GC heap before
{Heap before GC invocations=3 (full 0):
 PSYoungGen      total 38400K, used 38381K [0x0000000795580000, 0x0000000798000000, 0x00000007c0000000)
  eden space 33280K, 100% used [0x0000000795580000,0x0000000797600000,0x0000000797600000)
  from space 5120K, 99% used [0x0000000797b00000,0x0000000797ffb440,0x0000000798000000)
  to   space 5120K, 0% used [0x0000000797600000,0x0000000797600000,0x0000000797b00000)
 ParOldGen       total 87552K, used 7530K [0x0000000740000000, 0x0000000745580000, 0x0000000795580000)
  object space 87552K, 8% used [0x0000000740000000,0x000000074075aac8,0x0000000745580000)
 Metaspace       used 20723K, capacity 20939K, committed 21120K, reserved 1069056K
  class space    used 2069K, capacity 2146K, committed 2176K, reserved 1048576K
Event: 4.169 GC heap after
Heap after GC invocations=3 (full 0):
 PSYoungGen      total 38400K, used 5117K [0x0000000795580000, 0x0000000798000000, 0x00000007c0000000)
  eden space 33280K, 0% used [0x0000000795580000,0x0000000795580000,0x0000000797600000)
  from space 5120K, 99% used [0x0000000797600000,0x0000000797aff450,0x0000000797b00000)
  to   space 5120K, 0% used [0x0000000797b00000,0x0000000797b00000,0x0000000798000000)
 ParOldGen       total 87552K, used 11430K [0x0000000740000000, 0x0000000745580000, 0x0000000795580000)
  object space 87552K, 13% used [0x0000000740000000,0x0000000740b29a48,0x0000000745580000)
 Metaspace       used 20723K, capacity 20939K, committed 21120K, reserved 1069056K
  class space    used 2069K, capacity 2146K, committed 2176K, reserved 1048576K
}
Event: 6.811 GC heap before
{Heap before GC invocations=4 (full 0):
 PSYoungGen      total 38400K, used 29850K [0x0000000795580000, 0x0000000798000000, 0x00000007c0000000)
  eden space 33280K, 74% used [0x0000000795580000,0x0000000796da7718,0x0000000797600000)
  from space 5120K, 99% used [0x0000000797600000,0x0000000797aff450,0x0000000797b00000)
  to   space 5120K, 0% used [0x0000000797b00000,0x0000000797b00000,0x0000000798000000)
 ParOldGen       total 87552K, used 11430K [0x0000000740000000, 0x0000000745580000, 0x0000000795580000)
  object space 87552K, 13% used [0x0000000740000000,0x0000000740b29a48,0x0000000745580000)
 Metaspace       used 20961K, capacity 21131K, committed 21296K, reserved 1069056K
  class space    used 2082K, capacity 2146K, committed 2176K, reserved 1048576K
Event: 6.818 GC heap after
Heap after GC invocations=4 (full 0):
 PSYoungGen      total 38400K, used 5117K [0x0000000795580000, 0x0000000798000000, 0x00000007c0000000)
  eden space 33280K, 0% used [0x0000000795580000,0x0000000795580000,0x0000000797600000)
  from space 5120K, 99% used [0x0000000797b00000,0x0000000797fff450,0x0000000798000000)
  to   space 5120K, 0% used [0x0000000797600000,0x0000000797600000,0x0000000797b00000)
 ParOldGen       total 87552K, used 12854K [0x0000000740000000, 0x0000000745580000, 0x0000000795580000)
  object space 87552K, 14% used [0x0000000740000000,0x0000000740c8dad8,0x0000000745580000)
 Metaspace       used 20961K, capacity 21131K, committed 21296K, reserved 1069056K
  class space    used 2082K, capacity 2146K, committed 2176K, reserved 1048576K
}
Event: 6.818 GC heap before
{Heap before GC invocations=5 (full 1):
 PSYoungGen      total 38400K, used 5117K [0x0000000795580000, 0x0000000798000000, 0x00000007c0000000)
  eden space 33280K, 0% used [0x0000000795580000,0x0000000795580000,0x0000000797600000)
  from space 5120K, 99% used [0x0000000797b00000,0x0000000797fff450,0x0000000798000000)
  to   space 5120K, 0% used [0x0000000797600000,0x0000000797600000,0x0000000797b00000)
 ParOldGen       total 87552K, used 12854K [0x0000000740000000, 0x0000000745580000, 0x0000000795580000)
  object space 87552K, 14% used [0x0000000740000000,0x0000000740c8dad8,0x0000000745580000)
 Metaspace       used 20961K, capacity 21131K, committed 21296K, reserved 1069056K
  class space    used 2082K, capacity 2146K, committed 2176K, reserved 1048576K
Event: 6.863 GC heap after
Heap after GC invocations=5 (full 1):
 PSYoungGen      total 38400K, used 0K [0x0000000795580000, 0x0000000798000000, 0x00000007c0000000)
  eden space 33280K, 0% used [0x0000000795580000,0x0000000795580000,0x0000000797600000)
  from space 5120K, 0% used [0x0000000797b00000,0x0000000797b00000,0x0000000798000000)
  to   space 5120K, 0% used [0x0000000797600000,0x0000000797600000,0x0000000797b00000)
 ParOldGen       total 73728K, used 15714K [0x0000000740000000, 0x0000000744800000, 0x0000000795580000)
  object space 73728K, 21% used [0x0000000740000000,0x0000000740f58998,0x0000000744800000)
 Metaspace       used 20961K, capacity 21131K, committed 21296K, reserved 1069056K
  class space    used 2082K, capacity 2146K, committed 2176K, reserved 1048576K
}
Event: 13.647 GC heap before
{Heap before GC invocations=6 (full 1):
 PSYoungGen      total 38400K, used 33280K [0x0000000795580000, 0x0000000798000000, 0x00000007c0000000)
  eden space 33280K, 100% used [0x0000000795580000,0x0000000797600000,0x0000000797600000)
  from space 5120K, 0% used [0x0000000797b00000,0x0000000797b00000,0x0000000798000000)
  to   space 5120K, 0% used [0x0000000797600000,0x0000000797600000,0x0000000797b00000)
 ParOldGen       total 73728K, used 15714K [0x0000000740000000, 0x0000000744800000, 0x0000000795580000)
  object space 73728K, 21% used [0x0000000740000000,0x0000000740f58998,0x0000000744800000)
 Metaspace       used 21217K, capacity 21387K, committed 21552K, reserved 1069056K
  class space    used 2082K, capacity 2146K, committed 2176K, reserved 1048576K
Event: 13.649 GC heap after
Heap after GC invocations=6 (full 1):
 PSYoungGen      total 38400K, used 96K [0x0000000795580000, 0x000000079a000000, 0x00000007c0000000)
  eden space 33280K, 0% used [0x0000000795580000,0x0000000795580000,0x0000000797600000)
  from space 5120K, 1% used [0x0000000797600000,0x0000000797618000,0x0000000797b00000)
  to   space 14336K, 0% used [0x0000000799200000,0x0000000799200000,0x000000079a000000)
 ParOldGen       total 73728K, used 15714K [0x0000000740000000, 0x0000000744800000, 0x0000000795580000)
  object space 73728K, 21% used [0x0000000740000000,0x0000000740f58998,0x0000000744800000)
 Metaspace       used 21217K, capacity 21387K, committed 21552K, reserved 1069056K
  class space    used 2082K, capacity 2146K, committed 2176K, reserved 1048576K
}
Event: 20.383 GC heap before
{Heap before GC invocations=7 (full 1):
 PSYoungGen      total 38400K, used 33376K [0x0000000795580000, 0x000000079a000000, 0x00000007c0000000)
  eden space 33280K, 100% used [0x0000000795580000,0x0000000797600000,0x0000000797600000)
  from space 5120K, 1% used [0x0000000797600000,0x0000000797618000,0x0000000797b00000)
  to   space 14336K, 0% used [0x0000000799200000,0x0000000799200000,0x000000079a000000)
 ParOldGen       total 73728K, used 15714K [0x0000000740000000, 0x0000000744800000, 0x0000000795580000)
  object space 73728K, 21% used [0x0000000740000000,0x0000000740f58998,0x0000000744800000)
 Metaspace       used 21240K, capacity 21483K, committed 21936K, reserved 1069056K
  class space    used 2083K, capacity 2178K, committed 2304K, reserved 1048576K
Event: 20.384 GC heap after
Heap after GC invocations=7 (full 1):
 PSYoungGen      total 58880K, used 160K [0x0000000795580000, 0x0000000799f00000, 0x00000007c0000000)
  eden space 45568K, 0% used [0x0000000795580000,0x0000000795580000,0x0000000798200000)
  from space 13312K, 1% used [0x0000000799200000,0x0000000799228000,0x0000000799f00000)
  to   space 14848K, 0% used [0x0000000798200000,0x0000000798200000,0x0000000799080000)
 ParOldGen       total 73728K, used 15714K [0x0000000740000000, 0x0000000744800000, 0x0000000795580000)
  object space 73728K, 21% used [0x0000000740000000,0x0000000740f58998,0x0000000744800000)
 Metaspace       used 21240K, capacity 21483K, committed 21936K, reserved 1069056K
  class space    used 2083K, capacity 2178K, committed 2304K, reserved 1048576K
}

