# JRE version: Java(TM) SE Runtime Environment (8.0_111-b14) (build 1.8.0_111-b14)
# Java VM: Java HotSpot(TM) 64-Bit Server VM (25.111-b14 mixed mode bsd-amd64 compressed oops)
Heap:
 PSYoungGen      total 67584K, used 35633K [0x0000000795580000, 0x000000079a000000, 0x00000007c0000000)
  eden space 61952K, 57% used [0x0000000795580000,0x00000007978445e8,0x0000000799200000)
  from space 5632K, 0% used [0x0000000799a80000,0x0000000799a88000,0x000000079a000000)
  to   space 7168K, 0% used [0x0000000799200000,0x0000000799200000,0x0000000799900000)
 ParOldGen       total 57344K, used 20923K [0x0000000740000000, 0x0000000743800000, 0x0000000795580000)
  object space 57344K, 36% used [0x0000000740000000,0x000000074146eca0,0x0000000743800000)
 Metaspace       used 24312K, capacity 24537K, committed 24832K, reserved 1071104K
  class space    used 2394K, capacity 2485K, committed 2560K, reserved 1048576K
GC Heap History (10 events):
Event: 238.636 GC heap before
{Heap before GC invocations=31 (full 1):
 PSYoungGen      total 71168K, used 70784K [0x0000000795580000, 0x000000079ab80000, 0x00000007c0000000)
  eden space 70656K, 100% used [0x0000000795580000,0x0000000799a80000,0x0000000799a80000)
  from space 512K, 25% used [0x0000000799c80000,0x0000000799ca0000,0x0000000799d00000)
  to   space 8704K, 0% used [0x000000079a300000,0x000000079a300000,0x000000079ab80000)
 ParOldGen       total 57344K, used 20883K [0x0000000740000000, 0x0000000743800000, 0x0000000795580000)
  object space 57344K, 36% used [0x0000000740000000,0x0000000741464ca0,0x0000000743800000)
 Metaspace       used 24255K, capacity 24473K, committed 24832K, reserved 1071104K
  class space    used 2386K, capacity 2485K, committed 2560K, reserved 1048576K
Event: 238.643 GC heap after
Heap after GC invocations=31 (full 1):
 PSYoungGen      total 75264K, used 64K [0x0000000795580000, 0x000000079a980000, 0x00000007c0000000)
  eden space 68608K, 0% used [0x0000000795580000,0x0000000795580000,0x0000000799880000)
  from space 6656K, 0% used [0x000000079a300000,0x000000079a310000,0x000000079a980000)
  to   space 8704K, 0% used [0x0000000799880000,0x0000000799880000,0x000000079a100000)
 ParOldGen       total 57344K, used 20891K [0x0000000740000000, 0x0000000743800000, 0x0000000795580000)
  object space 57344K, 36% used [0x0000000740000000,0x0000000741466ca0,0x0000000743800000)
 Metaspace       used 24255K, capacity 24473K, committed 24832K, reserved 1071104K
  class space    used 2386K, capacity 2485K, committed 2560K, reserved 1048576K
}
Event: 245.490 GC heap before
{Heap before GC invocations=32 (full 1):
 PSYoungGen      total 75264K, used 68672K [0x0000000795580000, 0x000000079a980000, 0x00000007c0000000)
  eden space 68608K, 100% used [0x0000000795580000,0x0000000799880000,0x0000000799880000)
  from space 6656K, 0% used [0x000000079a300000,0x000000079a310000,0x000000079a980000)
  to   space 8704K, 0% used [0x0000000799880000,0x0000000799880000,0x000000079a100000)
 ParOldGen       total 57344K, used 20891K [0x0000000740000000, 0x0000000743800000, 0x0000000795580000)
  object space 57344K, 36% used [0x0000000740000000,0x0000000741466ca0,0x0000000743800000)
 Metaspace       used 24255K, capacity 24473K, committed 24832K, reserved 1071104K
  class space    used 2386K, capacity 2485K, committed 2560K, reserved 1048576K
Event: 245.492 GC heap after
Heap after GC invocations=32 (full 1):
 PSYoungGen      total 67072K, used 96K [0x0000000795580000, 0x000000079a680000, 0x00000007c0000000)
  eden space 66560K, 0% used [0x0000000795580000,0x0000000795580000,0x0000000799680000)
  from space 512K, 18% used [0x0000000799880000,0x0000000799898000,0x0000000799900000)
  to   space 8192K, 0% used [0x0000000799e80000,0x0000000799e80000,0x000000079a680000)
 ParOldGen       total 57344K, used 20891K [0x0000000740000000, 0x0000000743800000, 0x0000000795580000)
  object space 57344K, 36% used [0x0000000740000000,0x0000000741466ca0,0x0000000743800000)
 Metaspace       used 24255K, capacity 24473K, committed 24832K, reserved 1071104K
  class space    used 2386K, capacity 2485K, committed 2560K, reserved 1048576K
}
Event: 252.139 GC heap before
{Heap before GC invocations=33 (full 1):
 PSYoungGen      total 67072K, used 66656K [0x0000000795580000, 0x000000079a680000, 0x00000007c0000000)
  eden space 66560K, 100% used [0x0000000795580000,0x0000000799680000,0x0000000799680000)
  from space 512K, 18% used [0x0000000799880000,0x0000000799898000,0x0000000799900000)
  to   space 8192K, 0% used [0x0000000799e80000,0x0000000799e80000,0x000000079a680000)
 ParOldGen       total 57344K, used 20891K [0x0000000740000000, 0x0000000743800000, 0x0000000795580000)
  object space 57344K, 36% used [0x0000000740000000,0x0000000741466ca0,0x0000000743800000)
 Metaspace       used 24255K, capacity 24473K, committed 24832K, reserved 1071104K
  class space    used 2386K, capacity 2485K, committed 2560K, reserved 1048576K
Event: 252.153 GC heap after
Heap after GC invocations=33 (full 1):
 PSYoungGen      total 70656K, used 64K [0x0000000795580000, 0x000000079a400000, 0x00000007c0000000)
  eden space 65024K, 0% used [0x0000000795580000,0x0000000795580000,0x0000000799500000)
  from space 5632K, 1% used [0x0000000799e80000,0x0000000799e90000,0x000000079a400000)
  to   space 7680K, 0% used [0x0000000799500000,0x0000000799500000,0x0000000799c80000)
 ParOldGen       total 57344K, used 20899K [0x0000000740000000, 0x0000000743800000, 0x0000000795580000)
  object space 57344K, 36% used [0x0000000740000000,0x0000000741468ca0,0x0000000743800000)
 Metaspace       used 24255K, capacity 24473K, committed 24832K, reserved 1071104K
  class space    used 2386K, capacity 2485K, committed 2560K, reserved 1048576K
}
Event: 259.478 GC heap before
{Heap before GC invocations=34 (full 1):
 PSYoungGen      total 70656K, used 65088K [0x0000000795580000, 0x000000079a400000, 0x00000007c0000000)
  eden space 65024K, 100% used [0x0000000795580000,0x0000000799500000,0x0000000799500000)
  from space 5632K, 1% used [0x0000000799e80000,0x0000000799e90000,0x000000079a400000)
  to   space 7680K, 0% used [0x0000000799500000,0x0000000799500000,0x0000000799c80000)
 ParOldGen       total 57344K, used 20899K [0x0000000740000000, 0x0000000743800000, 0x0000000795580000)
  object space 57344K, 36% used [0x0000000740000000,0x0000000741468ca0,0x0000000743800000)
 Metaspace       used 24255K, capacity 24473K, committed 24832K, reserved 1071104K
  class space    used 2386K, capacity 2485K, committed 2560K, reserved 1048576K
Event: 259.481 GC heap after
Heap after GC invocations=34 (full 1):
 PSYoungGen      total 64000K, used 96K [0x0000000795580000, 0x000000079a180000, 0x00000007c0000000)
  eden space 63488K, 0% used [0x0000000795580000,0x0000000795580000,0x0000000799380000)
  from space 512K, 18% used [0x0000000799500000,0x0000000799518000,0x0000000799580000)
  to   space 7168K, 0% used [0x0000000799a80000,0x0000000799a80000,0x000000079a180000)
 ParOldGen       total 57344K, used 20923K [0x0000000740000000, 0x0000000743800000, 0x0000000795580000)
  object space 57344K, 36% used [0x0000000740000000,0x000000074146eca0,0x0000000743800000)
 Metaspace       used 24255K, capacity 24473K, committed 24832K, reserved 1071104K
  class space    used 2386K, capacity 2485K, committed 2560K, reserved 1048576K
}
Event: 267.698 GC heap before
{Heap before GC invocations=35 (full 1):
 PSYoungGen      total 64000K, used 63584K [0x0000000795580000, 0x000000079a180000, 0x00000007c0000000)
  eden space 63488K, 100% used [0x0000000795580000,0x0000000799380000,0x0000000799380000)
  from space 512K, 18% used [0x0000000799500000,0x0000000799518000,0x0000000799580000)
  to   space 7168K, 0% used [0x0000000799a80000,0x0000000799a80000,0x000000079a180000)
 ParOldGen       total 57344K, used 20923K [0x0000000740000000, 0x0000000743800000, 0x0000000795580000)
  object space 57344K, 36% used [0x0000000740000000,0x000000074146eca0,0x0000000743800000)
 Metaspace       used 24255K, capacity 24473K, committed 24832K, reserved 1071104K
  class space    used 2386K, capacity 2485K, committed 2560K, reserved 1048576K
Event: 267.715 GC heap after
Heap after GC invocations=35 (full 1):
 PSYoungGen      total 67584K, used 32K [0x0000000795580000, 0x000000079a000000, 0x00000007c0000000)
  eden space 61952K, 0% used [0x0000000795580000,0x0000000795580000,0x0000000799200000)
  from space 5632K, 0% used [0x0000000799a80000,0x0000000799a88000,0x000000079a000000)
  to   space 7168K, 0% used [0x0000000799200000,0x0000000799200000,0x0000000799900000)
 ParOldGen       total 57344K, used 20923K [0x0000000740000000, 0x0000000743800000, 0x0000000795580000)
  object space 57344K, 36% used [0x0000000740000000,0x000000074146eca0,0x0000000743800000)
 Metaspace       used 24255K, capacity 24473K, committed 24832K, reserved 1071104K
  class space    used 2386K, capacity 2485K, committed 2560K, reserved 1048576K
}

