# JRE version: Java(TM) SE Runtime Environment (8.0_111-b14) (build 1.8.0_111-b14)
# Java VM: Java HotSpot(TM) 64-Bit Server VM (25.111-b14 mixed mode bsd-amd64 compressed oops)
Heap:
 PSYoungGen      total 59392K, used 9669K [0x0000000795580000, 0x000000079a280000, 0x00000007c0000000)
  eden space 53760K, 8% used [0x0000000795580000,0x00000007959e9350,0x0000000798a00000)
  from space 5632K, 91% used [0x0000000799180000,0x0000000799688170,0x0000000799700000)
  to   space 11264K, 0% used [0x0000000799780000,0x0000000799780000,0x000000079a280000)
 ParOldGen       total 69120K, used 16505K [0x0000000740000000, 0x0000000744380000, 0x0000000795580000)
  object space 69120K, 23% used [0x0000000740000000,0x000000074101e488,0x0000000744380000)
 Metaspace       used 24152K, capacity 24397K, committed 24832K, reserved 1071104K
  class space    used 2382K, capacity 2483K, committed 2560K, reserved 1048576K
GC Heap History (10 events):
Event: 20.172 GC heap before
{Heap before GC invocations=6 (full 1):
 PSYoungGen      total 49152K, used 49136K [0x0000000795580000, 0x0000000798c00000, 0x00000007c0000000)
  eden space 44032K, 100% used [0x0000000795580000,0x0000000798080000,0x0000000798080000)
  from space 5120K, 99% used [0x0000000798700000,0x0000000798bfc190,0x0000000798c00000)
  to   space 5120K, 0% used [0x0000000798200000,0x0000000798200000,0x0000000798700000)
 ParOldGen       total 69120K, used 16377K [0x0000000740000000, 0x0000000744380000, 0x0000000795580000)
  object space 69120K, 23% used [0x0000000740000000,0x0000000740ffe478,0x0000000744380000)
 Metaspace       used 23999K, capacity 24269K, committed 24576K, reserved 1071104K
  class space    used 2373K, capacity 2483K, committed 2560K, reserved 1048576K
Event: 20.178 GC heap after
Heap after GC invocations=6 (full 1):
 PSYoungGen      total 50688K, used 5104K [0x0000000795580000, 0x000000079a300000, 0x00000007c0000000)
  eden space 45568K, 0% used [0x0000000795580000,0x0000000795580000,0x0000000798200000)
  from space 5120K, 99% used [0x0000000798200000,0x00000007986fc190,0x0000000798700000)
  to   space 11776K, 0% used [0x0000000799780000,0x0000000799780000,0x000000079a300000)
 ParOldGen       total 69120K, used 16417K [0x0000000740000000, 0x0000000744380000, 0x0000000795580000)
  object space 69120K, 23% used [0x0000000740000000,0x0000000741008478,0x0000000744380000)
 Metaspace       used 23999K, capacity 24269K, committed 24576K, reserved 1071104K
  class space    used 2373K, capacity 2483K, committed 2560K, reserved 1048576K
}
Event: 31.461 GC heap before
{Heap before GC invocations=7 (full 1):
 PSYoungGen      total 50688K, used 50672K [0x0000000795580000, 0x000000079a300000, 0x00000007c0000000)
  eden space 45568K, 100% used [0x0000000795580000,0x0000000798200000,0x0000000798200000)
  from space 5120K, 99% used [0x0000000798200000,0x00000007986fc190,0x0000000798700000)
  to   space 11776K, 0% used [0x0000000799780000,0x0000000799780000,0x000000079a300000)
 ParOldGen       total 69120K, used 16417K [0x0000000740000000, 0x0000000744380000, 0x0000000795580000)
  object space 69120K, 23% used [0x0000000740000000,0x0000000741008478,0x0000000744380000)
 Metaspace       used 24000K, capacity 24269K, committed 24576K, reserved 1071104K
  class space    used 2373K, capacity 2483K, committed 2560K, reserved 1048576K
Event: 31.469 GC heap after
Heap after GC invocations=7 (full 1):
 PSYoungGen      total 67584K, used 5152K [0x0000000795580000, 0x000000079a300000, 0x00000007c0000000)
  eden space 55808K, 0% used [0x0000000795580000,0x0000000795580000,0x0000000798c00000)
  from space 11776K, 43% used [0x0000000799780000,0x0000000799c88180,0x000000079a300000)
  to   space 11776K, 0% used [0x0000000798c00000,0x0000000798c00000,0x0000000799780000)
 ParOldGen       total 69120K, used 16489K [0x0000000740000000, 0x0000000744380000, 0x0000000795580000)
  object space 69120K, 23% used [0x0000000740000000,0x000000074101a488,0x0000000744380000)
 Metaspace       used 24000K, capacity 24269K, committed 24576K, reserved 1071104K
  class space    used 2373K, capacity 2483K, committed 2560K, reserved 1048576K
}
Event: 45.983 GC heap before
{Heap before GC invocations=8 (full 1):
 PSYoungGen      total 67584K, used 60960K [0x0000000795580000, 0x000000079a300000, 0x00000007c0000000)
  eden space 55808K, 100% used [0x0000000795580000,0x0000000798c00000,0x0000000798c00000)
  from space 11776K, 43% used [0x0000000799780000,0x0000000799c88180,0x000000079a300000)
  to   space 11776K, 0% used [0x0000000798c00000,0x0000000798c00000,0x0000000799780000)
 ParOldGen       total 69120K, used 16489K [0x0000000740000000, 0x0000000744380000, 0x0000000795580000)
  object space 69120K, 23% used [0x0000000740000000,0x000000074101a488,0x0000000744380000)
 Metaspace       used 24000K, capacity 24269K, committed 24576K, reserved 1071104K
  class space    used 2373K, capacity 2483K, committed 2560K, reserved 1048576K
Event: 45.995 GC heap after
Heap after GC invocations=8 (full 1):
 PSYoungGen      total 67584K, used 5104K [0x0000000795580000, 0x000000079ad80000, 0x00000007c0000000)
  eden space 55808K, 0% used [0x0000000795580000,0x0000000795580000,0x0000000798c00000)
  from space 11776K, 43% used [0x0000000798c00000,0x00000007990fc180,0x0000000799780000)
  to   space 11776K, 0% used [0x000000079a200000,0x000000079a200000,0x000000079ad80000)
 ParOldGen       total 69120K, used 16497K [0x0000000740000000, 0x0000000744380000, 0x0000000795580000)
  object space 69120K, 23% used [0x0000000740000000,0x000000074101c488,0x0000000744380000)
 Metaspace       used 24000K, capacity 24269K, committed 24576K, reserved 1071104K
  class space    used 2373K, capacity 2483K, committed 2560K, reserved 1048576K
}
Event: 60.469 GC heap before
{Heap before GC invocations=9 (full 1):
 PSYoungGen      total 67584K, used 60912K [0x0000000795580000, 0x000000079ad80000, 0x00000007c0000000)
  eden space 55808K, 100% used [0x0000000795580000,0x0000000798c00000,0x0000000798c00000)
  from space 11776K, 43% used [0x0000000798c00000,0x00000007990fc180,0x0000000799780000)
  to   space 11776K, 0% used [0x000000079a200000,0x000000079a200000,0x000000079ad80000)
 ParOldGen       total 69120K, used 16497K [0x0000000740000000, 0x0000000744380000, 0x0000000795580000)
  object space 69120K, 23% used [0x0000000740000000,0x000000074101c488,0x0000000744380000)
 Metaspace       used 24001K, capacity 24269K, committed 24576K, reserved 1071104K
  class space    used 2373K, capacity 2483K, committed 2560K, reserved 1048576K
Event: 60.481 GC heap after
Heap after GC invocations=9 (full 1):
 PSYoungGen      total 60416K, used 5120K [0x0000000795580000, 0x000000079a780000, 0x00000007c0000000)
  eden space 54784K, 0% used [0x0000000795580000,0x0000000795580000,0x0000000798b00000)
  from space 5632K, 90% used [0x000000079a200000,0x000000079a700170,0x000000079a780000)
  to   space 11264K, 0% used [0x0000000799180000,0x0000000799180000,0x0000000799c80000)
 ParOldGen       total 69120K, used 16505K [0x0000000740000000, 0x0000000744380000, 0x0000000795580000)
  object space 69120K, 23% used [0x0000000740000000,0x000000074101e488,0x0000000744380000)
 Metaspace       used 24001K, capacity 24269K, committed 24576K, reserved 1071104K
  class space    used 2373K, capacity 2483K, committed 2560K, reserved 1048576K
}
Event: 74.552 GC heap before
{Heap before GC invocations=10 (full 1):
 PSYoungGen      total 60416K, used 59904K [0x0000000795580000, 0x000000079a780000, 0x00000007c0000000)
  eden space 54784K, 100% used [0x0000000795580000,0x0000000798b00000,0x0000000798b00000)
  from space 5632K, 90% used [0x000000079a200000,0x000000079a700170,0x000000079a780000)
  to   space 11264K, 0% used [0x0000000799180000,0x0000000799180000,0x0000000799c80000)
 ParOldGen       total 69120K, used 16505K [0x0000000740000000, 0x0000000744380000, 0x0000000795580000)
  object space 69120K, 23% used [0x0000000740000000,0x000000074101e488,0x0000000744380000)
 Metaspace       used 24117K, capacity 24397K, committed 24832K, reserved 1071104K
  class space    used 2374K, capacity 2483K, committed 2560K, reserved 1048576K
Event: 74.557 GC heap after
Heap after GC invocations=10 (full 1):
 PSYoungGen      total 59392K, used 5152K [0x0000000795580000, 0x000000079a280000, 0x00000007c0000000)
  eden space 53760K, 0% used [0x0000000795580000,0x0000000795580000,0x0000000798a00000)
  from space 5632K, 91% used [0x0000000799180000,0x0000000799688170,0x0000000799700000)
  to   space 11264K, 0% used [0x0000000799780000,0x0000000799780000,0x000000079a280000)
 ParOldGen       total 69120K, used 16505K [0x0000000740000000, 0x0000000744380000, 0x0000000795580000)
  object space 69120K, 23% used [0x0000000740000000,0x000000074101e488,0x0000000744380000)
 Metaspace       used 24117K, capacity 24397K, committed 24832K, reserved 1071104K
  class space    used 2374K, capacity 2483K, committed 2560K, reserved 1048576K
}

