# JRE version: Java(TM) SE Runtime Environment (8.0_111-b14) (build 1.8.0_111-b14)
# Java VM: Java HotSpot(TM) 64-Bit Server VM (25.111-b14 mixed mode bsd-amd64 compressed oops)
Heap:
 PSYoungGen      total 99328K, used 42678K [0x0000000795580000, 0x000000079e900000, 0x00000007c0000000)
  eden space 88576K, 42% used [0x0000000795580000,0x0000000797a2a738,0x000000079ac00000)
  from space 10752K, 47% used [0x000000079ac00000,0x000000079b103460,0x000000079b680000)
  to   space 10752K, 0% used [0x000000079de80000,0x000000079de80000,0x000000079e900000)
 ParOldGen       total 54784K, used 15918K [0x0000000740000000, 0x0000000743580000, 0x0000000795580000)
  object space 54784K, 29% used [0x0000000740000000,0x0000000740f8bbb8,0x0000000743580000)
 Metaspace       used 24640K, capacity 24897K, committed 25088K, reserved 1071104K
  class space    used 2426K, capacity 2517K, committed 2560K, reserved 1048576K
GC Heap History (10 events):
Event: 2.979 GC heap before
{Heap before GC invocations=4 (full 1):
 PSYoungGen      total 38400K, used 5089K [0x0000000795580000, 0x000000079a080000, 0x00000007c0000000)
  eden space 33280K, 0% used [0x0000000795580000,0x0000000795580000,0x0000000797600000)
  from space 5120K, 99% used [0x0000000797600000,0x0000000797af84c0,0x0000000797b00000)
  to   space 5120K, 0% used [0x0000000799b80000,0x0000000799b80000,0x000000079a080000)
 ParOldGen       total 87552K, used 4320K [0x0000000740000000, 0x0000000745580000, 0x0000000795580000)
  object space 87552K, 4% used [0x0000000740000000,0x0000000740438060,0x0000000745580000)
 Metaspace       used 20821K, capacity 21055K, committed 21248K, reserved 1069056K
  class space    used 2134K, capacity 2224K, committed 2304K, reserved 1048576K
Event: 3.019 GC heap after
Heap after GC invocations=4 (full 1):
 PSYoungGen      total 38400K, used 0K [0x0000000795580000, 0x000000079a080000, 0x00000007c0000000)
  eden space 33280K, 0% used [0x0000000795580000,0x0000000795580000,0x0000000797600000)
  from space 5120K, 0% used [0x0000000797600000,0x0000000797600000,0x0000000797b00000)
  to   space 5120K, 0% used [0x0000000799b80000,0x0000000799b80000,0x000000079a080000)
 ParOldGen       total 54784K, used 8081K [0x0000000740000000, 0x0000000743580000, 0x0000000795580000)
  object space 54784K, 14% used [0x0000000740000000,0x00000007407e4420,0x0000000743580000)
 Metaspace       used 20821K, capacity 21055K, committed 21248K, reserved 1069056K
  class space    used 2134K, capacity 2224K, committed 2304K, reserved 1048576K
}
Event: 4.296 GC heap before
{Heap before GC invocations=5 (full 1):
 PSYoungGen      total 38400K, used 33280K [0x0000000795580000, 0x000000079a080000, 0x00000007c0000000)
  eden space 33280K, 100% used [0x0000000795580000,0x0000000797600000,0x0000000797600000)
  from space 5120K, 0% used [0x0000000797600000,0x0000000797600000,0x0000000797b00000)
  to   space 5120K, 0% used [0x0000000799b80000,0x0000000799b80000,0x000000079a080000)
 ParOldGen       total 54784K, used 8081K [0x0000000740000000, 0x0000000743580000, 0x0000000795580000)
  object space 54784K, 14% used [0x0000000740000000,0x00000007407e4420,0x0000000743580000)
 Metaspace       used 23736K, capacity 24033K, committed 24320K, reserved 1071104K
  class space    used 2388K, capacity 2485K, committed 2560K, reserved 1048576K
Event: 4.305 GC heap after
Heap after GC invocations=5 (full 1):
 PSYoungGen      total 60416K, used 5101K [0x0000000795580000, 0x000000079a080000, 0x00000007c0000000)
  eden space 55296K, 0% used [0x0000000795580000,0x0000000795580000,0x0000000798b80000)
  from space 5120K, 99% used [0x0000000799b80000,0x000000079a07b4e0,0x000000079a080000)
  to   space 5120K, 0% used [0x0000000799680000,0x0000000799680000,0x0000000799b80000)
 ParOldGen       total 54784K, used 12566K [0x0000000740000000, 0x0000000743580000, 0x0000000795580000)
  object space 54784K, 22% used [0x0000000740000000,0x0000000740c45a78,0x0000000743580000)
 Metaspace       used 23736K, capacity 24033K, committed 24320K, reserved 1071104K
  class space    used 2388K, capacity 2485K, committed 2560K, reserved 1048576K
}
Event: 6.446 GC heap before
{Heap before GC invocations=6 (full 1):
 PSYoungGen      total 60416K, used 60397K [0x0000000795580000, 0x000000079a080000, 0x00000007c0000000)
  eden space 55296K, 100% used [0x0000000795580000,0x0000000798b80000,0x0000000798b80000)
  from space 5120K, 99% used [0x0000000799b80000,0x000000079a07b4e0,0x000000079a080000)
  to   space 5120K, 0% used [0x0000000799680000,0x0000000799680000,0x0000000799b80000)
 ParOldGen       total 54784K, used 12566K [0x0000000740000000, 0x0000000743580000, 0x0000000795580000)
  object space 54784K, 22% used [0x0000000740000000,0x0000000740c45a78,0x0000000743580000)
 Metaspace       used 24201K, capacity 24449K, committed 24832K, reserved 1071104K
  class space    used 2405K, capacity 2517K, committed 2560K, reserved 1048576K
Event: 6.452 GC heap after
Heap after GC invocations=6 (full 1):
 PSYoungGen      total 71680K, used 5117K [0x0000000795580000, 0x000000079c100000, 0x00000007c0000000)
  eden space 66560K, 0% used [0x0000000795580000,0x0000000795580000,0x0000000799680000)
  from space 5120K, 99% used [0x0000000799680000,0x0000000799b7f470,0x0000000799b80000)
  to   space 10752K, 0% used [0x000000079b680000,0x000000079b680000,0x000000079c100000)
 ParOldGen       total 54784K, used 15910K [0x0000000740000000, 0x0000000743580000, 0x0000000795580000)
  object space 54784K, 29% used [0x0000000740000000,0x0000000740f89bb8,0x0000000743580000)
 Metaspace       used 24201K, capacity 24449K, committed 24832K, reserved 1071104K
  class space    used 2405K, capacity 2517K, committed 2560K, reserved 1048576K
}
Event: 13.685 GC heap before
{Heap before GC invocations=7 (full 1):
 PSYoungGen      total 71680K, used 71677K [0x0000000795580000, 0x000000079c100000, 0x00000007c0000000)
  eden space 66560K, 100% used [0x0000000795580000,0x0000000799680000,0x0000000799680000)
  from space 5120K, 99% used [0x0000000799680000,0x0000000799b7f470,0x0000000799b80000)
  to   space 10752K, 0% used [0x000000079b680000,0x000000079b680000,0x000000079c100000)
 ParOldGen       total 54784K, used 15910K [0x0000000740000000, 0x0000000743580000, 0x0000000795580000)
  object space 54784K, 29% used [0x0000000740000000,0x0000000740f89bb8,0x0000000743580000)
 Metaspace       used 24591K, capacity 24833K, committed 25088K, reserved 1071104K
  class space    used 2419K, capacity 2517K, committed 2560K, reserved 1048576K
Event: 13.690 GC heap after
Heap after GC invocations=7 (full 1):
 PSYoungGen      total 99328K, used 5229K [0x0000000795580000, 0x000000079ce00000, 0x00000007c0000000)
  eden space 88576K, 0% used [0x0000000795580000,0x0000000795580000,0x000000079ac00000)
  from space 10752K, 48% used [0x000000079b680000,0x000000079bb9b480,0x000000079c100000)
  to   space 10752K, 0% used [0x000000079ac00000,0x000000079ac00000,0x000000079b680000)
 ParOldGen       total 54784K, used 15918K [0x0000000740000000, 0x0000000743580000, 0x0000000795580000)
  object space 54784K, 29% used [0x0000000740000000,0x0000000740f8bbb8,0x0000000743580000)
 Metaspace       used 24591K, capacity 24833K, committed 25088K, reserved 1071104K
  class space    used 2419K, capacity 2517K, committed 2560K, reserved 1048576K
}
Event: 25.007 GC heap before
{Heap before GC invocations=8 (full 1):
 PSYoungGen      total 99328K, used 93805K [0x0000000795580000, 0x000000079ce00000, 0x00000007c0000000)
  eden space 88576K, 100% used [0x0000000795580000,0x000000079ac00000,0x000000079ac00000)
  from space 10752K, 48% used [0x000000079b680000,0x000000079bb9b480,0x000000079c100000)
  to   space 10752K, 0% used [0x000000079ac00000,0x000000079ac00000,0x000000079b680000)
 ParOldGen       total 54784K, used 15918K [0x0000000740000000, 0x0000000743580000, 0x0000000795580000)
  object space 54784K, 29% used [0x0000000740000000,0x0000000740f8bbb8,0x0000000743580000)
 Metaspace       used 24597K, capacity 24833K, committed 25088K, reserved 1071104K
  class space    used 2419K, capacity 2517K, committed 2560K, reserved 1048576K
Event: 25.012 GC heap after
Heap after GC invocations=8 (full 1):
 PSYoungGen      total 99328K, used 5133K [0x0000000795580000, 0x000000079e900000, 0x00000007c0000000)
  eden space 88576K, 0% used [0x0000000795580000,0x0000000795580000,0x000000079ac00000)
  from space 10752K, 47% used [0x000000079ac00000,0x000000079b103460,0x000000079b680000)
  to   space 10752K, 0% used [0x000000079de80000,0x000000079de80000,0x000000079e900000)
 ParOldGen       total 54784K, used 15918K [0x0000000740000000, 0x0000000743580000, 0x0000000795580000)
  object space 54784K, 29% used [0x0000000740000000,0x0000000740f8bbb8,0x0000000743580000)
 Metaspace       used 24597K, capacity 24833K, committed 25088K, reserved 1071104K
  class space    used 2419K, capacity 2517K, committed 2560K, reserved 1048576K
}

