# JRE version: Java(TM) SE Runtime Environment (8.0_111-b14) (build 1.8.0_111-b14)
# Java VM: Java HotSpot(TM) 64-Bit Server VM (25.111-b14 mixed mode bsd-amd64 compressed oops)
Heap:
 PSYoungGen      total 133120K, used 29703K [0x0000000795580000, 0x000000079e880000, 0x00000007c0000000)
  eden space 128000K, 19% used [0x0000000795580000,0x0000000796daa8c0,0x000000079d280000)
  from space 5120K, 96% used [0x000000079e380000,0x000000079e857440,0x000000079e880000)
  to   space 11264K, 0% used [0x000000079d280000,0x000000079d280000,0x000000079dd80000)
 ParOldGen       total 54784K, used 14667K [0x0000000740000000, 0x0000000743580000, 0x0000000795580000)
  object space 54784K, 26% used [0x0000000740000000,0x0000000740e52d40,0x0000000743580000)
 Metaspace       used 24276K, capacity 24537K, committed 24832K, reserved 1071104K
  class space    used 2399K, capacity 2485K, committed 2560K, reserved 1048576K
GC Heap History (10 events):
Event: 4.208 GC heap before
{Heap before GC invocations=5 (full 1):
 PSYoungGen      total 38400K, used 33137K [0x0000000795580000, 0x000000079a080000, 0x00000007c0000000)
  eden space 33280K, 99% used [0x0000000795580000,0x00000007975dc5b8,0x0000000797600000)
  from space 5120K, 0% used [0x0000000797600000,0x0000000797600000,0x0000000797b00000)
  to   space 5120K, 0% used [0x0000000799b80000,0x0000000799b80000,0x000000079a080000)
 ParOldGen       total 54784K, used 8100K [0x0000000740000000, 0x0000000743580000, 0x0000000795580000)
  object space 54784K, 14% used [0x0000000740000000,0x00000007407e9198,0x0000000743580000)
 Metaspace       used 23584K, capacity 23821K, committed 24064K, reserved 1071104K
  class space    used 2391K, capacity 2483K, committed 2560K, reserved 1048576K
Event: 4.220 GC heap after
Heap after GC invocations=5 (full 1):
 PSYoungGen      total 60928K, used 5101K [0x0000000795580000, 0x000000079a080000, 0x00000007c0000000)
  eden space 55808K, 0% used [0x0000000795580000,0x0000000795580000,0x0000000798c00000)
  from space 5120K, 99% used [0x0000000799b80000,0x000000079a07b480,0x000000079a080000)
  to   space 5120K, 0% used [0x0000000799680000,0x0000000799680000,0x0000000799b80000)
 ParOldGen       total 54784K, used 14643K [0x0000000740000000, 0x0000000743580000, 0x0000000795580000)
  object space 54784K, 26% used [0x0000000740000000,0x0000000740e4cd40,0x0000000743580000)
 Metaspace       used 23584K, capacity 23821K, committed 24064K, reserved 1071104K
  class space    used 2391K, capacity 2483K, committed 2560K, reserved 1048576K
}
Event: 12.060 GC heap before
{Heap before GC invocations=6 (full 1):
 PSYoungGen      total 60928K, used 60909K [0x0000000795580000, 0x000000079a080000, 0x00000007c0000000)
  eden space 55808K, 100% used [0x0000000795580000,0x0000000798c00000,0x0000000798c00000)
  from space 5120K, 99% used [0x0000000799b80000,0x000000079a07b480,0x000000079a080000)
  to   space 5120K, 0% used [0x0000000799680000,0x0000000799680000,0x0000000799b80000)
 ParOldGen       total 54784K, used 14643K [0x0000000740000000, 0x0000000743580000, 0x0000000795580000)
  object space 54784K, 26% used [0x0000000740000000,0x0000000740e4cd40,0x0000000743580000)
 Metaspace       used 24172K, capacity 24403K, committed 24832K, reserved 1071104K
  class space    used 2392K, capacity 2484K, committed 2560K, reserved 1048576K
Event: 12.065 GC heap after
Heap after GC invocations=6 (full 1):
 PSYoungGen      total 71680K, used 5117K [0x0000000795580000, 0x000000079c580000, 0x00000007c0000000)
  eden space 66560K, 0% used [0x0000000795580000,0x0000000795580000,0x0000000799680000)
  from space 5120K, 99% used [0x0000000799680000,0x0000000799b7f460,0x0000000799b80000)
  to   space 12288K, 0% used [0x000000079b980000,0x000000079b980000,0x000000079c580000)
 ParOldGen       total 54784K, used 14651K [0x0000000740000000, 0x0000000743580000, 0x0000000795580000)
  object space 54784K, 26% used [0x0000000740000000,0x0000000740e4ed40,0x0000000743580000)
 Metaspace       used 24172K, capacity 24403K, committed 24832K, reserved 1071104K
  class space    used 2392K, capacity 2484K, committed 2560K, reserved 1048576K
}
Event: 22.132 GC heap before
{Heap before GC invocations=7 (full 1):
 PSYoungGen      total 71680K, used 71677K [0x0000000795580000, 0x000000079c580000, 0x00000007c0000000)
  eden space 66560K, 100% used [0x0000000795580000,0x0000000799680000,0x0000000799680000)
  from space 5120K, 99% used [0x0000000799680000,0x0000000799b7f460,0x0000000799b80000)
  to   space 12288K, 0% used [0x000000079b980000,0x000000079b980000,0x000000079c580000)
 ParOldGen       total 54784K, used 14651K [0x0000000740000000, 0x0000000743580000, 0x0000000795580000)
  object space 54784K, 26% used [0x0000000740000000,0x0000000740e4ed40,0x0000000743580000)
 Metaspace       used 24232K, capacity 24467K, committed 24832K, reserved 1071104K
  class space    used 2392K, capacity 2484K, committed 2560K, reserved 1048576K
Event: 22.138 GC heap after
Heap after GC invocations=7 (full 1):
 PSYoungGen      total 102912K, used 5005K [0x0000000795580000, 0x000000079d100000, 0x00000007c0000000)
  eden space 90624K, 0% used [0x0000000795580000,0x0000000795580000,0x000000079ae00000)
  from space 12288K, 40% used [0x000000079b980000,0x000000079be63450,0x000000079c580000)
  to   space 11776K, 0% used [0x000000079ae00000,0x000000079ae00000,0x000000079b980000)
 ParOldGen       total 54784K, used 14659K [0x0000000740000000, 0x0000000743580000, 0x0000000795580000)
  object space 54784K, 26% used [0x0000000740000000,0x0000000740e50d40,0x0000000743580000)
 Metaspace       used 24232K, capacity 24467K, committed 24832K, reserved 1071104K
  class space    used 2392K, capacity 2484K, committed 2560K, reserved 1048576K
}
Event: 36.741 GC heap before
{Heap before GC invocations=8 (full 1):
 PSYoungGen      total 102912K, used 95629K [0x0000000795580000, 0x000000079d100000, 0x00000007c0000000)
  eden space 90624K, 100% used [0x0000000795580000,0x000000079ae00000,0x000000079ae00000)
  from space 12288K, 40% used [0x000000079b980000,0x000000079be63450,0x000000079c580000)
  to   space 11776K, 0% used [0x000000079ae00000,0x000000079ae00000,0x000000079b980000)
 ParOldGen       total 54784K, used 14659K [0x0000000740000000, 0x0000000743580000, 0x0000000795580000)
  object space 54784K, 26% used [0x0000000740000000,0x0000000740e50d40,0x0000000743580000)
 Metaspace       used 24233K, capacity 24467K, committed 24832K, reserved 1071104K
  class space    used 2392K, capacity 2484K, committed 2560K, reserved 1048576K
Event: 36.751 GC heap after
Heap after GC invocations=8 (full 1):
 PSYoungGen      total 102400K, used 4989K [0x0000000795580000, 0x000000079ef00000, 0x00000007c0000000)
  eden space 90624K, 0% used [0x0000000795580000,0x0000000795580000,0x000000079ae00000)
  from space 11776K, 42% used [0x000000079ae00000,0x000000079b2df440,0x000000079b980000)
  to   space 11776K, 0% used [0x000000079e380000,0x000000079e380000,0x000000079ef00000)
 ParOldGen       total 54784K, used 14659K [0x0000000740000000, 0x0000000743580000, 0x0000000795580000)
  object space 54784K, 26% used [0x0000000740000000,0x0000000740e50d40,0x0000000743580000)
 Metaspace       used 24233K, capacity 24467K, committed 24832K, reserved 1071104K
  class space    used 2392K, capacity 2484K, committed 2560K, reserved 1048576K
}
Event: 52.100 GC heap before
{Heap before GC invocations=9 (full 1):
 PSYoungGen      total 102400K, used 95613K [0x0000000795580000, 0x000000079ef00000, 0x00000007c0000000)
  eden space 90624K, 100% used [0x0000000795580000,0x000000079ae00000,0x000000079ae00000)
  from space 11776K, 42% used [0x000000079ae00000,0x000000079b2df440,0x000000079b980000)
  to   space 11776K, 0% used [0x000000079e380000,0x000000079e380000,0x000000079ef00000)
 ParOldGen       total 54784K, used 14659K [0x0000000740000000, 0x0000000743580000, 0x0000000795580000)
  object space 54784K, 26% used [0x0000000740000000,0x0000000740e50d40,0x0000000743580000)
 Metaspace       used 24233K, capacity 24467K, committed 24832K, reserved 1071104K
  class space    used 2392K, capacity 2484K, committed 2560K, reserved 1048576K
Event: 52.119 GC heap after
Heap after GC invocations=9 (full 1):
 PSYoungGen      total 133120K, used 4957K [0x0000000795580000, 0x000000079e880000, 0x00000007c0000000)
  eden space 128000K, 0% used [0x0000000795580000,0x0000000795580000,0x000000079d280000)
  from space 5120K, 96% used [0x000000079e380000,0x000000079e857440,0x000000079e880000)
  to   space 11264K, 0% used [0x000000079d280000,0x000000079d280000,0x000000079dd80000)
 ParOldGen       total 54784K, used 14667K [0x0000000740000000, 0x0000000743580000, 0x0000000795580000)
  object space 54784K, 26% used [0x0000000740000000,0x0000000740e52d40,0x0000000743580000)
 Metaspace       used 24233K, capacity 24467K, committed 24832K, reserved 1071104K
  class space    used 2392K, capacity 2484K, committed 2560K, reserved 1048576K
}

