# JRE version: Java(TM) SE Runtime Environment (8.0_111-b14) (build 1.8.0_111-b14)
# Java VM: Java HotSpot(TM) 64-Bit Server VM (25.111-b14 mixed mode bsd-amd64 compressed oops)
Heap:
 PSYoungGen      total 24576K, used 22912K [0x0000000795580000, 0x0000000796e80000, 0x00000007c0000000)
  eden space 24064K, 94% used [0x0000000795580000,0x0000000796bc01c8,0x0000000796d00000)
  from space 512K, 25% used [0x0000000796e00000,0x0000000796e20000,0x0000000796e80000)
  to   space 512K, 0% used [0x0000000796d80000,0x0000000796d80000,0x0000000796e00000)
 ParOldGen       total 57344K, used 16785K [0x0000000740000000, 0x0000000743800000, 0x0000000795580000)
  object space 57344K, 29% used [0x0000000740000000,0x0000000741064770,0x0000000743800000)
 Metaspace       used 21250K, capacity 21443K, committed 21808K, reserved 1069056K
  class space    used 2076K, capacity 2146K, committed 2176K, reserved 1048576K
GC Heap History (10 events):
Event: 13845.211 GC heap before
{Heap before GC invocations=8193 (full 1):
 PSYoungGen      total 24576K, used 24192K [0x0000000795580000, 0x0000000796e80000, 0x00000007c0000000)
  eden space 24064K, 100% used [0x0000000795580000,0x0000000796d00000,0x0000000796d00000)
  from space 512K, 25% used [0x0000000796d80000,0x0000000796da0000,0x0000000796e00000)
  to   space 512K, 0% used [0x0000000796e00000,0x0000000796e00000,0x0000000796e80000)
 ParOldGen       total 57344K, used 16769K [0x0000000740000000, 0x0000000743800000, 0x0000000795580000)
  object space 57344K, 29% used [0x0000000740000000,0x0000000741060770,0x0000000743800000)
 Metaspace       used 21113K, capacity 21379K, committed 21552K, reserved 1069056K
  class space    used 2068K, capacity 2146K, committed 2176K, reserved 1048576K
Event: 13845.214 GC heap after
Heap after GC invocations=8193 (full 1):
 PSYoungGen      total 24576K, used 128K [0x0000000795580000, 0x0000000796e80000, 0x00000007c0000000)
  eden space 24064K, 0% used [0x0000000795580000,0x0000000795580000,0x0000000796d00000)
  from space 512K, 25% used [0x0000000796e00000,0x0000000796e20000,0x0000000796e80000)
  to   space 512K, 0% used [0x0000000796d80000,0x0000000796d80000,0x0000000796e00000)
 ParOldGen       total 57344K, used 16769K [0x0000000740000000, 0x0000000743800000, 0x0000000795580000)
  object space 57344K, 29% used [0x0000000740000000,0x0000000741060770,0x0000000743800000)
 Metaspace       used 21113K, capacity 21379K, committed 21552K, reserved 1069056K
  class space    used 2068K, capacity 2146K, committed 2176K, reserved 1048576K
}
Event: 13846.875 GC heap before
{Heap before GC invocations=8194 (full 1):
 PSYoungGen      total 24576K, used 24192K [0x0000000795580000, 0x0000000796e80000, 0x00000007c0000000)
  eden space 24064K, 100% used [0x0000000795580000,0x0000000796d00000,0x0000000796d00000)
  from space 512K, 25% used [0x0000000796e00000,0x0000000796e20000,0x0000000796e80000)
  to   space 512K, 0% used [0x0000000796d80000,0x0000000796d80000,0x0000000796e00000)
 ParOldGen       total 57344K, used 16769K [0x0000000740000000, 0x0000000743800000, 0x0000000795580000)
  object space 57344K, 29% used [0x0000000740000000,0x0000000741060770,0x0000000743800000)
 Metaspace       used 21131K, capacity 21379K, committed 21552K, reserved 1069056K
  class space    used 2068K, capacity 2146K, committed 2176K, reserved 1048576K
Event: 13846.876 GC heap after
Heap after GC invocations=8194 (full 1):
 PSYoungGen      total 24576K, used 128K [0x0000000795580000, 0x0000000796e80000, 0x00000007c0000000)
  eden space 24064K, 0% used [0x0000000795580000,0x0000000795580000,0x0000000796d00000)
  from space 512K, 25% used [0x0000000796d80000,0x0000000796da0000,0x0000000796e00000)
  to   space 512K, 0% used [0x0000000796e00000,0x0000000796e00000,0x0000000796e80000)
 ParOldGen       total 57344K, used 16777K [0x0000000740000000, 0x0000000743800000, 0x0000000795580000)
  object space 57344K, 29% used [0x0000000740000000,0x0000000741062770,0x0000000743800000)
 Metaspace       used 21131K, capacity 21379K, committed 21552K, reserved 1069056K
  class space    used 2068K, capacity 2146K, committed 2176K, reserved 1048576K
}
Event: 13848.527 GC heap before
{Heap before GC invocations=8195 (full 1):
 PSYoungGen      total 24576K, used 24192K [0x0000000795580000, 0x0000000796e80000, 0x00000007c0000000)
  eden space 24064K, 100% used [0x0000000795580000,0x0000000796d00000,0x0000000796d00000)
  from space 512K, 25% used [0x0000000796d80000,0x0000000796da0000,0x0000000796e00000)
  to   space 512K, 0% used [0x0000000796e00000,0x0000000796e00000,0x0000000796e80000)
 ParOldGen       total 57344K, used 16777K [0x0000000740000000, 0x0000000743800000, 0x0000000795580000)
  object space 57344K, 29% used [0x0000000740000000,0x0000000741062770,0x0000000743800000)
 Metaspace       used 21206K, capacity 21443K, committed 21808K, reserved 1069056K
  class space    used 2068K, capacity 2146K, committed 2176K, reserved 1048576K
Event: 13848.528 GC heap after
Heap after GC invocations=8195 (full 1):
 PSYoungGen      total 24576K, used 160K [0x0000000795580000, 0x0000000796e80000, 0x00000007c0000000)
  eden space 24064K, 0% used [0x0000000795580000,0x0000000795580000,0x0000000796d00000)
  from space 512K, 31% used [0x0000000796e00000,0x0000000796e28000,0x0000000796e80000)
  to   space 512K, 0% used [0x0000000796d80000,0x0000000796d80000,0x0000000796e00000)
 ParOldGen       total 57344K, used 16785K [0x0000000740000000, 0x0000000743800000, 0x0000000795580000)
  object space 57344K, 29% used [0x0000000740000000,0x0000000741064770,0x0000000743800000)
 Metaspace       used 21206K, capacity 21443K, committed 21808K, reserved 1069056K
  class space    used 2068K, capacity 2146K, committed 2176K, reserved 1048576K
}
Event: 13850.194 GC heap before
{Heap before GC invocations=8196 (full 1):
 PSYoungGen      total 24576K, used 24224K [0x0000000795580000, 0x0000000796e80000, 0x00000007c0000000)
  eden space 24064K, 100% used [0x0000000795580000,0x0000000796d00000,0x0000000796d00000)
  from space 512K, 31% used [0x0000000796e00000,0x0000000796e28000,0x0000000796e80000)
  to   space 512K, 0% used [0x0000000796d80000,0x0000000796d80000,0x0000000796e00000)
 ParOldGen       total 57344K, used 16785K [0x0000000740000000, 0x0000000743800000, 0x0000000795580000)
  object space 57344K, 29% used [0x0000000740000000,0x0000000741064770,0x0000000743800000)
 Metaspace       used 21206K, capacity 21443K, committed 21808K, reserved 1069056K
  class space    used 2068K, capacity 2146K, committed 2176K, reserved 1048576K
Event: 13850.195 GC heap after
Heap after GC invocations=8196 (full 1):
 PSYoungGen      total 24576K, used 160K [0x0000000795580000, 0x0000000796e80000, 0x00000007c0000000)
  eden space 24064K, 0% used [0x0000000795580000,0x0000000795580000,0x0000000796d00000)
  from space 512K, 31% used [0x0000000796d80000,0x0000000796da8000,0x0000000796e00000)
  to   space 512K, 0% used [0x0000000796e00000,0x0000000796e00000,0x0000000796e80000)
 ParOldGen       total 57344K, used 16785K [0x0000000740000000, 0x0000000743800000, 0x0000000795580000)
  object space 57344K, 29% used [0x0000000740000000,0x0000000741064770,0x0000000743800000)
 Metaspace       used 21206K, capacity 21443K, committed 21808K, reserved 1069056K
  class space    used 2068K, capacity 2146K, committed 2176K, reserved 1048576K
}
Event: 13852.261 GC heap before
{Heap before GC invocations=8197 (full 1):
 PSYoungGen      total 24576K, used 24224K [0x0000000795580000, 0x0000000796e80000, 0x00000007c0000000)
  eden space 24064K, 100% used [0x0000000795580000,0x0000000796d00000,0x0000000796d00000)
  from space 512K, 31% used [0x0000000796d80000,0x0000000796da8000,0x0000000796e00000)
  to   space 512K, 0% used [0x0000000796e00000,0x0000000796e00000,0x0000000796e80000)
 ParOldGen       total 57344K, used 16785K [0x0000000740000000, 0x0000000743800000, 0x0000000795580000)
  object space 57344K, 29% used [0x0000000740000000,0x0000000741064770,0x0000000743800000)
 Metaspace       used 21206K, capacity 21443K, committed 21808K, reserved 1069056K
  class space    used 2068K, capacity 2146K, committed 2176K, reserved 1048576K
Event: 13852.264 GC heap after
Heap after GC invocations=8197 (full 1):
 PSYoungGen      total 24576K, used 128K [0x0000000795580000, 0x0000000796e80000, 0x00000007c0000000)
  eden space 24064K, 0% used [0x0000000795580000,0x0000000795580000,0x0000000796d00000)
  from space 512K, 25% used [0x0000000796e00000,0x0000000796e20000,0x0000000796e80000)
  to   space 512K, 0% used [0x0000000796d80000,0x0000000796d80000,0x0000000796e00000)
 ParOldGen       total 57344K, used 16785K [0x0000000740000000, 0x0000000743800000, 0x0000000795580000)
  object space 57344K, 29% used [0x0000000740000000,0x0000000741064770,0x0000000743800000)
 Metaspace       used 21206K, capacity 21443K, committed 21808K, reserved 1069056K
  class space    used 2068K, capacity 2146K, committed 2176K, reserved 1048576K
}

