# JRE version: Java(TM) SE Runtime Environment (8.0_111-b14) (build 1.8.0_111-b14)
# Java VM: Java HotSpot(TM) 64-Bit Server VM (25.111-b14 mixed mode bsd-amd64 compressed oops)
Heap:
 PSYoungGen      total 107008K, used 81059K [0x0000000795580000, 0x000000079e480000, 0x00000007c0000000)
  eden space 81408K, 68% used [0x0000000795580000,0x0000000798bcc768,0x000000079a500000)
  from space 25600K, 99% used [0x000000079c180000,0x000000079da5c680,0x000000079da80000)
  to   space 29184K, 0% used [0x000000079a500000,0x000000079a500000,0x000000079c180000)
 ParOldGen       total 68096K, used 50102K [0x0000000740000000, 0x0000000744280000, 0x0000000795580000)
  object space 68096K, 73% used [0x0000000740000000,0x00000007430edad0,0x0000000744280000)
 Metaspace       used 24393K, capacity 24649K, committed 24832K, reserved 1071104K
  class space    used 2381K, capacity 2483K, committed 2560K, reserved 1048576K
GC Heap History (10 events):
Event: 22.267 GC heap before
{Heap before GC invocations=9 (full 1):
 PSYoungGen      total 66048K, used 65645K [0x0000000795580000, 0x000000079b200000, 0x00000007c0000000)
  eden space 53760K, 99% used [0x0000000795580000,0x00000007989c7390,0x0000000798a00000)
  from space 12288K, 98% used [0x0000000798a00000,0x00000007995d4300,0x0000000799600000)
  to   space 13824K, 0% used [0x000000079a480000,0x000000079a480000,0x000000079b200000)
 ParOldGen       total 68096K, used 22028K [0x0000000740000000, 0x0000000744280000, 0x0000000795580000)
  object space 68096K, 32% used [0x0000000740000000,0x0000000741583000,0x0000000744280000)
 Metaspace       used 24222K, capacity 24521K, committed 24832K, reserved 1071104K
  class space    used 2372K, capacity 2483K, committed 2560K, reserved 1048576K
Event: 22.278 GC heap after
Heap after GC invocations=9 (full 1):
 PSYoungGen      total 79360K, used 13744K [0x0000000795580000, 0x000000079b680000, 0x00000007c0000000)
  eden space 65536K, 0% used [0x0000000795580000,0x0000000795580000,0x0000000799580000)
  from space 13824K, 99% used [0x000000079a480000,0x000000079b1ec380,0x000000079b200000)
  to   space 15360K, 0% used [0x0000000799580000,0x0000000799580000,0x000000079a480000)
 ParOldGen       total 68096K, used 27412K [0x0000000740000000, 0x0000000744280000, 0x0000000795580000)
  object space 68096K, 40% used [0x0000000740000000,0x0000000741ac5150,0x0000000744280000)
 Metaspace       used 24222K, capacity 24521K, committed 24832K, reserved 1071104K
  class space    used 2372K, capacity 2483K, committed 2560K, reserved 1048576K
}
Event: 24.721 GC heap before
{Heap before GC invocations=10 (full 1):
 PSYoungGen      total 79360K, used 79280K [0x0000000795580000, 0x000000079b680000, 0x00000007c0000000)
  eden space 65536K, 100% used [0x0000000795580000,0x0000000799580000,0x0000000799580000)
  from space 13824K, 99% used [0x000000079a480000,0x000000079b1ec380,0x000000079b200000)
  to   space 15360K, 0% used [0x0000000799580000,0x0000000799580000,0x000000079a480000)
 ParOldGen       total 68096K, used 27412K [0x0000000740000000, 0x0000000744280000, 0x0000000795580000)
  object space 68096K, 40% used [0x0000000740000000,0x0000000741ac5150,0x0000000744280000)
 Metaspace       used 24250K, capacity 24521K, committed 24832K, reserved 1071104K
  class space    used 2372K, capacity 2483K, committed 2560K, reserved 1048576K
Event: 24.731 GC heap after
Heap after GC invocations=10 (full 1):
 PSYoungGen      total 80896K, used 15344K [0x0000000795580000, 0x000000079c700000, 0x00000007c0000000)
  eden space 65536K, 0% used [0x0000000795580000,0x0000000795580000,0x0000000799580000)
  from space 15360K, 99% used [0x0000000799580000,0x000000079a47c3e0,0x000000079a480000)
  to   space 19968K, 0% used [0x000000079b380000,0x000000079b380000,0x000000079c700000)
 ParOldGen       total 68096K, used 34332K [0x0000000740000000, 0x0000000744280000, 0x0000000795580000)
  object space 68096K, 50% used [0x0000000740000000,0x0000000742187300,0x0000000744280000)
 Metaspace       used 24250K, capacity 24521K, committed 24832K, reserved 1071104K
  class space    used 2372K, capacity 2483K, committed 2560K, reserved 1048576K
}
Event: 29.846 GC heap before
{Heap before GC invocations=11 (full 1):
 PSYoungGen      total 80896K, used 80880K [0x0000000795580000, 0x000000079c700000, 0x00000007c0000000)
  eden space 65536K, 100% used [0x0000000795580000,0x0000000799580000,0x0000000799580000)
  from space 15360K, 99% used [0x0000000799580000,0x000000079a47c3e0,0x000000079a480000)
  to   space 19968K, 0% used [0x000000079b380000,0x000000079b380000,0x000000079c700000)
 ParOldGen       total 68096K, used 34332K [0x0000000740000000, 0x0000000744280000, 0x0000000795580000)
  object space 68096K, 50% used [0x0000000740000000,0x0000000742187300,0x0000000744280000)
 Metaspace       used 24283K, capacity 24585K, committed 24832K, reserved 1071104K
  class space    used 2372K, capacity 2483K, committed 2560K, reserved 1048576K
Event: 29.859 GC heap after
Heap after GC invocations=11 (full 1):
 PSYoungGen      total 93696K, used 19937K [0x0000000795580000, 0x000000079cb80000, 0x00000007c0000000)
  eden space 73728K, 0% used [0x0000000795580000,0x0000000795580000,0x0000000799d80000)
  from space 19968K, 99% used [0x000000079b380000,0x000000079c6f84f0,0x000000079c700000)
  to   space 22528K, 0% used [0x0000000799d80000,0x0000000799d80000,0x000000079b380000)
 ParOldGen       total 68096K, used 35116K [0x0000000740000000, 0x0000000744280000, 0x0000000795580000)
  object space 68096K, 51% used [0x0000000740000000,0x000000074224b330,0x0000000744280000)
 Metaspace       used 24283K, capacity 24585K, committed 24832K, reserved 1071104K
  class space    used 2372K, capacity 2483K, committed 2560K, reserved 1048576K
}
Event: 32.857 GC heap before
{Heap before GC invocations=12 (full 1):
 PSYoungGen      total 93696K, used 93638K [0x0000000795580000, 0x000000079cb80000, 0x00000007c0000000)
  eden space 73728K, 99% used [0x0000000795580000,0x0000000799d79518,0x0000000799d80000)
  from space 19968K, 99% used [0x000000079b380000,0x000000079c6f84f0,0x000000079c700000)
  to   space 22528K, 0% used [0x0000000799d80000,0x0000000799d80000,0x000000079b380000)
 ParOldGen       total 68096K, used 35116K [0x0000000740000000, 0x0000000744280000, 0x0000000795580000)
  object space 68096K, 51% used [0x0000000740000000,0x000000074224b330,0x0000000744280000)
 Metaspace       used 24293K, capacity 24585K, committed 24832K, reserved 1071104K
  class space    used 2372K, capacity 2483K, committed 2560K, reserved 1048576K
Event: 32.868 GC heap after
Heap after GC invocations=12 (full 1):
 PSYoungGen      total 96256K, used 22433K [0x0000000795580000, 0x000000079da80000, 0x00000007c0000000)
  eden space 73728K, 0% used [0x0000000795580000,0x0000000795580000,0x0000000799d80000)
  from space 22528K, 99% used [0x0000000799d80000,0x000000079b3685b0,0x000000079b380000)
  to   space 25600K, 0% used [0x000000079c180000,0x000000079c180000,0x000000079da80000)
 ParOldGen       total 68096K, used 42157K [0x0000000740000000, 0x0000000744280000, 0x0000000795580000)
  object space 68096K, 61% used [0x0000000740000000,0x000000074292b4d0,0x0000000744280000)
 Metaspace       used 24293K, capacity 24585K, committed 24832K, reserved 1071104K
  class space    used 2372K, capacity 2483K, committed 2560K, reserved 1048576K
}
Event: 34.478 GC heap before
{Heap before GC invocations=13 (full 1):
 PSYoungGen      total 96256K, used 96161K [0x0000000795580000, 0x000000079da80000, 0x00000007c0000000)
  eden space 73728K, 100% used [0x0000000795580000,0x0000000799d80000,0x0000000799d80000)
  from space 22528K, 99% used [0x0000000799d80000,0x000000079b3685b0,0x000000079b380000)
  to   space 25600K, 0% used [0x000000079c180000,0x000000079c180000,0x000000079da80000)
 ParOldGen       total 68096K, used 42158K [0x0000000740000000, 0x0000000744280000, 0x0000000795580000)
  object space 68096K, 61% used [0x0000000740000000,0x000000074292b8e0,0x0000000744280000)
 Metaspace       used 24333K, capacity 24649K, committed 24832K, reserved 1071104K
  class space    used 2372K, capacity 2483K, committed 2560K, reserved 1048576K
Event: 34.496 GC heap after
Heap after GC invocations=13 (full 1):
 PSYoungGen      total 107008K, used 25457K [0x0000000795580000, 0x000000079e480000, 0x00000007c0000000)
  eden space 81408K, 0% used [0x0000000795580000,0x0000000795580000,0x000000079a500000)
  from space 25600K, 99% used [0x000000079c180000,0x000000079da5c680,0x000000079da80000)
  to   space 29184K, 0% used [0x000000079a500000,0x000000079a500000,0x000000079c180000)
 ParOldGen       total 68096K, used 50102K [0x0000000740000000, 0x0000000744280000, 0x0000000795580000)
  object space 68096K, 73% used [0x0000000740000000,0x00000007430edad0,0x0000000744280000)
 Metaspace       used 24333K, capacity 24649K, committed 24832K, reserved 1071104K
  class space    used 2372K, capacity 2483K, committed 2560K, reserved 1048576K
}

