# JRE version: Java(TM) SE Runtime Environment (8.0_111-b14) (build 1.8.0_111-b14)
# Java VM: Java HotSpot(TM) 64-Bit Server VM (25.111-b14 mixed mode bsd-amd64 compressed oops)
Heap:
 PSYoungGen      total 61952K, used 49330K [0x0000000795580000, 0x000000079a080000, 0x00000007c0000000)
  eden space 56832K, 77% used [0x0000000795580000,0x00000007980b4848,0x0000000798d00000)
  from space 5120K, 99% used [0x0000000799b80000,0x000000079a078120,0x000000079a080000)
  to   space 5120K, 0% used [0x0000000799680000,0x0000000799680000,0x0000000799b80000)
 ParOldGen       total 55296K, used 15264K [0x0000000740000000, 0x0000000743600000, 0x0000000795580000)
  object space 55296K, 27% used [0x0000000740000000,0x0000000740ee8390,0x0000000743600000)
 Metaspace       used 24174K, capacity 24409K, committed 24832K, reserved 1071104K
  class space    used 2396K, capacity 2485K, committed 2560K, reserved 1048576K
GC Heap History (10 events):
Event: 4.669 GC heap before
{Heap before GC invocations=1 (full 0):
 PSYoungGen      total 38400K, used 33280K [0x0000000795580000, 0x0000000798000000, 0x00000007c0000000)
  eden space 33280K, 100% used [0x0000000795580000,0x0000000797600000,0x0000000797600000)
  from space 5120K, 0% used [0x0000000797b00000,0x0000000797b00000,0x0000000798000000)
  to   space 5120K, 0% used [0x0000000797600000,0x0000000797600000,0x0000000797b00000)
 ParOldGen       total 87552K, used 0K [0x0000000740000000, 0x0000000745580000, 0x0000000795580000)
  object space 87552K, 0% used [0x0000000740000000,0x0000000740000000,0x0000000745580000)
 Metaspace       used 15692K, capacity 15865K, committed 16000K, reserved 1062912K
  class space    used 1586K, capacity 1659K, committed 1664K, reserved 1048576K
Event: 4.686 GC heap after
Heap after GC invocations=1 (full 0):
 PSYoungGen      total 38400K, used 4883K [0x0000000795580000, 0x0000000798000000, 0x00000007c0000000)
  eden space 33280K, 0% used [0x0000000795580000,0x0000000795580000,0x0000000797600000)
  from space 5120K, 95% used [0x0000000797600000,0x0000000797ac4da8,0x0000000797b00000)
  to   space 5120K, 0% used [0x0000000797b00000,0x0000000797b00000,0x0000000798000000)
 ParOldGen       total 87552K, used 8K [0x0000000740000000, 0x0000000745580000, 0x0000000795580000)
  object space 87552K, 0% used [0x0000000740000000,0x0000000740002000,0x0000000745580000)
 Metaspace       used 15692K, capacity 15865K, committed 16000K, reserved 1062912K
  class space    used 1586K, capacity 1659K, committed 1664K, reserved 1048576K
}
Event: 7.771 GC heap before
{Heap before GC invocations=2 (full 0):
 PSYoungGen      total 38400K, used 38163K [0x0000000795580000, 0x0000000798000000, 0x00000007c0000000)
  eden space 33280K, 100% used [0x0000000795580000,0x0000000797600000,0x0000000797600000)
  from space 5120K, 95% used [0x0000000797600000,0x0000000797ac4da8,0x0000000797b00000)
  to   space 5120K, 0% used [0x0000000797b00000,0x0000000797b00000,0x0000000798000000)
 ParOldGen       total 87552K, used 8K [0x0000000740000000, 0x0000000745580000, 0x0000000795580000)
  object space 87552K, 0% used [0x0000000740000000,0x0000000740002000,0x0000000745580000)
 Metaspace       used 20251K, capacity 20503K, committed 20736K, reserved 1067008K
  class space    used 2078K, capacity 2192K, committed 2304K, reserved 1048576K
Event: 7.794 GC heap after
Heap after GC invocations=2 (full 0):
 PSYoungGen      total 38400K, used 5088K [0x0000000795580000, 0x0000000798000000, 0x00000007c0000000)
  eden space 33280K, 0% used [0x0000000795580000,0x0000000795580000,0x0000000797600000)
  from space 5120K, 99% used [0x0000000797b00000,0x0000000797ff8060,0x0000000798000000)
  to   space 5120K, 0% used [0x0000000797600000,0x0000000797600000,0x0000000797b00000)
 ParOldGen       total 87552K, used 3042K [0x0000000740000000, 0x0000000745580000, 0x0000000795580000)
  object space 87552K, 3% used [0x0000000740000000,0x00000007402f8b88,0x0000000745580000)
 Metaspace       used 20251K, capacity 20503K, committed 20736K, reserved 1067008K
  class space    used 2078K, capacity 2192K, committed 2304K, reserved 1048576K
}
Event: 8.059 GC heap before
{Heap before GC invocations=3 (full 0):
 PSYoungGen      total 38400K, used 10827K [0x0000000795580000, 0x0000000798000000, 0x00000007c0000000)
  eden space 33280K, 17% used [0x0000000795580000,0x0000000795b1acb0,0x0000000797600000)
  from space 5120K, 99% used [0x0000000797b00000,0x0000000797ff8060,0x0000000798000000)
  to   space 5120K, 0% used [0x0000000797600000,0x0000000797600000,0x0000000797b00000)
 ParOldGen       total 87552K, used 3042K [0x0000000740000000, 0x0000000745580000, 0x0000000795580000)
  object space 87552K, 3% used [0x0000000740000000,0x00000007402f8b88,0x0000000745580000)
 Metaspace       used 20830K, capacity 21047K, committed 21248K, reserved 1069056K
  class space    used 2134K, capacity 2224K, committed 2304K, reserved 1048576K
Event: 8.075 GC heap after
Heap after GC invocations=3 (full 0):
 PSYoungGen      total 38400K, used 5093K [0x0000000795580000, 0x000000079a080000, 0x00000007c0000000)
  eden space 33280K, 0% used [0x0000000795580000,0x0000000795580000,0x0000000797600000)
  from space 5120K, 99% used [0x0000000797600000,0x0000000797af94e8,0x0000000797b00000)
  to   space 5120K, 0% used [0x0000000799b80000,0x0000000799b80000,0x000000079a080000)
 ParOldGen       total 87552K, used 4352K [0x0000000740000000, 0x0000000745580000, 0x0000000795580000)
  object space 87552K, 4% used [0x0000000740000000,0x0000000740440390,0x0000000745580000)
 Metaspace       used 20830K, capacity 21047K, committed 21248K, reserved 1069056K
  class space    used 2134K, capacity 2224K, committed 2304K, reserved 1048576K
}
Event: 8.075 GC heap before
{Heap before GC invocations=4 (full 1):
 PSYoungGen      total 38400K, used 5093K [0x0000000795580000, 0x000000079a080000, 0x00000007c0000000)
  eden space 33280K, 0% used [0x0000000795580000,0x0000000795580000,0x0000000797600000)
  from space 5120K, 99% used [0x0000000797600000,0x0000000797af94e8,0x0000000797b00000)
  to   space 5120K, 0% used [0x0000000799b80000,0x0000000799b80000,0x000000079a080000)
 ParOldGen       total 87552K, used 4352K [0x0000000740000000, 0x0000000745580000, 0x0000000795580000)
  object space 87552K, 4% used [0x0000000740000000,0x0000000740440390,0x0000000745580000)
 Metaspace       used 20830K, capacity 21047K, committed 21248K, reserved 1069056K
  class space    used 2134K, capacity 2224K, committed 2304K, reserved 1048576K
Event: 8.148 GC heap after
Heap after GC invocations=4 (full 1):
 PSYoungGen      total 38400K, used 0K [0x0000000795580000, 0x000000079a080000, 0x00000007c0000000)
  eden space 33280K, 0% used [0x0000000795580000,0x0000000795580000,0x0000000797600000)
  from space 5120K, 0% used [0x0000000797600000,0x0000000797600000,0x0000000797b00000)
  to   space 5120K, 0% used [0x0000000799b80000,0x0000000799b80000,0x000000079a080000)
 ParOldGen       total 55296K, used 8767K [0x0000000740000000, 0x0000000743600000, 0x0000000795580000)
  object space 55296K, 15% used [0x0000000740000000,0x000000074088feb0,0x0000000743600000)
 Metaspace       used 20830K, capacity 21047K, committed 21248K, reserved 1069056K
  class space    used 2134K, capacity 2224K, committed 2304K, reserved 1048576K
}
Event: 9.989 GC heap before
{Heap before GC invocations=5 (full 1):
 PSYoungGen      total 38400K, used 33280K [0x0000000795580000, 0x000000079a080000, 0x00000007c0000000)
  eden space 33280K, 100% used [0x0000000795580000,0x0000000797600000,0x0000000797600000)
  from space 5120K, 0% used [0x0000000797600000,0x0000000797600000,0x0000000797b00000)
  to   space 5120K, 0% used [0x0000000799b80000,0x0000000799b80000,0x000000079a080000)
 ParOldGen       total 55296K, used 8767K [0x0000000740000000, 0x0000000743600000, 0x0000000795580000)
  object space 55296K, 15% used [0x0000000740000000,0x000000074088feb0,0x0000000743600000)
 Metaspace       used 23569K, capacity 23817K, committed 24064K, reserved 1071104K
  class space    used 2388K, capacity 2483K, committed 2560K, reserved 1048576K
Event: 10.026 GC heap after
Heap after GC invocations=5 (full 1):
 PSYoungGen      total 61952K, used 5088K [0x0000000795580000, 0x000000079a080000, 0x00000007c0000000)
  eden space 56832K, 0% used [0x0000000795580000,0x0000000795580000,0x0000000798d00000)
  from space 5120K, 99% used [0x0000000799b80000,0x000000079a078120,0x000000079a080000)
  to   space 5120K, 0% used [0x0000000799680000,0x0000000799680000,0x0000000799b80000)
 ParOldGen       total 55296K, used 15264K [0x0000000740000000, 0x0000000743600000, 0x0000000795580000)
  object space 55296K, 27% used [0x0000000740000000,0x0000000740ee8390,0x0000000743600000)
 Metaspace       used 23569K, capacity 23817K, committed 24064K, reserved 1071104K
  class space    used 2388K, capacity 2483K, committed 2560K, reserved 1048576K
}

