# JRE version: Java(TM) SE Runtime Environment (8.0_111-b14) (build 1.8.0_111-b14)
# Java VM: Java HotSpot(TM) 64-Bit Server VM (25.111-b14 mixed mode bsd-amd64 compressed oops)
Heap:
 PSYoungGen      total 88064K, used 37179K [0x0000000795580000, 0x000000079ca00000, 0x00000007c0000000)
  eden space 77312K, 35% used [0x0000000795580000,0x0000000797027110,0x000000079a100000)
  from space 10752K, 91% used [0x000000079ac80000,0x000000079b627ec8,0x000000079b700000)
  to   space 11776K, 0% used [0x000000079a100000,0x000000079a100000,0x000000079ac80000)
 ParOldGen       total 59392K, used 17124K [0x0000000740000000, 0x0000000743a00000, 0x0000000795580000)
  object space 59392K, 28% used [0x0000000740000000,0x00000007410b92a8,0x0000000743a00000)
 Metaspace       used 24687K, capacity 24961K, committed 25344K, reserved 1073152K
  class space    used 2429K, capacity 2517K, committed 2560K, reserved 1048576K
GC Heap History (10 events):
Event: 3.622 GC heap before
{Heap before GC invocations=3 (full 0):
 PSYoungGen      total 38400K, used 11007K [0x0000000795580000, 0x0000000798000000, 0x00000007c0000000)
  eden space 33280K, 17% used [0x0000000795580000,0x0000000795b47d70,0x0000000797600000)
  from space 5120K, 99% used [0x0000000797b00000,0x0000000797ff8080,0x0000000798000000)
  to   space 5120K, 0% used [0x0000000797600000,0x0000000797600000,0x0000000797b00000)
 ParOldGen       total 87552K, used 2930K [0x0000000740000000, 0x0000000745580000, 0x0000000795580000)
  object space 87552K, 3% used [0x0000000740000000,0x00000007402dca58,0x0000000745580000)
 Metaspace       used 20819K, capacity 21055K, committed 21248K, reserved 1069056K
  class space    used 2131K, capacity 2224K, committed 2304K, reserved 1048576K
Event: 3.628 GC heap after
Heap after GC invocations=3 (full 0):
 PSYoungGen      total 38400K, used 5099K [0x0000000795580000, 0x000000079a080000, 0x00000007c0000000)
  eden space 33280K, 0% used [0x0000000795580000,0x0000000795580000,0x0000000797600000)
  from space 5120K, 99% used [0x0000000797600000,0x0000000797afaec0,0x0000000797b00000)
  to   space 5120K, 0% used [0x0000000799b80000,0x0000000799b80000,0x000000079a080000)
 ParOldGen       total 87552K, used 4361K [0x0000000740000000, 0x0000000745580000, 0x0000000795580000)
  object space 87552K, 4% used [0x0000000740000000,0x00000007404425f8,0x0000000745580000)
 Metaspace       used 20819K, capacity 21055K, committed 21248K, reserved 1069056K
  class space    used 2131K, capacity 2224K, committed 2304K, reserved 1048576K
}
Event: 3.628 GC heap before
{Heap before GC invocations=4 (full 1):
 PSYoungGen      total 38400K, used 5099K [0x0000000795580000, 0x000000079a080000, 0x00000007c0000000)
  eden space 33280K, 0% used [0x0000000795580000,0x0000000795580000,0x0000000797600000)
  from space 5120K, 99% used [0x0000000797600000,0x0000000797afaec0,0x0000000797b00000)
  to   space 5120K, 0% used [0x0000000799b80000,0x0000000799b80000,0x000000079a080000)
 ParOldGen       total 87552K, used 4361K [0x0000000740000000, 0x0000000745580000, 0x0000000795580000)
  object space 87552K, 4% used [0x0000000740000000,0x00000007404425f8,0x0000000745580000)
 Metaspace       used 20819K, capacity 21055K, committed 21248K, reserved 1069056K
  class space    used 2131K, capacity 2224K, committed 2304K, reserved 1048576K
Event: 3.674 GC heap after
Heap after GC invocations=4 (full 1):
 PSYoungGen      total 38400K, used 0K [0x0000000795580000, 0x000000079a080000, 0x00000007c0000000)
  eden space 33280K, 0% used [0x0000000795580000,0x0000000795580000,0x0000000797600000)
  from space 5120K, 0% used [0x0000000797600000,0x0000000797600000,0x0000000797b00000)
  to   space 5120K, 0% used [0x0000000799b80000,0x0000000799b80000,0x000000079a080000)
 ParOldGen       total 59392K, used 9226K [0x0000000740000000, 0x0000000743a00000, 0x0000000795580000)
  object space 59392K, 15% used [0x0000000740000000,0x00000007409028c8,0x0000000743a00000)
 Metaspace       used 20819K, capacity 21055K, committed 21248K, reserved 1069056K
  class space    used 2131K, capacity 2224K, committed 2304K, reserved 1048576K
}
Event: 4.915 GC heap before
{Heap before GC invocations=5 (full 1):
 PSYoungGen      total 38400K, used 33242K [0x0000000795580000, 0x000000079a080000, 0x00000007c0000000)
  eden space 33280K, 99% used [0x0000000795580000,0x00000007975f6ac8,0x0000000797600000)
  from space 5120K, 0% used [0x0000000797600000,0x0000000797600000,0x0000000797b00000)
  to   space 5120K, 0% used [0x0000000799b80000,0x0000000799b80000,0x000000079a080000)
 ParOldGen       total 59392K, used 9226K [0x0000000740000000, 0x0000000743a00000, 0x0000000795580000)
  object space 59392K, 15% used [0x0000000740000000,0x00000007409028c8,0x0000000743a00000)
 Metaspace       used 23669K, capacity 23899K, committed 24320K, reserved 1071104K
  class space    used 2385K, capacity 2484K, committed 2560K, reserved 1048576K
Event: 4.925 GC heap after
Heap after GC invocations=5 (full 1):
 PSYoungGen      total 57344K, used 5117K [0x0000000795580000, 0x000000079a080000, 0x00000007c0000000)
  eden space 52224K, 0% used [0x0000000795580000,0x0000000795580000,0x0000000798880000)
  from space 5120K, 99% used [0x0000000799b80000,0x000000079a07f460,0x000000079a080000)
  to   space 5120K, 0% used [0x0000000799680000,0x0000000799680000,0x0000000799b80000)
 ParOldGen       total 59392K, used 14780K [0x0000000740000000, 0x0000000743a00000, 0x0000000795580000)
  object space 59392K, 24% used [0x0000000740000000,0x0000000740e6f3c0,0x0000000743a00000)
 Metaspace       used 23669K, capacity 23899K, committed 24320K, reserved 1071104K
  class space    used 2385K, capacity 2484K, committed 2560K, reserved 1048576K
}
Event: 10.051 GC heap before
{Heap before GC invocations=6 (full 1):
 PSYoungGen      total 57344K, used 57341K [0x0000000795580000, 0x000000079a080000, 0x00000007c0000000)
  eden space 52224K, 100% used [0x0000000795580000,0x0000000798880000,0x0000000798880000)
  from space 5120K, 99% used [0x0000000799b80000,0x000000079a07f460,0x000000079a080000)
  to   space 5120K, 0% used [0x0000000799680000,0x0000000799680000,0x0000000799b80000)
 ParOldGen       total 59392K, used 14780K [0x0000000740000000, 0x0000000743a00000, 0x0000000795580000)
  object space 59392K, 24% used [0x0000000740000000,0x0000000740e6f3c0,0x0000000743a00000)
 Metaspace       used 24194K, capacity 24417K, committed 24832K, reserved 1071104K
  class space    used 2400K, capacity 2485K, committed 2560K, reserved 1048576K
Event: 10.057 GC heap after
Heap after GC invocations=6 (full 1):
 PSYoungGen      total 71680K, used 5117K [0x0000000795580000, 0x000000079b700000, 0x00000007c0000000)
  eden space 66560K, 0% used [0x0000000795580000,0x0000000795580000,0x0000000799680000)
  from space 5120K, 99% used [0x0000000799680000,0x0000000799b7f470,0x0000000799b80000)
  to   space 10752K, 0% used [0x000000079ac80000,0x000000079ac80000,0x000000079b700000)
 ParOldGen       total 59392K, used 17116K [0x0000000740000000, 0x0000000743a00000, 0x0000000795580000)
  object space 59392K, 28% used [0x0000000740000000,0x00000007410b72a8,0x0000000743a00000)
 Metaspace       used 24194K, capacity 24417K, committed 24832K, reserved 1071104K
  class space    used 2400K, capacity 2485K, committed 2560K, reserved 1048576K
}
Event: 13.784 GC heap before
{Heap before GC invocations=7 (full 1):
 PSYoungGen      total 71680K, used 71594K [0x0000000795580000, 0x000000079b700000, 0x00000007c0000000)
  eden space 66560K, 99% used [0x0000000795580000,0x000000079966b720,0x0000000799680000)
  from space 5120K, 99% used [0x0000000799680000,0x0000000799b7f470,0x0000000799b80000)
  to   space 10752K, 0% used [0x000000079ac80000,0x000000079ac80000,0x000000079b700000)
 ParOldGen       total 59392K, used 17116K [0x0000000740000000, 0x0000000743a00000, 0x0000000795580000)
  object space 59392K, 28% used [0x0000000740000000,0x00000007410b72a8,0x0000000743a00000)
 Metaspace       used 24569K, capacity 24833K, committed 25088K, reserved 1071104K
  class space    used 2422K, capacity 2517K, committed 2560K, reserved 1048576K
Event: 13.791 GC heap after
Heap after GC invocations=7 (full 1):
 PSYoungGen      total 88064K, used 9887K [0x0000000795580000, 0x000000079ca00000, 0x00000007c0000000)
  eden space 77312K, 0% used [0x0000000795580000,0x0000000795580000,0x000000079a100000)
  from space 10752K, 91% used [0x000000079ac80000,0x000000079b627ec8,0x000000079b700000)
  to   space 11776K, 0% used [0x000000079a100000,0x000000079a100000,0x000000079ac80000)
 ParOldGen       total 59392K, used 17124K [0x0000000740000000, 0x0000000743a00000, 0x0000000795580000)
  object space 59392K, 28% used [0x0000000740000000,0x00000007410b92a8,0x0000000743a00000)
 Metaspace       used 24569K, capacity 24833K, committed 25088K, reserved 1071104K
  class space    used 2422K, capacity 2517K, committed 2560K, reserved 1048576K
}

