# JRE version: Java(TM) SE Runtime Environment (8.0_111-b14) (build 1.8.0_111-b14)
# Java VM: Java HotSpot(TM) 64-Bit Server VM (25.111-b14 mixed mode bsd-amd64 compressed oops)
Heap:
 PSYoungGen      total 60416K, used 24271K [0x0000000795580000, 0x000000079ac80000, 0x00000007c0000000)
  eden space 45568K, 52% used [0x0000000795580000,0x0000000796d13e00,0x0000000798200000)
  from space 14848K, 0% used [0x0000000798200000,0x0000000798220000,0x0000000799080000)
  to   space 14848K, 0% used [0x0000000799e00000,0x0000000799e00000,0x000000079ac80000)
 ParOldGen       total 74240K, used 15646K [0x0000000740000000, 0x0000000744880000, 0x0000000795580000)
  object space 74240K, 21% used [0x0000000740000000,0x0000000740f47978,0x0000000744880000)
 Metaspace       used 21286K, capacity 21521K, committed 21808K, reserved 1069056K
  class space    used 2068K, capacity 2147K, committed 2176K, reserved 1048576K
GC Heap History (10 events):
Event: 7.811 GC heap before
{Heap before GC invocations=4 (full 0):
 PSYoungGen      total 38400K, used 33083K [0x0000000795580000, 0x0000000798000000, 0x00000007c0000000)
  eden space 33280K, 84% used [0x0000000795580000,0x00000007970d6ce0,0x0000000797600000)
  from space 5120K, 99% used [0x0000000797600000,0x0000000797af8150,0x0000000797b00000)
  to   space 5120K, 0% used [0x0000000797b00000,0x0000000797b00000,0x0000000798000000)
 ParOldGen       total 87552K, used 11455K [0x0000000740000000, 0x0000000745580000, 0x0000000795580000)
  object space 87552K, 13% used [0x0000000740000000,0x0000000740b2fd28,0x0000000745580000)
 Metaspace       used 20919K, capacity 21099K, committed 21296K, reserved 1069056K
  class space    used 2058K, capacity 2114K, committed 2176K, reserved 1048576K
Event: 7.824 GC heap after
Heap after GC invocations=4 (full 0):
 PSYoungGen      total 38400K, used 5104K [0x0000000795580000, 0x0000000798000000, 0x00000007c0000000)
  eden space 33280K, 0% used [0x0000000795580000,0x0000000795580000,0x0000000797600000)
  from space 5120K, 99% used [0x0000000797b00000,0x0000000797ffc160,0x0000000798000000)
  to   space 5120K, 0% used [0x0000000797600000,0x0000000797600000,0x0000000797b00000)
 ParOldGen       total 87552K, used 12631K [0x0000000740000000, 0x0000000745580000, 0x0000000795580000)
  object space 87552K, 14% used [0x0000000740000000,0x0000000740c55db8,0x0000000745580000)
 Metaspace       used 20919K, capacity 21099K, committed 21296K, reserved 1069056K
  class space    used 2058K, capacity 2114K, committed 2176K, reserved 1048576K
}
Event: 7.824 GC heap before
{Heap before GC invocations=5 (full 1):
 PSYoungGen      total 38400K, used 5104K [0x0000000795580000, 0x0000000798000000, 0x00000007c0000000)
  eden space 33280K, 0% used [0x0000000795580000,0x0000000795580000,0x0000000797600000)
  from space 5120K, 99% used [0x0000000797b00000,0x0000000797ffc160,0x0000000798000000)
  to   space 5120K, 0% used [0x0000000797600000,0x0000000797600000,0x0000000797b00000)
 ParOldGen       total 87552K, used 12631K [0x0000000740000000, 0x0000000745580000, 0x0000000795580000)
  object space 87552K, 14% used [0x0000000740000000,0x0000000740c55db8,0x0000000745580000)
 Metaspace       used 20919K, capacity 21099K, committed 21296K, reserved 1069056K
  class space    used 2058K, capacity 2114K, committed 2176K, reserved 1048576K
Event: 7.885 GC heap after
Heap after GC invocations=5 (full 1):
 PSYoungGen      total 38400K, used 0K [0x0000000795580000, 0x0000000798000000, 0x00000007c0000000)
  eden space 33280K, 0% used [0x0000000795580000,0x0000000795580000,0x0000000797600000)
  from space 5120K, 0% used [0x0000000797b00000,0x0000000797b00000,0x0000000798000000)
  to   space 5120K, 0% used [0x0000000797600000,0x0000000797600000,0x0000000797b00000)
 ParOldGen       total 74240K, used 15630K [0x0000000740000000, 0x0000000744880000, 0x0000000795580000)
  object space 74240K, 21% used [0x0000000740000000,0x0000000740f43978,0x0000000744880000)
 Metaspace       used 20919K, capacity 21099K, committed 21296K, reserved 1069056K
  class space    used 2058K, capacity 2114K, committed 2176K, reserved 1048576K
}
Event: 15.258 GC heap before
{Heap before GC invocations=6 (full 1):
 PSYoungGen      total 38400K, used 33280K [0x0000000795580000, 0x0000000798000000, 0x00000007c0000000)
  eden space 33280K, 100% used [0x0000000795580000,0x0000000797600000,0x0000000797600000)
  from space 5120K, 0% used [0x0000000797b00000,0x0000000797b00000,0x0000000798000000)
  to   space 5120K, 0% used [0x0000000797600000,0x0000000797600000,0x0000000797b00000)
 ParOldGen       total 74240K, used 15630K [0x0000000740000000, 0x0000000744880000, 0x0000000795580000)
  object space 74240K, 21% used [0x0000000740000000,0x0000000740f43978,0x0000000744880000)
 Metaspace       used 21155K, capacity 21355K, committed 21552K, reserved 1069056K
  class space    used 2058K, capacity 2114K, committed 2176K, reserved 1048576K
Event: 15.259 GC heap after
Heap after GC invocations=6 (full 1):
 PSYoungGen      total 38400K, used 128K [0x0000000795580000, 0x000000079a000000, 0x00000007c0000000)
  eden space 33280K, 0% used [0x0000000795580000,0x0000000795580000,0x0000000797600000)
  from space 5120K, 2% used [0x0000000797600000,0x0000000797620000,0x0000000797b00000)
  to   space 14336K, 0% used [0x0000000799200000,0x0000000799200000,0x000000079a000000)
 ParOldGen       total 74240K, used 15630K [0x0000000740000000, 0x0000000744880000, 0x0000000795580000)
  object space 74240K, 21% used [0x0000000740000000,0x0000000740f43978,0x0000000744880000)
 Metaspace       used 21155K, capacity 21355K, committed 21552K, reserved 1069056K
  class space    used 2058K, capacity 2114K, committed 2176K, reserved 1048576K
}
Event: 22.043 GC heap before
{Heap before GC invocations=7 (full 1):
 PSYoungGen      total 38400K, used 33408K [0x0000000795580000, 0x000000079a000000, 0x00000007c0000000)
  eden space 33280K, 100% used [0x0000000795580000,0x0000000797600000,0x0000000797600000)
  from space 5120K, 2% used [0x0000000797600000,0x0000000797620000,0x0000000797b00000)
  to   space 14336K, 0% used [0x0000000799200000,0x0000000799200000,0x000000079a000000)
 ParOldGen       total 74240K, used 15630K [0x0000000740000000, 0x0000000744880000, 0x0000000795580000)
  object space 74240K, 21% used [0x0000000740000000,0x0000000740f43978,0x0000000744880000)
 Metaspace       used 21201K, capacity 21419K, committed 21808K, reserved 1069056K
  class space    used 2059K, capacity 2114K, committed 2176K, reserved 1048576K
Event: 22.045 GC heap after
Heap after GC invocations=7 (full 1):
 PSYoungGen      total 58880K, used 128K [0x0000000795580000, 0x0000000799f00000, 0x00000007c0000000)
  eden space 45568K, 0% used [0x0000000795580000,0x0000000795580000,0x0000000798200000)
  from space 13312K, 0% used [0x0000000799200000,0x0000000799220000,0x0000000799f00000)
  to   space 14848K, 0% used [0x0000000798200000,0x0000000798200000,0x0000000799080000)
 ParOldGen       total 74240K, used 15638K [0x0000000740000000, 0x0000000744880000, 0x0000000795580000)
  object space 74240K, 21% used [0x0000000740000000,0x0000000740f45978,0x0000000744880000)
 Metaspace       used 21201K, capacity 21419K, committed 21808K, reserved 1069056K
  class space    used 2059K, capacity 2114K, committed 2176K, reserved 1048576K
}
Event: 31.931 GC heap before
{Heap before GC invocations=8 (full 1):
 PSYoungGen      total 58880K, used 45696K [0x0000000795580000, 0x0000000799f00000, 0x00000007c0000000)
  eden space 45568K, 100% used [0x0000000795580000,0x0000000798200000,0x0000000798200000)
  from space 13312K, 0% used [0x0000000799200000,0x0000000799220000,0x0000000799f00000)
  to   space 14848K, 0% used [0x0000000798200000,0x0000000798200000,0x0000000799080000)
 ParOldGen       total 74240K, used 15638K [0x0000000740000000, 0x0000000744880000, 0x0000000795580000)
  object space 74240K, 21% used [0x0000000740000000,0x0000000740f45978,0x0000000744880000)
 Metaspace       used 21224K, capacity 21425K, committed 21808K, reserved 1069056K
  class space    used 2060K, capacity 2115K, committed 2176K, reserved 1048576K
Event: 31.932 GC heap after
Heap after GC invocations=8 (full 1):
 PSYoungGen      total 60416K, used 128K [0x0000000795580000, 0x000000079ac80000, 0x00000007c0000000)
  eden space 45568K, 0% used [0x0000000795580000,0x0000000795580000,0x0000000798200000)
  from space 14848K, 0% used [0x0000000798200000,0x0000000798220000,0x0000000799080000)
  to   space 14848K, 0% used [0x0000000799e00000,0x0000000799e00000,0x000000079ac80000)
 ParOldGen       total 74240K, used 15646K [0x0000000740000000, 0x0000000744880000, 0x0000000795580000)
  object space 74240K, 21% used [0x0000000740000000,0x0000000740f47978,0x0000000744880000)
 Metaspace       used 21224K, capacity 21425K, committed 21808K, reserved 1069056K
  class space    used 2060K, capacity 2115K, committed 2176K, reserved 1048576K
}

