# JRE version: Java(TM) SE Runtime Environment (8.0_111-b14) (build 1.8.0_111-b14)
# Java VM: Java HotSpot(TM) 64-Bit Server VM (25.111-b14 mixed mode bsd-amd64 compressed oops)
Heap:
 PSYoungGen      total 71680K, used 61477K [0x0000000795580000, 0x000000079bd80000, 0x00000007c0000000)
  eden space 66560K, 85% used [0x0000000795580000,0x0000000798d155c8,0x0000000799680000)
  from space 5120K, 89% used [0x0000000799680000,0x0000000799af40f0,0x0000000799b80000)
  to   space 12288K, 0% used [0x000000079b180000,0x000000079b180000,0x000000079bd80000)
 ParOldGen       total 56320K, used 16920K [0x0000000740000000, 0x0000000743700000, 0x0000000795580000)
  object space 56320K, 30% used [0x0000000740000000,0x00000007410863b0,0x0000000743700000)
 Metaspace       used 24285K, capacity 24601K, committed 24832K, reserved 1071104K
  class space    used 2393K, capacity 2485K, committed 2560K, reserved 1048576K
GC Heap History (10 events):
Event: 3.382 GC heap before
{Heap before GC invocations=2 (full 0):
 PSYoungGen      total 38400K, used 38160K [0x0000000795580000, 0x0000000798000000, 0x00000007c0000000)
  eden space 33280K, 100% used [0x0000000795580000,0x0000000797600000,0x0000000797600000)
  from space 5120K, 95% used [0x0000000797600000,0x0000000797ac43c8,0x0000000797b00000)
  to   space 5120K, 0% used [0x0000000797b00000,0x0000000797b00000,0x0000000798000000)
 ParOldGen       total 87552K, used 16K [0x0000000740000000, 0x0000000745580000, 0x0000000795580000)
  object space 87552K, 0% used [0x0000000740000000,0x0000000740004000,0x0000000745580000)
 Metaspace       used 20231K, capacity 20503K, committed 20736K, reserved 1067008K
  class space    used 2078K, capacity 2192K, committed 2304K, reserved 1048576K
Event: 3.393 GC heap after
Heap after GC invocations=2 (full 0):
 PSYoungGen      total 38400K, used 5089K [0x0000000795580000, 0x0000000798000000, 0x00000007c0000000)
  eden space 33280K, 0% used [0x0000000795580000,0x0000000795580000,0x0000000797600000)
  from space 5120K, 99% used [0x0000000797b00000,0x0000000797ff8780,0x0000000798000000)
  to   space 5120K, 0% used [0x0000000797600000,0x0000000797600000,0x0000000797b00000)
 ParOldGen       total 87552K, used 3044K [0x0000000740000000, 0x0000000745580000, 0x0000000795580000)
  object space 87552K, 3% used [0x0000000740000000,0x00000007402f9178,0x0000000745580000)
 Metaspace       used 20231K, capacity 20503K, committed 20736K, reserved 1067008K
  class space    used 2078K, capacity 2192K, committed 2304K, reserved 1048576K
}
Event: 3.528 GC heap before
{Heap before GC invocations=3 (full 0):
 PSYoungGen      total 38400K, used 10571K [0x0000000795580000, 0x0000000798000000, 0x00000007c0000000)
  eden space 33280K, 16% used [0x0000000795580000,0x0000000795ada748,0x0000000797600000)
  from space 5120K, 99% used [0x0000000797b00000,0x0000000797ff8780,0x0000000798000000)
  to   space 5120K, 0% used [0x0000000797600000,0x0000000797600000,0x0000000797b00000)
 ParOldGen       total 87552K, used 3044K [0x0000000740000000, 0x0000000745580000, 0x0000000795580000)
  object space 87552K, 3% used [0x0000000740000000,0x00000007402f9178,0x0000000745580000)
 Metaspace       used 20813K, capacity 21047K, committed 21248K, reserved 1069056K
  class space    used 2136K, capacity 2224K, committed 2304K, reserved 1048576K
Event: 3.535 GC heap after
Heap after GC invocations=3 (full 0):
 PSYoungGen      total 38400K, used 5117K [0x0000000795580000, 0x000000079a080000, 0x00000007c0000000)
  eden space 33280K, 0% used [0x0000000795580000,0x0000000795580000,0x0000000797600000)
  from space 5120K, 99% used [0x0000000797600000,0x0000000797aff718,0x0000000797b00000)
  to   space 5120K, 0% used [0x0000000799b80000,0x0000000799b80000,0x000000079a080000)
 ParOldGen       total 87552K, used 4312K [0x0000000740000000, 0x0000000745580000, 0x0000000795580000)
  object space 87552K, 4% used [0x0000000740000000,0x0000000740436220,0x0000000745580000)
 Metaspace       used 20813K, capacity 21047K, committed 21248K, reserved 1069056K
  class space    used 2136K, capacity 2224K, committed 2304K, reserved 1048576K
}
Event: 3.535 GC heap before
{Heap before GC invocations=4 (full 1):
 PSYoungGen      total 38400K, used 5117K [0x0000000795580000, 0x000000079a080000, 0x00000007c0000000)
  eden space 33280K, 0% used [0x0000000795580000,0x0000000795580000,0x0000000797600000)
  from space 5120K, 99% used [0x0000000797600000,0x0000000797aff718,0x0000000797b00000)
  to   space 5120K, 0% used [0x0000000799b80000,0x0000000799b80000,0x000000079a080000)
 ParOldGen       total 87552K, used 4312K [0x0000000740000000, 0x0000000745580000, 0x0000000795580000)
  object space 87552K, 4% used [0x0000000740000000,0x0000000740436220,0x0000000745580000)
 Metaspace       used 20813K, capacity 21047K, committed 21248K, reserved 1069056K
  class space    used 2136K, capacity 2224K, committed 2304K, reserved 1048576K
Event: 3.569 GC heap after
Heap after GC invocations=4 (full 1):
 PSYoungGen      total 38400K, used 0K [0x0000000795580000, 0x000000079a080000, 0x00000007c0000000)
  eden space 33280K, 0% used [0x0000000795580000,0x0000000795580000,0x0000000797600000)
  from space 5120K, 0% used [0x0000000797600000,0x0000000797600000,0x0000000797b00000)
  to   space 5120K, 0% used [0x0000000799b80000,0x0000000799b80000,0x000000079a080000)
 ParOldGen       total 56320K, used 8087K [0x0000000740000000, 0x0000000743700000, 0x0000000795580000)
  object space 56320K, 14% used [0x0000000740000000,0x00000007407e5f08,0x0000000743700000)
 Metaspace       used 20813K, capacity 21047K, committed 21248K, reserved 1069056K
  class space    used 2136K, capacity 2224K, committed 2304K, reserved 1048576K
}
Event: 5.853 GC heap before
{Heap before GC invocations=5 (full 1):
 PSYoungGen      total 38400K, used 33164K [0x0000000795580000, 0x000000079a080000, 0x00000007c0000000)
  eden space 33280K, 99% used [0x0000000795580000,0x00000007975e3298,0x0000000797600000)
  from space 5120K, 0% used [0x0000000797600000,0x0000000797600000,0x0000000797b00000)
  to   space 5120K, 0% used [0x0000000799b80000,0x0000000799b80000,0x000000079a080000)
 ParOldGen       total 56320K, used 8087K [0x0000000740000000, 0x0000000743700000, 0x0000000795580000)
  object space 56320K, 14% used [0x0000000740000000,0x00000007407e5f08,0x0000000743700000)
 Metaspace       used 23689K, capacity 23955K, committed 24320K, reserved 1071104K
  class space    used 2385K, capacity 2484K, committed 2560K, reserved 1048576K
Event: 5.861 GC heap after
Heap after GC invocations=5 (full 1):
 PSYoungGen      total 58368K, used 5117K [0x0000000795580000, 0x000000079a080000, 0x00000007c0000000)
  eden space 53248K, 0% used [0x0000000795580000,0x0000000795580000,0x0000000798980000)
  from space 5120K, 99% used [0x0000000799b80000,0x000000079a07f460,0x000000079a080000)
  to   space 5120K, 0% used [0x0000000799680000,0x0000000799680000,0x0000000799b80000)
 ParOldGen       total 56320K, used 14451K [0x0000000740000000, 0x0000000743700000, 0x0000000795580000)
  object space 56320K, 25% used [0x0000000740000000,0x0000000740e1cfe0,0x0000000743700000)
 Metaspace       used 23689K, capacity 23955K, committed 24320K, reserved 1071104K
  class space    used 2385K, capacity 2484K, committed 2560K, reserved 1048576K
}
Event: 11.908 GC heap before
{Heap before GC invocations=6 (full 1):
 PSYoungGen      total 58368K, used 58365K [0x0000000795580000, 0x000000079a080000, 0x00000007c0000000)
  eden space 53248K, 100% used [0x0000000795580000,0x0000000798980000,0x0000000798980000)
  from space 5120K, 99% used [0x0000000799b80000,0x000000079a07f460,0x000000079a080000)
  to   space 5120K, 0% used [0x0000000799680000,0x0000000799680000,0x0000000799b80000)
 ParOldGen       total 56320K, used 14451K [0x0000000740000000, 0x0000000743700000, 0x0000000795580000)
  object space 56320K, 25% used [0x0000000740000000,0x0000000740e1cfe0,0x0000000743700000)
 Metaspace       used 24139K, capacity 24403K, committed 24832K, reserved 1071104K
  class space    used 2385K, capacity 2484K, committed 2560K, reserved 1048576K
Event: 11.912 GC heap after
Heap after GC invocations=6 (full 1):
 PSYoungGen      total 71680K, used 4560K [0x0000000795580000, 0x000000079bd80000, 0x00000007c0000000)
  eden space 66560K, 0% used [0x0000000795580000,0x0000000795580000,0x0000000799680000)
  from space 5120K, 89% used [0x0000000799680000,0x0000000799af40f0,0x0000000799b80000)
  to   space 12288K, 0% used [0x000000079b180000,0x000000079b180000,0x000000079bd80000)
 ParOldGen       total 56320K, used 16920K [0x0000000740000000, 0x0000000743700000, 0x0000000795580000)
  object space 56320K, 30% used [0x0000000740000000,0x00000007410863b0,0x0000000743700000)
 Metaspace       used 24139K, capacity 24403K, committed 24832K, reserved 1071104K
  class space    used 2385K, capacity 2484K, committed 2560K, reserved 1048576K
}

