# JRE version: Java(TM) SE Runtime Environment (8.0_111-b14) (build 1.8.0_111-b14)
# Java VM: Java HotSpot(TM) 64-Bit Server VM (25.111-b14 mixed mode bsd-amd64 compressed oops)
Heap:
 PSYoungGen      total 42496K, used 25747K [0x0000000795580000, 0x0000000798b80000, 0x00000007c0000000)
  eden space 31744K, 80% used [0x0000000795580000,0x0000000796e7cc38,0x0000000797480000)
  from space 10752K, 1% used [0x0000000797500000,0x0000000797528000,0x0000000797f80000)
  to   space 11776K, 0% used [0x0000000798000000,0x0000000798000000,0x0000000798b80000)
 ParOldGen       total 87552K, used 11516K [0x0000000740000000, 0x0000000745580000, 0x0000000795580000)
  object space 87552K, 13% used [0x0000000740000000,0x0000000740b3f0d8,0x0000000745580000)
 Metaspace       used 19428K, capacity 19647K, committed 19968K, reserved 1067008K
  class space    used 1934K, capacity 2016K, committed 2048K, reserved 1048576K
GC Heap History (10 events):
Event: 171.402 GC heap before
{Heap before GC invocations=3 (full 0):
 PSYoungGen      total 38400K, used 38381K [0x0000000795580000, 0x0000000798000000, 0x00000007c0000000)
  eden space 33280K, 100% used [0x0000000795580000,0x0000000797600000,0x0000000797600000)
  from space 5120K, 99% used [0x0000000797b00000,0x0000000797ffb440,0x0000000798000000)
  to   space 5120K, 0% used [0x0000000797600000,0x0000000797600000,0x0000000797b00000)
 ParOldGen       total 87552K, used 6340K [0x0000000740000000, 0x0000000745580000, 0x0000000795580000)
  object space 87552K, 7% used [0x0000000740000000,0x00000007406312d8,0x0000000745580000)
 Metaspace       used 19381K, capacity 19545K, committed 19712K, reserved 1067008K
  class space    used 1927K, capacity 1983K, committed 2048K, reserved 1048576K
Event: 171.417 GC heap after
Heap after GC invocations=3 (full 0):
 PSYoungGen      total 38400K, used 5101K [0x0000000795580000, 0x0000000798000000, 0x00000007c0000000)
  eden space 33280K, 0% used [0x0000000795580000,0x0000000795580000,0x0000000797600000)
  from space 5120K, 99% used [0x0000000797600000,0x0000000797afb420,0x0000000797b00000)
  to   space 5120K, 0% used [0x0000000797b00000,0x0000000797b00000,0x0000000798000000)
 ParOldGen       total 87552K, used 6484K [0x0000000740000000, 0x0000000745580000, 0x0000000795580000)
  object space 87552K, 7% used [0x0000000740000000,0x00000007406552d8,0x0000000745580000)
 Metaspace       used 19381K, capacity 19545K, committed 19712K, reserved 1067008K
  class space    used 1927K, capacity 1983K, committed 2048K, reserved 1048576K
}
Event: 358.456 GC heap before
{Heap before GC invocations=4 (full 0):
 PSYoungGen      total 38400K, used 38381K [0x0000000795580000, 0x0000000798000000, 0x00000007c0000000)
  eden space 33280K, 100% used [0x0000000795580000,0x0000000797600000,0x0000000797600000)
  from space 5120K, 99% used [0x0000000797600000,0x0000000797afb420,0x0000000797b00000)
  to   space 5120K, 0% used [0x0000000797b00000,0x0000000797b00000,0x0000000798000000)
 ParOldGen       total 87552K, used 6484K [0x0000000740000000, 0x0000000745580000, 0x0000000795580000)
  object space 87552K, 7% used [0x0000000740000000,0x00000007406552d8,0x0000000745580000)
 Metaspace       used 19381K, capacity 19545K, committed 19712K, reserved 1067008K
  class space    used 1927K, capacity 1983K, committed 2048K, reserved 1048576K
Event: 358.465 GC heap after
Heap after GC invocations=4 (full 0):
 PSYoungGen      total 38400K, used 5117K [0x0000000795580000, 0x0000000798000000, 0x00000007c0000000)
  eden space 33280K, 0% used [0x0000000795580000,0x0000000795580000,0x0000000797600000)
  from space 5120K, 99% used [0x0000000797b00000,0x0000000797fff430,0x0000000798000000)
  to   space 5120K, 0% used [0x0000000797600000,0x0000000797600000,0x0000000797b00000)
 ParOldGen       total 87552K, used 6508K [0x0000000740000000, 0x0000000745580000, 0x0000000795580000)
  object space 87552K, 7% used [0x0000000740000000,0x000000074065b2d8,0x0000000745580000)
 Metaspace       used 19381K, capacity 19545K, committed 19712K, reserved 1067008K
  class space    used 1927K, capacity 1983K, committed 2048K, reserved 1048576K
}
Event: 545.786 GC heap before
{Heap before GC invocations=5 (full 0):
 PSYoungGen      total 38400K, used 38397K [0x0000000795580000, 0x0000000798000000, 0x00000007c0000000)
  eden space 33280K, 100% used [0x0000000795580000,0x0000000797600000,0x0000000797600000)
  from space 5120K, 99% used [0x0000000797b00000,0x0000000797fff430,0x0000000798000000)
  to   space 5120K, 0% used [0x0000000797600000,0x0000000797600000,0x0000000797b00000)
 ParOldGen       total 87552K, used 6508K [0x0000000740000000, 0x0000000745580000, 0x0000000795580000)
  object space 87552K, 7% used [0x0000000740000000,0x000000074065b2d8,0x0000000745580000)
 Metaspace       used 19381K, capacity 19545K, committed 19712K, reserved 1067008K
  class space    used 1927K, capacity 1983K, committed 2048K, reserved 1048576K
Event: 545.792 GC heap after
Heap after GC invocations=5 (full 0):
 PSYoungGen      total 37888K, used 5101K [0x0000000795580000, 0x0000000798b80000, 0x00000007c0000000)
  eden space 32768K, 0% used [0x0000000795580000,0x0000000795580000,0x0000000797580000)
  from space 5120K, 99% used [0x0000000797600000,0x0000000797afb420,0x0000000797b00000)
  to   space 11264K, 0% used [0x0000000798080000,0x0000000798080000,0x0000000798b80000)
 ParOldGen       total 87552K, used 6548K [0x0000000740000000, 0x0000000745580000, 0x0000000795580000)
  object space 87552K, 7% used [0x0000000740000000,0x00000007406652d8,0x0000000745580000)
 Metaspace       used 19381K, capacity 19545K, committed 19712K, reserved 1067008K
  class space    used 1927K, capacity 1983K, committed 2048K, reserved 1048576K
}
Event: 729.722 GC heap before
{Heap before GC invocations=6 (full 0):
 PSYoungGen      total 37888K, used 37869K [0x0000000795580000, 0x0000000798b80000, 0x00000007c0000000)
  eden space 32768K, 100% used [0x0000000795580000,0x0000000797580000,0x0000000797580000)
  from space 5120K, 99% used [0x0000000797600000,0x0000000797afb420,0x0000000797b00000)
  to   space 11264K, 0% used [0x0000000798080000,0x0000000798080000,0x0000000798b80000)
 ParOldGen       total 87552K, used 6548K [0x0000000740000000, 0x0000000745580000, 0x0000000795580000)
  object space 87552K, 7% used [0x0000000740000000,0x00000007406652d8,0x0000000745580000)
 Metaspace       used 19381K, capacity 19545K, committed 19712K, reserved 1067008K
  class space    used 1927K, capacity 1983K, committed 2048K, reserved 1048576K
Event: 729.729 GC heap after
Heap after GC invocations=6 (full 0):
 PSYoungGen      total 41984K, used 5101K [0x0000000795580000, 0x0000000798a00000, 0x00000007c0000000)
  eden space 32256K, 0% used [0x0000000795580000,0x0000000795580000,0x0000000797500000)
  from space 9728K, 52% used [0x0000000798080000,0x000000079857b420,0x0000000798a00000)
  to   space 10752K, 0% used [0x0000000797500000,0x0000000797500000,0x0000000797f80000)
 ParOldGen       total 87552K, used 6556K [0x0000000740000000, 0x0000000745580000, 0x0000000795580000)
  object space 87552K, 7% used [0x0000000740000000,0x00000007406672d8,0x0000000745580000)
 Metaspace       used 19381K, capacity 19545K, committed 19712K, reserved 1067008K
  class space    used 1927K, capacity 1983K, committed 2048K, reserved 1048576K
}
Event: 911.142 GC heap before
{Heap before GC invocations=7 (full 0):
 PSYoungGen      total 41984K, used 37357K [0x0000000795580000, 0x0000000798a00000, 0x00000007c0000000)
  eden space 32256K, 100% used [0x0000000795580000,0x0000000797500000,0x0000000797500000)
  from space 9728K, 52% used [0x0000000798080000,0x000000079857b420,0x0000000798a00000)
  to   space 10752K, 0% used [0x0000000797500000,0x0000000797500000,0x0000000797f80000)
 ParOldGen       total 87552K, used 6556K [0x0000000740000000, 0x0000000745580000, 0x0000000795580000)
  object space 87552K, 7% used [0x0000000740000000,0x00000007406672d8,0x0000000745580000)
 Metaspace       used 19381K, capacity 19545K, committed 19712K, reserved 1067008K
  class space    used 1927K, capacity 1983K, committed 2048K, reserved 1048576K
Event: 911.151 GC heap after
Heap after GC invocations=7 (full 0):
 PSYoungGen      total 42496K, used 160K [0x0000000795580000, 0x0000000798b80000, 0x00000007c0000000)
  eden space 31744K, 0% used [0x0000000795580000,0x0000000795580000,0x0000000797480000)
  from space 10752K, 1% used [0x0000000797500000,0x0000000797528000,0x0000000797f80000)
  to   space 11776K, 0% used [0x0000000798000000,0x0000000798000000,0x0000000798b80000)
 ParOldGen       total 87552K, used 11516K [0x0000000740000000, 0x0000000745580000, 0x0000000795580000)
  object space 87552K, 13% used [0x0000000740000000,0x0000000740b3f0d8,0x0000000745580000)
 Metaspace       used 19381K, capacity 19545K, committed 19712K, reserved 1067008K
  class space    used 1927K, capacity 1983K, committed 2048K, reserved 1048576K
}

