# JRE version: Java(TM) SE Runtime Environment (8.0_111-b14) (build 1.8.0_111-b14)
# Java VM: Java HotSpot(TM) 64-Bit Server VM (25.111-b14 mixed mode bsd-amd64 compressed oops)
Heap:
 PSYoungGen      total 86528K, used 12639K [0x0000000795580000, 0x000000079ba80000, 0x00000007c0000000)
  eden space 75776K, 2% used [0x0000000795580000,0x00000007957a3be8,0x0000000799f80000)
  from space 10752K, 97% used [0x000000079a200000,0x000000079ac34290,0x000000079ac80000)
  to   space 13824K, 0% used [0x000000079ad00000,0x000000079ad00000,0x000000079ba80000)
 ParOldGen       total 87552K, used 65838K [0x0000000740000000, 0x0000000745580000, 0x0000000795580000)
  object space 87552K, 75% used [0x0000000740000000,0x000000074404b808,0x0000000745580000)
 Metaspace       used 19674K, capacity 19897K, committed 20224K, reserved 1067008K
  class space    used 1889K, capacity 1953K, committed 2048K, reserved 1048576K
GC Heap History (10 events):
Event: 19.394 GC heap before
{Heap before GC invocations=13 (full 0):
 PSYoungGen      total 45056K, used 37104K [0x0000000795580000, 0x000000079a000000, 0x00000007c0000000)
  eden space 30720K, 100% used [0x0000000795580000,0x0000000797380000,0x0000000797380000)
  from space 14336K, 44% used [0x0000000798100000,0x000000079873c190,0x0000000798f00000)
  to   space 13824K, 0% used [0x0000000797380000,0x0000000797380000,0x0000000798100000)
 ParOldGen       total 87552K, used 40260K [0x0000000740000000, 0x0000000745580000, 0x0000000795580000)
  object space 87552K, 45% used [0x0000000740000000,0x0000000742751178,0x0000000745580000)
 Metaspace       used 19536K, capacity 19699K, committed 19968K, reserved 1067008K
  class space    used 1881K, capacity 1952K, committed 2048K, reserved 1048576K
Event: 19.401 GC heap after
Heap after GC invocations=13 (full 0):
 PSYoungGen      total 44544K, used 6736K [0x0000000795580000, 0x0000000799f80000, 0x00000007c0000000)
  eden space 30720K, 0% used [0x0000000795580000,0x0000000795580000,0x0000000797380000)
  from space 13824K, 48% used [0x0000000797380000,0x0000000797a141a0,0x0000000798100000)
  to   space 13312K, 0% used [0x0000000799280000,0x0000000799280000,0x0000000799f80000)
 ParOldGen       total 87552K, used 44652K [0x0000000740000000, 0x0000000745580000, 0x0000000795580000)
  object space 87552K, 51% used [0x0000000740000000,0x0000000742b9b288,0x0000000745580000)
 Metaspace       used 19536K, capacity 19699K, committed 19968K, reserved 1067008K
  class space    used 1881K, capacity 1952K, committed 2048K, reserved 1048576K
}
Event: 20.174 GC heap before
{Heap before GC invocations=14 (full 0):
 PSYoungGen      total 44544K, used 37456K [0x0000000795580000, 0x0000000799f80000, 0x00000007c0000000)
  eden space 30720K, 100% used [0x0000000795580000,0x0000000797380000,0x0000000797380000)
  from space 13824K, 48% used [0x0000000797380000,0x0000000797a141a0,0x0000000798100000)
  to   space 13312K, 0% used [0x0000000799280000,0x0000000799280000,0x0000000799f80000)
 ParOldGen       total 87552K, used 44652K [0x0000000740000000, 0x0000000745580000, 0x0000000795580000)
  object space 87552K, 51% used [0x0000000740000000,0x0000000742b9b288,0x0000000745580000)
 Metaspace       used 19563K, capacity 19769K, committed 19968K, reserved 1067008K
  class space    used 1882K, capacity 1953K, committed 2048K, reserved 1048576K
Event: 20.183 GC heap after
Heap after GC invocations=14 (full 0):
 PSYoungGen      total 61440K, used 6112K [0x0000000795580000, 0x0000000799e80000, 0x00000007c0000000)
  eden space 49152K, 0% used [0x0000000795580000,0x0000000795580000,0x0000000798580000)
  from space 12288K, 49% used [0x0000000799280000,0x00000007998781c0,0x0000000799e80000)
  to   space 12800K, 0% used [0x0000000798580000,0x0000000798580000,0x0000000799200000)
 ParOldGen       total 87552K, used 49060K [0x0000000740000000, 0x0000000745580000, 0x0000000795580000)
  object space 87552K, 56% used [0x0000000740000000,0x0000000742fe93c8,0x0000000745580000)
 Metaspace       used 19563K, capacity 19769K, committed 19968K, reserved 1067008K
  class space    used 1882K, capacity 1953K, committed 2048K, reserved 1048576K
}
Event: 21.205 GC heap before
{Heap before GC invocations=15 (full 0):
 PSYoungGen      total 61440K, used 55215K [0x0000000795580000, 0x0000000799e80000, 0x00000007c0000000)
  eden space 49152K, 99% used [0x0000000795580000,0x0000000798573db0,0x0000000798580000)
  from space 12288K, 49% used [0x0000000799280000,0x00000007998781c0,0x0000000799e80000)
  to   space 12800K, 0% used [0x0000000798580000,0x0000000798580000,0x0000000799200000)
 ParOldGen       total 87552K, used 49060K [0x0000000740000000, 0x0000000745580000, 0x0000000795580000)
  object space 87552K, 56% used [0x0000000740000000,0x0000000742fe93c8,0x0000000745580000)
 Metaspace       used 19571K, capacity 19769K, committed 19968K, reserved 1067008K
  class space    used 1882K, capacity 1953K, committed 2048K, reserved 1048576K
Event: 21.214 GC heap after
Heap after GC invocations=15 (full 0):
 PSYoungGen      total 61952K, used 8464K [0x0000000795580000, 0x000000079bb80000, 0x00000007c0000000)
  eden space 49152K, 0% used [0x0000000795580000,0x0000000795580000,0x0000000798580000)
  from space 12800K, 66% used [0x0000000798580000,0x0000000798dc4210,0x0000000799200000)
  to   space 12800K, 0% used [0x000000079af00000,0x000000079af00000,0x000000079bb80000)
 ParOldGen       total 87552K, used 52677K [0x0000000740000000, 0x0000000745580000, 0x0000000795580000)
  object space 87552K, 60% used [0x0000000740000000,0x00000007433714a8,0x0000000745580000)
 Metaspace       used 19571K, capacity 19769K, committed 19968K, reserved 1067008K
  class space    used 1882K, capacity 1953K, committed 2048K, reserved 1048576K
}
Event: 22.234 GC heap before
{Heap before GC invocations=16 (full 0):
 PSYoungGen      total 61952K, used 57616K [0x0000000795580000, 0x000000079bb80000, 0x00000007c0000000)
  eden space 49152K, 100% used [0x0000000795580000,0x0000000798580000,0x0000000798580000)
  from space 12800K, 66% used [0x0000000798580000,0x0000000798dc4210,0x0000000799200000)
  to   space 12800K, 0% used [0x000000079af00000,0x000000079af00000,0x000000079bb80000)
 ParOldGen       total 87552K, used 52677K [0x0000000740000000, 0x0000000745580000, 0x0000000795580000)
  object space 87552K, 60% used [0x0000000740000000,0x00000007433714a8,0x0000000745580000)
 Metaspace       used 19580K, capacity 19769K, committed 19968K, reserved 1067008K
  class space    used 1882K, capacity 1953K, committed 2048K, reserved 1048576K
Event: 22.249 GC heap after
Heap after GC invocations=16 (full 0):
 PSYoungGen      total 91136K, used 9360K [0x0000000795580000, 0x000000079bc80000, 0x00000007c0000000)
  eden space 78336K, 0% used [0x0000000795580000,0x0000000795580000,0x000000079a200000)
  from space 12800K, 73% used [0x000000079af00000,0x000000079b824260,0x000000079bb80000)
  to   space 13312K, 0% used [0x000000079a200000,0x000000079a200000,0x000000079af00000)
 ParOldGen       total 87552K, used 59109K [0x0000000740000000, 0x0000000745580000, 0x0000000795580000)
  object space 87552K, 67% used [0x0000000740000000,0x00000007439b9638,0x0000000745580000)
 Metaspace       used 19580K, capacity 19769K, committed 19968K, reserved 1067008K
  class space    used 1882K, capacity 1953K, committed 2048K, reserved 1048576K
}
Event: 25.140 GC heap before
{Heap before GC invocations=17 (full 0):
 PSYoungGen      total 91136K, used 87696K [0x0000000795580000, 0x000000079bc80000, 0x00000007c0000000)
  eden space 78336K, 100% used [0x0000000795580000,0x000000079a200000,0x000000079a200000)
  from space 12800K, 73% used [0x000000079af00000,0x000000079b824260,0x000000079bb80000)
  to   space 13312K, 0% used [0x000000079a200000,0x000000079a200000,0x000000079af00000)
 ParOldGen       total 87552K, used 59109K [0x0000000740000000, 0x0000000745580000, 0x0000000795580000)
  object space 87552K, 67% used [0x0000000740000000,0x00000007439b9638,0x0000000745580000)
 Metaspace       used 19650K, capacity 19833K, committed 19968K, reserved 1067008K
  class space    used 1884K, capacity 1953K, committed 2048K, reserved 1048576K
Event: 25.151 GC heap after
Heap after GC invocations=17 (full 0):
 PSYoungGen      total 86528K, used 10448K [0x0000000795580000, 0x000000079ba80000, 0x00000007c0000000)
  eden space 75776K, 0% used [0x0000000795580000,0x0000000795580000,0x0000000799f80000)
  from space 10752K, 97% used [0x000000079a200000,0x000000079ac34290,0x000000079ac80000)
  to   space 13824K, 0% used [0x000000079ad00000,0x000000079ad00000,0x000000079ba80000)
 ParOldGen       total 87552K, used 65838K [0x0000000740000000, 0x0000000745580000, 0x0000000795580000)
  object space 87552K, 75% used [0x0000000740000000,0x000000074404b808,0x0000000745580000)
 Metaspace       used 19650K, capacity 19833K, committed 19968K, reserved 1067008K
  class space    used 1884K, capacity 1953K, committed 2048K, reserved 1048576K
}

