# JRE version: Java(TM) SE Runtime Environment (8.0_111-b14) (build 1.8.0_111-b14)
# Java VM: Java HotSpot(TM) 64-Bit Server VM (25.111-b14 mixed mode bsd-amd64 compressed oops)
Heap:
 PSYoungGen      total 28672K, used 1276K [0x0000000795580000, 0x0000000797280000, 0x00000007c0000000)
  eden space 28160K, 4% used [0x0000000795580000,0x00000007956a72d8,0x0000000797100000)
  from space 512K, 18% used [0x0000000797180000,0x0000000797198000,0x0000000797200000)
  to   space 512K, 0% used [0x0000000797200000,0x0000000797200000,0x0000000797280000)
 ParOldGen       total 73216K, used 16283K [0x0000000740000000, 0x0000000744780000, 0x0000000795580000)
  object space 73216K, 22% used [0x0000000740000000,0x0000000740fe6fe0,0x0000000744780000)
 Metaspace       used 21479K, capacity 21681K, committed 21936K, reserved 1069056K
  class space    used 2097K, capacity 2179K, committed 2304K, reserved 1048576K
GC Heap History (10 events):
Event: 321.550 GC heap before
{Heap before GC invocations=72 (full 1):
 PSYoungGen      total 28672K, used 28288K [0x0000000795580000, 0x0000000797280000, 0x00000007c0000000)
  eden space 28160K, 100% used [0x0000000795580000,0x0000000797100000,0x0000000797100000)
  from space 512K, 25% used [0x0000000797200000,0x0000000797220000,0x0000000797280000)
  to   space 512K, 0% used [0x0000000797180000,0x0000000797180000,0x0000000797200000)
 ParOldGen       total 73216K, used 16259K [0x0000000740000000, 0x0000000744780000, 0x0000000795580000)
  object space 73216K, 22% used [0x0000000740000000,0x0000000740fe0fe0,0x0000000744780000)
 Metaspace       used 21421K, capacity 21617K, committed 21936K, reserved 1069056K
  class space    used 2090K, capacity 2179K, committed 2304K, reserved 1048576K
Event: 321.551 GC heap after
Heap after GC invocations=72 (full 1):
 PSYoungGen      total 28672K, used 192K [0x0000000795580000, 0x0000000797280000, 0x00000007c0000000)
  eden space 28160K, 0% used [0x0000000795580000,0x0000000795580000,0x0000000797100000)
  from space 512K, 37% used [0x0000000797180000,0x00000007971b0000,0x0000000797200000)
  to   space 512K, 0% used [0x0000000797200000,0x0000000797200000,0x0000000797280000)
 ParOldGen       total 73216K, used 16267K [0x0000000740000000, 0x0000000744780000, 0x0000000795580000)
  object space 73216K, 22% used [0x0000000740000000,0x0000000740fe2fe0,0x0000000744780000)
 Metaspace       used 21421K, capacity 21617K, committed 21936K, reserved 1069056K
  class space    used 2090K, capacity 2179K, committed 2304K, reserved 1048576K
}
Event: 324.468 GC heap before
{Heap before GC invocations=73 (full 1):
 PSYoungGen      total 28672K, used 28352K [0x0000000795580000, 0x0000000797280000, 0x00000007c0000000)
  eden space 28160K, 100% used [0x0000000795580000,0x0000000797100000,0x0000000797100000)
  from space 512K, 37% used [0x0000000797180000,0x00000007971b0000,0x0000000797200000)
  to   space 512K, 0% used [0x0000000797200000,0x0000000797200000,0x0000000797280000)
 ParOldGen       total 73216K, used 16267K [0x0000000740000000, 0x0000000744780000, 0x0000000795580000)
  object space 73216K, 22% used [0x0000000740000000,0x0000000740fe2fe0,0x0000000744780000)
 Metaspace       used 21426K, capacity 21617K, committed 21936K, reserved 1069056K
  class space    used 2090K, capacity 2179K, committed 2304K, reserved 1048576K
Event: 324.470 GC heap after
Heap after GC invocations=73 (full 1):
 PSYoungGen      total 28672K, used 128K [0x0000000795580000, 0x0000000797280000, 0x00000007c0000000)
  eden space 28160K, 0% used [0x0000000795580000,0x0000000795580000,0x0000000797100000)
  from space 512K, 25% used [0x0000000797200000,0x0000000797220000,0x0000000797280000)
  to   space 512K, 0% used [0x0000000797180000,0x0000000797180000,0x0000000797200000)
 ParOldGen       total 73216K, used 16275K [0x0000000740000000, 0x0000000744780000, 0x0000000795580000)
  object space 73216K, 22% used [0x0000000740000000,0x0000000740fe4fe0,0x0000000744780000)
 Metaspace       used 21426K, capacity 21617K, committed 21936K, reserved 1069056K
  class space    used 2090K, capacity 2179K, committed 2304K, reserved 1048576K
}
Event: 327.322 GC heap before
{Heap before GC invocations=74 (full 1):
 PSYoungGen      total 28672K, used 28288K [0x0000000795580000, 0x0000000797280000, 0x00000007c0000000)
  eden space 28160K, 100% used [0x0000000795580000,0x0000000797100000,0x0000000797100000)
  from space 512K, 25% used [0x0000000797200000,0x0000000797220000,0x0000000797280000)
  to   space 512K, 0% used [0x0000000797180000,0x0000000797180000,0x0000000797200000)
 ParOldGen       total 73216K, used 16275K [0x0000000740000000, 0x0000000744780000, 0x0000000795580000)
  object space 73216K, 22% used [0x0000000740000000,0x0000000740fe4fe0,0x0000000744780000)
 Metaspace       used 21427K, capacity 21617K, committed 21936K, reserved 1069056K
  class space    used 2090K, capacity 2179K, committed 2304K, reserved 1048576K
Event: 327.323 GC heap after
Heap after GC invocations=74 (full 1):
 PSYoungGen      total 28672K, used 128K [0x0000000795580000, 0x0000000797280000, 0x00000007c0000000)
  eden space 28160K, 0% used [0x0000000795580000,0x0000000795580000,0x0000000797100000)
  from space 512K, 25% used [0x0000000797180000,0x00000007971a0000,0x0000000797200000)
  to   space 512K, 0% used [0x0000000797200000,0x0000000797200000,0x0000000797280000)
 ParOldGen       total 73216K, used 16275K [0x0000000740000000, 0x0000000744780000, 0x0000000795580000)
  object space 73216K, 22% used [0x0000000740000000,0x0000000740fe4fe0,0x0000000744780000)
 Metaspace       used 21427K, capacity 21617K, committed 21936K, reserved 1069056K
  class space    used 2090K, capacity 2179K, committed 2304K, reserved 1048576K
}
Event: 330.157 GC heap before
{Heap before GC invocations=75 (full 1):
 PSYoungGen      total 28672K, used 28288K [0x0000000795580000, 0x0000000797280000, 0x00000007c0000000)
  eden space 28160K, 100% used [0x0000000795580000,0x0000000797100000,0x0000000797100000)
  from space 512K, 25% used [0x0000000797180000,0x00000007971a0000,0x0000000797200000)
  to   space 512K, 0% used [0x0000000797200000,0x0000000797200000,0x0000000797280000)
 ParOldGen       total 73216K, used 16275K [0x0000000740000000, 0x0000000744780000, 0x0000000795580000)
  object space 73216K, 22% used [0x0000000740000000,0x0000000740fe4fe0,0x0000000744780000)
 Metaspace       used 21427K, capacity 21617K, committed 21936K, reserved 1069056K
  class space    used 2090K, capacity 2179K, committed 2304K, reserved 1048576K
Event: 330.167 GC heap after
Heap after GC invocations=75 (full 1):
 PSYoungGen      total 28672K, used 64K [0x0000000795580000, 0x0000000797280000, 0x00000007c0000000)
  eden space 28160K, 0% used [0x0000000795580000,0x0000000795580000,0x0000000797100000)
  from space 512K, 12% used [0x0000000797200000,0x0000000797210000,0x0000000797280000)
  to   space 512K, 0% used [0x0000000797180000,0x0000000797180000,0x0000000797200000)
 ParOldGen       total 73216K, used 16275K [0x0000000740000000, 0x0000000744780000, 0x0000000795580000)
  object space 73216K, 22% used [0x0000000740000000,0x0000000740fe4fe0,0x0000000744780000)
 Metaspace       used 21427K, capacity 21617K, committed 21936K, reserved 1069056K
  class space    used 2090K, capacity 2179K, committed 2304K, reserved 1048576K
}
Event: 333.407 GC heap before
{Heap before GC invocations=76 (full 1):
 PSYoungGen      total 28672K, used 28224K [0x0000000795580000, 0x0000000797280000, 0x00000007c0000000)
  eden space 28160K, 100% used [0x0000000795580000,0x0000000797100000,0x0000000797100000)
  from space 512K, 12% used [0x0000000797200000,0x0000000797210000,0x0000000797280000)
  to   space 512K, 0% used [0x0000000797180000,0x0000000797180000,0x0000000797200000)
 ParOldGen       total 73216K, used 16275K [0x0000000740000000, 0x0000000744780000, 0x0000000795580000)
  object space 73216K, 22% used [0x0000000740000000,0x0000000740fe4fe0,0x0000000744780000)
 Metaspace       used 21445K, capacity 21681K, committed 21936K, reserved 1069056K
  class space    used 2090K, capacity 2179K, committed 2304K, reserved 1048576K
Event: 333.409 GC heap after
Heap after GC invocations=76 (full 1):
 PSYoungGen      total 28672K, used 96K [0x0000000795580000, 0x0000000797280000, 0x00000007c0000000)
  eden space 28160K, 0% used [0x0000000795580000,0x0000000795580000,0x0000000797100000)
  from space 512K, 18% used [0x0000000797180000,0x0000000797198000,0x0000000797200000)
  to   space 512K, 0% used [0x0000000797200000,0x0000000797200000,0x0000000797280000)
 ParOldGen       total 73216K, used 16283K [0x0000000740000000, 0x0000000744780000, 0x0000000795580000)
  object space 73216K, 22% used [0x0000000740000000,0x0000000740fe6fe0,0x0000000744780000)
 Metaspace       used 21445K, capacity 21681K, committed 21936K, reserved 1069056K
  class space    used 2090K, capacity 2179K, committed 2304K, reserved 1048576K
}

