# JRE version: Java(TM) SE Runtime Environment (8.0_111-b14) (build 1.8.0_111-b14)
# Java VM: Java HotSpot(TM) 64-Bit Server VM (25.111-b14 mixed mode bsd-amd64 compressed oops)
Heap:
 PSYoungGen      total 50176K, used 38456K [0x0000000795580000, 0x0000000799a00000, 0x00000007c0000000)
  eden space 49664K, 77% used [0x0000000795580000,0x0000000797afe1e8,0x0000000798600000)
  from space 512K, 12% used [0x0000000798700000,0x0000000798710000,0x0000000798780000)
  to   space 10240K, 0% used [0x0000000799000000,0x0000000799000000,0x0000000799a00000)
 ParOldGen       total 67072K, used 21534K [0x0000000740000000, 0x0000000744180000, 0x0000000795580000)
  object space 67072K, 32% used [0x0000000740000000,0x0000000741507bd8,0x0000000744180000)
 Metaspace       used 24043K, capacity 24329K, committed 24576K, reserved 1071104K
  class space    used 2379K, capacity 2483K, committed 2560K, reserved 1048576K
GC Heap History (10 events):
Event: 184.133 GC heap before
{Heap before GC invocations=16 (full 1):
 PSYoungGen      total 63488K, used 59936K [0x0000000795580000, 0x0000000799f00000, 0x00000007c0000000)
  eden space 54784K, 100% used [0x0000000795580000,0x0000000798b00000,0x0000000798b00000)
  from space 8704K, 59% used [0x0000000799680000,0x0000000799b88190,0x0000000799f00000)
  to   space 10240K, 0% used [0x0000000798b00000,0x0000000798b00000,0x0000000799500000)
 ParOldGen       total 67072K, used 16486K [0x0000000740000000, 0x0000000744180000, 0x0000000795580000)
  object space 67072K, 24% used [0x0000000740000000,0x0000000741019a18,0x0000000744180000)
 Metaspace       used 24000K, capacity 24259K, committed 24576K, reserved 1071104K
  class space    used 2371K, capacity 2482K, committed 2560K, reserved 1048576K
Event: 184.141 GC heap after
Heap after GC invocations=16 (full 1):
 PSYoungGen      total 59392K, used 5120K [0x0000000795580000, 0x0000000799d00000, 0x00000007c0000000)
  eden space 53760K, 0% used [0x0000000795580000,0x0000000795580000,0x0000000798a00000)
  from space 5632K, 90% used [0x0000000798b00000,0x0000000799000190,0x0000000799080000)
  to   space 9728K, 0% used [0x0000000799380000,0x0000000799380000,0x0000000799d00000)
 ParOldGen       total 67072K, used 16486K [0x0000000740000000, 0x0000000744180000, 0x0000000795580000)
  object space 67072K, 24% used [0x0000000740000000,0x0000000741019a18,0x0000000744180000)
 Metaspace       used 24000K, capacity 24259K, committed 24576K, reserved 1071104K
  class space    used 2371K, capacity 2482K, committed 2560K, reserved 1048576K
}
Event: 197.683 GC heap before
{Heap before GC invocations=17 (full 1):
 PSYoungGen      total 59392K, used 58880K [0x0000000795580000, 0x0000000799d00000, 0x00000007c0000000)
  eden space 53760K, 100% used [0x0000000795580000,0x0000000798a00000,0x0000000798a00000)
  from space 5632K, 90% used [0x0000000798b00000,0x0000000799000190,0x0000000799080000)
  to   space 9728K, 0% used [0x0000000799380000,0x0000000799380000,0x0000000799d00000)
 ParOldGen       total 67072K, used 16486K [0x0000000740000000, 0x0000000744180000, 0x0000000795580000)
  object space 67072K, 24% used [0x0000000740000000,0x0000000741019a18,0x0000000744180000)
 Metaspace       used 24000K, capacity 24259K, committed 24576K, reserved 1071104K
  class space    used 2371K, capacity 2482K, committed 2560K, reserved 1048576K
Event: 197.687 GC heap after
Heap after GC invocations=17 (full 1):
 PSYoungGen      total 61440K, used 5184K [0x0000000795580000, 0x0000000799c00000, 0x00000007c0000000)
  eden space 52736K, 0% used [0x0000000795580000,0x0000000795580000,0x0000000798900000)
  from space 8704K, 59% used [0x0000000799380000,0x0000000799890190,0x0000000799c00000)
  to   space 9728K, 0% used [0x0000000798900000,0x0000000798900000,0x0000000799280000)
 ParOldGen       total 67072K, used 16486K [0x0000000740000000, 0x0000000744180000, 0x0000000795580000)
  object space 67072K, 24% used [0x0000000740000000,0x0000000741019a18,0x0000000744180000)
 Metaspace       used 24000K, capacity 24259K, committed 24576K, reserved 1071104K
  class space    used 2371K, capacity 2482K, committed 2560K, reserved 1048576K
}
Event: 210.943 GC heap before
{Heap before GC invocations=18 (full 1):
 PSYoungGen      total 61440K, used 57920K [0x0000000795580000, 0x0000000799c00000, 0x00000007c0000000)
  eden space 52736K, 100% used [0x0000000795580000,0x0000000798900000,0x0000000798900000)
  from space 8704K, 59% used [0x0000000799380000,0x0000000799890190,0x0000000799c00000)
  to   space 9728K, 0% used [0x0000000798900000,0x0000000798900000,0x0000000799280000)
 ParOldGen       total 67072K, used 16486K [0x0000000740000000, 0x0000000744180000, 0x0000000795580000)
  object space 67072K, 24% used [0x0000000740000000,0x0000000741019a18,0x0000000744180000)
 Metaspace       used 24000K, capacity 24259K, committed 24576K, reserved 1071104K
  class space    used 2371K, capacity 2482K, committed 2560K, reserved 1048576K
Event: 210.948 GC heap after
Heap after GC invocations=18 (full 1):
 PSYoungGen      total 57344K, used 5120K [0x0000000795580000, 0x0000000799a00000, 0x00000007c0000000)
  eden space 51712K, 0% used [0x0000000795580000,0x0000000795580000,0x0000000798800000)
  from space 5632K, 90% used [0x0000000798900000,0x0000000798e00190,0x0000000798e80000)
  to   space 9216K, 0% used [0x0000000799100000,0x0000000799100000,0x0000000799a00000)
 ParOldGen       total 67072K, used 16486K [0x0000000740000000, 0x0000000744180000, 0x0000000795580000)
  object space 67072K, 24% used [0x0000000740000000,0x0000000741019a18,0x0000000744180000)
 Metaspace       used 24000K, capacity 24259K, committed 24576K, reserved 1071104K
  class space    used 2371K, capacity 2482K, committed 2560K, reserved 1048576K
}
Event: 224.312 GC heap before
{Heap before GC invocations=19 (full 1):
 PSYoungGen      total 57344K, used 56832K [0x0000000795580000, 0x0000000799a00000, 0x00000007c0000000)
  eden space 51712K, 100% used [0x0000000795580000,0x0000000798800000,0x0000000798800000)
  from space 5632K, 90% used [0x0000000798900000,0x0000000798e00190,0x0000000798e80000)
  to   space 9216K, 0% used [0x0000000799100000,0x0000000799100000,0x0000000799a00000)
 ParOldGen       total 67072K, used 16486K [0x0000000740000000, 0x0000000744180000, 0x0000000795580000)
  object space 67072K, 24% used [0x0000000740000000,0x0000000741019a18,0x0000000744180000)
 Metaspace       used 24000K, capacity 24259K, committed 24576K, reserved 1071104K
  class space    used 2371K, capacity 2482K, committed 2560K, reserved 1048576K
Event: 224.320 GC heap after
Heap after GC invocations=19 (full 1):
 PSYoungGen      total 59904K, used 960K [0x0000000795580000, 0x0000000799a00000, 0x00000007c0000000)
  eden space 50688K, 0% used [0x0000000795580000,0x0000000795580000,0x0000000798700000)
  from space 9216K, 10% used [0x0000000799100000,0x00000007991f0030,0x0000000799a00000)
  to   space 9728K, 0% used [0x0000000798700000,0x0000000798700000,0x0000000799080000)
 ParOldGen       total 67072K, used 20718K [0x0000000740000000, 0x0000000744180000, 0x0000000795580000)
  object space 67072K, 30% used [0x0000000740000000,0x000000074143bba8,0x0000000744180000)
 Metaspace       used 24000K, capacity 24259K, committed 24576K, reserved 1071104K
  class space    used 2371K, capacity 2482K, committed 2560K, reserved 1048576K
}
Event: 237.869 GC heap before
{Heap before GC invocations=20 (full 1):
 PSYoungGen      total 59904K, used 51648K [0x0000000795580000, 0x0000000799a00000, 0x00000007c0000000)
  eden space 50688K, 100% used [0x0000000795580000,0x0000000798700000,0x0000000798700000)
  from space 9216K, 10% used [0x0000000799100000,0x00000007991f0030,0x0000000799a00000)
  to   space 9728K, 0% used [0x0000000798700000,0x0000000798700000,0x0000000799080000)
 ParOldGen       total 67072K, used 20718K [0x0000000740000000, 0x0000000744180000, 0x0000000795580000)
  object space 67072K, 30% used [0x0000000740000000,0x000000074143bba8,0x0000000744180000)
 Metaspace       used 24000K, capacity 24259K, committed 24576K, reserved 1071104K
  class space    used 2371K, capacity 2482K, committed 2560K, reserved 1048576K
Event: 237.877 GC heap after
Heap after GC invocations=20 (full 1):
 PSYoungGen      total 50176K, used 64K [0x0000000795580000, 0x0000000799a00000, 0x00000007c0000000)
  eden space 49664K, 0% used [0x0000000795580000,0x0000000795580000,0x0000000798600000)
  from space 512K, 12% used [0x0000000798700000,0x0000000798710000,0x0000000798780000)
  to   space 10240K, 0% used [0x0000000799000000,0x0000000799000000,0x0000000799a00000)
 ParOldGen       total 67072K, used 21534K [0x0000000740000000, 0x0000000744180000, 0x0000000795580000)
  object space 67072K, 32% used [0x0000000740000000,0x0000000741507bd8,0x0000000744180000)
 Metaspace       used 24000K, capacity 24259K, committed 24576K, reserved 1071104K
  class space    used 2371K, capacity 2482K, committed 2560K, reserved 1048576K
}

