# JRE version: Java(TM) SE Runtime Environment (8.0_111-b14) (build 1.8.0_111-b14)
# Java VM: Java HotSpot(TM) 64-Bit Server VM (25.111-b14 mixed mode bsd-amd64 compressed oops)
Heap:
 PSYoungGen      total 49152K, used 18581K [0x0000000795580000, 0x0000000798c00000, 0x00000007c0000000)
  eden space 44032K, 30% used [0x0000000795580000,0x00000007962a9338,0x0000000798080000)
  from space 5120K, 99% used [0x0000000798700000,0x0000000798bfc180,0x0000000798c00000)
  to   space 5120K, 0% used [0x0000000798200000,0x0000000798200000,0x0000000798700000)
 ParOldGen       total 68608K, used 16534K [0x0000000740000000, 0x0000000744300000, 0x0000000795580000)
  object space 68608K, 24% used [0x0000000740000000,0x00000007410259c8,0x0000000744300000)
 Metaspace       used 23987K, capacity 24269K, committed 24576K, reserved 1071104K
  class space    used 2379K, capacity 2483K, committed 2560K, reserved 1048576K
GC Heap History (10 events):
Event: 2.783 GC heap before
{Heap before GC invocations=1 (full 0):
 PSYoungGen      total 38400K, used 33280K [0x0000000795580000, 0x0000000798000000, 0x00000007c0000000)
  eden space 33280K, 100% used [0x0000000795580000,0x0000000797600000,0x0000000797600000)
  from space 5120K, 0% used [0x0000000797b00000,0x0000000797b00000,0x0000000798000000)
  to   space 5120K, 0% used [0x0000000797600000,0x0000000797600000,0x0000000797b00000)
 ParOldGen       total 87552K, used 0K [0x0000000740000000, 0x0000000745580000, 0x0000000795580000)
  object space 87552K, 0% used [0x0000000740000000,0x0000000740000000,0x0000000745580000)
 Metaspace       used 15738K, capacity 15929K, committed 16256K, reserved 1064960K
  class space    used 1594K, capacity 1659K, committed 1664K, reserved 1048576K
Event: 2.791 GC heap after
Heap after GC invocations=1 (full 0):
 PSYoungGen      total 38400K, used 4904K [0x0000000795580000, 0x0000000798000000, 0x00000007c0000000)
  eden space 33280K, 0% used [0x0000000795580000,0x0000000795580000,0x0000000797600000)
  from space 5120K, 95% used [0x0000000797600000,0x0000000797aca2c8,0x0000000797b00000)
  to   space 5120K, 0% used [0x0000000797b00000,0x0000000797b00000,0x0000000798000000)
 ParOldGen       total 87552K, used 16K [0x0000000740000000, 0x0000000745580000, 0x0000000795580000)
  object space 87552K, 0% used [0x0000000740000000,0x0000000740004000,0x0000000745580000)
 Metaspace       used 15738K, capacity 15929K, committed 16256K, reserved 1064960K
  class space    used 1594K, capacity 1659K, committed 1664K, reserved 1048576K
}
Event: 4.064 GC heap before
{Heap before GC invocations=2 (full 0):
 PSYoungGen      total 38400K, used 32017K [0x0000000795580000, 0x0000000798000000, 0x00000007c0000000)
  eden space 33280K, 81% used [0x0000000795580000,0x0000000796ffa238,0x0000000797600000)
  from space 5120K, 95% used [0x0000000797600000,0x0000000797aca2c8,0x0000000797b00000)
  to   space 5120K, 0% used [0x0000000797b00000,0x0000000797b00000,0x0000000798000000)
 ParOldGen       total 87552K, used 16K [0x0000000740000000, 0x0000000745580000, 0x0000000795580000)
  object space 87552K, 0% used [0x0000000740000000,0x0000000740004000,0x0000000745580000)
 Metaspace       used 20822K, capacity 21085K, committed 21248K, reserved 1069056K
  class space    used 2143K, capacity 2257K, committed 2304K, reserved 1048576K
Event: 4.076 GC heap after
Heap after GC invocations=2 (full 0):
 PSYoungGen      total 38400K, used 5090K [0x0000000795580000, 0x0000000798000000, 0x00000007c0000000)
  eden space 33280K, 0% used [0x0000000795580000,0x0000000795580000,0x0000000797600000)
  from space 5120K, 99% used [0x0000000797b00000,0x0000000797ff8940,0x0000000798000000)
  to   space 5120K, 0% used [0x0000000797600000,0x0000000797600000,0x0000000797b00000)
 ParOldGen       total 87552K, used 3760K [0x0000000740000000, 0x0000000745580000, 0x0000000795580000)
  object space 87552K, 4% used [0x0000000740000000,0x00000007403ac060,0x0000000745580000)
 Metaspace       used 20822K, capacity 21085K, committed 21248K, reserved 1069056K
  class space    used 2143K, capacity 2257K, committed 2304K, reserved 1048576K
}
Event: 4.076 GC heap before
{Heap before GC invocations=3 (full 1):
 PSYoungGen      total 38400K, used 5090K [0x0000000795580000, 0x0000000798000000, 0x00000007c0000000)
  eden space 33280K, 0% used [0x0000000795580000,0x0000000795580000,0x0000000797600000)
  from space 5120K, 99% used [0x0000000797b00000,0x0000000797ff8940,0x0000000798000000)
  to   space 5120K, 0% used [0x0000000797600000,0x0000000797600000,0x0000000797b00000)
 ParOldGen       total 87552K, used 3760K [0x0000000740000000, 0x0000000745580000, 0x0000000795580000)
  object space 87552K, 4% used [0x0000000740000000,0x00000007403ac060,0x0000000745580000)
 Metaspace       used 20822K, capacity 21085K, committed 21248K, reserved 1069056K
  class space    used 2143K, capacity 2257K, committed 2304K, reserved 1048576K
Event: 4.122 GC heap after
Heap after GC invocations=3 (full 1):
 PSYoungGen      total 38400K, used 0K [0x0000000795580000, 0x0000000798000000, 0x00000007c0000000)
  eden space 33280K, 0% used [0x0000000795580000,0x0000000795580000,0x0000000797600000)
  from space 5120K, 0% used [0x0000000797b00000,0x0000000797b00000,0x0000000798000000)
  to   space 5120K, 0% used [0x0000000797600000,0x0000000797600000,0x0000000797b00000)
 ParOldGen       total 68608K, used 8695K [0x0000000740000000, 0x0000000744300000, 0x0000000795580000)
  object space 68608K, 12% used [0x0000000740000000,0x000000074087dcf0,0x0000000744300000)
 Metaspace       used 20822K, capacity 21085K, committed 21248K, reserved 1069056K
  class space    used 2143K, capacity 2257K, committed 2304K, reserved 1048576K
}
Event: 5.282 GC heap before
{Heap before GC invocations=4 (full 1):
 PSYoungGen      total 38400K, used 33077K [0x0000000795580000, 0x0000000798000000, 0x00000007c0000000)
  eden space 33280K, 99% used [0x0000000795580000,0x00000007975cd460,0x0000000797600000)
  from space 5120K, 0% used [0x0000000797b00000,0x0000000797b00000,0x0000000798000000)
  to   space 5120K, 0% used [0x0000000797600000,0x0000000797600000,0x0000000797b00000)
 ParOldGen       total 68608K, used 8951K [0x0000000740000000, 0x0000000744300000, 0x0000000795580000)
  object space 68608K, 13% used [0x0000000740000000,0x00000007408bdd00,0x0000000744300000)
 Metaspace       used 23399K, capacity 23687K, committed 24064K, reserved 1071104K
  class space    used 2372K, capacity 2482K, committed 2560K, reserved 1048576K
Event: 5.291 GC heap after
Heap after GC invocations=4 (full 1):
 PSYoungGen      total 38400K, used 5088K [0x0000000795580000, 0x0000000798c00000, 0x00000007c0000000)
  eden space 33280K, 0% used [0x0000000795580000,0x0000000795580000,0x0000000797600000)
  from space 5120K, 99% used [0x0000000797600000,0x0000000797af8190,0x0000000797b00000)
  to   space 5120K, 0% used [0x0000000798700000,0x0000000798700000,0x0000000798c00000)
 ParOldGen       total 68608K, used 15419K [0x0000000740000000, 0x0000000744300000, 0x0000000795580000)
  object space 68608K, 22% used [0x0000000740000000,0x0000000740f0efe0,0x0000000744300000)
 Metaspace       used 23399K, capacity 23687K, committed 24064K, reserved 1071104K
  class space    used 2372K, capacity 2482K, committed 2560K, reserved 1048576K
}
Event: 10.989 GC heap before
{Heap before GC invocations=5 (full 1):
 PSYoungGen      total 38400K, used 38368K [0x0000000795580000, 0x0000000798c00000, 0x00000007c0000000)
  eden space 33280K, 100% used [0x0000000795580000,0x0000000797600000,0x0000000797600000)
  from space 5120K, 99% used [0x0000000797600000,0x0000000797af8190,0x0000000797b00000)
  to   space 5120K, 0% used [0x0000000798700000,0x0000000798700000,0x0000000798c00000)
 ParOldGen       total 68608K, used 15422K [0x0000000740000000, 0x0000000744300000, 0x0000000795580000)
  object space 68608K, 22% used [0x0000000740000000,0x0000000740f0f848,0x0000000744300000)
 Metaspace       used 23886K, capacity 24135K, committed 24576K, reserved 1071104K
  class space    used 2372K, capacity 2482K, committed 2560K, reserved 1048576K
Event: 10.996 GC heap after
Heap after GC invocations=5 (full 1):
 PSYoungGen      total 49152K, used 5104K [0x0000000795580000, 0x0000000798c00000, 0x00000007c0000000)
  eden space 44032K, 0% used [0x0000000795580000,0x0000000795580000,0x0000000798080000)
  from space 5120K, 99% used [0x0000000798700000,0x0000000798bfc180,0x0000000798c00000)
  to   space 5120K, 0% used [0x0000000798200000,0x0000000798200000,0x0000000798700000)
 ParOldGen       total 68608K, used 16534K [0x0000000740000000, 0x0000000744300000, 0x0000000795580000)
  object space 68608K, 24% used [0x0000000740000000,0x00000007410259c8,0x0000000744300000)
 Metaspace       used 23886K, capacity 24135K, committed 24576K, reserved 1071104K
  class space    used 2372K, capacity 2482K, committed 2560K, reserved 1048576K
}

