# JRE version: Java(TM) SE Runtime Environment (8.0_111-b14) (build 1.8.0_111-b14)
# Java VM: Java HotSpot(TM) 64-Bit Server VM (25.111-b14 mixed mode bsd-amd64 compressed oops)
Heap:
 PSYoungGen      total 31232K, used 19703K [0x0000000795580000, 0x0000000797600000, 0x00000007c0000000)
  eden space 29184K, 67% used [0x0000000795580000,0x00000007968ade48,0x0000000797200000)
  from space 2048K, 3% used [0x0000000797400000,0x0000000797410000,0x0000000797600000)
  to   space 2048K, 0% used [0x0000000797200000,0x0000000797200000,0x0000000797400000)
 ParOldGen       total 70144K, used 19790K [0x0000000740000000, 0x0000000744480000, 0x0000000795580000)
  object space 70144K, 28% used [0x0000000740000000,0x0000000741353aa0,0x0000000744480000)
 Metaspace       used 23857K, capacity 24137K, committed 24320K, reserved 1071104K
  class space    used 2369K, capacity 2483K, committed 2560K, reserved 1048576K
GC Heap History (10 events):
Event: 557.765 GC heap before
{Heap before GC invocations=47 (full 1):
 PSYoungGen      total 29696K, used 29216K [0x0000000795580000, 0x0000000797700000, 0x00000007c0000000)
  eden space 29184K, 100% used [0x0000000795580000,0x0000000797200000,0x0000000797200000)
  from space 512K, 6% used [0x0000000797200000,0x0000000797208000,0x0000000797280000)
  to   space 2560K, 0% used [0x0000000797480000,0x0000000797480000,0x0000000797700000)
 ParOldGen       total 70144K, used 19790K [0x0000000740000000, 0x0000000744480000, 0x0000000795580000)
  object space 70144K, 28% used [0x0000000740000000,0x0000000741353aa0,0x0000000744480000)
 Metaspace       used 23824K, capacity 24137K, committed 24320K, reserved 1071104K
  class space    used 2363K, capacity 2483K, committed 2560K, reserved 1048576K
Event: 557.768 GC heap after
Heap after GC invocations=47 (full 1):
 PSYoungGen      total 31744K, used 64K [0x0000000795580000, 0x0000000797700000, 0x00000007c0000000)
  eden space 29184K, 0% used [0x0000000795580000,0x0000000795580000,0x0000000797200000)
  from space 2560K, 2% used [0x0000000797480000,0x0000000797490000,0x0000000797700000)
  to   space 2560K, 0% used [0x0000000797200000,0x0000000797200000,0x0000000797480000)
 ParOldGen       total 70144K, used 19790K [0x0000000740000000, 0x0000000744480000, 0x0000000795580000)
  object space 70144K, 28% used [0x0000000740000000,0x0000000741353aa0,0x0000000744480000)
 Metaspace       used 23824K, capacity 24137K, committed 24320K, reserved 1071104K
  class space    used 2363K, capacity 2483K, committed 2560K, reserved 1048576K
}
Event: 567.854 GC heap before
{Heap before GC invocations=48 (full 1):
 PSYoungGen      total 31744K, used 29248K [0x0000000795580000, 0x0000000797700000, 0x00000007c0000000)
  eden space 29184K, 100% used [0x0000000795580000,0x0000000797200000,0x0000000797200000)
  from space 2560K, 2% used [0x0000000797480000,0x0000000797490000,0x0000000797700000)
  to   space 2560K, 0% used [0x0000000797200000,0x0000000797200000,0x0000000797480000)
 ParOldGen       total 70144K, used 19790K [0x0000000740000000, 0x0000000744480000, 0x0000000795580000)
  object space 70144K, 28% used [0x0000000740000000,0x0000000741353aa0,0x0000000744480000)
 Metaspace       used 23824K, capacity 24137K, committed 24320K, reserved 1071104K
  class space    used 2363K, capacity 2483K, committed 2560K, reserved 1048576K
Event: 567.855 GC heap after
Heap after GC invocations=48 (full 1):
 PSYoungGen      total 31744K, used 64K [0x0000000795580000, 0x0000000797700000, 0x00000007c0000000)
  eden space 29184K, 0% used [0x0000000795580000,0x0000000795580000,0x0000000797200000)
  from space 2560K, 2% used [0x0000000797200000,0x0000000797210000,0x0000000797480000)
  to   space 2560K, 0% used [0x0000000797480000,0x0000000797480000,0x0000000797700000)
 ParOldGen       total 70144K, used 19790K [0x0000000740000000, 0x0000000744480000, 0x0000000795580000)
  object space 70144K, 28% used [0x0000000740000000,0x0000000741353aa0,0x0000000744480000)
 Metaspace       used 23824K, capacity 24137K, committed 24320K, reserved 1071104K
  class space    used 2363K, capacity 2483K, committed 2560K, reserved 1048576K
}
Event: 577.959 GC heap before
{Heap before GC invocations=49 (full 1):
 PSYoungGen      total 31744K, used 29248K [0x0000000795580000, 0x0000000797700000, 0x00000007c0000000)
  eden space 29184K, 100% used [0x0000000795580000,0x0000000797200000,0x0000000797200000)
  from space 2560K, 2% used [0x0000000797200000,0x0000000797210000,0x0000000797480000)
  to   space 2560K, 0% used [0x0000000797480000,0x0000000797480000,0x0000000797700000)
 ParOldGen       total 70144K, used 19790K [0x0000000740000000, 0x0000000744480000, 0x0000000795580000)
  object space 70144K, 28% used [0x0000000740000000,0x0000000741353aa0,0x0000000744480000)
 Metaspace       used 23824K, capacity 24137K, committed 24320K, reserved 1071104K
  class space    used 2363K, capacity 2483K, committed 2560K, reserved 1048576K
Event: 577.961 GC heap after
Heap after GC invocations=49 (full 1):
 PSYoungGen      total 31744K, used 64K [0x0000000795580000, 0x0000000797700000, 0x00000007c0000000)
  eden space 29184K, 0% used [0x0000000795580000,0x0000000795580000,0x0000000797200000)
  from space 2560K, 2% used [0x0000000797480000,0x0000000797490000,0x0000000797700000)
  to   space 2560K, 0% used [0x0000000797200000,0x0000000797200000,0x0000000797480000)
 ParOldGen       total 70144K, used 19790K [0x0000000740000000, 0x0000000744480000, 0x0000000795580000)
  object space 70144K, 28% used [0x0000000740000000,0x0000000741353aa0,0x0000000744480000)
 Metaspace       used 23824K, capacity 24137K, committed 24320K, reserved 1071104K
  class space    used 2363K, capacity 2483K, committed 2560K, reserved 1048576K
}
Event: 588.048 GC heap before
{Heap before GC invocations=50 (full 1):
 PSYoungGen      total 31744K, used 29248K [0x0000000795580000, 0x0000000797700000, 0x00000007c0000000)
  eden space 29184K, 100% used [0x0000000795580000,0x0000000797200000,0x0000000797200000)
  from space 2560K, 2% used [0x0000000797480000,0x0000000797490000,0x0000000797700000)
  to   space 2560K, 0% used [0x0000000797200000,0x0000000797200000,0x0000000797480000)
 ParOldGen       total 70144K, used 19790K [0x0000000740000000, 0x0000000744480000, 0x0000000795580000)
  object space 70144K, 28% used [0x0000000740000000,0x0000000741353aa0,0x0000000744480000)
 Metaspace       used 23824K, capacity 24137K, committed 24320K, reserved 1071104K
  class space    used 2363K, capacity 2483K, committed 2560K, reserved 1048576K
Event: 588.052 GC heap after
Heap after GC invocations=50 (full 1):
 PSYoungGen      total 29696K, used 64K [0x0000000795580000, 0x0000000797600000, 0x00000007c0000000)
  eden space 29184K, 0% used [0x0000000795580000,0x0000000795580000,0x0000000797200000)
  from space 512K, 12% used [0x0000000797200000,0x0000000797210000,0x0000000797280000)
  to   space 2048K, 0% used [0x0000000797400000,0x0000000797400000,0x0000000797600000)
 ParOldGen       total 70144K, used 19790K [0x0000000740000000, 0x0000000744480000, 0x0000000795580000)
  object space 70144K, 28% used [0x0000000740000000,0x0000000741353aa0,0x0000000744480000)
 Metaspace       used 23824K, capacity 24137K, committed 24320K, reserved 1071104K
  class space    used 2363K, capacity 2483K, committed 2560K, reserved 1048576K
}
Event: 598.786 GC heap before
{Heap before GC invocations=51 (full 1):
 PSYoungGen      total 29696K, used 29248K [0x0000000795580000, 0x0000000797600000, 0x00000007c0000000)
  eden space 29184K, 100% used [0x0000000795580000,0x0000000797200000,0x0000000797200000)
  from space 512K, 12% used [0x0000000797200000,0x0000000797210000,0x0000000797280000)
  to   space 2048K, 0% used [0x0000000797400000,0x0000000797400000,0x0000000797600000)
 ParOldGen       total 70144K, used 19790K [0x0000000740000000, 0x0000000744480000, 0x0000000795580000)
  object space 70144K, 28% used [0x0000000740000000,0x0000000741353aa0,0x0000000744480000)
 Metaspace       used 23824K, capacity 24137K, committed 24320K, reserved 1071104K
  class space    used 2363K, capacity 2483K, committed 2560K, reserved 1048576K
Event: 598.790 GC heap after
Heap after GC invocations=51 (full 1):
 PSYoungGen      total 31232K, used 64K [0x0000000795580000, 0x0000000797600000, 0x00000007c0000000)
  eden space 29184K, 0% used [0x0000000795580000,0x0000000795580000,0x0000000797200000)
  from space 2048K, 3% used [0x0000000797400000,0x0000000797410000,0x0000000797600000)
  to   space 2048K, 0% used [0x0000000797200000,0x0000000797200000,0x0000000797400000)
 ParOldGen       total 70144K, used 19790K [0x0000000740000000, 0x0000000744480000, 0x0000000795580000)
  object space 70144K, 28% used [0x0000000740000000,0x0000000741353aa0,0x0000000744480000)
 Metaspace       used 23824K, capacity 24137K, committed 24320K, reserved 1071104K
  class space    used 2363K, capacity 2483K, committed 2560K, reserved 1048576K
}

