# JRE version: Java(TM) SE Runtime Environment (8.0_111-b14) (build 1.8.0_111-b14)
# Java VM: Java HotSpot(TM) 64-Bit Server VM (25.111-b14 mixed mode bsd-amd64 compressed oops)
Heap:
 PSYoungGen      total 182272K, used 64061K [0x0000000795580000, 0x00000007a1c00000, 0x00000007c0000000)
  eden space 168448K, 29% used [0x0000000795580000,0x00000007986bf328,0x000000079fa00000)
  from space 13824K, 98% used [0x00000007a0900000,0x00000007a1650380,0x00000007a1680000)
  to   space 15360K, 0% used [0x000000079fa00000,0x000000079fa00000,0x00000007a0900000)
 ParOldGen       total 51200K, used 31037K [0x0000000740000000, 0x0000000743200000, 0x0000000795580000)
  object space 51200K, 60% used [0x0000000740000000,0x0000000741e4f718,0x0000000743200000)
 Metaspace       used 24800K, capacity 25089K, committed 25344K, reserved 1073152K
  class space    used 2416K, capacity 2517K, committed 2560K, reserved 1048576K
GC Heap History (10 events):
Event: 9.053 GC heap before
{Heap before GC invocations=5 (full 1):
 PSYoungGen      total 38400K, used 33280K [0x0000000795580000, 0x000000079a080000, 0x00000007c0000000)
  eden space 33280K, 100% used [0x0000000795580000,0x0000000797600000,0x0000000797600000)
  from space 5120K, 0% used [0x0000000797600000,0x0000000797600000,0x0000000797b00000)
  to   space 5120K, 0% used [0x0000000799b80000,0x0000000799b80000,0x000000079a080000)
 ParOldGen       total 51200K, used 8096K [0x0000000740000000, 0x0000000743200000, 0x0000000795580000)
  object space 51200K, 15% used [0x0000000740000000,0x00000007407e8180,0x0000000743200000)
 Metaspace       used 23646K, capacity 23873K, committed 24320K, reserved 1071104K
  class space    used 2372K, capacity 2453K, committed 2560K, reserved 1048576K
Event: 9.059 GC heap after
Heap after GC invocations=5 (full 1):
 PSYoungGen      total 64512K, used 5117K [0x0000000795580000, 0x000000079a080000, 0x00000007c0000000)
  eden space 59392K, 0% used [0x0000000795580000,0x0000000795580000,0x0000000798f80000)
  from space 5120K, 99% used [0x0000000799b80000,0x000000079a07f450,0x000000079a080000)
  to   space 5120K, 0% used [0x0000000799680000,0x0000000799680000,0x0000000799b80000)
 ParOldGen       total 51200K, used 12160K [0x0000000740000000, 0x0000000743200000, 0x0000000795580000)
  object space 51200K, 23% used [0x0000000740000000,0x0000000740be00e8,0x0000000743200000)
 Metaspace       used 23646K, capacity 23873K, committed 24320K, reserved 1071104K
  class space    used 2372K, capacity 2453K, committed 2560K, reserved 1048576K
}
Event: 11.876 GC heap before
{Heap before GC invocations=6 (full 1):
 PSYoungGen      total 64512K, used 64509K [0x0000000795580000, 0x000000079a080000, 0x00000007c0000000)
  eden space 59392K, 100% used [0x0000000795580000,0x0000000798f80000,0x0000000798f80000)
  from space 5120K, 99% used [0x0000000799b80000,0x000000079a07f450,0x000000079a080000)
  to   space 5120K, 0% used [0x0000000799680000,0x0000000799680000,0x0000000799b80000)
 ParOldGen       total 51200K, used 12160K [0x0000000740000000, 0x0000000743200000, 0x0000000795580000)
  object space 51200K, 23% used [0x0000000740000000,0x0000000740be00e8,0x0000000743200000)
 Metaspace       used 24230K, capacity 24513K, committed 24832K, reserved 1071104K
  class space    used 2407K, capacity 2517K, committed 2560K, reserved 1048576K
Event: 11.886 GC heap after
Heap after GC invocations=6 (full 1):
 PSYoungGen      total 71680K, used 5117K [0x0000000795580000, 0x000000079cf80000, 0x00000007c0000000)
  eden space 66560K, 0% used [0x0000000795580000,0x0000000795580000,0x0000000799680000)
  from space 5120K, 99% used [0x0000000799680000,0x0000000799b7f430,0x0000000799b80000)
  to   space 10752K, 0% used [0x000000079c500000,0x000000079c500000,0x000000079cf80000)
 ParOldGen       total 51200K, used 15704K [0x0000000740000000, 0x0000000743200000, 0x0000000795580000)
  object space 51200K, 30% used [0x0000000740000000,0x0000000740f563c8,0x0000000743200000)
 Metaspace       used 24230K, capacity 24513K, committed 24832K, reserved 1071104K
  class space    used 2407K, capacity 2517K, committed 2560K, reserved 1048576K
}
Event: 14.229 GC heap before
{Heap before GC invocations=7 (full 1):
 PSYoungGen      total 71680K, used 71677K [0x0000000795580000, 0x000000079cf80000, 0x00000007c0000000)
  eden space 66560K, 100% used [0x0000000795580000,0x0000000799680000,0x0000000799680000)
  from space 5120K, 99% used [0x0000000799680000,0x0000000799b7f430,0x0000000799b80000)
  to   space 10752K, 0% used [0x000000079c500000,0x000000079c500000,0x000000079cf80000)
 ParOldGen       total 51200K, used 15704K [0x0000000740000000, 0x0000000743200000, 0x0000000795580000)
  object space 51200K, 30% used [0x0000000740000000,0x0000000740f563c8,0x0000000743200000)
 Metaspace       used 24467K, capacity 24769K, committed 25088K, reserved 1071104K
  class space    used 2407K, capacity 2517K, committed 2560K, reserved 1048576K
Event: 14.241 GC heap after
Heap after GC invocations=7 (full 1):
 PSYoungGen      total 112640K, used 10701K [0x0000000795580000, 0x000000079dc80000, 0x00000007c0000000)
  eden space 101888K, 0% used [0x0000000795580000,0x0000000795580000,0x000000079b900000)
  from space 10752K, 99% used [0x000000079c500000,0x000000079cf73590,0x000000079cf80000)
  to   space 12288K, 0% used [0x000000079b900000,0x000000079b900000,0x000000079c500000)
 ParOldGen       total 51200K, used 16480K [0x0000000740000000, 0x0000000743200000, 0x0000000795580000)
  object space 51200K, 32% used [0x0000000740000000,0x00000007410183f8,0x0000000743200000)
 Metaspace       used 24467K, capacity 24769K, committed 25088K, reserved 1071104K
  class space    used 2407K, capacity 2517K, committed 2560K, reserved 1048576K
}
Event: 20.201 GC heap before
{Heap before GC invocations=8 (full 1):
 PSYoungGen      total 112640K, used 112353K [0x0000000795580000, 0x000000079dc80000, 0x00000007c0000000)
  eden space 101888K, 99% used [0x0000000795580000,0x000000079b8c5120,0x000000079b900000)
  from space 10752K, 99% used [0x000000079c500000,0x000000079cf73590,0x000000079cf80000)
  to   space 12288K, 0% used [0x000000079b900000,0x000000079b900000,0x000000079c500000)
 ParOldGen       total 51200K, used 16480K [0x0000000740000000, 0x0000000743200000, 0x0000000795580000)
  object space 51200K, 32% used [0x0000000740000000,0x00000007410183f8,0x0000000743200000)
 Metaspace       used 24694K, capacity 24961K, committed 25344K, reserved 1073152K
  class space    used 2407K, capacity 2517K, committed 2560K, reserved 1048576K
Event: 20.224 GC heap after
Heap after GC invocations=8 (full 1):
 PSYoungGen      total 114176K, used 12077K [0x0000000795580000, 0x00000007a1680000, 0x00000007c0000000)
  eden space 101888K, 0% used [0x0000000795580000,0x0000000795580000,0x000000079b900000)
  from space 12288K, 98% used [0x000000079b900000,0x000000079c4cb600,0x000000079c500000)
  to   space 13824K, 0% used [0x00000007a0900000,0x00000007a0900000,0x00000007a1680000)
 ParOldGen       total 51200K, used 21609K [0x0000000740000000, 0x0000000743200000, 0x0000000795580000)
  object space 51200K, 42% used [0x0000000740000000,0x000000074151a538,0x0000000743200000)
 Metaspace       used 24694K, capacity 24961K, committed 25344K, reserved 1073152K
  class space    used 2407K, capacity 2517K, committed 2560K, reserved 1048576K
}
Event: 22.711 GC heap before
{Heap before GC invocations=9 (full 1):
 PSYoungGen      total 114176K, used 113965K [0x0000000795580000, 0x00000007a1680000, 0x00000007c0000000)
  eden space 101888K, 100% used [0x0000000795580000,0x000000079b900000,0x000000079b900000)
  from space 12288K, 98% used [0x000000079b900000,0x000000079c4cb600,0x000000079c500000)
  to   space 13824K, 0% used [0x00000007a0900000,0x00000007a0900000,0x00000007a1680000)
 ParOldGen       total 51200K, used 21609K [0x0000000740000000, 0x0000000743200000, 0x0000000795580000)
  object space 51200K, 42% used [0x0000000740000000,0x000000074151a538,0x0000000743200000)
 Metaspace       used 24747K, capacity 25025K, committed 25344K, reserved 1073152K
  class space    used 2407K, capacity 2517K, committed 2560K, reserved 1048576K
Event: 22.745 GC heap after
Heap after GC invocations=9 (full 1):
 PSYoungGen      total 182272K, used 13632K [0x0000000795580000, 0x00000007a1c00000, 0x00000007c0000000)
  eden space 168448K, 0% used [0x0000000795580000,0x0000000795580000,0x000000079fa00000)
  from space 13824K, 98% used [0x00000007a0900000,0x00000007a1650380,0x00000007a1680000)
  to   space 15360K, 0% used [0x000000079fa00000,0x000000079fa00000,0x00000007a0900000)
 ParOldGen       total 51200K, used 31037K [0x0000000740000000, 0x0000000743200000, 0x0000000795580000)
  object space 51200K, 60% used [0x0000000740000000,0x0000000741e4f718,0x0000000743200000)
 Metaspace       used 24747K, capacity 25025K, committed 25344K, reserved 1073152K
  class space    used 2407K, capacity 2517K, committed 2560K, reserved 1048576K
}

