# JRE version: Java(TM) SE Runtime Environment (8.0_111-b14) (build 1.8.0_111-b14)
# Java VM: Java HotSpot(TM) 64-Bit Server VM (25.111-b14 mixed mode bsd-amd64 compressed oops)
Heap:
 PSYoungGen      total 100352K, used 71389K [0x0000000795580000, 0x000000079d400000, 0x00000007c0000000)
  eden space 79360K, 63% used [0x0000000795580000,0x00000007986d7060,0x000000079a300000)
  from space 20992K, 99% used [0x000000079ba80000,0x000000079cee0530,0x000000079cf00000)
  to   space 24064K, 0% used [0x000000079a300000,0x000000079a300000,0x000000079ba80000)
 ParOldGen       total 70144K, used 40145K [0x0000000740000000, 0x0000000744480000, 0x0000000795580000)
  object space 70144K, 57% used [0x0000000740000000,0x0000000742734778,0x0000000744480000)
 Metaspace       used 24516K, capacity 24781K, committed 25088K, reserved 1071104K
  class space    used 2394K, capacity 2483K, committed 2560K, reserved 1048576K
GC Heap History (10 events):
Event: 15.962 GC heap before
{Heap before GC invocations=7 (full 1):
 PSYoungGen      total 50176K, used 50112K [0x0000000795580000, 0x000000079a480000, 0x00000007c0000000)
  eden space 45056K, 100% used [0x0000000795580000,0x0000000798180000,0x0000000798180000)
  from space 5120K, 98% used [0x0000000798180000,0x0000000798670180,0x0000000798680000)
  to   space 12800K, 0% used [0x0000000799800000,0x0000000799800000,0x000000079a480000)
 ParOldGen       total 70144K, used 21950K [0x0000000740000000, 0x0000000744480000, 0x0000000795580000)
  object space 70144K, 31% used [0x0000000740000000,0x000000074156fb38,0x0000000744480000)
 Metaspace       used 24142K, capacity 24397K, committed 24832K, reserved 1071104K
  class space    used 2370K, capacity 2483K, committed 2560K, reserved 1048576K
Event: 15.968 GC heap after
Heap after GC invocations=7 (full 1):
 PSYoungGen      total 67072K, used 10176K [0x0000000795580000, 0x000000079a780000, 0x00000007c0000000)
  eden space 54272K, 0% used [0x0000000795580000,0x0000000795580000,0x0000000798a80000)
  from space 12800K, 79% used [0x0000000799800000,0x000000079a1f02a0,0x000000079a480000)
  to   space 13824K, 0% used [0x0000000798a80000,0x0000000798a80000,0x0000000799800000)
 ParOldGen       total 70144K, used 21958K [0x0000000740000000, 0x0000000744480000, 0x0000000795580000)
  object space 70144K, 31% used [0x0000000740000000,0x0000000741571b38,0x0000000744480000)
 Metaspace       used 24142K, capacity 24397K, committed 24832K, reserved 1071104K
  class space    used 2370K, capacity 2483K, committed 2560K, reserved 1048576K
}
Event: 17.297 GC heap before
{Heap before GC invocations=8 (full 1):
 PSYoungGen      total 67072K, used 64360K [0x0000000795580000, 0x000000079a780000, 0x00000007c0000000)
  eden space 54272K, 99% used [0x0000000795580000,0x0000000798a69e10,0x0000000798a80000)
  from space 12800K, 79% used [0x0000000799800000,0x000000079a1f02a0,0x000000079a480000)
  to   space 13824K, 0% used [0x0000000798a80000,0x0000000798a80000,0x0000000799800000)
 ParOldGen       total 70144K, used 22214K [0x0000000740000000, 0x0000000744480000, 0x0000000795580000)
  object space 70144K, 31% used [0x0000000740000000,0x00000007415b1b48,0x0000000744480000)
 Metaspace       used 24223K, capacity 24461K, committed 24832K, reserved 1071104K
  class space    used 2373K, capacity 2483K, committed 2560K, reserved 1048576K
Event: 17.309 GC heap after
Heap after GC invocations=8 (full 1):
 PSYoungGen      total 68096K, used 13699K [0x0000000795580000, 0x000000079ba00000, 0x00000007c0000000)
  eden space 54272K, 0% used [0x0000000795580000,0x0000000795580000,0x0000000798a80000)
  from space 13824K, 99% used [0x0000000798a80000,0x00000007997e0f40,0x0000000799800000)
  to   space 15872K, 0% used [0x000000079aa80000,0x000000079aa80000,0x000000079ba00000)
 ParOldGen       total 70144K, used 26567K [0x0000000740000000, 0x0000000744480000, 0x0000000795580000)
  object space 70144K, 37% used [0x0000000740000000,0x00000007419f1c58,0x0000000744480000)
 Metaspace       used 24223K, capacity 24461K, committed 24832K, reserved 1071104K
  class space    used 2373K, capacity 2483K, committed 2560K, reserved 1048576K
}
Event: 18.628 GC heap before
{Heap before GC invocations=9 (full 1):
 PSYoungGen      total 68096K, used 67971K [0x0000000795580000, 0x000000079ba00000, 0x00000007c0000000)
  eden space 54272K, 100% used [0x0000000795580000,0x0000000798a80000,0x0000000798a80000)
  from space 13824K, 99% used [0x0000000798a80000,0x00000007997e0f40,0x0000000799800000)
  to   space 15872K, 0% used [0x000000079aa80000,0x000000079aa80000,0x000000079ba00000)
 ParOldGen       total 70144K, used 27081K [0x0000000740000000, 0x0000000744480000, 0x0000000795580000)
  object space 70144K, 38% used [0x0000000740000000,0x0000000741a72448,0x0000000744480000)
 Metaspace       used 24299K, capacity 24525K, committed 24832K, reserved 1071104K
  class space    used 2373K, capacity 2483K, committed 2560K, reserved 1048576K
Event: 18.638 GC heap after
Heap after GC invocations=9 (full 1):
 PSYoungGen      total 84480K, used 15649K [0x0000000795580000, 0x000000079c000000, 0x00000007c0000000)
  eden space 68608K, 0% used [0x0000000795580000,0x0000000795580000,0x0000000799880000)
  from space 15872K, 98% used [0x000000079aa80000,0x000000079b9c8410,0x000000079ba00000)
  to   space 18432K, 0% used [0x0000000799880000,0x0000000799880000,0x000000079aa80000)
 ParOldGen       total 70144K, used 30929K [0x0000000740000000, 0x0000000744480000, 0x0000000795580000)
  object space 70144K, 44% used [0x0000000740000000,0x0000000741e34538,0x0000000744480000)
 Metaspace       used 24299K, capacity 24525K, committed 24832K, reserved 1071104K
  class space    used 2373K, capacity 2483K, committed 2560K, reserved 1048576K
}
Event: 20.965 GC heap before
{Heap before GC invocations=10 (full 1):
 PSYoungGen      total 84480K, used 84090K [0x0000000795580000, 0x000000079c000000, 0x00000007c0000000)
  eden space 68608K, 99% used [0x0000000795580000,0x0000000799856760,0x0000000799880000)
  from space 15872K, 98% used [0x000000079aa80000,0x000000079b9c8410,0x000000079ba00000)
  to   space 18432K, 0% used [0x0000000799880000,0x0000000799880000,0x000000079aa80000)
 ParOldGen       total 70144K, used 30929K [0x0000000740000000, 0x0000000744480000, 0x0000000795580000)
  object space 70144K, 44% used [0x0000000740000000,0x0000000741e34538,0x0000000744480000)
 Metaspace       used 24383K, capacity 24653K, committed 25088K, reserved 1071104K
  class space    used 2373K, capacity 2483K, committed 2560K, reserved 1048576K
Event: 20.977 GC heap after
Heap after GC invocations=10 (full 1):
 PSYoungGen      total 87040K, used 18401K [0x0000000795580000, 0x000000079cf00000, 0x00000007c0000000)
  eden space 68608K, 0% used [0x0000000795580000,0x0000000795580000,0x0000000799880000)
  from space 18432K, 99% used [0x0000000799880000,0x000000079aa784f0,0x000000079aa80000)
  to   space 20992K, 0% used [0x000000079ba80000,0x000000079ba80000,0x000000079cf00000)
 ParOldGen       total 70144K, used 37073K [0x0000000740000000, 0x0000000744480000, 0x0000000795580000)
  object space 70144K, 52% used [0x0000000740000000,0x00000007424346b8,0x0000000744480000)
 Metaspace       used 24383K, capacity 24653K, committed 25088K, reserved 1071104K
  class space    used 2373K, capacity 2483K, committed 2560K, reserved 1048576K
}
Event: 26.233 GC heap before
{Heap before GC invocations=11 (full 1):
 PSYoungGen      total 87040K, used 87009K [0x0000000795580000, 0x000000079cf00000, 0x00000007c0000000)
  eden space 68608K, 100% used [0x0000000795580000,0x0000000799880000,0x0000000799880000)
  from space 18432K, 99% used [0x0000000799880000,0x000000079aa784f0,0x000000079aa80000)
  to   space 20992K, 0% used [0x000000079ba80000,0x000000079ba80000,0x000000079cf00000)
 ParOldGen       total 70144K, used 37073K [0x0000000740000000, 0x0000000744480000, 0x0000000795580000)
  object space 70144K, 52% used [0x0000000740000000,0x00000007424346b8,0x0000000744480000)
 Metaspace       used 24463K, capacity 24717K, committed 25088K, reserved 1071104K
  class space    used 2387K, capacity 2483K, committed 2560K, reserved 1048576K
Event: 26.248 GC heap after
Heap after GC invocations=11 (full 1):
 PSYoungGen      total 100352K, used 20865K [0x0000000795580000, 0x000000079d400000, 0x00000007c0000000)
  eden space 79360K, 0% used [0x0000000795580000,0x0000000795580000,0x000000079a300000)
  from space 20992K, 99% used [0x000000079ba80000,0x000000079cee0530,0x000000079cf00000)
  to   space 24064K, 0% used [0x000000079a300000,0x000000079a300000,0x000000079ba80000)
 ParOldGen       total 70144K, used 40145K [0x0000000740000000, 0x0000000744480000, 0x0000000795580000)
  object space 70144K, 57% used [0x0000000740000000,0x0000000742734778,0x0000000744480000)
 Metaspace       used 24463K, capacity 24717K, committed 25088K, reserved 1071104K
  class space    used 2387K, capacity 2483K, committed 2560K, reserved 1048576K
}

