# JRE version: Java(TM) SE Runtime Environment (8.0_111-b14) (build 1.8.0_111-b14)
# Java VM: Java HotSpot(TM) 64-Bit Server VM (25.111-b14 mixed mode bsd-amd64 compressed oops)
Heap:
 PSYoungGen      total 102912K, used 94322K [0x0000000795580000, 0x000000079d180000, 0x00000007c0000000)
  eden space 90624K, 98% used [0x0000000795580000,0x000000079acb1458,0x000000079ae00000)
  from space 12288K, 40% used [0x000000079b980000,0x000000079be6b460,0x000000079c580000)
  to   space 11776K, 0% used [0x000000079ae00000,0x000000079ae00000,0x000000079b980000)
 ParOldGen       total 55296K, used 14621K [0x0000000740000000, 0x0000000743600000, 0x0000000795580000)
  object space 55296K, 26% used [0x0000000740000000,0x0000000740e47530,0x0000000743600000)
 Metaspace       used 24268K, capacity 24537K, committed 24832K, reserved 1071104K
  class space    used 2394K, capacity 2485K, committed 2560K, reserved 1048576K
GC Heap History (10 events):
Event: 4.551 GC heap before
{Heap before GC invocations=3 (full 0):
 PSYoungGen      total 38400K, used 10552K [0x0000000795580000, 0x0000000798000000, 0x00000007c0000000)
  eden space 33280K, 16% used [0x0000000795580000,0x0000000795ad61b0,0x0000000797600000)
  from space 5120K, 99% used [0x0000000797b00000,0x0000000797ff8060,0x0000000798000000)
  to   space 5120K, 0% used [0x0000000797600000,0x0000000797600000,0x0000000797b00000)
 ParOldGen       total 87552K, used 3019K [0x0000000740000000, 0x0000000745580000, 0x0000000795580000)
  object space 87552K, 3% used [0x0000000740000000,0x00000007402f2c38,0x0000000745580000)
 Metaspace       used 20802K, capacity 21047K, committed 21248K, reserved 1069056K
  class space    used 2133K, capacity 2224K, committed 2304K, reserved 1048576K
Event: 4.559 GC heap after
Heap after GC invocations=3 (full 0):
 PSYoungGen      total 38400K, used 5089K [0x0000000795580000, 0x000000079a080000, 0x00000007c0000000)
  eden space 33280K, 0% used [0x0000000795580000,0x0000000795580000,0x0000000797600000)
  from space 5120K, 99% used [0x0000000797600000,0x0000000797af86e0,0x0000000797b00000)
  to   space 5120K, 0% used [0x0000000799b80000,0x0000000799b80000,0x000000079a080000)
 ParOldGen       total 87552K, used 4314K [0x0000000740000000, 0x0000000745580000, 0x0000000795580000)
  object space 87552K, 4% used [0x0000000740000000,0x0000000740436800,0x0000000745580000)
 Metaspace       used 20802K, capacity 21047K, committed 21248K, reserved 1069056K
  class space    used 2133K, capacity 2224K, committed 2304K, reserved 1048576K
}
Event: 4.560 GC heap before
{Heap before GC invocations=4 (full 1):
 PSYoungGen      total 38400K, used 5089K [0x0000000795580000, 0x000000079a080000, 0x00000007c0000000)
  eden space 33280K, 0% used [0x0000000795580000,0x0000000795580000,0x0000000797600000)
  from space 5120K, 99% used [0x0000000797600000,0x0000000797af86e0,0x0000000797b00000)
  to   space 5120K, 0% used [0x0000000799b80000,0x0000000799b80000,0x000000079a080000)
 ParOldGen       total 87552K, used 4314K [0x0000000740000000, 0x0000000745580000, 0x0000000795580000)
  object space 87552K, 4% used [0x0000000740000000,0x0000000740436800,0x0000000745580000)
 Metaspace       used 20802K, capacity 21047K, committed 21248K, reserved 1069056K
  class space    used 2133K, capacity 2224K, committed 2304K, reserved 1048576K
Event: 4.602 GC heap after
Heap after GC invocations=4 (full 1):
 PSYoungGen      total 38400K, used 0K [0x0000000795580000, 0x000000079a080000, 0x00000007c0000000)
  eden space 33280K, 0% used [0x0000000795580000,0x0000000795580000,0x0000000797600000)
  from space 5120K, 0% used [0x0000000797600000,0x0000000797600000,0x0000000797b00000)
  to   space 5120K, 0% used [0x0000000799b80000,0x0000000799b80000,0x000000079a080000)
 ParOldGen       total 55296K, used 8081K [0x0000000740000000, 0x0000000743600000, 0x0000000795580000)
  object space 55296K, 14% used [0x0000000740000000,0x00000007407e45c8,0x0000000743600000)
 Metaspace       used 20802K, capacity 21047K, committed 21248K, reserved 1069056K
  class space    used 2133K, capacity 2224K, committed 2304K, reserved 1048576K
}
Event: 5.703 GC heap before
{Heap before GC invocations=5 (full 1):
 PSYoungGen      total 38400K, used 33280K [0x0000000795580000, 0x000000079a080000, 0x00000007c0000000)
  eden space 33280K, 100% used [0x0000000795580000,0x0000000797600000,0x0000000797600000)
  from space 5120K, 0% used [0x0000000797600000,0x0000000797600000,0x0000000797b00000)
  to   space 5120K, 0% used [0x0000000799b80000,0x0000000799b80000,0x000000079a080000)
 ParOldGen       total 55296K, used 8081K [0x0000000740000000, 0x0000000743600000, 0x0000000795580000)
  object space 55296K, 14% used [0x0000000740000000,0x00000007407e45c8,0x0000000743600000)
 Metaspace       used 23567K, capacity 23817K, committed 24064K, reserved 1071104K
  class space    used 2385K, capacity 2483K, committed 2560K, reserved 1048576K
Event: 5.717 GC heap after
Heap after GC invocations=5 (full 1):
 PSYoungGen      total 60928K, used 5101K [0x0000000795580000, 0x000000079a080000, 0x00000007c0000000)
  eden space 55808K, 0% used [0x0000000795580000,0x0000000795580000,0x0000000798c00000)
  from space 5120K, 99% used [0x0000000799b80000,0x000000079a07b480,0x000000079a080000)
  to   space 5120K, 0% used [0x0000000799680000,0x0000000799680000,0x0000000799b80000)
 ParOldGen       total 55296K, used 14597K [0x0000000740000000, 0x0000000743600000, 0x0000000795580000)
  object space 55296K, 26% used [0x0000000740000000,0x0000000740e41530,0x0000000743600000)
 Metaspace       used 23567K, capacity 23817K, committed 24064K, reserved 1071104K
  class space    used 2385K, capacity 2483K, committed 2560K, reserved 1048576K
}
Event: 14.866 GC heap before
{Heap before GC invocations=6 (full 1):
 PSYoungGen      total 60928K, used 60909K [0x0000000795580000, 0x000000079a080000, 0x00000007c0000000)
  eden space 55808K, 100% used [0x0000000795580000,0x0000000798c00000,0x0000000798c00000)
  from space 5120K, 99% used [0x0000000799b80000,0x000000079a07b480,0x000000079a080000)
  to   space 5120K, 0% used [0x0000000799680000,0x0000000799680000,0x0000000799b80000)
 ParOldGen       total 55296K, used 14597K [0x0000000740000000, 0x0000000743600000, 0x0000000795580000)
  object space 55296K, 26% used [0x0000000740000000,0x0000000740e41530,0x0000000743600000)
 Metaspace       used 24158K, capacity 24403K, committed 24832K, reserved 1071104K
  class space    used 2386K, capacity 2484K, committed 2560K, reserved 1048576K
Event: 14.879 GC heap after
Heap after GC invocations=6 (full 1):
 PSYoungGen      total 71680K, used 5101K [0x0000000795580000, 0x000000079c580000, 0x00000007c0000000)
  eden space 66560K, 0% used [0x0000000795580000,0x0000000795580000,0x0000000799680000)
  from space 5120K, 99% used [0x0000000799680000,0x0000000799b7b480,0x0000000799b80000)
  to   space 12288K, 0% used [0x000000079b980000,0x000000079b980000,0x000000079c580000)
 ParOldGen       total 55296K, used 14613K [0x0000000740000000, 0x0000000743600000, 0x0000000795580000)
  object space 55296K, 26% used [0x0000000740000000,0x0000000740e45530,0x0000000743600000)
 Metaspace       used 24158K, capacity 24403K, committed 24832K, reserved 1071104K
  class space    used 2386K, capacity 2484K, committed 2560K, reserved 1048576K
}
Event: 25.555 GC heap before
{Heap before GC invocations=7 (full 1):
 PSYoungGen      total 71680K, used 71661K [0x0000000795580000, 0x000000079c580000, 0x00000007c0000000)
  eden space 66560K, 100% used [0x0000000795580000,0x0000000799680000,0x0000000799680000)
  from space 5120K, 99% used [0x0000000799680000,0x0000000799b7b480,0x0000000799b80000)
  to   space 12288K, 0% used [0x000000079b980000,0x000000079b980000,0x000000079c580000)
 ParOldGen       total 55296K, used 14613K [0x0000000740000000, 0x0000000743600000, 0x0000000795580000)
  object space 55296K, 26% used [0x0000000740000000,0x0000000740e45530,0x0000000743600000)
 Metaspace       used 24220K, capacity 24467K, committed 24832K, reserved 1071104K
  class space    used 2386K, capacity 2484K, committed 2560K, reserved 1048576K
Event: 25.574 GC heap after
Heap after GC invocations=7 (full 1):
 PSYoungGen      total 102912K, used 5037K [0x0000000795580000, 0x000000079d180000, 0x00000007c0000000)
  eden space 90624K, 0% used [0x0000000795580000,0x0000000795580000,0x000000079ae00000)
  from space 12288K, 40% used [0x000000079b980000,0x000000079be6b460,0x000000079c580000)
  to   space 11776K, 0% used [0x000000079ae00000,0x000000079ae00000,0x000000079b980000)
 ParOldGen       total 55296K, used 14621K [0x0000000740000000, 0x0000000743600000, 0x0000000795580000)
  object space 55296K, 26% used [0x0000000740000000,0x0000000740e47530,0x0000000743600000)
 Metaspace       used 24220K, capacity 24467K, committed 24832K, reserved 1071104K
  class space    used 2386K, capacity 2484K, committed 2560K, reserved 1048576K
}

