# JRE version: Java(TM) SE Runtime Environment (8.0_111-b14) (build 1.8.0_111-b14)
# Java VM: Java HotSpot(TM) 64-Bit Server VM (25.111-b14 mixed mode bsd-amd64 compressed oops)
Heap:
 PSYoungGen      total 148480K, used 25559K [0x0000000795580000, 0x00000007a2080000, 0x00000007c0000000)
  eden space 134656K, 18% used [0x0000000795580000,0x0000000796e35050,0x000000079d900000)
  from space 13824K, 1% used [0x000000079d900000,0x000000079d940e18,0x000000079e680000)
  to   space 15360K, 0% used [0x00000007a1180000,0x00000007a1180000,0x00000007a2080000)
 ParOldGen       total 131584K, used 55630K [0x0000000740000000, 0x0000000748080000, 0x0000000795580000)
  object space 131584K, 42% used [0x0000000740000000,0x0000000743653990,0x0000000748080000)
 Metaspace       used 24614K, capacity 24857K, committed 25088K, reserved 1071104K
  class space    used 2396K, capacity 2485K, committed 2560K, reserved 1048576K
GC Heap History (10 events):
Event: 14.141 GC heap before
{Heap before GC invocations=7 (full 1):
 PSYoungGen      total 71680K, used 71661K [0x0000000795580000, 0x000000079c200000, 0x00000007c0000000)
  eden space 66560K, 100% used [0x0000000795580000,0x0000000799680000,0x0000000799680000)
  from space 5120K, 99% used [0x0000000799680000,0x0000000799b7b430,0x0000000799b80000)
  to   space 11264K, 0% used [0x000000079b700000,0x000000079b700000,0x000000079c200000)
 ParOldGen       total 55808K, used 15418K [0x0000000740000000, 0x0000000743680000, 0x0000000795580000)
  object space 55808K, 27% used [0x0000000740000000,0x0000000740f0e8d8,0x0000000743680000)
 Metaspace       used 24169K, capacity 24473K, committed 24832K, reserved 1071104K
  class space    used 2389K, capacity 2485K, committed 2560K, reserved 1048576K
Event: 14.154 GC heap after
Heap after GC invocations=7 (full 1):
 PSYoungGen      total 99840K, used 8013K [0x0000000795580000, 0x000000079cf80000, 0x00000007c0000000)
  eden space 88576K, 0% used [0x0000000795580000,0x0000000795580000,0x000000079ac00000)
  from space 11264K, 71% used [0x000000079b700000,0x000000079bed3500,0x000000079c200000)
  to   space 11264K, 0% used [0x000000079ac00000,0x000000079ac00000,0x000000079b700000)
 ParOldGen       total 55808K, used 15418K [0x0000000740000000, 0x0000000743680000, 0x0000000795580000)
  object space 55808K, 27% used [0x0000000740000000,0x0000000740f0e8d8,0x0000000743680000)
 Metaspace       used 24169K, capacity 24473K, committed 24832K, reserved 1071104K
  class space    used 2389K, capacity 2485K, committed 2560K, reserved 1048576K
}
Event: 15.772 GC heap before
{Heap before GC invocations=8 (full 1):
 PSYoungGen      total 99840K, used 96589K [0x0000000795580000, 0x000000079cf80000, 0x00000007c0000000)
  eden space 88576K, 100% used [0x0000000795580000,0x000000079ac00000,0x000000079ac00000)
  from space 11264K, 71% used [0x000000079b700000,0x000000079bed3500,0x000000079c200000)
  to   space 11264K, 0% used [0x000000079ac00000,0x000000079ac00000,0x000000079b700000)
 ParOldGen       total 55808K, used 15418K [0x0000000740000000, 0x0000000743680000, 0x0000000795580000)
  object space 55808K, 27% used [0x0000000740000000,0x0000000740f0e8d8,0x0000000743680000)
 Metaspace       used 24283K, capacity 24537K, committed 24832K, reserved 1071104K
  class space    used 2389K, capacity 2485K, committed 2560K, reserved 1048576K
Event: 15.792 GC heap after
Heap after GC invocations=8 (full 1):
 PSYoungGen      total 99840K, used 11054K [0x0000000795580000, 0x000000079f280000, 0x00000007c0000000)
  eden space 88576K, 0% used [0x0000000795580000,0x0000000795580000,0x000000079ac00000)
  from space 11264K, 98% used [0x000000079ac00000,0x000000079b6cb910,0x000000079b700000)
  to   space 12288K, 0% used [0x000000079e680000,0x000000079e680000,0x000000079f280000)
 ParOldGen       total 55808K, used 24130K [0x0000000740000000, 0x0000000743680000, 0x0000000795580000)
  object space 55808K, 43% used [0x0000000740000000,0x0000000741790af8,0x0000000743680000)
 Metaspace       used 24283K, capacity 24537K, committed 24832K, reserved 1071104K
  class space    used 2389K, capacity 2485K, committed 2560K, reserved 1048576K
}
Event: 17.784 GC heap before
{Heap before GC invocations=9 (full 1):
 PSYoungGen      total 99840K, used 99630K [0x0000000795580000, 0x000000079f280000, 0x00000007c0000000)
  eden space 88576K, 100% used [0x0000000795580000,0x000000079ac00000,0x000000079ac00000)
  from space 11264K, 98% used [0x000000079ac00000,0x000000079b6cb910,0x000000079b700000)
  to   space 12288K, 0% used [0x000000079e680000,0x000000079e680000,0x000000079f280000)
 ParOldGen       total 55808K, used 24130K [0x0000000740000000, 0x0000000743680000, 0x0000000795580000)
  object space 55808K, 43% used [0x0000000740000000,0x0000000741790af8,0x0000000743680000)
 Metaspace       used 24437K, capacity 24665K, committed 25088K, reserved 1071104K
  class space    used 2389K, capacity 2485K, committed 2560K, reserved 1048576K
Event: 17.811 GC heap after
Heap after GC invocations=9 (full 1):
 PSYoungGen      total 146944K, used 12257K [0x0000000795580000, 0x000000079f580000, 0x00000007c0000000)
  eden space 134656K, 0% used [0x0000000795580000,0x0000000795580000,0x000000079d900000)
  from space 12288K, 99% used [0x000000079e680000,0x000000079f2787c8,0x000000079f280000)
  to   space 13824K, 0% used [0x000000079d900000,0x000000079d900000,0x000000079e680000)
 ParOldGen       total 55808K, used 33242K [0x0000000740000000, 0x0000000743680000, 0x0000000795580000)
  object space 55808K, 59% used [0x0000000740000000,0x00000007420768f8,0x0000000743680000)
 Metaspace       used 24437K, capacity 24665K, committed 25088K, reserved 1071104K
  class space    used 2389K, capacity 2485K, committed 2560K, reserved 1048576K
}
Event: 21.984 GC heap before
{Heap before GC invocations=10 (full 1):
 PSYoungGen      total 146944K, used 146913K [0x0000000795580000, 0x000000079f580000, 0x00000007c0000000)
  eden space 134656K, 100% used [0x0000000795580000,0x000000079d900000,0x000000079d900000)
  from space 12288K, 99% used [0x000000079e680000,0x000000079f2787c8,0x000000079f280000)
  to   space 13824K, 0% used [0x000000079d900000,0x000000079d900000,0x000000079e680000)
 ParOldGen       total 55808K, used 33242K [0x0000000740000000, 0x0000000743680000, 0x0000000795580000)
  object space 55808K, 59% used [0x0000000740000000,0x00000007420768f8,0x0000000743680000)
 Metaspace       used 24574K, capacity 24857K, committed 25088K, reserved 1071104K
  class space    used 2389K, capacity 2485K, committed 2560K, reserved 1048576K
Event: 22.025 GC heap after
Heap after GC invocations=10 (full 1):
 PSYoungGen      total 148480K, used 13744K [0x0000000795580000, 0x00000007a2080000, 0x00000007c0000000)
  eden space 134656K, 0% used [0x0000000795580000,0x0000000795580000,0x000000079d900000)
  from space 13824K, 99% used [0x000000079d900000,0x000000079e66c370,0x000000079e680000)
  to   space 15360K, 0% used [0x00000007a1180000,0x00000007a1180000,0x00000007a2080000)
 ParOldGen       total 55808K, used 44531K [0x0000000740000000, 0x0000000743680000, 0x0000000795580000)
  object space 55808K, 79% used [0x0000000740000000,0x0000000742b7ccc8,0x0000000743680000)
 Metaspace       used 24574K, capacity 24857K, committed 25088K, reserved 1071104K
  class space    used 2389K, capacity 2485K, committed 2560K, reserved 1048576K
}
Event: 22.025 GC heap before
{Heap before GC invocations=11 (full 2):
 PSYoungGen      total 148480K, used 13744K [0x0000000795580000, 0x00000007a2080000, 0x00000007c0000000)
  eden space 134656K, 0% used [0x0000000795580000,0x0000000795580000,0x000000079d900000)
  from space 13824K, 99% used [0x000000079d900000,0x000000079e66c370,0x000000079e680000)
  to   space 15360K, 0% used [0x00000007a1180000,0x00000007a1180000,0x00000007a2080000)
 ParOldGen       total 55808K, used 44531K [0x0000000740000000, 0x0000000743680000, 0x0000000795580000)
  object space 55808K, 79% used [0x0000000740000000,0x0000000742b7ccc8,0x0000000743680000)
 Metaspace       used 24574K, capacity 24857K, committed 25088K, reserved 1071104K
  class space    used 2389K, capacity 2485K, committed 2560K, reserved 1048576K
Event: 22.141 GC heap after
Heap after GC invocations=11 (full 2):
 PSYoungGen      total 148480K, used 259K [0x0000000795580000, 0x00000007a2080000, 0x00000007c0000000)
  eden space 134656K, 0% used [0x0000000795580000,0x0000000795580000,0x000000079d900000)
  from space 13824K, 1% used [0x000000079d900000,0x000000079d940e18,0x000000079e680000)
  to   space 15360K, 0% used [0x00000007a1180000,0x00000007a1180000,0x00000007a2080000)
 ParOldGen       total 131584K, used 55630K [0x0000000740000000, 0x0000000748080000, 0x0000000795580000)
  object space 131584K, 42% used [0x0000000740000000,0x0000000743653990,0x0000000748080000)
 Metaspace       used 24574K, capacity 24857K, committed 25088K, reserved 1071104K
  class space    used 2389K, capacity 2485K, committed 2560K, reserved 1048576K
}

