# JRE version: Java(TM) SE Runtime Environment (8.0_111-b14) (build 1.8.0_111-b14)
# Java VM: Java HotSpot(TM) 64-Bit Server VM (25.111-b14 mixed mode bsd-amd64 compressed oops)
Heap:
 PSYoungGen      total 45056K, used 9394K [0x0000000795580000, 0x0000000799e00000, 0x00000007c0000000)
  eden space 32256K, 28% used [0x0000000795580000,0x0000000795e94848,0x0000000797500000)
  from space 12800K, 0% used [0x0000000798200000,0x0000000798218000,0x0000000798e80000)
  to   space 13312K, 0% used [0x0000000797500000,0x0000000797500000,0x0000000798200000)
 ParOldGen       total 72704K, used 15627K [0x0000000740000000, 0x0000000744700000, 0x0000000795580000)
  object space 72704K, 21% used [0x0000000740000000,0x0000000740f42cf0,0x0000000744700000)
 Metaspace       used 21064K, capacity 21323K, committed 21552K, reserved 1069056K
  class space    used 2065K, capacity 2146K, committed 2176K, reserved 1048576K
GC Heap History (10 events):
Event: 4.178 GC heap before
{Heap before GC invocations=3 (full 0):
 PSYoungGen      total 38400K, used 38397K [0x0000000795580000, 0x0000000798000000, 0x00000007c0000000)
  eden space 33280K, 100% used [0x0000000795580000,0x0000000797600000,0x0000000797600000)
  from space 5120K, 99% used [0x0000000797b00000,0x0000000797fff440,0x0000000798000000)
  to   space 5120K, 0% used [0x0000000797600000,0x0000000797600000,0x0000000797b00000)
 ParOldGen       total 87552K, used 6929K [0x0000000740000000, 0x0000000745580000, 0x0000000795580000)
  object space 87552K, 7% used [0x0000000740000000,0x00000007406c4408,0x0000000745580000)
 Metaspace       used 20555K, capacity 20773K, committed 21120K, reserved 1069056K
  class space    used 2044K, capacity 2113K, committed 2176K, reserved 1048576K
Event: 4.187 GC heap after
Heap after GC invocations=3 (full 0):
 PSYoungGen      total 38400K, used 5117K [0x0000000795580000, 0x0000000798000000, 0x00000007c0000000)
  eden space 33280K, 0% used [0x0000000795580000,0x0000000795580000,0x0000000797600000)
  from space 5120K, 99% used [0x0000000797600000,0x0000000797aff470,0x0000000797b00000)
  to   space 5120K, 0% used [0x0000000797b00000,0x0000000797b00000,0x0000000798000000)
 ParOldGen       total 87552K, used 10701K [0x0000000740000000, 0x0000000745580000, 0x0000000795580000)
  object space 87552K, 12% used [0x0000000740000000,0x0000000740a73730,0x0000000745580000)
 Metaspace       used 20555K, capacity 20773K, committed 21120K, reserved 1069056K
  class space    used 2044K, capacity 2113K, committed 2176K, reserved 1048576K
}
Event: 7.916 GC heap before
{Heap before GC invocations=4 (full 0):
 PSYoungGen      total 38400K, used 38397K [0x0000000795580000, 0x0000000798000000, 0x00000007c0000000)
  eden space 33280K, 100% used [0x0000000795580000,0x0000000797600000,0x0000000797600000)
  from space 5120K, 99% used [0x0000000797600000,0x0000000797aff470,0x0000000797b00000)
  to   space 5120K, 0% used [0x0000000797b00000,0x0000000797b00000,0x0000000798000000)
 ParOldGen       total 87552K, used 10701K [0x0000000740000000, 0x0000000745580000, 0x0000000795580000)
  object space 87552K, 12% used [0x0000000740000000,0x0000000740a73730,0x0000000745580000)
 Metaspace       used 20911K, capacity 21093K, committed 21296K, reserved 1069056K
  class space    used 2058K, capacity 2113K, committed 2176K, reserved 1048576K
Event: 7.936 GC heap after
Heap after GC invocations=4 (full 0):
 PSYoungGen      total 38400K, used 5069K [0x0000000795580000, 0x0000000798000000, 0x00000007c0000000)
  eden space 33280K, 0% used [0x0000000795580000,0x0000000795580000,0x0000000797600000)
  from space 5120K, 99% used [0x0000000797b00000,0x0000000797ff3470,0x0000000798000000)
  to   space 5120K, 0% used [0x0000000797600000,0x0000000797600000,0x0000000797b00000)
 ParOldGen       total 87552K, used 12493K [0x0000000740000000, 0x0000000745580000, 0x0000000795580000)
  object space 87552K, 14% used [0x0000000740000000,0x0000000740c337a0,0x0000000745580000)
 Metaspace       used 20911K, capacity 21093K, committed 21296K, reserved 1069056K
  class space    used 2058K, capacity 2113K, committed 2176K, reserved 1048576K
}
Event: 9.385 GC heap before
{Heap before GC invocations=5 (full 0):
 PSYoungGen      total 38400K, used 12994K [0x0000000795580000, 0x0000000798000000, 0x00000007c0000000)
  eden space 33280K, 23% used [0x0000000795580000,0x0000000795d3d720,0x0000000797600000)
  from space 5120K, 99% used [0x0000000797b00000,0x0000000797ff3470,0x0000000798000000)
  to   space 5120K, 0% used [0x0000000797600000,0x0000000797600000,0x0000000797b00000)
 ParOldGen       total 87552K, used 12493K [0x0000000740000000, 0x0000000745580000, 0x0000000795580000)
  object space 87552K, 14% used [0x0000000740000000,0x0000000740c337a0,0x0000000745580000)
 Metaspace       used 20959K, capacity 21093K, committed 21296K, reserved 1069056K
  class space    used 2058K, capacity 2113K, committed 2176K, reserved 1048576K
Event: 9.394 GC heap after
Heap after GC invocations=5 (full 0):
 PSYoungGen      total 37888K, used 5005K [0x0000000795580000, 0x0000000798e80000, 0x00000007c0000000)
  eden space 32768K, 0% used [0x0000000795580000,0x0000000795580000,0x0000000797580000)
  from space 5120K, 97% used [0x0000000797600000,0x0000000797ae3470,0x0000000797b00000)
  to   space 12800K, 0% used [0x0000000798200000,0x0000000798200000,0x0000000798e80000)
 ParOldGen       total 87552K, used 12501K [0x0000000740000000, 0x0000000745580000, 0x0000000795580000)
  object space 87552K, 14% used [0x0000000740000000,0x0000000740c357a0,0x0000000745580000)
 Metaspace       used 20959K, capacity 21093K, committed 21296K, reserved 1069056K
  class space    used 2058K, capacity 2113K, committed 2176K, reserved 1048576K
}
Event: 9.395 GC heap before
{Heap before GC invocations=6 (full 1):
 PSYoungGen      total 37888K, used 5005K [0x0000000795580000, 0x0000000798e80000, 0x00000007c0000000)
  eden space 32768K, 0% used [0x0000000795580000,0x0000000795580000,0x0000000797580000)
  from space 5120K, 97% used [0x0000000797600000,0x0000000797ae3470,0x0000000797b00000)
  to   space 12800K, 0% used [0x0000000798200000,0x0000000798200000,0x0000000798e80000)
 ParOldGen       total 87552K, used 12501K [0x0000000740000000, 0x0000000745580000, 0x0000000795580000)
  object space 87552K, 14% used [0x0000000740000000,0x0000000740c357a0,0x0000000745580000)
 Metaspace       used 20959K, capacity 21093K, committed 21296K, reserved 1069056K
  class space    used 2058K, capacity 2113K, committed 2176K, reserved 1048576K
Event: 9.450 GC heap after
Heap after GC invocations=6 (full 1):
 PSYoungGen      total 37888K, used 0K [0x0000000795580000, 0x0000000798e80000, 0x00000007c0000000)
  eden space 32768K, 0% used [0x0000000795580000,0x0000000795580000,0x0000000797580000)
  from space 5120K, 0% used [0x0000000797600000,0x0000000797600000,0x0000000797b00000)
  to   space 12800K, 0% used [0x0000000798200000,0x0000000798200000,0x0000000798e80000)
 ParOldGen       total 72704K, used 15619K [0x0000000740000000, 0x0000000744700000, 0x0000000795580000)
  object space 72704K, 21% used [0x0000000740000000,0x0000000740f40cf0,0x0000000744700000)
 Metaspace       used 20959K, capacity 21093K, committed 21296K, reserved 1069056K
  class space    used 2058K, capacity 2113K, committed 2176K, reserved 1048576K
}
Event: 15.818 GC heap before
{Heap before GC invocations=7 (full 1):
 PSYoungGen      total 37888K, used 32768K [0x0000000795580000, 0x0000000798e80000, 0x00000007c0000000)
  eden space 32768K, 100% used [0x0000000795580000,0x0000000797580000,0x0000000797580000)
  from space 5120K, 0% used [0x0000000797600000,0x0000000797600000,0x0000000797b00000)
  to   space 12800K, 0% used [0x0000000798200000,0x0000000798200000,0x0000000798e80000)
 ParOldGen       total 72704K, used 15619K [0x0000000740000000, 0x0000000744700000, 0x0000000795580000)
  object space 72704K, 21% used [0x0000000740000000,0x0000000740f40cf0,0x0000000744700000)
 Metaspace       used 21029K, capacity 21221K, committed 21552K, reserved 1069056K
  class space    used 2058K, capacity 2113K, committed 2176K, reserved 1048576K
Event: 15.820 GC heap after
Heap after GC invocations=7 (full 1):
 PSYoungGen      total 45056K, used 96K [0x0000000795580000, 0x0000000799e00000, 0x00000007c0000000)
  eden space 32256K, 0% used [0x0000000795580000,0x0000000795580000,0x0000000797500000)
  from space 12800K, 0% used [0x0000000798200000,0x0000000798218000,0x0000000798e80000)
  to   space 13312K, 0% used [0x0000000797500000,0x0000000797500000,0x0000000798200000)
 ParOldGen       total 72704K, used 15627K [0x0000000740000000, 0x0000000744700000, 0x0000000795580000)
  object space 72704K, 21% used [0x0000000740000000,0x0000000740f42cf0,0x0000000744700000)
 Metaspace       used 21029K, capacity 21221K, committed 21552K, reserved 1069056K
  class space    used 2058K, capacity 2113K, committed 2176K, reserved 1048576K
}

