# JRE version: Java(TM) SE Runtime Environment (8.0_111-b14) (build 1.8.0_111-b14)
# Java VM: Java HotSpot(TM) 64-Bit Server VM (25.111-b14 mixed mode bsd-amd64 compressed oops)
Heap:
 PSYoungGen      total 31232K, used 15706K [0x0000000795580000, 0x0000000797700000, 0x00000007c0000000)
  eden space 29184K, 53% used [0x0000000795580000,0x00000007964c6b18,0x0000000797200000)
  from space 2048K, 3% used [0x0000000797500000,0x0000000797510000,0x0000000797700000)
  to   space 2560K, 0% used [0x0000000797200000,0x0000000797200000,0x0000000797480000)
 ParOldGen       total 70144K, used 21458K [0x0000000740000000, 0x0000000744480000, 0x0000000795580000)
  object space 70144K, 30% used [0x0000000740000000,0x00000007414f4bf8,0x0000000744480000)
 Metaspace       used 23888K, capacity 24137K, committed 24320K, reserved 1071104K
  class space    used 2369K, capacity 2483K, committed 2560K, reserved 1048576K
GC Heap History (10 events):
Event: 418.903 GC heap before
{Heap before GC invocations=45 (full 1):
 PSYoungGen      total 30720K, used 30272K [0x0000000795580000, 0x0000000797a00000, 0x00000007c0000000)
  eden space 30208K, 100% used [0x0000000795580000,0x0000000797300000,0x0000000797300000)
  from space 512K, 12% used [0x0000000797380000,0x0000000797390000,0x0000000797400000)
  to   space 3584K, 0% used [0x0000000797680000,0x0000000797680000,0x0000000797a00000)
 ParOldGen       total 70144K, used 21458K [0x0000000740000000, 0x0000000744480000, 0x0000000795580000)
  object space 70144K, 30% used [0x0000000740000000,0x00000007414f4bf8,0x0000000744480000)
 Metaspace       used 23853K, capacity 24131K, committed 24320K, reserved 1071104K
  class space    used 2362K, capacity 2482K, committed 2560K, reserved 1048576K
Event: 418.904 GC heap after
Heap after GC invocations=45 (full 1):
 PSYoungGen      total 32768K, used 96K [0x0000000795580000, 0x0000000797980000, 0x00000007c0000000)
  eden space 29696K, 0% used [0x0000000795580000,0x0000000795580000,0x0000000797280000)
  from space 3072K, 3% used [0x0000000797680000,0x0000000797698000,0x0000000797980000)
  to   space 3584K, 0% used [0x0000000797280000,0x0000000797280000,0x0000000797600000)
 ParOldGen       total 70144K, used 21458K [0x0000000740000000, 0x0000000744480000, 0x0000000795580000)
  object space 70144K, 30% used [0x0000000740000000,0x00000007414f4bf8,0x0000000744480000)
 Metaspace       used 23853K, capacity 24131K, committed 24320K, reserved 1071104K
  class space    used 2362K, capacity 2482K, committed 2560K, reserved 1048576K
}
Event: 426.988 GC heap before
{Heap before GC invocations=46 (full 1):
 PSYoungGen      total 32768K, used 29792K [0x0000000795580000, 0x0000000797980000, 0x00000007c0000000)
  eden space 29696K, 100% used [0x0000000795580000,0x0000000797280000,0x0000000797280000)
  from space 3072K, 3% used [0x0000000797680000,0x0000000797698000,0x0000000797980000)
  to   space 3584K, 0% used [0x0000000797280000,0x0000000797280000,0x0000000797600000)
 ParOldGen       total 70144K, used 21458K [0x0000000740000000, 0x0000000744480000, 0x0000000795580000)
  object space 70144K, 30% used [0x0000000740000000,0x00000007414f4bf8,0x0000000744480000)
 Metaspace       used 23853K, capacity 24131K, committed 24320K, reserved 1071104K
  class space    used 2362K, capacity 2482K, committed 2560K, reserved 1048576K
Event: 426.990 GC heap after
Heap after GC invocations=46 (full 1):
 PSYoungGen      total 29696K, used 96K [0x0000000795580000, 0x0000000797800000, 0x00000007c0000000)
  eden space 29184K, 0% used [0x0000000795580000,0x0000000795580000,0x0000000797200000)
  from space 512K, 18% used [0x0000000797280000,0x0000000797298000,0x0000000797300000)
  to   space 3072K, 0% used [0x0000000797500000,0x0000000797500000,0x0000000797800000)
 ParOldGen       total 70144K, used 21458K [0x0000000740000000, 0x0000000744480000, 0x0000000795580000)
  object space 70144K, 30% used [0x0000000740000000,0x00000007414f4bf8,0x0000000744480000)
 Metaspace       used 23853K, capacity 24131K, committed 24320K, reserved 1071104K
  class space    used 2362K, capacity 2482K, committed 2560K, reserved 1048576K
}
Event: 434.976 GC heap before
{Heap before GC invocations=47 (full 1):
 PSYoungGen      total 29696K, used 29280K [0x0000000795580000, 0x0000000797800000, 0x00000007c0000000)
  eden space 29184K, 100% used [0x0000000795580000,0x0000000797200000,0x0000000797200000)
  from space 512K, 18% used [0x0000000797280000,0x0000000797298000,0x0000000797300000)
  to   space 3072K, 0% used [0x0000000797500000,0x0000000797500000,0x0000000797800000)
 ParOldGen       total 70144K, used 21458K [0x0000000740000000, 0x0000000744480000, 0x0000000795580000)
  object space 70144K, 30% used [0x0000000740000000,0x00000007414f4bf8,0x0000000744480000)
 Metaspace       used 23853K, capacity 24131K, committed 24320K, reserved 1071104K
  class space    used 2362K, capacity 2482K, committed 2560K, reserved 1048576K
Event: 434.978 GC heap after
Heap after GC invocations=47 (full 1):
 PSYoungGen      total 32256K, used 64K [0x0000000795580000, 0x0000000797800000, 0x00000007c0000000)
  eden space 29184K, 0% used [0x0000000795580000,0x0000000795580000,0x0000000797200000)
  from space 3072K, 2% used [0x0000000797500000,0x0000000797510000,0x0000000797800000)
  to   space 3072K, 0% used [0x0000000797200000,0x0000000797200000,0x0000000797500000)
 ParOldGen       total 70144K, used 21458K [0x0000000740000000, 0x0000000744480000, 0x0000000795580000)
  object space 70144K, 30% used [0x0000000740000000,0x00000007414f4bf8,0x0000000744480000)
 Metaspace       used 23853K, capacity 24131K, committed 24320K, reserved 1071104K
  class space    used 2362K, capacity 2482K, committed 2560K, reserved 1048576K
}
Event: 442.563 GC heap before
{Heap before GC invocations=48 (full 1):
 PSYoungGen      total 32256K, used 29248K [0x0000000795580000, 0x0000000797800000, 0x00000007c0000000)
  eden space 29184K, 100% used [0x0000000795580000,0x0000000797200000,0x0000000797200000)
  from space 3072K, 2% used [0x0000000797500000,0x0000000797510000,0x0000000797800000)
  to   space 3072K, 0% used [0x0000000797200000,0x0000000797200000,0x0000000797500000)
 ParOldGen       total 70144K, used 21458K [0x0000000740000000, 0x0000000744480000, 0x0000000795580000)
  object space 70144K, 30% used [0x0000000740000000,0x00000007414f4bf8,0x0000000744480000)
 Metaspace       used 23853K, capacity 24131K, committed 24320K, reserved 1071104K
  class space    used 2362K, capacity 2482K, committed 2560K, reserved 1048576K
Event: 442.564 GC heap after
Heap after GC invocations=48 (full 1):
 PSYoungGen      total 32256K, used 64K [0x0000000795580000, 0x0000000797800000, 0x00000007c0000000)
  eden space 29184K, 0% used [0x0000000795580000,0x0000000795580000,0x0000000797200000)
  from space 3072K, 2% used [0x0000000797200000,0x0000000797210000,0x0000000797500000)
  to   space 3072K, 0% used [0x0000000797500000,0x0000000797500000,0x0000000797800000)
 ParOldGen       total 70144K, used 21458K [0x0000000740000000, 0x0000000744480000, 0x0000000795580000)
  object space 70144K, 30% used [0x0000000740000000,0x00000007414f4bf8,0x0000000744480000)
 Metaspace       used 23853K, capacity 24131K, committed 24320K, reserved 1071104K
  class space    used 2362K, capacity 2482K, committed 2560K, reserved 1048576K
}
Event: 450.372 GC heap before
{Heap before GC invocations=49 (full 1):
 PSYoungGen      total 32256K, used 29248K [0x0000000795580000, 0x0000000797800000, 0x00000007c0000000)
  eden space 29184K, 100% used [0x0000000795580000,0x0000000797200000,0x0000000797200000)
  from space 3072K, 2% used [0x0000000797200000,0x0000000797210000,0x0000000797500000)
  to   space 3072K, 0% used [0x0000000797500000,0x0000000797500000,0x0000000797800000)
 ParOldGen       total 70144K, used 21458K [0x0000000740000000, 0x0000000744480000, 0x0000000795580000)
  object space 70144K, 30% used [0x0000000740000000,0x00000007414f4bf8,0x0000000744480000)
 Metaspace       used 23853K, capacity 24131K, committed 24320K, reserved 1071104K
  class space    used 2362K, capacity 2482K, committed 2560K, reserved 1048576K
Event: 450.373 GC heap after
Heap after GC invocations=49 (full 1):
 PSYoungGen      total 31232K, used 64K [0x0000000795580000, 0x0000000797700000, 0x00000007c0000000)
  eden space 29184K, 0% used [0x0000000795580000,0x0000000795580000,0x0000000797200000)
  from space 2048K, 3% used [0x0000000797500000,0x0000000797510000,0x0000000797700000)
  to   space 2560K, 0% used [0x0000000797200000,0x0000000797200000,0x0000000797480000)
 ParOldGen       total 70144K, used 21458K [0x0000000740000000, 0x0000000744480000, 0x0000000795580000)
  object space 70144K, 30% used [0x0000000740000000,0x00000007414f4bf8,0x0000000744480000)
 Metaspace       used 23853K, capacity 24131K, committed 24320K, reserved 1071104K
  class space    used 2362K, capacity 2482K, committed 2560K, reserved 1048576K
}

