# JRE version: Java(TM) SE Runtime Environment (8.0_111-b14) (build 1.8.0_111-b14)
# Java VM: Java HotSpot(TM) 64-Bit Server VM (25.111-b14 mixed mode bsd-amd64 compressed oops)
Heap:
 PSYoungGen      total 47616K, used 40919K [0x0000000795580000, 0x0000000799100000, 0x00000007c0000000)
  eden space 42496K, 84% used [0x0000000795580000,0x00000007978b1c78,0x0000000797f00000)
  from space 5120K, 95% used [0x0000000797f80000,0x0000000798444100,0x0000000798480000)
  to   space 9216K, 0% used [0x0000000798800000,0x0000000798800000,0x0000000799100000)
 ParOldGen       total 70656K, used 14345K [0x0000000740000000, 0x0000000744500000, 0x0000000795580000)
  object space 70656K, 20% used [0x0000000740000000,0x0000000740e026f0,0x0000000744500000)
 Metaspace       used 23809K, capacity 24105K, committed 24320K, reserved 1071104K
  class space    used 2364K, capacity 2451K, committed 2560K, reserved 1048576K
GC Heap History (10 events):
Event: 121.173 GC heap before
{Heap before GC invocations=12 (full 1):
 PSYoungGen      total 53760K, used 49968K [0x0000000795580000, 0x0000000799580000, 0x00000007c0000000)
  eden space 45056K, 100% used [0x0000000795580000,0x0000000798180000,0x0000000798180000)
  from space 8704K, 56% used [0x0000000798d00000,0x00000007991cc100,0x0000000799580000)
  to   space 10240K, 0% used [0x0000000798180000,0x0000000798180000,0x0000000798b80000)
 ParOldGen       total 70656K, used 14345K [0x0000000740000000, 0x0000000744500000, 0x0000000795580000)
  object space 70656K, 20% used [0x0000000740000000,0x0000000740e026f0,0x0000000744500000)
 Metaspace       used 23768K, capacity 24037K, committed 24320K, reserved 1071104K
  class space    used 2356K, capacity 2451K, committed 2560K, reserved 1048576K
Event: 121.175 GC heap after
Heap after GC invocations=12 (full 1):
 PSYoungGen      total 49664K, used 4960K [0x0000000795580000, 0x0000000799500000, 0x00000007c0000000)
  eden space 44544K, 0% used [0x0000000795580000,0x0000000795580000,0x0000000798100000)
  from space 5120K, 96% used [0x0000000798180000,0x00000007986580f0,0x0000000798680000)
  to   space 10240K, 0% used [0x0000000798b00000,0x0000000798b00000,0x0000000799500000)
 ParOldGen       total 70656K, used 14345K [0x0000000740000000, 0x0000000744500000, 0x0000000795580000)
  object space 70656K, 20% used [0x0000000740000000,0x0000000740e026f0,0x0000000744500000)
 Metaspace       used 23768K, capacity 24037K, committed 24320K, reserved 1071104K
  class space    used 2356K, capacity 2451K, committed 2560K, reserved 1048576K
}
Event: 136.599 GC heap before
{Heap before GC invocations=13 (full 1):
 PSYoungGen      total 49664K, used 49504K [0x0000000795580000, 0x0000000799500000, 0x00000007c0000000)
  eden space 44544K, 100% used [0x0000000795580000,0x0000000798100000,0x0000000798100000)
  from space 5120K, 96% used [0x0000000798180000,0x00000007986580f0,0x0000000798680000)
  to   space 10240K, 0% used [0x0000000798b00000,0x0000000798b00000,0x0000000799500000)
 ParOldGen       total 70656K, used 14345K [0x0000000740000000, 0x0000000744500000, 0x0000000795580000)
  object space 70656K, 20% used [0x0000000740000000,0x0000000740e026f0,0x0000000744500000)
 Metaspace       used 23768K, capacity 24037K, committed 24320K, reserved 1071104K
  class space    used 2356K, capacity 2451K, committed 2560K, reserved 1048576K
Event: 136.602 GC heap after
Heap after GC invocations=13 (full 1):
 PSYoungGen      total 52736K, used 4976K [0x0000000795580000, 0x0000000799380000, 0x00000007c0000000)
  eden space 44032K, 0% used [0x0000000795580000,0x0000000795580000,0x0000000798080000)
  from space 8704K, 57% used [0x0000000798b00000,0x0000000798fdc100,0x0000000799380000)
  to   space 9728K, 0% used [0x0000000798080000,0x0000000798080000,0x0000000798a00000)
 ParOldGen       total 70656K, used 14345K [0x0000000740000000, 0x0000000744500000, 0x0000000795580000)
  object space 70656K, 20% used [0x0000000740000000,0x0000000740e026f0,0x0000000744500000)
 Metaspace       used 23768K, capacity 24037K, committed 24320K, reserved 1071104K
  class space    used 2356K, capacity 2451K, committed 2560K, reserved 1048576K
}
Event: 151.648 GC heap before
{Heap before GC invocations=14 (full 1):
 PSYoungGen      total 52736K, used 49008K [0x0000000795580000, 0x0000000799380000, 0x00000007c0000000)
  eden space 44032K, 100% used [0x0000000795580000,0x0000000798080000,0x0000000798080000)
  from space 8704K, 57% used [0x0000000798b00000,0x0000000798fdc100,0x0000000799380000)
  to   space 9728K, 0% used [0x0000000798080000,0x0000000798080000,0x0000000798a00000)
 ParOldGen       total 70656K, used 14345K [0x0000000740000000, 0x0000000744500000, 0x0000000795580000)
  object space 70656K, 20% used [0x0000000740000000,0x0000000740e026f0,0x0000000744500000)
 Metaspace       used 23768K, capacity 24037K, committed 24320K, reserved 1071104K
  class space    used 2356K, capacity 2451K, committed 2560K, reserved 1048576K
Event: 151.651 GC heap after
Heap after GC invocations=14 (full 1):
 PSYoungGen      total 48640K, used 4928K [0x0000000795580000, 0x0000000799300000, 0x00000007c0000000)
  eden space 43520K, 0% used [0x0000000795580000,0x0000000795580000,0x0000000798000000)
  from space 5120K, 96% used [0x0000000798080000,0x00000007985500f0,0x0000000798580000)
  to   space 9728K, 0% used [0x0000000798980000,0x0000000798980000,0x0000000799300000)
 ParOldGen       total 70656K, used 14345K [0x0000000740000000, 0x0000000744500000, 0x0000000795580000)
  object space 70656K, 20% used [0x0000000740000000,0x0000000740e026f0,0x0000000744500000)
 Metaspace       used 23768K, capacity 24037K, committed 24320K, reserved 1071104K
  class space    used 2356K, capacity 2451K, committed 2560K, reserved 1048576K
}
Event: 167.171 GC heap before
{Heap before GC invocations=15 (full 1):
 PSYoungGen      total 48640K, used 48448K [0x0000000795580000, 0x0000000799300000, 0x00000007c0000000)
  eden space 43520K, 100% used [0x0000000795580000,0x0000000798000000,0x0000000798000000)
  from space 5120K, 96% used [0x0000000798080000,0x00000007985500f0,0x0000000798580000)
  to   space 9728K, 0% used [0x0000000798980000,0x0000000798980000,0x0000000799300000)
 ParOldGen       total 70656K, used 14345K [0x0000000740000000, 0x0000000744500000, 0x0000000795580000)
  object space 70656K, 20% used [0x0000000740000000,0x0000000740e026f0,0x0000000744500000)
 Metaspace       used 23768K, capacity 24037K, committed 24320K, reserved 1071104K
  class space    used 2356K, capacity 2451K, committed 2560K, reserved 1048576K
Event: 167.174 GC heap after
Heap after GC invocations=15 (full 1):
 PSYoungGen      total 51200K, used 4944K [0x0000000795580000, 0x0000000799180000, 0x00000007c0000000)
  eden space 43008K, 0% used [0x0000000795580000,0x0000000795580000,0x0000000797f80000)
  from space 8192K, 60% used [0x0000000798980000,0x0000000798e54100,0x0000000799180000)
  to   space 9216K, 0% used [0x0000000797f80000,0x0000000797f80000,0x0000000798880000)
 ParOldGen       total 70656K, used 14345K [0x0000000740000000, 0x0000000744500000, 0x0000000795580000)
  object space 70656K, 20% used [0x0000000740000000,0x0000000740e026f0,0x0000000744500000)
 Metaspace       used 23768K, capacity 24037K, committed 24320K, reserved 1071104K
  class space    used 2356K, capacity 2451K, committed 2560K, reserved 1048576K
}
Event: 182.093 GC heap before
{Heap before GC invocations=16 (full 1):
 PSYoungGen      total 51200K, used 47952K [0x0000000795580000, 0x0000000799180000, 0x00000007c0000000)
  eden space 43008K, 100% used [0x0000000795580000,0x0000000797f80000,0x0000000797f80000)
  from space 8192K, 60% used [0x0000000798980000,0x0000000798e54100,0x0000000799180000)
  to   space 9216K, 0% used [0x0000000797f80000,0x0000000797f80000,0x0000000798880000)
 ParOldGen       total 70656K, used 14345K [0x0000000740000000, 0x0000000744500000, 0x0000000795580000)
  object space 70656K, 20% used [0x0000000740000000,0x0000000740e026f0,0x0000000744500000)
 Metaspace       used 23768K, capacity 24037K, committed 24320K, reserved 1071104K
  class space    used 2356K, capacity 2451K, committed 2560K, reserved 1048576K
Event: 182.096 GC heap after
Heap after GC invocations=16 (full 1):
 PSYoungGen      total 47616K, used 4880K [0x0000000795580000, 0x0000000799100000, 0x00000007c0000000)
  eden space 42496K, 0% used [0x0000000795580000,0x0000000795580000,0x0000000797f00000)
  from space 5120K, 95% used [0x0000000797f80000,0x0000000798444100,0x0000000798480000)
  to   space 9216K, 0% used [0x0000000798800000,0x0000000798800000,0x0000000799100000)
 ParOldGen       total 70656K, used 14345K [0x0000000740000000, 0x0000000744500000, 0x0000000795580000)
  object space 70656K, 20% used [0x0000000740000000,0x0000000740e026f0,0x0000000744500000)
 Metaspace       used 23768K, capacity 24037K, committed 24320K, reserved 1071104K
  class space    used 2356K, capacity 2451K, committed 2560K, reserved 1048576K
}

