# JRE version: Java(TM) SE Runtime Environment (8.0_111-b14) (build 1.8.0_111-b14)
# Java VM: Java HotSpot(TM) 64-Bit Server VM (25.111-b14 mixed mode bsd-amd64 compressed oops)
Heap:
 PSYoungGen      total 24576K, used 3497K [0x0000000795580000, 0x0000000797400000, 0x00000007c0000000)
  eden space 24064K, 14% used [0x0000000795580000,0x00000007958ea418,0x0000000796d00000)
  from space 512K, 0% used [0x0000000796d00000,0x0000000796d00000,0x0000000796d80000)
  to   space 3584K, 0% used [0x0000000797080000,0x0000000797080000,0x0000000797400000)
 ParOldGen       total 52224K, used 14964K [0x0000000740000000, 0x0000000743300000, 0x0000000795580000)
  object space 52224K, 28% used [0x0000000740000000,0x0000000740e9d170,0x0000000743300000)
 Metaspace       used 20997K, capacity 21155K, committed 21552K, reserved 1069056K
  class space    used 2056K, capacity 2114K, committed 2176K, reserved 1048576K
GC Heap History (10 events):
Event: 206.884 GC heap before
{Heap before GC invocations=32 (full 0):
 PSYoungGen      total 24576K, used 24128K [0x0000000795580000, 0x0000000797600000, 0x00000007c0000000)
  eden space 24064K, 100% used [0x0000000795580000,0x0000000796d00000,0x0000000796d00000)
  from space 512K, 12% used [0x0000000796d00000,0x0000000796d10000,0x0000000796d80000)
  to   space 4608K, 0% used [0x0000000797180000,0x0000000797180000,0x0000000797600000)
 ParOldGen       total 87552K, used 16706K [0x0000000740000000, 0x0000000745580000, 0x0000000795580000)
  object space 87552K, 19% used [0x0000000740000000,0x00000007410509e0,0x0000000745580000)
 Metaspace       used 20908K, capacity 21091K, committed 21296K, reserved 1069056K
  class space    used 2045K, capacity 2114K, committed 2176K, reserved 1048576K
Event: 206.885 GC heap after
Heap after GC invocations=32 (full 0):
 PSYoungGen      total 28672K, used 128K [0x0000000795580000, 0x0000000797600000, 0x00000007c0000000)
  eden space 24064K, 0% used [0x0000000795580000,0x0000000795580000,0x0000000796d00000)
  from space 4608K, 2% used [0x0000000797180000,0x00000007971a0000,0x0000000797600000)
  to   space 4608K, 0% used [0x0000000796d00000,0x0000000796d00000,0x0000000797180000)
 ParOldGen       total 87552K, used 16706K [0x0000000740000000, 0x0000000745580000, 0x0000000795580000)
  object space 87552K, 19% used [0x0000000740000000,0x00000007410509e0,0x0000000745580000)
 Metaspace       used 20908K, capacity 21091K, committed 21296K, reserved 1069056K
  class space    used 2045K, capacity 2114K, committed 2176K, reserved 1048576K
}
Event: 212.987 GC heap before
{Heap before GC invocations=33 (full 0):
 PSYoungGen      total 28672K, used 24192K [0x0000000795580000, 0x0000000797600000, 0x00000007c0000000)
  eden space 24064K, 100% used [0x0000000795580000,0x0000000796d00000,0x0000000796d00000)
  from space 4608K, 2% used [0x0000000797180000,0x00000007971a0000,0x0000000797600000)
  to   space 4608K, 0% used [0x0000000796d00000,0x0000000796d00000,0x0000000797180000)
 ParOldGen       total 87552K, used 16706K [0x0000000740000000, 0x0000000745580000, 0x0000000795580000)
  object space 87552K, 19% used [0x0000000740000000,0x00000007410509e0,0x0000000745580000)
 Metaspace       used 20908K, capacity 21091K, committed 21296K, reserved 1069056K
  class space    used 2045K, capacity 2114K, committed 2176K, reserved 1048576K
Event: 212.989 GC heap after
Heap after GC invocations=33 (full 0):
 PSYoungGen      total 24576K, used 128K [0x0000000795580000, 0x0000000797500000, 0x00000007c0000000)
  eden space 24064K, 0% used [0x0000000795580000,0x0000000795580000,0x0000000796d00000)
  from space 512K, 25% used [0x0000000796d00000,0x0000000796d20000,0x0000000796d80000)
  to   space 4096K, 0% used [0x0000000797100000,0x0000000797100000,0x0000000797500000)
 ParOldGen       total 87552K, used 16706K [0x0000000740000000, 0x0000000745580000, 0x0000000795580000)
  object space 87552K, 19% used [0x0000000740000000,0x00000007410509e0,0x0000000745580000)
 Metaspace       used 20908K, capacity 21091K, committed 21296K, reserved 1069056K
  class space    used 2045K, capacity 2114K, committed 2176K, reserved 1048576K
}
Event: 219.088 GC heap before
{Heap before GC invocations=34 (full 0):
 PSYoungGen      total 24576K, used 24192K [0x0000000795580000, 0x0000000797500000, 0x00000007c0000000)
  eden space 24064K, 100% used [0x0000000795580000,0x0000000796d00000,0x0000000796d00000)
  from space 512K, 25% used [0x0000000796d00000,0x0000000796d20000,0x0000000796d80000)
  to   space 4096K, 0% used [0x0000000797100000,0x0000000797100000,0x0000000797500000)
 ParOldGen       total 87552K, used 16706K [0x0000000740000000, 0x0000000745580000, 0x0000000795580000)
  object space 87552K, 19% used [0x0000000740000000,0x00000007410509e0,0x0000000745580000)
 Metaspace       used 20908K, capacity 21091K, committed 21296K, reserved 1069056K
  class space    used 2045K, capacity 2114K, committed 2176K, reserved 1048576K
Event: 219.090 GC heap after
Heap after GC invocations=34 (full 0):
 PSYoungGen      total 28160K, used 96K [0x0000000795580000, 0x0000000797500000, 0x00000007c0000000)
  eden space 24064K, 0% used [0x0000000795580000,0x0000000795580000,0x0000000796d00000)
  from space 4096K, 2% used [0x0000000797100000,0x0000000797118000,0x0000000797500000)
  to   space 4096K, 0% used [0x0000000796d00000,0x0000000796d00000,0x0000000797100000)
 ParOldGen       total 87552K, used 16706K [0x0000000740000000, 0x0000000745580000, 0x0000000795580000)
  object space 87552K, 19% used [0x0000000740000000,0x00000007410509e0,0x0000000745580000)
 Metaspace       used 20908K, capacity 21091K, committed 21296K, reserved 1069056K
  class space    used 2045K, capacity 2114K, committed 2176K, reserved 1048576K
}
Event: 223.228 GC heap before
{Heap before GC invocations=35 (full 0):
 PSYoungGen      total 28160K, used 15541K [0x0000000795580000, 0x0000000797500000, 0x00000007c0000000)
  eden space 24064K, 64% used [0x0000000795580000,0x0000000796495590,0x0000000796d00000)
  from space 4096K, 2% used [0x0000000797100000,0x0000000797118000,0x0000000797500000)
  to   space 4096K, 0% used [0x0000000796d00000,0x0000000796d00000,0x0000000797100000)
 ParOldGen       total 87552K, used 16706K [0x0000000740000000, 0x0000000745580000, 0x0000000795580000)
  object space 87552K, 19% used [0x0000000740000000,0x00000007410509e0,0x0000000745580000)
 Metaspace       used 20918K, capacity 21091K, committed 21296K, reserved 1069056K
  class space    used 2045K, capacity 2114K, committed 2176K, reserved 1048576K
Event: 223.230 GC heap after
Heap after GC invocations=35 (full 0):
 PSYoungGen      total 24576K, used 96K [0x0000000795580000, 0x0000000797400000, 0x00000007c0000000)
  eden space 24064K, 0% used [0x0000000795580000,0x0000000795580000,0x0000000796d00000)
  from space 512K, 18% used [0x0000000796d00000,0x0000000796d18000,0x0000000796d80000)
  to   space 3584K, 0% used [0x0000000797080000,0x0000000797080000,0x0000000797400000)
 ParOldGen       total 87552K, used 16706K [0x0000000740000000, 0x0000000745580000, 0x0000000795580000)
  object space 87552K, 19% used [0x0000000740000000,0x00000007410509e0,0x0000000745580000)
 Metaspace       used 20918K, capacity 21091K, committed 21296K, reserved 1069056K
  class space    used 2045K, capacity 2114K, committed 2176K, reserved 1048576K
}
Event: 223.230 GC heap before
{Heap before GC invocations=36 (full 1):
 PSYoungGen      total 24576K, used 96K [0x0000000795580000, 0x0000000797400000, 0x00000007c0000000)
  eden space 24064K, 0% used [0x0000000795580000,0x0000000795580000,0x0000000796d00000)
  from space 512K, 18% used [0x0000000796d00000,0x0000000796d18000,0x0000000796d80000)
  to   space 3584K, 0% used [0x0000000797080000,0x0000000797080000,0x0000000797400000)
 ParOldGen       total 87552K, used 16706K [0x0000000740000000, 0x0000000745580000, 0x0000000795580000)
  object space 87552K, 19% used [0x0000000740000000,0x00000007410509e0,0x0000000745580000)
 Metaspace       used 20918K, capacity 21091K, committed 21296K, reserved 1069056K
  class space    used 2045K, capacity 2114K, committed 2176K, reserved 1048576K
Event: 223.310 GC heap after
Heap after GC invocations=36 (full 1):
 PSYoungGen      total 24576K, used 0K [0x0000000795580000, 0x0000000797400000, 0x00000007c0000000)
  eden space 24064K, 0% used [0x0000000795580000,0x0000000795580000,0x0000000796d00000)
  from space 512K, 0% used [0x0000000796d00000,0x0000000796d00000,0x0000000796d80000)
  to   space 3584K, 0% used [0x0000000797080000,0x0000000797080000,0x0000000797400000)
 ParOldGen       total 52224K, used 14964K [0x0000000740000000, 0x0000000743300000, 0x0000000795580000)
  object space 52224K, 28% used [0x0000000740000000,0x0000000740e9d170,0x0000000743300000)
 Metaspace       used 20918K, capacity 21091K, committed 21296K, reserved 1069056K
  class space    used 2045K, capacity 2114K, committed 2176K, reserved 1048576K
}

