# JRE version: Java(TM) SE Runtime Environment (8.0_111-b14) (build 1.8.0_111-b14)
# Java VM: Java HotSpot(TM) 64-Bit Server VM (25.111-b14 mixed mode bsd-amd64 compressed oops)
Heap:
 PSYoungGen      total 27136K, used 24809K [0x0000000795580000, 0x0000000797a80000, 0x00000007c0000000)
  eden space 26624K, 92% used [0x0000000795580000,0x0000000796daa768,0x0000000796f80000)
  from space 512K, 12% used [0x0000000797a00000,0x0000000797a10000,0x0000000797a80000)
  to   space 512K, 0% used [0x0000000797980000,0x0000000797980000,0x0000000797a00000)
 ParOldGen       total 55296K, used 19833K [0x0000000740000000, 0x0000000743600000, 0x0000000795580000)
  object space 55296K, 35% used [0x0000000740000000,0x000000074135e440,0x0000000743600000)
 Metaspace       used 24287K, capacity 24537K, committed 24832K, reserved 1071104K
  class space    used 2397K, capacity 2485K, committed 2560K, reserved 1048576K
GC Heap History (10 events):
Event: 10901.104 GC heap before
{Heap before GC invocations=1911 (full 1):
 PSYoungGen      total 27136K, used 26688K [0x0000000795580000, 0x0000000797a80000, 0x00000007c0000000)
  eden space 26624K, 100% used [0x0000000795580000,0x0000000796f80000,0x0000000796f80000)
  from space 512K, 12% used [0x0000000797980000,0x0000000797990000,0x0000000797a00000)
  to   space 512K, 0% used [0x0000000797a00000,0x0000000797a00000,0x0000000797a80000)
 ParOldGen       total 55296K, used 19833K [0x0000000740000000, 0x0000000743600000, 0x0000000795580000)
  object space 55296K, 35% used [0x0000000740000000,0x000000074135e440,0x0000000743600000)
 Metaspace       used 24230K, capacity 24473K, committed 24832K, reserved 1071104K
  class space    used 2389K, capacity 2485K, committed 2560K, reserved 1048576K
Event: 10901.106 GC heap after
Heap after GC invocations=1911 (full 1):
 PSYoungGen      total 27136K, used 64K [0x0000000795580000, 0x0000000797a80000, 0x00000007c0000000)
  eden space 26624K, 0% used [0x0000000795580000,0x0000000795580000,0x0000000796f80000)
  from space 512K, 12% used [0x0000000797a00000,0x0000000797a10000,0x0000000797a80000)
  to   space 512K, 0% used [0x0000000797980000,0x0000000797980000,0x0000000797a00000)
 ParOldGen       total 55296K, used 19833K [0x0000000740000000, 0x0000000743600000, 0x0000000795580000)
  object space 55296K, 35% used [0x0000000740000000,0x000000074135e440,0x0000000743600000)
 Metaspace       used 24230K, capacity 24473K, committed 24832K, reserved 1071104K
  class space    used 2389K, capacity 2485K, committed 2560K, reserved 1048576K
}
Event: 10906.491 GC heap before
{Heap before GC invocations=1912 (full 1):
 PSYoungGen      total 27136K, used 26688K [0x0000000795580000, 0x0000000797a80000, 0x00000007c0000000)
  eden space 26624K, 100% used [0x0000000795580000,0x0000000796f80000,0x0000000796f80000)
  from space 512K, 12% used [0x0000000797a00000,0x0000000797a10000,0x0000000797a80000)
  to   space 512K, 0% used [0x0000000797980000,0x0000000797980000,0x0000000797a00000)
 ParOldGen       total 55296K, used 19833K [0x0000000740000000, 0x0000000743600000, 0x0000000795580000)
  object space 55296K, 35% used [0x0000000740000000,0x000000074135e440,0x0000000743600000)
 Metaspace       used 24230K, capacity 24473K, committed 24832K, reserved 1071104K
  class space    used 2389K, capacity 2485K, committed 2560K, reserved 1048576K
Event: 10906.493 GC heap after
Heap after GC invocations=1912 (full 1):
 PSYoungGen      total 27136K, used 96K [0x0000000795580000, 0x0000000797a80000, 0x00000007c0000000)
  eden space 26624K, 0% used [0x0000000795580000,0x0000000795580000,0x0000000796f80000)
  from space 512K, 18% used [0x0000000797980000,0x0000000797998000,0x0000000797a00000)
  to   space 512K, 0% used [0x0000000797a00000,0x0000000797a00000,0x0000000797a80000)
 ParOldGen       total 55296K, used 19833K [0x0000000740000000, 0x0000000743600000, 0x0000000795580000)
  object space 55296K, 35% used [0x0000000740000000,0x000000074135e440,0x0000000743600000)
 Metaspace       used 24230K, capacity 24473K, committed 24832K, reserved 1071104K
  class space    used 2389K, capacity 2485K, committed 2560K, reserved 1048576K
}
Event: 10912.042 GC heap before
{Heap before GC invocations=1913 (full 1):
 PSYoungGen      total 27136K, used 26720K [0x0000000795580000, 0x0000000797a80000, 0x00000007c0000000)
  eden space 26624K, 100% used [0x0000000795580000,0x0000000796f80000,0x0000000796f80000)
  from space 512K, 18% used [0x0000000797980000,0x0000000797998000,0x0000000797a00000)
  to   space 512K, 0% used [0x0000000797a00000,0x0000000797a00000,0x0000000797a80000)
 ParOldGen       total 55296K, used 19833K [0x0000000740000000, 0x0000000743600000, 0x0000000795580000)
  object space 55296K, 35% used [0x0000000740000000,0x000000074135e440,0x0000000743600000)
 Metaspace       used 24230K, capacity 24473K, committed 24832K, reserved 1071104K
  class space    used 2389K, capacity 2485K, committed 2560K, reserved 1048576K
Event: 10912.043 GC heap after
Heap after GC invocations=1913 (full 1):
 PSYoungGen      total 27136K, used 96K [0x0000000795580000, 0x0000000797a80000, 0x00000007c0000000)
  eden space 26624K, 0% used [0x0000000795580000,0x0000000795580000,0x0000000796f80000)
  from space 512K, 18% used [0x0000000797a00000,0x0000000797a18000,0x0000000797a80000)
  to   space 512K, 0% used [0x0000000797980000,0x0000000797980000,0x0000000797a00000)
 ParOldGen       total 55296K, used 19833K [0x0000000740000000, 0x0000000743600000, 0x0000000795580000)
  object space 55296K, 35% used [0x0000000740000000,0x000000074135e440,0x0000000743600000)
 Metaspace       used 24230K, capacity 24473K, committed 24832K, reserved 1071104K
  class space    used 2389K, capacity 2485K, committed 2560K, reserved 1048576K
}
Event: 10917.780 GC heap before
{Heap before GC invocations=1914 (full 1):
 PSYoungGen      total 27136K, used 26720K [0x0000000795580000, 0x0000000797a80000, 0x00000007c0000000)
  eden space 26624K, 100% used [0x0000000795580000,0x0000000796f80000,0x0000000796f80000)
  from space 512K, 18% used [0x0000000797a00000,0x0000000797a18000,0x0000000797a80000)
  to   space 512K, 0% used [0x0000000797980000,0x0000000797980000,0x0000000797a00000)
 ParOldGen       total 55296K, used 19833K [0x0000000740000000, 0x0000000743600000, 0x0000000795580000)
  object space 55296K, 35% used [0x0000000740000000,0x000000074135e440,0x0000000743600000)
 Metaspace       used 24230K, capacity 24473K, committed 24832K, reserved 1071104K
  class space    used 2389K, capacity 2485K, committed 2560K, reserved 1048576K
Event: 10917.781 GC heap after
Heap after GC invocations=1914 (full 1):
 PSYoungGen      total 27136K, used 64K [0x0000000795580000, 0x0000000797a80000, 0x00000007c0000000)
  eden space 26624K, 0% used [0x0000000795580000,0x0000000795580000,0x0000000796f80000)
  from space 512K, 12% used [0x0000000797980000,0x0000000797990000,0x0000000797a00000)
  to   space 512K, 0% used [0x0000000797a00000,0x0000000797a00000,0x0000000797a80000)
 ParOldGen       total 55296K, used 19833K [0x0000000740000000, 0x0000000743600000, 0x0000000795580000)
  object space 55296K, 35% used [0x0000000740000000,0x000000074135e440,0x0000000743600000)
 Metaspace       used 24230K, capacity 24473K, committed 24832K, reserved 1071104K
  class space    used 2389K, capacity 2485K, committed 2560K, reserved 1048576K
}
Event: 10923.182 GC heap before
{Heap before GC invocations=1915 (full 1):
 PSYoungGen      total 27136K, used 26688K [0x0000000795580000, 0x0000000797a80000, 0x00000007c0000000)
  eden space 26624K, 100% used [0x0000000795580000,0x0000000796f80000,0x0000000796f80000)
  from space 512K, 12% used [0x0000000797980000,0x0000000797990000,0x0000000797a00000)
  to   space 512K, 0% used [0x0000000797a00000,0x0000000797a00000,0x0000000797a80000)
 ParOldGen       total 55296K, used 19833K [0x0000000740000000, 0x0000000743600000, 0x0000000795580000)
  object space 55296K, 35% used [0x0000000740000000,0x000000074135e440,0x0000000743600000)
 Metaspace       used 24230K, capacity 24473K, committed 24832K, reserved 1071104K
  class space    used 2389K, capacity 2485K, committed 2560K, reserved 1048576K
Event: 10923.185 GC heap after
Heap after GC invocations=1915 (full 1):
 PSYoungGen      total 27136K, used 64K [0x0000000795580000, 0x0000000797a80000, 0x00000007c0000000)
  eden space 26624K, 0% used [0x0000000795580000,0x0000000795580000,0x0000000796f80000)
  from space 512K, 12% used [0x0000000797a00000,0x0000000797a10000,0x0000000797a80000)
  to   space 512K, 0% used [0x0000000797980000,0x0000000797980000,0x0000000797a00000)
 ParOldGen       total 55296K, used 19833K [0x0000000740000000, 0x0000000743600000, 0x0000000795580000)
  object space 55296K, 35% used [0x0000000740000000,0x000000074135e440,0x0000000743600000)
 Metaspace       used 24230K, capacity 24473K, committed 24832K, reserved 1071104K
  class space    used 2389K, capacity 2485K, committed 2560K, reserved 1048576K
}

