# JRE version: Java(TM) SE Runtime Environment (8.0_111-b14) (build 1.8.0_111-b14)
# Java VM: Java HotSpot(TM) 64-Bit Server VM (25.111-b14 mixed mode bsd-amd64 compressed oops)
Heap:
 PSYoungGen      total 56832K, used 12440K [0x0000000795580000, 0x0000000799d00000, 0x00000007c0000000)
  eden space 44544K, 27% used [0x0000000795580000,0x0000000796186320,0x0000000798100000)
  from space 12288K, 1% used [0x0000000799100000,0x0000000799120000,0x0000000799d00000)
  to   space 14336K, 0% used [0x0000000798100000,0x0000000798100000,0x0000000798f00000)
 ParOldGen       total 76288K, used 16778K [0x0000000740000000, 0x0000000744a80000, 0x0000000795580000)
  object space 76288K, 21% used [0x0000000740000000,0x0000000741062918,0x0000000744a80000)
 Metaspace       used 21368K, capacity 21547K, committed 21936K, reserved 1069056K
  class space    used 2100K, capacity 2178K, committed 2304K, reserved 1048576K
GC Heap History (10 events):
Event: 6.191 GC heap before
{Heap before GC invocations=3 (full 0):
 PSYoungGen      total 38400K, used 38382K [0x0000000795580000, 0x0000000798000000, 0x00000007c0000000)
  eden space 33280K, 100% used [0x0000000795580000,0x0000000797600000,0x0000000797600000)
  from space 5120K, 99% used [0x0000000797b00000,0x0000000797ffbb50,0x0000000798000000)
  to   space 5120K, 0% used [0x0000000797600000,0x0000000797600000,0x0000000797b00000)
 ParOldGen       total 87552K, used 7230K [0x0000000740000000, 0x0000000745580000, 0x0000000795580000)
  object space 87552K, 8% used [0x0000000740000000,0x000000074070f8b8,0x0000000745580000)
 Metaspace       used 20533K, capacity 20747K, committed 21120K, reserved 1069056K
  class space    used 2056K, capacity 2146K, committed 2176K, reserved 1048576K
Event: 6.204 GC heap after
Heap after GC invocations=3 (full 0):
 PSYoungGen      total 38400K, used 5104K [0x0000000795580000, 0x0000000798000000, 0x00000007c0000000)
  eden space 33280K, 0% used [0x0000000795580000,0x0000000795580000,0x0000000797600000)
  from space 5120K, 99% used [0x0000000797600000,0x0000000797afc120,0x0000000797b00000)
  to   space 5120K, 0% used [0x0000000797b00000,0x0000000797b00000,0x0000000798000000)
 ParOldGen       total 87552K, used 11208K [0x0000000740000000, 0x0000000745580000, 0x0000000795580000)
  object space 87552K, 12% used [0x0000000740000000,0x0000000740af2090,0x0000000745580000)
 Metaspace       used 20533K, capacity 20747K, committed 21120K, reserved 1069056K
  class space    used 2056K, capacity 2146K, committed 2176K, reserved 1048576K
}
Event: 7.461 GC heap before
{Heap before GC invocations=4 (full 0):
 PSYoungGen      total 38400K, used 30327K [0x0000000795580000, 0x0000000798000000, 0x00000007c0000000)
  eden space 33280K, 75% used [0x0000000795580000,0x0000000796e21c78,0x0000000797600000)
  from space 5120K, 99% used [0x0000000797600000,0x0000000797afc120,0x0000000797b00000)
  to   space 5120K, 0% used [0x0000000797b00000,0x0000000797b00000,0x0000000798000000)
 ParOldGen       total 87552K, used 11208K [0x0000000740000000, 0x0000000745580000, 0x0000000795580000)
  object space 87552K, 12% used [0x0000000740000000,0x0000000740af2090,0x0000000745580000)
 Metaspace       used 20945K, capacity 21131K, committed 21296K, reserved 1069056K
  class space    used 2091K, capacity 2146K, committed 2176K, reserved 1048576K
Event: 7.473 GC heap after
Heap after GC invocations=4 (full 0):
 PSYoungGen      total 38400K, used 5096K [0x0000000795580000, 0x0000000798000000, 0x00000007c0000000)
  eden space 33280K, 0% used [0x0000000795580000,0x0000000795580000,0x0000000797600000)
  from space 5120K, 99% used [0x0000000797b00000,0x0000000797ffa140,0x0000000798000000)
  to   space 5120K, 0% used [0x0000000797600000,0x0000000797600000,0x0000000797b00000)
 ParOldGen       total 87552K, used 12560K [0x0000000740000000, 0x0000000745580000, 0x0000000795580000)
  object space 87552K, 14% used [0x0000000740000000,0x0000000740c44228,0x0000000745580000)
 Metaspace       used 20945K, capacity 21131K, committed 21296K, reserved 1069056K
  class space    used 2091K, capacity 2146K, committed 2176K, reserved 1048576K
}
Event: 7.473 GC heap before
{Heap before GC invocations=5 (full 1):
 PSYoungGen      total 38400K, used 5096K [0x0000000795580000, 0x0000000798000000, 0x00000007c0000000)
  eden space 33280K, 0% used [0x0000000795580000,0x0000000795580000,0x0000000797600000)
  from space 5120K, 99% used [0x0000000797b00000,0x0000000797ffa140,0x0000000798000000)
  to   space 5120K, 0% used [0x0000000797600000,0x0000000797600000,0x0000000797b00000)
 ParOldGen       total 87552K, used 12560K [0x0000000740000000, 0x0000000745580000, 0x0000000795580000)
  object space 87552K, 14% used [0x0000000740000000,0x0000000740c44228,0x0000000745580000)
 Metaspace       used 20945K, capacity 21131K, committed 21296K, reserved 1069056K
  class space    used 2091K, capacity 2146K, committed 2176K, reserved 1048576K
Event: 7.535 GC heap after
Heap after GC invocations=5 (full 1):
 PSYoungGen      total 38400K, used 0K [0x0000000795580000, 0x0000000798000000, 0x00000007c0000000)
  eden space 33280K, 0% used [0x0000000795580000,0x0000000795580000,0x0000000797600000)
  from space 5120K, 0% used [0x0000000797b00000,0x0000000797b00000,0x0000000798000000)
  to   space 5120K, 0% used [0x0000000797600000,0x0000000797600000,0x0000000797b00000)
 ParOldGen       total 76288K, used 16762K [0x0000000740000000, 0x0000000744a80000, 0x0000000795580000)
  object space 76288K, 21% used [0x0000000740000000,0x000000074105e918,0x0000000744a80000)
 Metaspace       used 20945K, capacity 21131K, committed 21296K, reserved 1069056K
  class space    used 2091K, capacity 2146K, committed 2176K, reserved 1048576K
}
Event: 11.246 GC heap before
{Heap before GC invocations=6 (full 1):
 PSYoungGen      total 38400K, used 33280K [0x0000000795580000, 0x0000000798000000, 0x00000007c0000000)
  eden space 33280K, 100% used [0x0000000795580000,0x0000000797600000,0x0000000797600000)
  from space 5120K, 0% used [0x0000000797b00000,0x0000000797b00000,0x0000000798000000)
  to   space 5120K, 0% used [0x0000000797600000,0x0000000797600000,0x0000000797b00000)
 ParOldGen       total 76288K, used 16762K [0x0000000740000000, 0x0000000744a80000, 0x0000000795580000)
  object space 76288K, 21% used [0x0000000740000000,0x000000074105e918,0x0000000744a80000)
 Metaspace       used 21170K, capacity 21323K, committed 21552K, reserved 1069056K
  class space    used 2091K, capacity 2146K, committed 2176K, reserved 1048576K
Event: 11.249 GC heap after
Heap after GC invocations=6 (full 1):
 PSYoungGen      total 38400K, used 128K [0x0000000795580000, 0x0000000799f00000, 0x00000007c0000000)
  eden space 33280K, 0% used [0x0000000795580000,0x0000000795580000,0x0000000797600000)
  from space 5120K, 2% used [0x0000000797600000,0x0000000797620000,0x0000000797b00000)
  to   space 14336K, 0% used [0x0000000799100000,0x0000000799100000,0x0000000799f00000)
 ParOldGen       total 76288K, used 16770K [0x0000000740000000, 0x0000000744a80000, 0x0000000795580000)
  object space 76288K, 21% used [0x0000000740000000,0x0000000741060918,0x0000000744a80000)
 Metaspace       used 21170K, capacity 21323K, committed 21552K, reserved 1069056K
  class space    used 2091K, capacity 2146K, committed 2176K, reserved 1048576K
}
Event: 15.081 GC heap before
{Heap before GC invocations=7 (full 1):
 PSYoungGen      total 38400K, used 33408K [0x0000000795580000, 0x0000000799f00000, 0x00000007c0000000)
  eden space 33280K, 100% used [0x0000000795580000,0x0000000797600000,0x0000000797600000)
  from space 5120K, 2% used [0x0000000797600000,0x0000000797620000,0x0000000797b00000)
  to   space 14336K, 0% used [0x0000000799100000,0x0000000799100000,0x0000000799f00000)
 ParOldGen       total 76288K, used 16770K [0x0000000740000000, 0x0000000744a80000, 0x0000000795580000)
  object space 76288K, 21% used [0x0000000740000000,0x0000000741060918,0x0000000744a80000)
 Metaspace       used 21325K, capacity 21515K, committed 21808K, reserved 1069056K
  class space    used 2092K, capacity 2146K, committed 2176K, reserved 1048576K
Event: 15.082 GC heap after
Heap after GC invocations=7 (full 1):
 PSYoungGen      total 56832K, used 128K [0x0000000795580000, 0x0000000799d00000, 0x00000007c0000000)
  eden space 44544K, 0% used [0x0000000795580000,0x0000000795580000,0x0000000798100000)
  from space 12288K, 1% used [0x0000000799100000,0x0000000799120000,0x0000000799d00000)
  to   space 14336K, 0% used [0x0000000798100000,0x0000000798100000,0x0000000798f00000)
 ParOldGen       total 76288K, used 16778K [0x0000000740000000, 0x0000000744a80000, 0x0000000795580000)
  object space 76288K, 21% used [0x0000000740000000,0x0000000741062918,0x0000000744a80000)
 Metaspace       used 21325K, capacity 21515K, committed 21808K, reserved 1069056K
  class space    used 2092K, capacity 2146K, committed 2176K, reserved 1048576K
}

