# JRE version: Java(TM) SE Runtime Environment (8.0_111-b14) (build 1.8.0_111-b14)
# Java VM: Java HotSpot(TM) 64-Bit Server VM (25.111-b14 mixed mode bsd-amd64 compressed oops)
Heap:
 PSYoungGen      total 176128K, used 124798K [0x0000000795580000, 0x00000007a2d00000, 0x00000007c0000000)
  eden space 160256K, 68% used [0x0000000795580000,0x000000079c053768,0x000000079f200000)
  from space 15872K, 97% used [0x00000007a1200000,0x00000007a210c3f0,0x00000007a2180000)
  to   space 11776K, 0% used [0x00000007a2180000,0x00000007a2180000,0x00000007a2d00000)
 ParOldGen       total 108544K, used 53190K [0x0000000740000000, 0x0000000746a00000, 0x0000000795580000)
  object space 108544K, 49% used [0x0000000740000000,0x00000007433f1918,0x0000000746a00000)
 Metaspace       used 25073K, capacity 25345K, committed 25600K, reserved 1073152K
  class space    used 2436K, capacity 2517K, committed 2560K, reserved 1048576K
GC Heap History (10 events):
Event: 52.249 GC heap before
{Heap before GC invocations=11 (full 1):
 PSYoungGen      total 152064K, used 146064K [0x0000000795580000, 0x00000007a1680000, 0x00000007c0000000)
  eden space 140800K, 100% used [0x0000000795580000,0x000000079df00000,0x000000079df00000)
  from space 11264K, 46% used [0x000000079df00000,0x000000079e424190,0x000000079ea00000)
  to   space 11264K, 0% used [0x00000007a0b80000,0x00000007a0b80000,0x00000007a1680000)
 ParOldGen       total 53248K, used 19668K [0x0000000740000000, 0x0000000743400000, 0x0000000795580000)
  object space 53248K, 36% used [0x0000000740000000,0x0000000741335180,0x0000000743400000)
 Metaspace       used 24747K, capacity 24961K, committed 25344K, reserved 1073152K
  class space    used 2413K, capacity 2517K, committed 2560K, reserved 1048576K
Event: 52.259 GC heap after
Heap after GC invocations=11 (full 1):
 PSYoungGen      total 182784K, used 11248K [0x0000000795580000, 0x00000007a1680000, 0x00000007c0000000)
  eden space 171520K, 0% used [0x0000000795580000,0x0000000795580000,0x000000079fd00000)
  from space 11264K, 99% used [0x00000007a0b80000,0x00000007a167c2e0,0x00000007a1680000)
  to   space 12288K, 0% used [0x000000079fe80000,0x000000079fe80000,0x00000007a0a80000)
 ParOldGen       total 53248K, used 23764K [0x0000000740000000, 0x0000000743400000, 0x0000000795580000)
  object space 53248K, 44% used [0x0000000740000000,0x0000000741735280,0x0000000743400000)
 Metaspace       used 24747K, capacity 24961K, committed 25344K, reserved 1073152K
  class space    used 2413K, capacity 2517K, committed 2560K, reserved 1048576K
}
Event: 58.052 GC heap before
{Heap before GC invocations=12 (full 1):
 PSYoungGen      total 182784K, used 182768K [0x0000000795580000, 0x00000007a1680000, 0x00000007c0000000)
  eden space 171520K, 100% used [0x0000000795580000,0x000000079fd00000,0x000000079fd00000)
  from space 11264K, 99% used [0x00000007a0b80000,0x00000007a167c2e0,0x00000007a1680000)
  to   space 12288K, 0% used [0x000000079fe80000,0x000000079fe80000,0x00000007a0a80000)
 ParOldGen       total 53248K, used 23764K [0x0000000740000000, 0x0000000743400000, 0x0000000795580000)
  object space 53248K, 44% used [0x0000000740000000,0x0000000741735280,0x0000000743400000)
 Metaspace       used 24826K, capacity 25089K, committed 25344K, reserved 1073152K
  class space    used 2413K, capacity 2517K, committed 2560K, reserved 1048576K
Event: 58.067 GC heap after
Heap after GC invocations=12 (full 1):
 PSYoungGen      total 185344K, used 12128K [0x0000000795580000, 0x00000007a3a00000, 0x00000007c0000000)
  eden space 173056K, 0% used [0x0000000795580000,0x0000000795580000,0x000000079fe80000)
  from space 12288K, 98% used [0x000000079fe80000,0x00000007a0a58340,0x00000007a0a80000)
  to   space 13824K, 0% used [0x00000007a2c80000,0x00000007a2c80000,0x00000007a3a00000)
 ParOldGen       total 53248K, used 38109K [0x0000000740000000, 0x0000000743400000, 0x0000000795580000)
  object space 53248K, 71% used [0x0000000740000000,0x0000000742537600,0x0000000743400000)
 Metaspace       used 24826K, capacity 25089K, committed 25344K, reserved 1073152K
  class space    used 2413K, capacity 2517K, committed 2560K, reserved 1048576K
}
Event: 63.921 GC heap before
{Heap before GC invocations=13 (full 1):
 PSYoungGen      total 185344K, used 185184K [0x0000000795580000, 0x00000007a3a00000, 0x00000007c0000000)
  eden space 173056K, 100% used [0x0000000795580000,0x000000079fe80000,0x000000079fe80000)
  from space 12288K, 98% used [0x000000079fe80000,0x00000007a0a58340,0x00000007a0a80000)
  to   space 13824K, 0% used [0x00000007a2c80000,0x00000007a2c80000,0x00000007a3a00000)
 ParOldGen       total 53248K, used 38109K [0x0000000740000000, 0x0000000743400000, 0x0000000795580000)
  object space 53248K, 71% used [0x0000000740000000,0x0000000742537600,0x0000000743400000)
 Metaspace       used 24903K, capacity 25217K, committed 25600K, reserved 1073152K
  class space    used 2413K, capacity 2517K, committed 2560K, reserved 1048576K
Event: 63.937 GC heap after
Heap after GC invocations=13 (full 1):
 PSYoungGen      total 180224K, used 13808K [0x0000000795580000, 0x00000007a3a00000, 0x00000007c0000000)
  eden space 166400K, 0% used [0x0000000795580000,0x0000000795580000,0x000000079f800000)
  from space 13824K, 99% used [0x00000007a2c80000,0x00000007a39fc380,0x00000007a3a00000)
  to   space 20480K, 0% used [0x00000007a1200000,0x00000007a1200000,0x00000007a2600000)
 ParOldGen       total 53248K, used 51182K [0x0000000740000000, 0x0000000743400000, 0x0000000795580000)
  object space 53248K, 96% used [0x0000000740000000,0x00000007431fb930,0x0000000743400000)
 Metaspace       used 24903K, capacity 25217K, committed 25600K, reserved 1073152K
  class space    used 2413K, capacity 2517K, committed 2560K, reserved 1048576K
}
Event: 63.937 GC heap before
{Heap before GC invocations=14 (full 2):
 PSYoungGen      total 180224K, used 13808K [0x0000000795580000, 0x00000007a3a00000, 0x00000007c0000000)
  eden space 166400K, 0% used [0x0000000795580000,0x0000000795580000,0x000000079f800000)
  from space 13824K, 99% used [0x00000007a2c80000,0x00000007a39fc380,0x00000007a3a00000)
  to   space 20480K, 0% used [0x00000007a1200000,0x00000007a1200000,0x00000007a2600000)
 ParOldGen       total 53248K, used 51182K [0x0000000740000000, 0x0000000743400000, 0x0000000795580000)
  object space 53248K, 96% used [0x0000000740000000,0x00000007431fb930,0x0000000743400000)
 Metaspace       used 24903K, capacity 25217K, committed 25600K, reserved 1073152K
  class space    used 2413K, capacity 2517K, committed 2560K, reserved 1048576K
Event: 64.012 GC heap after
Heap after GC invocations=14 (full 2):
 PSYoungGen      total 180224K, used 8971K [0x0000000795580000, 0x00000007a3a00000, 0x00000007c0000000)
  eden space 166400K, 0% used [0x0000000795580000,0x0000000795580000,0x000000079f800000)
  from space 13824K, 64% used [0x00000007a2c80000,0x00000007a3542ca0,0x00000007a3a00000)
  to   space 20480K, 0% used [0x00000007a1200000,0x00000007a1200000,0x00000007a2600000)
 ParOldGen       total 108544K, used 53174K [0x0000000740000000, 0x0000000746a00000, 0x0000000795580000)
  object space 108544K, 48% used [0x0000000740000000,0x00000007433ed918,0x0000000746a00000)
 Metaspace       used 24903K, capacity 25217K, committed 25600K, reserved 1073152K
  class space    used 2413K, capacity 2517K, committed 2560K, reserved 1048576K
}
Event: 74.425 GC heap before
{Heap before GC invocations=15 (full 2):
 PSYoungGen      total 180224K, used 175371K [0x0000000795580000, 0x00000007a3a00000, 0x00000007c0000000)
  eden space 166400K, 100% used [0x0000000795580000,0x000000079f800000,0x000000079f800000)
  from space 13824K, 64% used [0x00000007a2c80000,0x00000007a3542ca0,0x00000007a3a00000)
  to   space 20480K, 0% used [0x00000007a1200000,0x00000007a1200000,0x00000007a2600000)
 ParOldGen       total 108544K, used 53174K [0x0000000740000000, 0x0000000746a00000, 0x0000000795580000)
  object space 108544K, 48% used [0x0000000740000000,0x00000007433ed918,0x0000000746a00000)
 Metaspace       used 24939K, capacity 25217K, committed 25600K, reserved 1073152K
  class space    used 2413K, capacity 2517K, committed 2560K, reserved 1048576K
Event: 74.436 GC heap after
Heap after GC invocations=15 (full 2):
 PSYoungGen      total 176128K, used 15408K [0x0000000795580000, 0x00000007a2d00000, 0x00000007c0000000)
  eden space 160256K, 0% used [0x0000000795580000,0x0000000795580000,0x000000079f200000)
  from space 15872K, 97% used [0x00000007a1200000,0x00000007a210c3f0,0x00000007a2180000)
  to   space 11776K, 0% used [0x00000007a2180000,0x00000007a2180000,0x00000007a2d00000)
 ParOldGen       total 108544K, used 53190K [0x0000000740000000, 0x0000000746a00000, 0x0000000795580000)
  object space 108544K, 49% used [0x0000000740000000,0x00000007433f1918,0x0000000746a00000)
 Metaspace       used 24939K, capacity 25217K, committed 25600K, reserved 1073152K
  class space    used 2413K, capacity 2517K, committed 2560K, reserved 1048576K
}

