# JRE version: Java(TM) SE Runtime Environment (8.0_111-b14) (build 1.8.0_111-b14)
# Java VM: Java HotSpot(TM) 64-Bit Server VM (25.111-b14 mixed mode bsd-amd64 compressed oops)
Heap:
 PSYoungGen      total 61440K, used 16918K [0x0000000795580000, 0x0000000799880000, 0x00000007c0000000)
  eden space 58368K, 28% used [0x0000000795580000,0x00000007965ed930,0x0000000798e80000)
  from space 3072K, 3% used [0x0000000799580000,0x0000000799598000,0x0000000799880000)
  to   space 5120K, 0% used [0x0000000798e80000,0x0000000798e80000,0x0000000799380000)
 ParOldGen       total 56832K, used 20425K [0x0000000740000000, 0x0000000743780000, 0x0000000795580000)
  object space 56832K, 35% used [0x0000000740000000,0x00000007413f2738,0x0000000743780000)
 Metaspace       used 24285K, capacity 24601K, committed 24832K, reserved 1071104K
  class space    used 2396K, capacity 2485K, committed 2560K, reserved 1048576K
GC Heap History (10 events):
Event: 250.517 GC heap before
{Heap before GC invocations=35 (full 1):
 PSYoungGen      total 66560K, used 66112K [0x0000000795580000, 0x000000079a400000, 0x00000007c0000000)
  eden space 66048K, 100% used [0x0000000795580000,0x0000000799600000,0x0000000799600000)
  from space 512K, 12% used [0x0000000799780000,0x0000000799790000,0x0000000799800000)
  to   space 7168K, 0% used [0x0000000799d00000,0x0000000799d00000,0x000000079a400000)
 ParOldGen       total 56832K, used 20425K [0x0000000740000000, 0x0000000743780000, 0x0000000795580000)
  object space 56832K, 35% used [0x0000000740000000,0x00000007413f2738,0x0000000743780000)
 Metaspace       used 24245K, capacity 24473K, committed 24832K, reserved 1071104K
  class space    used 2388K, capacity 2485K, committed 2560K, reserved 1048576K
Event: 250.519 GC heap after
Heap after GC invocations=35 (full 1):
 PSYoungGen      total 69120K, used 96K [0x0000000795580000, 0x000000079a180000, 0x00000007c0000000)
  eden space 64512K, 0% used [0x0000000795580000,0x0000000795580000,0x0000000799480000)
  from space 4608K, 2% used [0x0000000799d00000,0x0000000799d18000,0x000000079a180000)
  to   space 6656K, 0% used [0x0000000799480000,0x0000000799480000,0x0000000799b00000)
 ParOldGen       total 56832K, used 20425K [0x0000000740000000, 0x0000000743780000, 0x0000000795580000)
  object space 56832K, 35% used [0x0000000740000000,0x00000007413f2738,0x0000000743780000)
 Metaspace       used 24245K, capacity 24473K, committed 24832K, reserved 1071104K
  class space    used 2388K, capacity 2485K, committed 2560K, reserved 1048576K
}
Event: 256.902 GC heap before
{Heap before GC invocations=36 (full 1):
 PSYoungGen      total 69120K, used 64608K [0x0000000795580000, 0x000000079a180000, 0x00000007c0000000)
  eden space 64512K, 100% used [0x0000000795580000,0x0000000799480000,0x0000000799480000)
  from space 4608K, 2% used [0x0000000799d00000,0x0000000799d18000,0x000000079a180000)
  to   space 6656K, 0% used [0x0000000799480000,0x0000000799480000,0x0000000799b00000)
 ParOldGen       total 56832K, used 20425K [0x0000000740000000, 0x0000000743780000, 0x0000000795580000)
  object space 56832K, 35% used [0x0000000740000000,0x00000007413f2738,0x0000000743780000)
 Metaspace       used 24245K, capacity 24473K, committed 24832K, reserved 1071104K
  class space    used 2388K, capacity 2485K, committed 2560K, reserved 1048576K
Event: 256.909 GC heap after
Heap after GC invocations=36 (full 1):
 PSYoungGen      total 63488K, used 96K [0x0000000795580000, 0x0000000799f00000, 0x00000007c0000000)
  eden space 62976K, 0% used [0x0000000795580000,0x0000000795580000,0x0000000799300000)
  from space 512K, 18% used [0x0000000799480000,0x0000000799498000,0x0000000799500000)
  to   space 6144K, 0% used [0x0000000799900000,0x0000000799900000,0x0000000799f00000)
 ParOldGen       total 56832K, used 20425K [0x0000000740000000, 0x0000000743780000, 0x0000000795580000)
  object space 56832K, 35% used [0x0000000740000000,0x00000007413f2738,0x0000000743780000)
 Metaspace       used 24245K, capacity 24473K, committed 24832K, reserved 1071104K
  class space    used 2388K, capacity 2485K, committed 2560K, reserved 1048576K
}
Event: 262.851 GC heap before
{Heap before GC invocations=37 (full 1):
 PSYoungGen      total 63488K, used 63072K [0x0000000795580000, 0x0000000799f00000, 0x00000007c0000000)
  eden space 62976K, 100% used [0x0000000795580000,0x0000000799300000,0x0000000799300000)
  from space 512K, 18% used [0x0000000799480000,0x0000000799498000,0x0000000799500000)
  to   space 6144K, 0% used [0x0000000799900000,0x0000000799900000,0x0000000799f00000)
 ParOldGen       total 56832K, used 20425K [0x0000000740000000, 0x0000000743780000, 0x0000000795580000)
  object space 56832K, 35% used [0x0000000740000000,0x00000007413f2738,0x0000000743780000)
 Metaspace       used 24245K, capacity 24473K, committed 24832K, reserved 1071104K
  class space    used 2388K, capacity 2485K, committed 2560K, reserved 1048576K
Event: 262.854 GC heap after
Heap after GC invocations=37 (full 1):
 PSYoungGen      total 66048K, used 64K [0x0000000795580000, 0x0000000799d80000, 0x00000007c0000000)
  eden space 61440K, 0% used [0x0000000795580000,0x0000000795580000,0x0000000799180000)
  from space 4608K, 1% used [0x0000000799900000,0x0000000799910000,0x0000000799d80000)
  to   space 6144K, 0% used [0x0000000799180000,0x0000000799180000,0x0000000799780000)
 ParOldGen       total 56832K, used 20425K [0x0000000740000000, 0x0000000743780000, 0x0000000795580000)
  object space 56832K, 35% used [0x0000000740000000,0x00000007413f2738,0x0000000743780000)
 Metaspace       used 24245K, capacity 24473K, committed 24832K, reserved 1071104K
  class space    used 2388K, capacity 2485K, committed 2560K, reserved 1048576K
}
Event: 268.658 GC heap before
{Heap before GC invocations=38 (full 1):
 PSYoungGen      total 66048K, used 61504K [0x0000000795580000, 0x0000000799d80000, 0x00000007c0000000)
  eden space 61440K, 100% used [0x0000000795580000,0x0000000799180000,0x0000000799180000)
  from space 4608K, 1% used [0x0000000799900000,0x0000000799910000,0x0000000799d80000)
  to   space 6144K, 0% used [0x0000000799180000,0x0000000799180000,0x0000000799780000)
 ParOldGen       total 56832K, used 20425K [0x0000000740000000, 0x0000000743780000, 0x0000000795580000)
  object space 56832K, 35% used [0x0000000740000000,0x00000007413f2738,0x0000000743780000)
 Metaspace       used 24245K, capacity 24473K, committed 24832K, reserved 1071104K
  class space    used 2388K, capacity 2485K, committed 2560K, reserved 1048576K
Event: 268.660 GC heap after
Heap after GC invocations=38 (full 1):
 PSYoungGen      total 60416K, used 64K [0x0000000795580000, 0x0000000799b00000, 0x00000007c0000000)
  eden space 59904K, 0% used [0x0000000795580000,0x0000000795580000,0x0000000799000000)
  from space 512K, 12% used [0x0000000799180000,0x0000000799190000,0x0000000799200000)
  to   space 5632K, 0% used [0x0000000799580000,0x0000000799580000,0x0000000799b00000)
 ParOldGen       total 56832K, used 20425K [0x0000000740000000, 0x0000000743780000, 0x0000000795580000)
  object space 56832K, 35% used [0x0000000740000000,0x00000007413f2738,0x0000000743780000)
 Metaspace       used 24245K, capacity 24473K, committed 24832K, reserved 1071104K
  class space    used 2388K, capacity 2485K, committed 2560K, reserved 1048576K
}
Event: 276.824 GC heap before
{Heap before GC invocations=39 (full 1):
 PSYoungGen      total 60416K, used 59968K [0x0000000795580000, 0x0000000799b00000, 0x00000007c0000000)
  eden space 59904K, 100% used [0x0000000795580000,0x0000000799000000,0x0000000799000000)
  from space 512K, 12% used [0x0000000799180000,0x0000000799190000,0x0000000799200000)
  to   space 5632K, 0% used [0x0000000799580000,0x0000000799580000,0x0000000799b00000)
 ParOldGen       total 56832K, used 20425K [0x0000000740000000, 0x0000000743780000, 0x0000000795580000)
  object space 56832K, 35% used [0x0000000740000000,0x00000007413f2738,0x0000000743780000)
 Metaspace       used 24245K, capacity 24473K, committed 24832K, reserved 1071104K
  class space    used 2388K, capacity 2485K, committed 2560K, reserved 1048576K
Event: 276.836 GC heap after
Heap after GC invocations=39 (full 1):
 PSYoungGen      total 61440K, used 96K [0x0000000795580000, 0x0000000799880000, 0x00000007c0000000)
  eden space 58368K, 0% used [0x0000000795580000,0x0000000795580000,0x0000000798e80000)
  from space 3072K, 3% used [0x0000000799580000,0x0000000799598000,0x0000000799880000)
  to   space 5120K, 0% used [0x0000000798e80000,0x0000000798e80000,0x0000000799380000)
 ParOldGen       total 56832K, used 20425K [0x0000000740000000, 0x0000000743780000, 0x0000000795580000)
  object space 56832K, 35% used [0x0000000740000000,0x00000007413f2738,0x0000000743780000)
 Metaspace       used 24245K, capacity 24473K, committed 24832K, reserved 1071104K
  class space    used 2388K, capacity 2485K, committed 2560K, reserved 1048576K
}

