# JRE version: Java(TM) SE Runtime Environment (8.0_111-b14) (build 1.8.0_111-b14)
# Java VM: Java HotSpot(TM) 64-Bit Server VM (25.111-b14 mixed mode bsd-amd64 compressed oops)
Heap:
 PSYoungGen      total 27136K, used 1619K [0x0000000795580000, 0x0000000797400000, 0x00000007c0000000)
  eden space 24064K, 6% used [0x0000000795580000,0x000000079570ce78,0x0000000796d00000)
  from space 3072K, 1% used [0x0000000797100000,0x0000000797108000,0x0000000797400000)
  to   space 3584K, 0% used [0x0000000796d00000,0x0000000796d00000,0x0000000797080000)
 ParOldGen       total 56832K, used 15323K [0x0000000740000000, 0x0000000743780000, 0x0000000795580000)
  object space 56832K, 26% used [0x0000000740000000,0x0000000740ef6e80,0x0000000743780000)
 Metaspace       used 20960K, capacity 21149K, committed 21552K, reserved 1069056K
  class space    used 2056K, capacity 2113K, committed 2176K, reserved 1048576K
GC Heap History (10 events):
Event: 180.726 GC heap before
{Heap before GC invocations=29 (full 1):
 PSYoungGen      total 24576K, used 24128K [0x0000000795580000, 0x0000000797700000, 0x00000007c0000000)
  eden space 24064K, 100% used [0x0000000795580000,0x0000000796d00000,0x0000000796d00000)
  from space 512K, 12% used [0x0000000796d00000,0x0000000796d10000,0x0000000796d80000)
  to   space 5120K, 0% used [0x0000000797200000,0x0000000797200000,0x0000000797700000)
 ParOldGen       total 56832K, used 15243K [0x0000000740000000, 0x0000000743780000, 0x0000000795580000)
  object space 56832K, 26% used [0x0000000740000000,0x0000000740ee2e80,0x0000000743780000)
 Metaspace       used 20929K, capacity 21149K, committed 21552K, reserved 1069056K
  class space    used 2049K, capacity 2113K, committed 2176K, reserved 1048576K
Event: 180.728 GC heap after
Heap after GC invocations=29 (full 1):
 PSYoungGen      total 29184K, used 96K [0x0000000795580000, 0x0000000797700000, 0x00000007c0000000)
  eden space 24064K, 0% used [0x0000000795580000,0x0000000795580000,0x0000000796d00000)
  from space 5120K, 1% used [0x0000000797200000,0x0000000797218000,0x0000000797700000)
  to   space 5120K, 0% used [0x0000000796d00000,0x0000000796d00000,0x0000000797200000)
 ParOldGen       total 56832K, used 15259K [0x0000000740000000, 0x0000000743780000, 0x0000000795580000)
  object space 56832K, 26% used [0x0000000740000000,0x0000000740ee6e80,0x0000000743780000)
 Metaspace       used 20929K, capacity 21149K, committed 21552K, reserved 1069056K
  class space    used 2049K, capacity 2113K, committed 2176K, reserved 1048576K
}
Event: 186.845 GC heap before
{Heap before GC invocations=30 (full 1):
 PSYoungGen      total 29184K, used 24160K [0x0000000795580000, 0x0000000797700000, 0x00000007c0000000)
  eden space 24064K, 100% used [0x0000000795580000,0x0000000796d00000,0x0000000796d00000)
  from space 5120K, 1% used [0x0000000797200000,0x0000000797218000,0x0000000797700000)
  to   space 5120K, 0% used [0x0000000796d00000,0x0000000796d00000,0x0000000797200000)
 ParOldGen       total 56832K, used 15259K [0x0000000740000000, 0x0000000743780000, 0x0000000795580000)
  object space 56832K, 26% used [0x0000000740000000,0x0000000740ee6e80,0x0000000743780000)
 Metaspace       used 20929K, capacity 21149K, committed 21552K, reserved 1069056K
  class space    used 2049K, capacity 2113K, committed 2176K, reserved 1048576K
Event: 186.848 GC heap after
Heap after GC invocations=30 (full 1):
 PSYoungGen      total 24576K, used 64K [0x0000000795580000, 0x0000000797600000, 0x00000007c0000000)
  eden space 24064K, 0% used [0x0000000795580000,0x0000000795580000,0x0000000796d00000)
  from space 512K, 12% used [0x0000000796d00000,0x0000000796d10000,0x0000000796d80000)
  to   space 4608K, 0% used [0x0000000797180000,0x0000000797180000,0x0000000797600000)
 ParOldGen       total 56832K, used 15267K [0x0000000740000000, 0x0000000743780000, 0x0000000795580000)
  object space 56832K, 26% used [0x0000000740000000,0x0000000740ee8e80,0x0000000743780000)
 Metaspace       used 20929K, capacity 21149K, committed 21552K, reserved 1069056K
  class space    used 2049K, capacity 2113K, committed 2176K, reserved 1048576K
}
Event: 192.948 GC heap before
{Heap before GC invocations=31 (full 1):
 PSYoungGen      total 24576K, used 24128K [0x0000000795580000, 0x0000000797600000, 0x00000007c0000000)
  eden space 24064K, 100% used [0x0000000795580000,0x0000000796d00000,0x0000000796d00000)
  from space 512K, 12% used [0x0000000796d00000,0x0000000796d10000,0x0000000796d80000)
  to   space 4608K, 0% used [0x0000000797180000,0x0000000797180000,0x0000000797600000)
 ParOldGen       total 56832K, used 15267K [0x0000000740000000, 0x0000000743780000, 0x0000000795580000)
  object space 56832K, 26% used [0x0000000740000000,0x0000000740ee8e80,0x0000000743780000)
 Metaspace       used 20929K, capacity 21149K, committed 21552K, reserved 1069056K
  class space    used 2049K, capacity 2113K, committed 2176K, reserved 1048576K
Event: 192.949 GC heap after
Heap after GC invocations=31 (full 1):
 PSYoungGen      total 27648K, used 96K [0x0000000795580000, 0x0000000797500000, 0x00000007c0000000)
  eden space 24064K, 0% used [0x0000000795580000,0x0000000795580000,0x0000000796d00000)
  from space 3584K, 2% used [0x0000000797180000,0x0000000797198000,0x0000000797500000)
  to   space 4096K, 0% used [0x0000000796d00000,0x0000000796d00000,0x0000000797100000)
 ParOldGen       total 56832K, used 15299K [0x0000000740000000, 0x0000000743780000, 0x0000000795580000)
  object space 56832K, 26% used [0x0000000740000000,0x0000000740ef0e80,0x0000000743780000)
 Metaspace       used 20929K, capacity 21149K, committed 21552K, reserved 1069056K
  class space    used 2049K, capacity 2113K, committed 2176K, reserved 1048576K
}
Event: 199.051 GC heap before
{Heap before GC invocations=32 (full 1):
 PSYoungGen      total 27648K, used 24160K [0x0000000795580000, 0x0000000797500000, 0x00000007c0000000)
  eden space 24064K, 100% used [0x0000000795580000,0x0000000796d00000,0x0000000796d00000)
  from space 3584K, 2% used [0x0000000797180000,0x0000000797198000,0x0000000797500000)
  to   space 4096K, 0% used [0x0000000796d00000,0x0000000796d00000,0x0000000797100000)
 ParOldGen       total 56832K, used 15299K [0x0000000740000000, 0x0000000743780000, 0x0000000795580000)
  object space 56832K, 26% used [0x0000000740000000,0x0000000740ef0e80,0x0000000743780000)
 Metaspace       used 20929K, capacity 21149K, committed 21552K, reserved 1069056K
  class space    used 2049K, capacity 2113K, committed 2176K, reserved 1048576K
Event: 199.052 GC heap after
Heap after GC invocations=32 (full 1):
 PSYoungGen      total 28160K, used 96K [0x0000000795580000, 0x0000000797500000, 0x00000007c0000000)
  eden space 24064K, 0% used [0x0000000795580000,0x0000000795580000,0x0000000796d00000)
  from space 4096K, 2% used [0x0000000796d00000,0x0000000796d18000,0x0000000797100000)
  to   space 4096K, 0% used [0x0000000797100000,0x0000000797100000,0x0000000797500000)
 ParOldGen       total 56832K, used 15299K [0x0000000740000000, 0x0000000743780000, 0x0000000795580000)
  object space 56832K, 26% used [0x0000000740000000,0x0000000740ef0e80,0x0000000743780000)
 Metaspace       used 20929K, capacity 21149K, committed 21552K, reserved 1069056K
  class space    used 2049K, capacity 2113K, committed 2176K, reserved 1048576K
}
Event: 206.755 GC heap before
{Heap before GC invocations=33 (full 1):
 PSYoungGen      total 28160K, used 24160K [0x0000000795580000, 0x0000000797500000, 0x00000007c0000000)
  eden space 24064K, 100% used [0x0000000795580000,0x0000000796d00000,0x0000000796d00000)
  from space 4096K, 2% used [0x0000000796d00000,0x0000000796d18000,0x0000000797100000)
  to   space 4096K, 0% used [0x0000000797100000,0x0000000797100000,0x0000000797500000)
 ParOldGen       total 56832K, used 15299K [0x0000000740000000, 0x0000000743780000, 0x0000000795580000)
  object space 56832K, 26% used [0x0000000740000000,0x0000000740ef0e80,0x0000000743780000)
 Metaspace       used 20929K, capacity 21149K, committed 21552K, reserved 1069056K
  class space    used 2049K, capacity 2113K, committed 2176K, reserved 1048576K
Event: 206.761 GC heap after
Heap after GC invocations=33 (full 1):
 PSYoungGen      total 27136K, used 32K [0x0000000795580000, 0x0000000797400000, 0x00000007c0000000)
  eden space 24064K, 0% used [0x0000000795580000,0x0000000795580000,0x0000000796d00000)
  from space 3072K, 1% used [0x0000000797100000,0x0000000797108000,0x0000000797400000)
  to   space 3584K, 0% used [0x0000000796d00000,0x0000000796d00000,0x0000000797080000)
 ParOldGen       total 56832K, used 15323K [0x0000000740000000, 0x0000000743780000, 0x0000000795580000)
  object space 56832K, 26% used [0x0000000740000000,0x0000000740ef6e80,0x0000000743780000)
 Metaspace       used 20929K, capacity 21149K, committed 21552K, reserved 1069056K
  class space    used 2049K, capacity 2113K, committed 2176K, reserved 1048576K
}

