# JRE version: Java(TM) SE Runtime Environment (8.0_111-b14) (build 1.8.0_111-b14)
# Java VM: Java HotSpot(TM) 64-Bit Server VM (25.111-b14 mixed mode bsd-amd64 compressed oops)
Heap:
 PSYoungGen      total 43008K, used 27360K [0x0000000795580000, 0x0000000798e00000, 0x00000007c0000000)
  eden space 30720K, 49% used [0x0000000795580000,0x0000000796463f00,0x0000000797380000)
  from space 12288K, 98% used [0x0000000798080000,0x0000000798c54320,0x0000000798c80000)
  to   space 13312K, 0% used [0x0000000797380000,0x0000000797380000,0x0000000798080000)
 ParOldGen       total 87552K, used 66201K [0x0000000740000000, 0x0000000745580000, 0x0000000795580000)
  object space 87552K, 75% used [0x0000000740000000,0x00000007440a6608,0x0000000745580000)
 Metaspace       used 19450K, capacity 19641K, committed 19968K, reserved 1067008K
  class space    used 1893K, capacity 1953K, committed 2048K, reserved 1048576K
GC Heap History (10 events):
Event: 7.020 GC heap before
{Heap before GC invocations=4 (full 0):
 PSYoungGen      total 38400K, used 38384K [0x0000000795580000, 0x0000000798000000, 0x00000007c0000000)
  eden space 33280K, 100% used [0x0000000795580000,0x0000000797600000,0x0000000797600000)
  from space 5120K, 99% used [0x0000000797600000,0x0000000797afc120,0x0000000797b00000)
  to   space 5120K, 0% used [0x0000000797b00000,0x0000000797b00000,0x0000000798000000)
 ParOldGen       total 87552K, used 53495K [0x0000000740000000, 0x0000000745580000, 0x0000000795580000)
  object space 87552K, 61% used [0x0000000740000000,0x000000074343dc70,0x0000000745580000)
 Metaspace       used 18875K, capacity 19123K, committed 19456K, reserved 1067008K
  class space    used 1870K, capacity 1952K, committed 2048K, reserved 1048576K
Event: 7.027 GC heap after
Heap after GC invocations=4 (full 0):
 PSYoungGen      total 38400K, used 5088K [0x0000000795580000, 0x0000000798000000, 0x00000007c0000000)
  eden space 33280K, 0% used [0x0000000795580000,0x0000000795580000,0x0000000797600000)
  from space 5120K, 99% used [0x0000000797b00000,0x0000000797ff8100,0x0000000798000000)
  to   space 5120K, 0% used [0x0000000797600000,0x0000000797600000,0x0000000797b00000)
 ParOldGen       total 87552K, used 57672K [0x0000000740000000, 0x0000000745580000, 0x0000000795580000)
  object space 87552K, 65% used [0x0000000740000000,0x00000007438520c8,0x0000000745580000)
 Metaspace       used 18875K, capacity 19123K, committed 19456K, reserved 1067008K
  class space    used 1870K, capacity 1952K, committed 2048K, reserved 1048576K
}
Event: 8.947 GC heap before
{Heap before GC invocations=5 (full 0):
 PSYoungGen      total 38400K, used 38368K [0x0000000795580000, 0x0000000798000000, 0x00000007c0000000)
  eden space 33280K, 100% used [0x0000000795580000,0x0000000797600000,0x0000000797600000)
  from space 5120K, 99% used [0x0000000797b00000,0x0000000797ff8100,0x0000000798000000)
  to   space 5120K, 0% used [0x0000000797600000,0x0000000797600000,0x0000000797b00000)
 ParOldGen       total 87552K, used 57672K [0x0000000740000000, 0x0000000745580000, 0x0000000795580000)
  object space 87552K, 65% used [0x0000000740000000,0x00000007438520c8,0x0000000745580000)
 Metaspace       used 19022K, capacity 19187K, committed 19456K, reserved 1067008K
  class space    used 1870K, capacity 1952K, committed 2048K, reserved 1048576K
Event: 8.963 GC heap after
Heap after GC invocations=5 (full 0):
 PSYoungGen      total 37888K, used 4928K [0x0000000795580000, 0x0000000798c80000, 0x00000007c0000000)
  eden space 32768K, 0% used [0x0000000795580000,0x0000000795580000,0x0000000797580000)
  from space 5120K, 96% used [0x0000000797600000,0x0000000797ad00f0,0x0000000797b00000)
  to   space 11776K, 0% used [0x0000000798100000,0x0000000798100000,0x0000000798c80000)
 ParOldGen       total 87552K, used 62032K [0x0000000740000000, 0x0000000745580000, 0x0000000795580000)
  object space 87552K, 70% used [0x0000000740000000,0x0000000743c941d8,0x0000000745580000)
 Metaspace       used 19022K, capacity 19187K, committed 19456K, reserved 1067008K
  class space    used 1870K, capacity 1952K, committed 2048K, reserved 1048576K
}
Event: 13.732 GC heap before
{Heap before GC invocations=6 (full 0):
 PSYoungGen      total 37888K, used 37696K [0x0000000795580000, 0x0000000798c80000, 0x00000007c0000000)
  eden space 32768K, 100% used [0x0000000795580000,0x0000000797580000,0x0000000797580000)
  from space 5120K, 96% used [0x0000000797600000,0x0000000797ad00f0,0x0000000797b00000)
  to   space 11776K, 0% used [0x0000000798100000,0x0000000798100000,0x0000000798c80000)
 ParOldGen       total 87552K, used 62032K [0x0000000740000000, 0x0000000745580000, 0x0000000795580000)
  object space 87552K, 70% used [0x0000000740000000,0x0000000743c941d8,0x0000000745580000)
 Metaspace       used 19292K, capacity 19507K, committed 19712K, reserved 1067008K
  class space    used 1884K, capacity 1952K, committed 2048K, reserved 1048576K
Event: 13.745 GC heap after
Heap after GC invocations=6 (full 0):
 PSYoungGen      total 42496K, used 7264K [0x0000000795580000, 0x0000000798b00000, 0x00000007c0000000)
  eden space 32256K, 0% used [0x0000000795580000,0x0000000795580000,0x0000000797500000)
  from space 10240K, 70% used [0x0000000798100000,0x0000000798818160,0x0000000798b00000)
  to   space 11264K, 0% used [0x0000000797500000,0x0000000797500000,0x0000000798000000)
 ParOldGen       total 87552K, used 62040K [0x0000000740000000, 0x0000000745580000, 0x0000000795580000)
  object space 87552K, 70% used [0x0000000740000000,0x0000000743c961d8,0x0000000745580000)
 Metaspace       used 19292K, capacity 19507K, committed 19712K, reserved 1067008K
  class space    used 1884K, capacity 1952K, committed 2048K, reserved 1048576K
}
Event: 15.730 GC heap before
{Heap before GC invocations=7 (full 0):
 PSYoungGen      total 42496K, used 39371K [0x0000000795580000, 0x0000000798b00000, 0x00000007c0000000)
  eden space 32256K, 99% used [0x0000000795580000,0x00000007974dadf0,0x0000000797500000)
  from space 10240K, 70% used [0x0000000798100000,0x0000000798818160,0x0000000798b00000)
  to   space 11264K, 0% used [0x0000000797500000,0x0000000797500000,0x0000000798000000)
 ParOldGen       total 87552K, used 62040K [0x0000000740000000, 0x0000000745580000, 0x0000000795580000)
  object space 87552K, 70% used [0x0000000740000000,0x0000000743c961d8,0x0000000745580000)
 Metaspace       used 19371K, capacity 19577K, committed 19712K, reserved 1067008K
  class space    used 1885K, capacity 1953K, committed 2048K, reserved 1048576K
Event: 15.742 GC heap after
Heap after GC invocations=7 (full 0):
 PSYoungGen      total 43008K, used 10071K [0x0000000795580000, 0x0000000798c80000, 0x00000007c0000000)
  eden space 31744K, 0% used [0x0000000795580000,0x0000000795580000,0x0000000797480000)
  from space 11264K, 89% used [0x0000000797500000,0x0000000797ed5cd8,0x0000000798000000)
  to   space 12288K, 0% used [0x0000000798080000,0x0000000798080000,0x0000000798c80000)
 ParOldGen       total 87552K, used 63817K [0x0000000740000000, 0x0000000745580000, 0x0000000795580000)
  object space 87552K, 72% used [0x0000000740000000,0x0000000743e52538,0x0000000745580000)
 Metaspace       used 19371K, capacity 19577K, committed 19712K, reserved 1067008K
  class space    used 1885K, capacity 1953K, committed 2048K, reserved 1048576K
}
Event: 16.788 GC heap before
{Heap before GC invocations=8 (full 0):
 PSYoungGen      total 43008K, used 41815K [0x0000000795580000, 0x0000000798c80000, 0x00000007c0000000)
  eden space 31744K, 100% used [0x0000000795580000,0x0000000797480000,0x0000000797480000)
  from space 11264K, 89% used [0x0000000797500000,0x0000000797ed5cd8,0x0000000798000000)
  to   space 12288K, 0% used [0x0000000798080000,0x0000000798080000,0x0000000798c80000)
 ParOldGen       total 87552K, used 63817K [0x0000000740000000, 0x0000000745580000, 0x0000000795580000)
  object space 87552K, 72% used [0x0000000740000000,0x0000000743e52538,0x0000000745580000)
 Metaspace       used 19403K, capacity 19577K, committed 19712K, reserved 1067008K
  class space    used 1885K, capacity 1953K, committed 2048K, reserved 1048576K
Event: 16.807 GC heap after
Heap after GC invocations=8 (full 0):
 PSYoungGen      total 43008K, used 12112K [0x0000000795580000, 0x0000000798e00000, 0x00000007c0000000)
  eden space 30720K, 0% used [0x0000000795580000,0x0000000795580000,0x0000000797380000)
  from space 12288K, 98% used [0x0000000798080000,0x0000000798c54320,0x0000000798c80000)
  to   space 13312K, 0% used [0x0000000797380000,0x0000000797380000,0x0000000798080000)
 ParOldGen       total 87552K, used 66201K [0x0000000740000000, 0x0000000745580000, 0x0000000795580000)
  object space 87552K, 75% used [0x0000000740000000,0x00000007440a6608,0x0000000745580000)
 Metaspace       used 19403K, capacity 19577K, committed 19712K, reserved 1067008K
  class space    used 1885K, capacity 1953K, committed 2048K, reserved 1048576K
}

