# JRE version: Java(TM) SE Runtime Environment (8.0_111-b14) (build 1.8.0_111-b14)
# Java VM: Java HotSpot(TM) 64-Bit Server VM (25.111-b14 mixed mode bsd-amd64 compressed oops)
Heap:
 PSYoungGen      total 137216K, used 84333K [0x0000000795580000, 0x000000079f600000, 0x00000007c0000000)
  eden space 125952K, 63% used [0x0000000795580000,0x000000079a303f78,0x000000079d080000)
  from space 11264K, 44% used [0x000000079d080000,0x000000079d5574b0,0x000000079db80000)
  to   space 11264K, 0% used [0x000000079eb00000,0x000000079eb00000,0x000000079f600000)
 ParOldGen       total 57856K, used 16831K [0x0000000740000000, 0x0000000743880000, 0x0000000795580000)
  object space 57856K, 29% used [0x0000000740000000,0x000000074106ffc8,0x0000000743880000)
 Metaspace       used 24339K, capacity 24537K, committed 24832K, reserved 1071104K
  class space    used 2393K, capacity 2485K, committed 2560K, reserved 1048576K
GC Heap History (10 events):
Event: 30.084 GC heap before
{Heap before GC invocations=8 (full 1):
 PSYoungGen      total 93184K, used 85373K [0x0000000795580000, 0x000000079cd80000, 0x00000007c0000000)
  eden space 80384K, 100% used [0x0000000795580000,0x000000079a400000,0x000000079a400000)
  from space 12800K, 38% used [0x000000079b080000,0x000000079b55f4b0,0x000000079bd00000)
  to   space 12800K, 0% used [0x000000079a400000,0x000000079a400000,0x000000079b080000)
 ParOldGen       total 57856K, used 16823K [0x0000000740000000, 0x0000000743880000, 0x0000000795580000)
  object space 57856K, 29% used [0x0000000740000000,0x000000074106dfc8,0x0000000743880000)
 Metaspace       used 24238K, capacity 24473K, committed 24832K, reserved 1071104K
  class space    used 2385K, capacity 2485K, committed 2560K, reserved 1048576K
Event: 30.099 GC heap after
Heap after GC invocations=8 (full 1):
 PSYoungGen      total 93184K, used 4957K [0x0000000795580000, 0x000000079dc00000, 0x00000007c0000000)
  eden space 80384K, 0% used [0x0000000795580000,0x0000000795580000,0x000000079a400000)
  from space 12800K, 38% used [0x000000079a400000,0x000000079a8d74b0,0x000000079b080000)
  to   space 12288K, 0% used [0x000000079d000000,0x000000079d000000,0x000000079dc00000)
 ParOldGen       total 57856K, used 16831K [0x0000000740000000, 0x0000000743880000, 0x0000000795580000)
  object space 57856K, 29% used [0x0000000740000000,0x000000074106ffc8,0x0000000743880000)
 Metaspace       used 24238K, capacity 24473K, committed 24832K, reserved 1071104K
  class space    used 2385K, capacity 2485K, committed 2560K, reserved 1048576K
}
Event: 37.577 GC heap before
{Heap before GC invocations=9 (full 1):
 PSYoungGen      total 93184K, used 85341K [0x0000000795580000, 0x000000079dc00000, 0x00000007c0000000)
  eden space 80384K, 100% used [0x0000000795580000,0x000000079a400000,0x000000079a400000)
  from space 12800K, 38% used [0x000000079a400000,0x000000079a8d74b0,0x000000079b080000)
  to   space 12288K, 0% used [0x000000079d000000,0x000000079d000000,0x000000079dc00000)
 ParOldGen       total 57856K, used 16831K [0x0000000740000000, 0x0000000743880000, 0x0000000795580000)
  object space 57856K, 29% used [0x0000000740000000,0x000000074106ffc8,0x0000000743880000)
 Metaspace       used 24238K, capacity 24473K, committed 24832K, reserved 1071104K
  class space    used 2385K, capacity 2485K, committed 2560K, reserved 1048576K
Event: 37.591 GC heap after
Heap after GC invocations=9 (full 1):
 PSYoungGen      total 117248K, used 4989K [0x0000000795580000, 0x000000079d800000, 0x00000007c0000000)
  eden space 109056K, 0% used [0x0000000795580000,0x0000000795580000,0x000000079c000000)
  from space 8192K, 60% used [0x000000079d000000,0x000000079d4df4b0,0x000000079d800000)
  to   space 12288K, 0% used [0x000000079c000000,0x000000079c000000,0x000000079cc00000)
 ParOldGen       total 57856K, used 16831K [0x0000000740000000, 0x0000000743880000, 0x0000000795580000)
  object space 57856K, 29% used [0x0000000740000000,0x000000074106ffc8,0x0000000743880000)
 Metaspace       used 24238K, capacity 24473K, committed 24832K, reserved 1071104K
  class space    used 2385K, capacity 2485K, committed 2560K, reserved 1048576K
}
Event: 47.698 GC heap before
{Heap before GC invocations=10 (full 1):
 PSYoungGen      total 117248K, used 114045K [0x0000000795580000, 0x000000079d800000, 0x00000007c0000000)
  eden space 109056K, 100% used [0x0000000795580000,0x000000079c000000,0x000000079c000000)
  from space 8192K, 60% used [0x000000079d000000,0x000000079d4df4b0,0x000000079d800000)
  to   space 12288K, 0% used [0x000000079c000000,0x000000079c000000,0x000000079cc00000)
 ParOldGen       total 57856K, used 16831K [0x0000000740000000, 0x0000000743880000, 0x0000000795580000)
  object space 57856K, 29% used [0x0000000740000000,0x000000074106ffc8,0x0000000743880000)
 Metaspace       used 24239K, capacity 24473K, committed 24832K, reserved 1071104K
  class space    used 2385K, capacity 2485K, committed 2560K, reserved 1048576K
Event: 47.714 GC heap after
Heap after GC invocations=10 (full 1):
 PSYoungGen      total 121344K, used 4957K [0x0000000795580000, 0x000000079ea80000, 0x00000007c0000000)
  eden space 109056K, 0% used [0x0000000795580000,0x0000000795580000,0x000000079c000000)
  from space 12288K, 40% used [0x000000079c000000,0x000000079c4d74b0,0x000000079cc00000)
  to   space 11776K, 0% used [0x000000079df00000,0x000000079df00000,0x000000079ea80000)
 ParOldGen       total 57856K, used 16831K [0x0000000740000000, 0x0000000743880000, 0x0000000795580000)
  object space 57856K, 29% used [0x0000000740000000,0x000000074106ffc8,0x0000000743880000)
 Metaspace       used 24239K, capacity 24473K, committed 24832K, reserved 1071104K
  class space    used 2385K, capacity 2485K, committed 2560K, reserved 1048576K
}
Event: 58.620 GC heap before
{Heap before GC invocations=11 (full 1):
 PSYoungGen      total 121344K, used 114013K [0x0000000795580000, 0x000000079ea80000, 0x00000007c0000000)
  eden space 109056K, 100% used [0x0000000795580000,0x000000079c000000,0x000000079c000000)
  from space 12288K, 40% used [0x000000079c000000,0x000000079c4d74b0,0x000000079cc00000)
  to   space 11776K, 0% used [0x000000079df00000,0x000000079df00000,0x000000079ea80000)
 ParOldGen       total 57856K, used 16831K [0x0000000740000000, 0x0000000743880000, 0x0000000795580000)
  object space 57856K, 29% used [0x0000000740000000,0x000000074106ffc8,0x0000000743880000)
 Metaspace       used 24239K, capacity 24473K, committed 24832K, reserved 1071104K
  class space    used 2385K, capacity 2485K, committed 2560K, reserved 1048576K
Event: 58.631 GC heap after
Heap after GC invocations=11 (full 1):
 PSYoungGen      total 133632K, used 4957K [0x0000000795580000, 0x000000079e680000, 0x00000007c0000000)
  eden space 125952K, 0% used [0x0000000795580000,0x0000000795580000,0x000000079d080000)
  from space 7680K, 64% used [0x000000079df00000,0x000000079e3d74b0,0x000000079e680000)
  to   space 11264K, 0% used [0x000000079d080000,0x000000079d080000,0x000000079db80000)
 ParOldGen       total 57856K, used 16831K [0x0000000740000000, 0x0000000743880000, 0x0000000795580000)
  object space 57856K, 29% used [0x0000000740000000,0x000000074106ffc8,0x0000000743880000)
 Metaspace       used 24239K, capacity 24473K, committed 24832K, reserved 1071104K
  class space    used 2385K, capacity 2485K, committed 2560K, reserved 1048576K
}
Event: 70.956 GC heap before
{Heap before GC invocations=12 (full 1):
 PSYoungGen      total 133632K, used 130909K [0x0000000795580000, 0x000000079e680000, 0x00000007c0000000)
  eden space 125952K, 100% used [0x0000000795580000,0x000000079d080000,0x000000079d080000)
  from space 7680K, 64% used [0x000000079df00000,0x000000079e3d74b0,0x000000079e680000)
  to   space 11264K, 0% used [0x000000079d080000,0x000000079d080000,0x000000079db80000)
 ParOldGen       total 57856K, used 16831K [0x0000000740000000, 0x0000000743880000, 0x0000000795580000)
  object space 57856K, 29% used [0x0000000740000000,0x000000074106ffc8,0x0000000743880000)
 Metaspace       used 24239K, capacity 24473K, committed 24832K, reserved 1071104K
  class space    used 2385K, capacity 2485K, committed 2560K, reserved 1048576K
Event: 70.960 GC heap after
Heap after GC invocations=12 (full 1):
 PSYoungGen      total 137216K, used 4957K [0x0000000795580000, 0x000000079f600000, 0x00000007c0000000)
  eden space 125952K, 0% used [0x0000000795580000,0x0000000795580000,0x000000079d080000)
  from space 11264K, 44% used [0x000000079d080000,0x000000079d5574b0,0x000000079db80000)
  to   space 11264K, 0% used [0x000000079eb00000,0x000000079eb00000,0x000000079f600000)
 ParOldGen       total 57856K, used 16831K [0x0000000740000000, 0x0000000743880000, 0x0000000795580000)
  object space 57856K, 29% used [0x0000000740000000,0x000000074106ffc8,0x0000000743880000)
 Metaspace       used 24239K, capacity 24473K, committed 24832K, reserved 1071104K
  class space    used 2385K, capacity 2485K, committed 2560K, reserved 1048576K
}

