# JRE version: Java(TM) SE Runtime Environment (8.0_111-b14) (build 1.8.0_111-b14)
# Java VM: Java HotSpot(TM) 64-Bit Server VM (25.111-b14 mixed mode bsd-amd64 compressed oops)
Heap:
 PSYoungGen      total 134656K, used 110654K [0x0000000795580000, 0x000000079ea00000, 0x00000007c0000000)
  eden space 129024K, 81% used [0x0000000795580000,0x000000079bc804f0,0x000000079d380000)
  from space 5632K, 91% used [0x000000079e480000,0x000000079e98f450,0x000000079ea00000)
  to   space 11264K, 0% used [0x000000079d400000,0x000000079d400000,0x000000079df00000)
 ParOldGen       total 53760K, used 15226K [0x0000000740000000, 0x0000000743480000, 0x0000000795580000)
  object space 53760K, 28% used [0x0000000740000000,0x0000000740edebd0,0x0000000743480000)
 Metaspace       used 24291K, capacity 24537K, committed 24832K, reserved 1071104K
  class space    used 2394K, capacity 2485K, committed 2560K, reserved 1048576K
GC Heap History (10 events):
Event: 30.781 GC heap before
{Heap before GC invocations=7 (full 1):
 PSYoungGen      total 71680K, used 71677K [0x0000000795580000, 0x000000079cb80000, 0x00000007c0000000)
  eden space 66560K, 100% used [0x0000000795580000,0x0000000799680000,0x0000000799680000)
  from space 5120K, 99% used [0x0000000799680000,0x0000000799b7f450,0x0000000799b80000)
  to   space 12800K, 0% used [0x000000079bf00000,0x000000079bf00000,0x000000079cb80000)
 ParOldGen       total 53760K, used 15202K [0x0000000740000000, 0x0000000743480000, 0x0000000795580000)
  object space 53760K, 28% used [0x0000000740000000,0x0000000740ed8bd0,0x0000000743480000)
 Metaspace       used 24236K, capacity 24473K, committed 24832K, reserved 1071104K
  class space    used 2386K, capacity 2485K, committed 2560K, reserved 1048576K
Event: 30.786 GC heap after
Heap after GC invocations=7 (full 1):
 PSYoungGen      total 108544K, used 5165K [0x0000000795580000, 0x000000079d500000, 0x00000007c0000000)
  eden space 95744K, 0% used [0x0000000795580000,0x0000000795580000,0x000000079b300000)
  from space 12800K, 40% used [0x000000079bf00000,0x000000079c40b460,0x000000079cb80000)
  to   space 12288K, 0% used [0x000000079b300000,0x000000079b300000,0x000000079bf00000)
 ParOldGen       total 53760K, used 15210K [0x0000000740000000, 0x0000000743480000, 0x0000000795580000)
  object space 53760K, 28% used [0x0000000740000000,0x0000000740edabd0,0x0000000743480000)
 Metaspace       used 24236K, capacity 24473K, committed 24832K, reserved 1071104K
  class space    used 2386K, capacity 2485K, committed 2560K, reserved 1048576K
}
Event: 50.306 GC heap before
{Heap before GC invocations=8 (full 1):
 PSYoungGen      total 108544K, used 100909K [0x0000000795580000, 0x000000079d500000, 0x00000007c0000000)
  eden space 95744K, 100% used [0x0000000795580000,0x000000079b300000,0x000000079b300000)
  from space 12800K, 40% used [0x000000079bf00000,0x000000079c40b460,0x000000079cb80000)
  to   space 12288K, 0% used [0x000000079b300000,0x000000079b300000,0x000000079bf00000)
 ParOldGen       total 53760K, used 15210K [0x0000000740000000, 0x0000000743480000, 0x0000000795580000)
  object space 53760K, 28% used [0x0000000740000000,0x0000000740edabd0,0x0000000743480000)
 Metaspace       used 24236K, capacity 24473K, committed 24832K, reserved 1071104K
  class space    used 2386K, capacity 2485K, committed 2560K, reserved 1048576K
Event: 50.310 GC heap after
Heap after GC invocations=8 (full 1):
 PSYoungGen      total 108032K, used 5149K [0x0000000795580000, 0x000000079fa80000, 0x00000007c0000000)
  eden space 95744K, 0% used [0x0000000795580000,0x0000000795580000,0x000000079b300000)
  from space 12288K, 41% used [0x000000079b300000,0x000000079b807450,0x000000079bf00000)
  to   space 11776K, 0% used [0x000000079ef00000,0x000000079ef00000,0x000000079fa80000)
 ParOldGen       total 53760K, used 15218K [0x0000000740000000, 0x0000000743480000, 0x0000000795580000)
  object space 53760K, 28% used [0x0000000740000000,0x0000000740edcbd0,0x0000000743480000)
 Metaspace       used 24236K, capacity 24473K, committed 24832K, reserved 1071104K
  class space    used 2386K, capacity 2485K, committed 2560K, reserved 1048576K
}
Event: 69.915 GC heap before
{Heap before GC invocations=9 (full 1):
 PSYoungGen      total 108032K, used 100893K [0x0000000795580000, 0x000000079fa80000, 0x00000007c0000000)
  eden space 95744K, 100% used [0x0000000795580000,0x000000079b300000,0x000000079b300000)
  from space 12288K, 41% used [0x000000079b300000,0x000000079b807450,0x000000079bf00000)
  to   space 11776K, 0% used [0x000000079ef00000,0x000000079ef00000,0x000000079fa80000)
 ParOldGen       total 53760K, used 15218K [0x0000000740000000, 0x0000000743480000, 0x0000000795580000)
  object space 53760K, 28% used [0x0000000740000000,0x0000000740edcbd0,0x0000000743480000)
 Metaspace       used 24236K, capacity 24473K, committed 24832K, reserved 1071104K
  class space    used 2386K, capacity 2485K, committed 2560K, reserved 1048576K
Event: 69.919 GC heap after
Heap after GC invocations=9 (full 1):
 PSYoungGen      total 143872K, used 5117K [0x0000000795580000, 0x000000079f400000, 0x00000007c0000000)
  eden space 138752K, 0% used [0x0000000795580000,0x0000000795580000,0x000000079dd00000)
  from space 5120K, 99% used [0x000000079ef00000,0x000000079f3ff450,0x000000079f400000)
  to   space 11776K, 0% used [0x000000079dd00000,0x000000079dd00000,0x000000079e880000)
 ParOldGen       total 53760K, used 15218K [0x0000000740000000, 0x0000000743480000, 0x0000000795580000)
  object space 53760K, 28% used [0x0000000740000000,0x0000000740edcbd0,0x0000000743480000)
 Metaspace       used 24236K, capacity 24473K, committed 24832K, reserved 1071104K
  class space    used 2386K, capacity 2485K, committed 2560K, reserved 1048576K
}
Event: 98.195 GC heap before
{Heap before GC invocations=10 (full 1):
 PSYoungGen      total 143872K, used 143869K [0x0000000795580000, 0x000000079f400000, 0x00000007c0000000)
  eden space 138752K, 100% used [0x0000000795580000,0x000000079dd00000,0x000000079dd00000)
  from space 5120K, 99% used [0x000000079ef00000,0x000000079f3ff450,0x000000079f400000)
  to   space 11776K, 0% used [0x000000079dd00000,0x000000079dd00000,0x000000079e880000)
 ParOldGen       total 53760K, used 15218K [0x0000000740000000, 0x0000000743480000, 0x0000000795580000)
  object space 53760K, 28% used [0x0000000740000000,0x0000000740edcbd0,0x0000000743480000)
 Metaspace       used 24236K, capacity 24473K, committed 24832K, reserved 1071104K
  class space    used 2386K, capacity 2485K, committed 2560K, reserved 1048576K
Event: 98.201 GC heap after
Heap after GC invocations=10 (full 1):
 PSYoungGen      total 139264K, used 5213K [0x0000000795580000, 0x000000079ef80000, 0x00000007c0000000)
  eden space 133632K, 0% used [0x0000000795580000,0x0000000795580000,0x000000079d800000)
  from space 5632K, 92% used [0x000000079dd00000,0x000000079e217450,0x000000079e280000)
  to   space 11264K, 0% used [0x000000079e480000,0x000000079e480000,0x000000079ef80000)
 ParOldGen       total 53760K, used 15218K [0x0000000740000000, 0x0000000743480000, 0x0000000795580000)
  object space 53760K, 28% used [0x0000000740000000,0x0000000740edcbd0,0x0000000743480000)
 Metaspace       used 24236K, capacity 24473K, committed 24832K, reserved 1071104K
  class space    used 2386K, capacity 2485K, committed 2560K, reserved 1048576K
}
Event: 125.574 GC heap before
{Heap before GC invocations=11 (full 1):
 PSYoungGen      total 139264K, used 138845K [0x0000000795580000, 0x000000079ef80000, 0x00000007c0000000)
  eden space 133632K, 100% used [0x0000000795580000,0x000000079d800000,0x000000079d800000)
  from space 5632K, 92% used [0x000000079dd00000,0x000000079e217450,0x000000079e280000)
  to   space 11264K, 0% used [0x000000079e480000,0x000000079e480000,0x000000079ef80000)
 ParOldGen       total 53760K, used 15218K [0x0000000740000000, 0x0000000743480000, 0x0000000795580000)
  object space 53760K, 28% used [0x0000000740000000,0x0000000740edcbd0,0x0000000743480000)
 Metaspace       used 24237K, capacity 24473K, committed 24832K, reserved 1071104K
  class space    used 2386K, capacity 2485K, committed 2560K, reserved 1048576K
Event: 125.579 GC heap after
Heap after GC invocations=11 (full 1):
 PSYoungGen      total 134656K, used 5181K [0x0000000795580000, 0x000000079ea00000, 0x00000007c0000000)
  eden space 129024K, 0% used [0x0000000795580000,0x0000000795580000,0x000000079d380000)
  from space 5632K, 91% used [0x000000079e480000,0x000000079e98f450,0x000000079ea00000)
  to   space 11264K, 0% used [0x000000079d400000,0x000000079d400000,0x000000079df00000)
 ParOldGen       total 53760K, used 15226K [0x0000000740000000, 0x0000000743480000, 0x0000000795580000)
  object space 53760K, 28% used [0x0000000740000000,0x0000000740edebd0,0x0000000743480000)
 Metaspace       used 24237K, capacity 24473K, committed 24832K, reserved 1071104K
  class space    used 2386K, capacity 2485K, committed 2560K, reserved 1048576K
}

