# JRE version: Java(TM) SE Runtime Environment (8.0_111-b14) (build 1.8.0_111-b14)
# Java VM: Java HotSpot(TM) 64-Bit Server VM (25.111-b14 mixed mode bsd-amd64 compressed oops)
Heap:
 PSYoungGen      total 29696K, used 27737K [0x0000000795580000, 0x0000000797580000, 0x00000007c0000000)
  eden space 28672K, 96% used [0x0000000795580000,0x000000079707e7d0,0x0000000797180000)
  from space 1024K, 9% used [0x0000000797380000,0x0000000797398000,0x0000000797480000)
  to   space 1024K, 0% used [0x0000000797480000,0x0000000797480000,0x0000000797580000)
 ParOldGen       total 71168K, used 17589K [0x0000000740000000, 0x0000000744580000, 0x0000000795580000)
  object space 71168K, 24% used [0x0000000740000000,0x000000074112d728,0x0000000744580000)
 Metaspace       used 21508K, capacity 21771K, committed 22064K, reserved 1069056K
  class space    used 2079K, capacity 2146K, committed 2176K, reserved 1048576K
GC Heap History (10 events):
Event: 419.693 GC heap before
{Heap before GC invocations=60 (full 1):
 PSYoungGen      total 31744K, used 31360K [0x0000000795580000, 0x0000000797700000, 0x00000007c0000000)
  eden space 31232K, 100% used [0x0000000795580000,0x0000000797400000,0x0000000797400000)
  from space 512K, 25% used [0x0000000797680000,0x00000007976a0000,0x0000000797700000)
  to   space 1536K, 0% used [0x0000000797400000,0x0000000797400000,0x0000000797580000)
 ParOldGen       total 71168K, used 17501K [0x0000000740000000, 0x0000000744580000, 0x0000000795580000)
  object space 71168K, 24% used [0x0000000740000000,0x0000000741117728,0x0000000744580000)
 Metaspace       used 21480K, capacity 21643K, committed 22064K, reserved 1069056K
  class space    used 2072K, capacity 2146K, committed 2176K, reserved 1048576K
Event: 419.695 GC heap after
Heap after GC invocations=60 (full 1):
 PSYoungGen      total 32256K, used 64K [0x0000000795580000, 0x0000000797700000, 0x00000007c0000000)
  eden space 30720K, 0% used [0x0000000795580000,0x0000000795580000,0x0000000797380000)
  from space 1536K, 4% used [0x0000000797400000,0x0000000797410000,0x0000000797580000)
  to   space 1536K, 0% used [0x0000000797580000,0x0000000797580000,0x0000000797700000)
 ParOldGen       total 71168K, used 17573K [0x0000000740000000, 0x0000000744580000, 0x0000000795580000)
  object space 71168K, 24% used [0x0000000740000000,0x0000000741129728,0x0000000744580000)
 Metaspace       used 21480K, capacity 21643K, committed 22064K, reserved 1069056K
  class space    used 2072K, capacity 2146K, committed 2176K, reserved 1048576K
}
Event: 424.797 GC heap before
{Heap before GC invocations=61 (full 1):
 PSYoungGen      total 32256K, used 30784K [0x0000000795580000, 0x0000000797700000, 0x00000007c0000000)
  eden space 30720K, 100% used [0x0000000795580000,0x0000000797380000,0x0000000797380000)
  from space 1536K, 4% used [0x0000000797400000,0x0000000797410000,0x0000000797580000)
  to   space 1536K, 0% used [0x0000000797580000,0x0000000797580000,0x0000000797700000)
 ParOldGen       total 71168K, used 17573K [0x0000000740000000, 0x0000000744580000, 0x0000000795580000)
  object space 71168K, 24% used [0x0000000740000000,0x0000000741129728,0x0000000744580000)
 Metaspace       used 21480K, capacity 21643K, committed 22064K, reserved 1069056K
  class space    used 2072K, capacity 2146K, committed 2176K, reserved 1048576K
Event: 424.798 GC heap after
Heap after GC invocations=61 (full 1):
 PSYoungGen      total 30720K, used 96K [0x0000000795580000, 0x0000000797600000, 0x00000007c0000000)
  eden space 30208K, 0% used [0x0000000795580000,0x0000000795580000,0x0000000797300000)
  from space 512K, 18% used [0x0000000797580000,0x0000000797598000,0x0000000797600000)
  to   space 1024K, 0% used [0x0000000797400000,0x0000000797400000,0x0000000797500000)
 ParOldGen       total 71168K, used 17573K [0x0000000740000000, 0x0000000744580000, 0x0000000795580000)
  object space 71168K, 24% used [0x0000000740000000,0x0000000741129728,0x0000000744580000)
 Metaspace       used 21480K, capacity 21643K, committed 22064K, reserved 1069056K
  class space    used 2072K, capacity 2146K, committed 2176K, reserved 1048576K
}
Event: 429.799 GC heap before
{Heap before GC invocations=62 (full 1):
 PSYoungGen      total 30720K, used 30304K [0x0000000795580000, 0x0000000797600000, 0x00000007c0000000)
  eden space 30208K, 100% used [0x0000000795580000,0x0000000797300000,0x0000000797300000)
  from space 512K, 18% used [0x0000000797580000,0x0000000797598000,0x0000000797600000)
  to   space 1024K, 0% used [0x0000000797400000,0x0000000797400000,0x0000000797500000)
 ParOldGen       total 71168K, used 17573K [0x0000000740000000, 0x0000000744580000, 0x0000000795580000)
  object space 71168K, 24% used [0x0000000740000000,0x0000000741129728,0x0000000744580000)
 Metaspace       used 21480K, capacity 21643K, committed 22064K, reserved 1069056K
  class space    used 2072K, capacity 2146K, committed 2176K, reserved 1048576K
Event: 429.800 GC heap after
Heap after GC invocations=62 (full 1):
 PSYoungGen      total 30720K, used 128K [0x0000000795580000, 0x0000000797600000, 0x00000007c0000000)
  eden space 29696K, 0% used [0x0000000795580000,0x0000000795580000,0x0000000797280000)
  from space 1024K, 12% used [0x0000000797400000,0x0000000797420000,0x0000000797500000)
  to   space 1024K, 0% used [0x0000000797500000,0x0000000797500000,0x0000000797600000)
 ParOldGen       total 71168K, used 17573K [0x0000000740000000, 0x0000000744580000, 0x0000000795580000)
  object space 71168K, 24% used [0x0000000740000000,0x0000000741129728,0x0000000744580000)
 Metaspace       used 21480K, capacity 21643K, committed 22064K, reserved 1069056K
  class space    used 2072K, capacity 2146K, committed 2176K, reserved 1048576K
}
Event: 434.717 GC heap before
{Heap before GC invocations=63 (full 1):
 PSYoungGen      total 30720K, used 29824K [0x0000000795580000, 0x0000000797600000, 0x00000007c0000000)
  eden space 29696K, 100% used [0x0000000795580000,0x0000000797280000,0x0000000797280000)
  from space 1024K, 12% used [0x0000000797400000,0x0000000797420000,0x0000000797500000)
  to   space 1024K, 0% used [0x0000000797500000,0x0000000797500000,0x0000000797600000)
 ParOldGen       total 71168K, used 17573K [0x0000000740000000, 0x0000000744580000, 0x0000000795580000)
  object space 71168K, 24% used [0x0000000740000000,0x0000000741129728,0x0000000744580000)
 Metaspace       used 21480K, capacity 21643K, committed 22064K, reserved 1069056K
  class space    used 2072K, capacity 2146K, committed 2176K, reserved 1048576K
Event: 434.718 GC heap after
Heap after GC invocations=63 (full 1):
 PSYoungGen      total 29696K, used 96K [0x0000000795580000, 0x0000000797580000, 0x00000007c0000000)
  eden space 29184K, 0% used [0x0000000795580000,0x0000000795580000,0x0000000797200000)
  from space 512K, 18% used [0x0000000797500000,0x0000000797518000,0x0000000797580000)
  to   space 1024K, 0% used [0x0000000797380000,0x0000000797380000,0x0000000797480000)
 ParOldGen       total 71168K, used 17573K [0x0000000740000000, 0x0000000744580000, 0x0000000795580000)
  object space 71168K, 24% used [0x0000000740000000,0x0000000741129728,0x0000000744580000)
 Metaspace       used 21480K, capacity 21643K, committed 22064K, reserved 1069056K
  class space    used 2072K, capacity 2146K, committed 2176K, reserved 1048576K
}
Event: 442.006 GC heap before
{Heap before GC invocations=64 (full 1):
 PSYoungGen      total 29696K, used 29280K [0x0000000795580000, 0x0000000797580000, 0x00000007c0000000)
  eden space 29184K, 100% used [0x0000000795580000,0x0000000797200000,0x0000000797200000)
  from space 512K, 18% used [0x0000000797500000,0x0000000797518000,0x0000000797580000)
  to   space 1024K, 0% used [0x0000000797380000,0x0000000797380000,0x0000000797480000)
 ParOldGen       total 71168K, used 17573K [0x0000000740000000, 0x0000000744580000, 0x0000000795580000)
  object space 71168K, 24% used [0x0000000740000000,0x0000000741129728,0x0000000744580000)
 Metaspace       used 21480K, capacity 21643K, committed 22064K, reserved 1069056K
  class space    used 2072K, capacity 2146K, committed 2176K, reserved 1048576K
Event: 442.007 GC heap after
Heap after GC invocations=64 (full 1):
 PSYoungGen      total 29696K, used 96K [0x0000000795580000, 0x0000000797580000, 0x00000007c0000000)
  eden space 28672K, 0% used [0x0000000795580000,0x0000000795580000,0x0000000797180000)
  from space 1024K, 9% used [0x0000000797380000,0x0000000797398000,0x0000000797480000)
  to   space 1024K, 0% used [0x0000000797480000,0x0000000797480000,0x0000000797580000)
 ParOldGen       total 71168K, used 17589K [0x0000000740000000, 0x0000000744580000, 0x0000000795580000)
  object space 71168K, 24% used [0x0000000740000000,0x000000074112d728,0x0000000744580000)
 Metaspace       used 21480K, capacity 21643K, committed 22064K, reserved 1069056K
  class space    used 2072K, capacity 2146K, committed 2176K, reserved 1048576K
}

