# JRE version: Java(TM) SE Runtime Environment (8.0_111-b14) (build 1.8.0_111-b14)
# Java VM: Java HotSpot(TM) 64-Bit Server VM (25.111-b14 mixed mode bsd-amd64 compressed oops)
Heap:
 PSYoungGen      total 107520K, used 20922K [0x0000000795580000, 0x000000079cd00000, 0x00000007c0000000)
  eden space 101888K, 15% used [0x0000000795580000,0x00000007964df730,0x000000079b900000)
  from space 5632K, 91% used [0x000000079bc80000,0x000000079c18f460,0x000000079c200000)
  to   space 10240K, 0% used [0x000000079c300000,0x000000079c300000,0x000000079cd00000)
 ParOldGen       total 55808K, used 15105K [0x0000000740000000, 0x0000000743680000, 0x0000000795580000)
  object space 55808K, 27% used [0x0000000740000000,0x0000000740ec04d0,0x0000000743680000)
 Metaspace       used 24267K, capacity 24537K, committed 24832K, reserved 1071104K
  class space    used 2397K, capacity 2485K, committed 2560K, reserved 1048576K
GC Heap History (10 events):
Event: 88.937 GC heap before
{Heap before GC invocations=10 (full 1):
 PSYoungGen      total 126976K, used 125981K [0x0000000795580000, 0x000000079e280000, 0x00000007c0000000)
  eden space 120832K, 100% used [0x0000000795580000,0x000000079cb80000,0x000000079cb80000)
  from space 6144K, 83% used [0x000000079dc80000,0x000000079e187460,0x000000079e280000)
  to   space 11776K, 0% used [0x000000079cb80000,0x000000079cb80000,0x000000079d700000)
 ParOldGen       total 55808K, used 15089K [0x0000000740000000, 0x0000000743680000, 0x0000000795580000)
  object space 55808K, 27% used [0x0000000740000000,0x0000000740ebc4d0,0x0000000743680000)
 Metaspace       used 24218K, capacity 24467K, committed 24832K, reserved 1071104K
  class space    used 2388K, capacity 2484K, committed 2560K, reserved 1048576K
Event: 88.943 GC heap after
Heap after GC invocations=10 (full 1):
 PSYoungGen      total 122368K, used 5149K [0x0000000795580000, 0x000000079dd80000, 0x00000007c0000000)
  eden space 116736K, 0% used [0x0000000795580000,0x0000000795580000,0x000000079c780000)
  from space 5632K, 91% used [0x000000079cb80000,0x000000079d087460,0x000000079d100000)
  to   space 11264K, 0% used [0x000000079d280000,0x000000079d280000,0x000000079dd80000)
 ParOldGen       total 55808K, used 15089K [0x0000000740000000, 0x0000000743680000, 0x0000000795580000)
  object space 55808K, 27% used [0x0000000740000000,0x0000000740ebc4d0,0x0000000743680000)
 Metaspace       used 24218K, capacity 24467K, committed 24832K, reserved 1071104K
  class space    used 2388K, capacity 2484K, committed 2560K, reserved 1048576K
}
Event: 112.499 GC heap before
{Heap before GC invocations=11 (full 1):
 PSYoungGen      total 122368K, used 121885K [0x0000000795580000, 0x000000079dd80000, 0x00000007c0000000)
  eden space 116736K, 100% used [0x0000000795580000,0x000000079c780000,0x000000079c780000)
  from space 5632K, 91% used [0x000000079cb80000,0x000000079d087460,0x000000079d100000)
  to   space 11264K, 0% used [0x000000079d280000,0x000000079d280000,0x000000079dd80000)
 ParOldGen       total 55808K, used 15089K [0x0000000740000000, 0x0000000743680000, 0x0000000795580000)
  object space 55808K, 27% used [0x0000000740000000,0x0000000740ebc4d0,0x0000000743680000)
 Metaspace       used 24219K, capacity 24467K, committed 24832K, reserved 1071104K
  class space    used 2388K, capacity 2484K, committed 2560K, reserved 1048576K
Event: 112.503 GC heap after
Heap after GC invocations=11 (full 1):
 PSYoungGen      total 119808K, used 5165K [0x0000000795580000, 0x000000079d980000, 0x00000007c0000000)
  eden space 112640K, 0% used [0x0000000795580000,0x0000000795580000,0x000000079c380000)
  from space 7168K, 72% used [0x000000079d280000,0x000000079d78b450,0x000000079d980000)
  to   space 11264K, 0% used [0x000000079c380000,0x000000079c380000,0x000000079ce80000)
 ParOldGen       total 55808K, used 15097K [0x0000000740000000, 0x0000000743680000, 0x0000000795580000)
  object space 55808K, 27% used [0x0000000740000000,0x0000000740ebe4d0,0x0000000743680000)
 Metaspace       used 24219K, capacity 24467K, committed 24832K, reserved 1071104K
  class space    used 2388K, capacity 2484K, committed 2560K, reserved 1048576K
}
Event: 135.559 GC heap before
{Heap before GC invocations=12 (full 1):
 PSYoungGen      total 119808K, used 117805K [0x0000000795580000, 0x000000079d980000, 0x00000007c0000000)
  eden space 112640K, 100% used [0x0000000795580000,0x000000079c380000,0x000000079c380000)
  from space 7168K, 72% used [0x000000079d280000,0x000000079d78b450,0x000000079d980000)
  to   space 11264K, 0% used [0x000000079c380000,0x000000079c380000,0x000000079ce80000)
 ParOldGen       total 55808K, used 15097K [0x0000000740000000, 0x0000000743680000, 0x0000000795580000)
  object space 55808K, 27% used [0x0000000740000000,0x0000000740ebe4d0,0x0000000743680000)
 Metaspace       used 24219K, capacity 24467K, committed 24832K, reserved 1071104K
  class space    used 2388K, capacity 2484K, committed 2560K, reserved 1048576K
Event: 135.562 GC heap after
Heap after GC invocations=12 (full 1):
 PSYoungGen      total 114688K, used 5213K [0x0000000795580000, 0x000000079d500000, 0x00000007c0000000)
  eden space 109056K, 0% used [0x0000000795580000,0x0000000795580000,0x000000079c000000)
  from space 5632K, 92% used [0x000000079c380000,0x000000079c897460,0x000000079c900000)
  to   space 10752K, 0% used [0x000000079ca80000,0x000000079ca80000,0x000000079d500000)
 ParOldGen       total 55808K, used 15105K [0x0000000740000000, 0x0000000743680000, 0x0000000795580000)
  object space 55808K, 27% used [0x0000000740000000,0x0000000740ec04d0,0x0000000743680000)
 Metaspace       used 24219K, capacity 24467K, committed 24832K, reserved 1071104K
  class space    used 2388K, capacity 2484K, committed 2560K, reserved 1048576K
}
Event: 157.981 GC heap before
{Heap before GC invocations=13 (full 1):
 PSYoungGen      total 114688K, used 114269K [0x0000000795580000, 0x000000079d500000, 0x00000007c0000000)
  eden space 109056K, 100% used [0x0000000795580000,0x000000079c000000,0x000000079c000000)
  from space 5632K, 92% used [0x000000079c380000,0x000000079c897460,0x000000079c900000)
  to   space 10752K, 0% used [0x000000079ca80000,0x000000079ca80000,0x000000079d500000)
 ParOldGen       total 55808K, used 15105K [0x0000000740000000, 0x0000000743680000, 0x0000000795580000)
  object space 55808K, 27% used [0x0000000740000000,0x0000000740ec04d0,0x0000000743680000)
 Metaspace       used 24219K, capacity 24467K, committed 24832K, reserved 1071104K
  class space    used 2388K, capacity 2484K, committed 2560K, reserved 1048576K
Event: 157.985 GC heap after
Heap after GC invocations=13 (full 1):
 PSYoungGen      total 112640K, used 5165K [0x0000000795580000, 0x000000079d180000, 0x00000007c0000000)
  eden space 105472K, 0% used [0x0000000795580000,0x0000000795580000,0x000000079bc80000)
  from space 7168K, 72% used [0x000000079ca80000,0x000000079cf8b450,0x000000079d180000)
  to   space 10752K, 0% used [0x000000079bc80000,0x000000079bc80000,0x000000079c700000)
 ParOldGen       total 55808K, used 15105K [0x0000000740000000, 0x0000000743680000, 0x0000000795580000)
  object space 55808K, 27% used [0x0000000740000000,0x0000000740ec04d0,0x0000000743680000)
 Metaspace       used 24219K, capacity 24467K, committed 24832K, reserved 1071104K
  class space    used 2388K, capacity 2484K, committed 2560K, reserved 1048576K
}
Event: 180.308 GC heap before
{Heap before GC invocations=14 (full 1):
 PSYoungGen      total 112640K, used 110637K [0x0000000795580000, 0x000000079d180000, 0x00000007c0000000)
  eden space 105472K, 100% used [0x0000000795580000,0x000000079bc80000,0x000000079bc80000)
  from space 7168K, 72% used [0x000000079ca80000,0x000000079cf8b450,0x000000079d180000)
  to   space 10752K, 0% used [0x000000079bc80000,0x000000079bc80000,0x000000079c700000)
 ParOldGen       total 55808K, used 15105K [0x0000000740000000, 0x0000000743680000, 0x0000000795580000)
  object space 55808K, 27% used [0x0000000740000000,0x0000000740ec04d0,0x0000000743680000)
 Metaspace       used 24219K, capacity 24467K, committed 24832K, reserved 1071104K
  class space    used 2388K, capacity 2484K, committed 2560K, reserved 1048576K
Event: 180.317 GC heap after
Heap after GC invocations=14 (full 1):
 PSYoungGen      total 107520K, used 5181K [0x0000000795580000, 0x000000079cd00000, 0x00000007c0000000)
  eden space 101888K, 0% used [0x0000000795580000,0x0000000795580000,0x000000079b900000)
  from space 5632K, 91% used [0x000000079bc80000,0x000000079c18f460,0x000000079c200000)
  to   space 10240K, 0% used [0x000000079c300000,0x000000079c300000,0x000000079cd00000)
 ParOldGen       total 55808K, used 15105K [0x0000000740000000, 0x0000000743680000, 0x0000000795580000)
  object space 55808K, 27% used [0x0000000740000000,0x0000000740ec04d0,0x0000000743680000)
 Metaspace       used 24219K, capacity 24467K, committed 24832K, reserved 1071104K
  class space    used 2388K, capacity 2484K, committed 2560K, reserved 1048576K
}

