# JRE version: Java(TM) SE Runtime Environment (8.0_111-b14) (build 1.8.0_111-b14)
# Java VM: Java HotSpot(TM) 64-Bit Server VM (25.111-b14 mixed mode bsd-amd64 compressed oops)
Heap:
 PSYoungGen      total 30208K, used 4506K [0x0000000795580000, 0x0000000798b80000, 0x00000007c0000000)
  eden space 29696K, 14% used [0x0000000795580000,0x00000007959c6840,0x0000000797280000)
  from space 512K, 25% used [0x0000000797300000,0x0000000797320000,0x0000000797380000)
  to   space 12800K, 0% used [0x0000000797f00000,0x0000000797f00000,0x0000000798b80000)
 ParOldGen       total 57344K, used 15999K [0x0000000740000000, 0x0000000743800000, 0x0000000795580000)
  object space 57344K, 27% used [0x0000000740000000,0x0000000740f9fcd8,0x0000000743800000)
 Metaspace       used 20982K, capacity 21155K, committed 21552K, reserved 1069056K
  class space    used 2053K, capacity 2114K, committed 2176K, reserved 1048576K
GC Heap History (10 events):
Event: 39.001 GC heap before
{Heap before GC invocations=8 (full 1):
 PSYoungGen      total 46080K, used 32352K [0x0000000795580000, 0x0000000799100000, 0x00000007c0000000)
  eden space 32256K, 100% used [0x0000000795580000,0x0000000797500000,0x0000000797500000)
  from space 13824K, 0% used [0x0000000798380000,0x0000000798398000,0x0000000799100000)
  to   space 14336K, 0% used [0x0000000797500000,0x0000000797500000,0x0000000798300000)
 ParOldGen       total 57344K, used 15999K [0x0000000740000000, 0x0000000743800000, 0x0000000795580000)
  object space 57344K, 27% used [0x0000000740000000,0x0000000740f9fcd8,0x0000000743800000)
 Metaspace       used 20920K, capacity 21149K, committed 21552K, reserved 1069056K
  class space    used 2041K, capacity 2113K, committed 2176K, reserved 1048576K
Event: 39.003 GC heap after
Heap after GC invocations=8 (full 1):
 PSYoungGen      total 32256K, used 96K [0x0000000795580000, 0x0000000799080000, 0x00000007c0000000)
  eden space 31744K, 0% used [0x0000000795580000,0x0000000795580000,0x0000000797480000)
  from space 512K, 18% used [0x0000000797500000,0x0000000797518000,0x0000000797580000)
  to   space 14336K, 0% used [0x0000000798280000,0x0000000798280000,0x0000000799080000)
 ParOldGen       total 57344K, used 15999K [0x0000000740000000, 0x0000000743800000, 0x0000000795580000)
  object space 57344K, 27% used [0x0000000740000000,0x0000000740f9fcd8,0x0000000743800000)
 Metaspace       used 20920K, capacity 21149K, committed 21552K, reserved 1069056K
  class space    used 2041K, capacity 2113K, committed 2176K, reserved 1048576K
}
Event: 47.004 GC heap before
{Heap before GC invocations=9 (full 1):
 PSYoungGen      total 32256K, used 31840K [0x0000000795580000, 0x0000000799080000, 0x00000007c0000000)
  eden space 31744K, 100% used [0x0000000795580000,0x0000000797480000,0x0000000797480000)
  from space 512K, 18% used [0x0000000797500000,0x0000000797518000,0x0000000797580000)
  to   space 14336K, 0% used [0x0000000798280000,0x0000000798280000,0x0000000799080000)
 ParOldGen       total 57344K, used 15999K [0x0000000740000000, 0x0000000743800000, 0x0000000795580000)
  object space 57344K, 27% used [0x0000000740000000,0x0000000740f9fcd8,0x0000000743800000)
 Metaspace       used 20920K, capacity 21149K, committed 21552K, reserved 1069056K
  class space    used 2042K, capacity 2113K, committed 2176K, reserved 1048576K
Event: 47.006 GC heap after
Heap after GC invocations=9 (full 1):
 PSYoungGen      total 45056K, used 96K [0x0000000795580000, 0x0000000799000000, 0x00000007c0000000)
  eden space 31232K, 0% used [0x0000000795580000,0x0000000795580000,0x0000000797400000)
  from space 13824K, 0% used [0x0000000798280000,0x0000000798298000,0x0000000799000000)
  to   space 14336K, 0% used [0x0000000797400000,0x0000000797400000,0x0000000798200000)
 ParOldGen       total 57344K, used 15999K [0x0000000740000000, 0x0000000743800000, 0x0000000795580000)
  object space 57344K, 27% used [0x0000000740000000,0x0000000740f9fcd8,0x0000000743800000)
 Metaspace       used 20920K, capacity 21149K, committed 21552K, reserved 1069056K
  class space    used 2042K, capacity 2113K, committed 2176K, reserved 1048576K
}
Event: 54.875 GC heap before
{Heap before GC invocations=10 (full 1):
 PSYoungGen      total 45056K, used 31328K [0x0000000795580000, 0x0000000799000000, 0x00000007c0000000)
  eden space 31232K, 100% used [0x0000000795580000,0x0000000797400000,0x0000000797400000)
  from space 13824K, 0% used [0x0000000798280000,0x0000000798298000,0x0000000799000000)
  to   space 14336K, 0% used [0x0000000797400000,0x0000000797400000,0x0000000798200000)
 ParOldGen       total 57344K, used 15999K [0x0000000740000000, 0x0000000743800000, 0x0000000795580000)
  object space 57344K, 27% used [0x0000000740000000,0x0000000740f9fcd8,0x0000000743800000)
 Metaspace       used 20920K, capacity 21149K, committed 21552K, reserved 1069056K
  class space    used 2042K, capacity 2113K, committed 2176K, reserved 1048576K
Event: 54.876 GC heap after
Heap after GC invocations=10 (full 1):
 PSYoungGen      total 31232K, used 96K [0x0000000795580000, 0x0000000798e80000, 0x00000007c0000000)
  eden space 30720K, 0% used [0x0000000795580000,0x0000000795580000,0x0000000797380000)
  from space 512K, 18% used [0x0000000797400000,0x0000000797418000,0x0000000797480000)
  to   space 13824K, 0% used [0x0000000798100000,0x0000000798100000,0x0000000798e80000)
 ParOldGen       total 57344K, used 15999K [0x0000000740000000, 0x0000000743800000, 0x0000000795580000)
  object space 57344K, 27% used [0x0000000740000000,0x0000000740f9fcd8,0x0000000743800000)
 Metaspace       used 20920K, capacity 21149K, committed 21552K, reserved 1069056K
  class space    used 2042K, capacity 2113K, committed 2176K, reserved 1048576K
}
Event: 62.628 GC heap before
{Heap before GC invocations=11 (full 1):
 PSYoungGen      total 31232K, used 30816K [0x0000000795580000, 0x0000000798e80000, 0x00000007c0000000)
  eden space 30720K, 100% used [0x0000000795580000,0x0000000797380000,0x0000000797380000)
  from space 512K, 18% used [0x0000000797400000,0x0000000797418000,0x0000000797480000)
  to   space 13824K, 0% used [0x0000000798100000,0x0000000798100000,0x0000000798e80000)
 ParOldGen       total 57344K, used 15999K [0x0000000740000000, 0x0000000743800000, 0x0000000795580000)
  object space 57344K, 27% used [0x0000000740000000,0x0000000740f9fcd8,0x0000000743800000)
 Metaspace       used 20920K, capacity 21149K, committed 21552K, reserved 1069056K
  class space    used 2042K, capacity 2113K, committed 2176K, reserved 1048576K
Event: 62.630 GC heap after
Heap after GC invocations=11 (full 1):
 PSYoungGen      total 42496K, used 96K [0x0000000795580000, 0x0000000798d00000, 0x00000007c0000000)
  eden space 30208K, 0% used [0x0000000795580000,0x0000000795580000,0x0000000797300000)
  from space 12288K, 0% used [0x0000000798100000,0x0000000798118000,0x0000000798d00000)
  to   space 13312K, 0% used [0x0000000797300000,0x0000000797300000,0x0000000798000000)
 ParOldGen       total 57344K, used 15999K [0x0000000740000000, 0x0000000743800000, 0x0000000795580000)
  object space 57344K, 27% used [0x0000000740000000,0x0000000740f9fcd8,0x0000000743800000)
 Metaspace       used 20920K, capacity 21149K, committed 21552K, reserved 1069056K
  class space    used 2042K, capacity 2113K, committed 2176K, reserved 1048576K
}
Event: 72.067 GC heap before
{Heap before GC invocations=12 (full 1):
 PSYoungGen      total 42496K, used 30304K [0x0000000795580000, 0x0000000798d00000, 0x00000007c0000000)
  eden space 30208K, 100% used [0x0000000795580000,0x0000000797300000,0x0000000797300000)
  from space 12288K, 0% used [0x0000000798100000,0x0000000798118000,0x0000000798d00000)
  to   space 13312K, 0% used [0x0000000797300000,0x0000000797300000,0x0000000798000000)
 ParOldGen       total 57344K, used 15999K [0x0000000740000000, 0x0000000743800000, 0x0000000795580000)
  object space 57344K, 27% used [0x0000000740000000,0x0000000740f9fcd8,0x0000000743800000)
 Metaspace       used 20920K, capacity 21149K, committed 21552K, reserved 1069056K
  class space    used 2042K, capacity 2113K, committed 2176K, reserved 1048576K
Event: 72.069 GC heap after
Heap after GC invocations=12 (full 1):
 PSYoungGen      total 30208K, used 128K [0x0000000795580000, 0x0000000798b80000, 0x00000007c0000000)
  eden space 29696K, 0% used [0x0000000795580000,0x0000000795580000,0x0000000797280000)
  from space 512K, 25% used [0x0000000797300000,0x0000000797320000,0x0000000797380000)
  to   space 12800K, 0% used [0x0000000797f00000,0x0000000797f00000,0x0000000798b80000)
 ParOldGen       total 57344K, used 15999K [0x0000000740000000, 0x0000000743800000, 0x0000000795580000)
  object space 57344K, 27% used [0x0000000740000000,0x0000000740f9fcd8,0x0000000743800000)
 Metaspace       used 20920K, capacity 21149K, committed 21552K, reserved 1069056K
  class space    used 2042K, capacity 2113K, committed 2176K, reserved 1048576K
}

