# JRE version: Java(TM) SE Runtime Environment (8.0_111-b14) (build 1.8.0_111-b14)
# Java VM: Java HotSpot(TM) 64-Bit Server VM (25.111-b14 mixed mode bsd-amd64 compressed oops)
Heap:
 PSYoungGen      total 101376K, used 12734K [0x0000000795580000, 0x000000079ce00000, 0x00000007c0000000)
  eden space 91136K, 8% used [0x0000000795580000,0x0000000795cd4460,0x000000079ae80000)
  from space 10240K, 51% used [0x000000079ae80000,0x000000079b39b430,0x000000079b880000)
  to   space 10240K, 0% used [0x000000079c400000,0x000000079c400000,0x000000079ce00000)
 ParOldGen       total 60928K, used 15502K [0x0000000740000000, 0x0000000743b80000, 0x0000000795580000)
  object space 60928K, 25% used [0x0000000740000000,0x0000000740f23b40,0x0000000743b80000)
 Metaspace       used 24262K, capacity 24539K, committed 24832K, reserved 1071104K
  class space    used 2391K, capacity 2484K, committed 2560K, reserved 1048576K
GC Heap History (10 events):
Event: 7.468 GC heap before
{Heap before GC invocations=6 (full 1):
 PSYoungGen      total 55296K, used 55293K [0x0000000795580000, 0x000000079a080000, 0x00000007c0000000)
  eden space 50176K, 100% used [0x0000000795580000,0x0000000798680000,0x0000000798680000)
  from space 5120K, 99% used [0x0000000799b80000,0x000000079a07f440,0x000000079a080000)
  to   space 5120K, 0% used [0x0000000799680000,0x0000000799680000,0x0000000799b80000)
 ParOldGen       total 60928K, used 12134K [0x0000000740000000, 0x0000000743b80000, 0x0000000795580000)
  object space 60928K, 19% used [0x0000000740000000,0x0000000740bd9930,0x0000000743b80000)
 Metaspace       used 23950K, capacity 24219K, committed 24576K, reserved 1071104K
  class space    used 2384K, capacity 2484K, committed 2560K, reserved 1048576K
Event: 7.474 GC heap after
Heap after GC invocations=6 (full 1):
 PSYoungGen      total 71680K, used 5101K [0x0000000795580000, 0x000000079b100000, 0x00000007c0000000)
  eden space 66560K, 0% used [0x0000000795580000,0x0000000795580000,0x0000000799680000)
  from space 5120K, 99% used [0x0000000799680000,0x0000000799b7b430,0x0000000799b80000)
  to   space 10752K, 0% used [0x000000079a680000,0x000000079a680000,0x000000079b100000)
 ParOldGen       total 60928K, used 15502K [0x0000000740000000, 0x0000000743b80000, 0x0000000795580000)
  object space 60928K, 25% used [0x0000000740000000,0x0000000740f23b40,0x0000000743b80000)
 Metaspace       used 23950K, capacity 24219K, committed 24576K, reserved 1071104K
  class space    used 2384K, capacity 2484K, committed 2560K, reserved 1048576K
}
Event: 16.406 GC heap before
{Heap before GC invocations=7 (full 1):
 PSYoungGen      total 71680K, used 71661K [0x0000000795580000, 0x000000079b100000, 0x00000007c0000000)
  eden space 66560K, 100% used [0x0000000795580000,0x0000000799680000,0x0000000799680000)
  from space 5120K, 99% used [0x0000000799680000,0x0000000799b7b430,0x0000000799b80000)
  to   space 10752K, 0% used [0x000000079a680000,0x000000079a680000,0x000000079b100000)
 ParOldGen       total 60928K, used 15502K [0x0000000740000000, 0x0000000743b80000, 0x0000000795580000)
  object space 60928K, 25% used [0x0000000740000000,0x0000000740f23b40,0x0000000743b80000)
 Metaspace       used 24227K, capacity 24475K, committed 24832K, reserved 1071104K
  class space    used 2384K, capacity 2484K, committed 2560K, reserved 1048576K
Event: 16.411 GC heap after
Heap after GC invocations=7 (full 1):
 PSYoungGen      total 82944K, used 5165K [0x0000000795580000, 0x000000079c400000, 0x00000007c0000000)
  eden space 72192K, 0% used [0x0000000795580000,0x0000000795580000,0x0000000799c00000)
  from space 10752K, 48% used [0x000000079a680000,0x000000079ab8b430,0x000000079b100000)
  to   space 10752K, 0% used [0x0000000799c00000,0x0000000799c00000,0x000000079a680000)
 ParOldGen       total 60928K, used 15502K [0x0000000740000000, 0x0000000743b80000, 0x0000000795580000)
  object space 60928K, 25% used [0x0000000740000000,0x0000000740f23b40,0x0000000743b80000)
 Metaspace       used 24227K, capacity 24475K, committed 24832K, reserved 1071104K
  class space    used 2384K, capacity 2484K, committed 2560K, reserved 1048576K
}
Event: 26.443 GC heap before
{Heap before GC invocations=8 (full 1):
 PSYoungGen      total 82944K, used 77357K [0x0000000795580000, 0x000000079c400000, 0x00000007c0000000)
  eden space 72192K, 100% used [0x0000000795580000,0x0000000799c00000,0x0000000799c00000)
  from space 10752K, 48% used [0x000000079a680000,0x000000079ab8b430,0x000000079b100000)
  to   space 10752K, 0% used [0x0000000799c00000,0x0000000799c00000,0x000000079a680000)
 ParOldGen       total 60928K, used 15502K [0x0000000740000000, 0x0000000743b80000, 0x0000000795580000)
  object space 60928K, 25% used [0x0000000740000000,0x0000000740f23b40,0x0000000743b80000)
 Metaspace       used 24228K, capacity 24475K, committed 24832K, reserved 1071104K
  class space    used 2384K, capacity 2484K, committed 2560K, reserved 1048576K
Event: 26.447 GC heap after
Heap after GC invocations=8 (full 1):
 PSYoungGen      total 82944K, used 5165K [0x0000000795580000, 0x000000079c700000, 0x00000007c0000000)
  eden space 72192K, 0% used [0x0000000795580000,0x0000000795580000,0x0000000799c00000)
  from space 10752K, 48% used [0x0000000799c00000,0x000000079a10b430,0x000000079a680000)
  to   space 10752K, 0% used [0x000000079bc80000,0x000000079bc80000,0x000000079c700000)
 ParOldGen       total 60928K, used 15502K [0x0000000740000000, 0x0000000743b80000, 0x0000000795580000)
  object space 60928K, 25% used [0x0000000740000000,0x0000000740f23b40,0x0000000743b80000)
 Metaspace       used 24228K, capacity 24475K, committed 24832K, reserved 1071104K
  class space    used 2384K, capacity 2484K, committed 2560K, reserved 1048576K
}
Event: 36.531 GC heap before
{Heap before GC invocations=9 (full 1):
 PSYoungGen      total 82944K, used 77357K [0x0000000795580000, 0x000000079c700000, 0x00000007c0000000)
  eden space 72192K, 100% used [0x0000000795580000,0x0000000799c00000,0x0000000799c00000)
  from space 10752K, 48% used [0x0000000799c00000,0x000000079a10b430,0x000000079a680000)
  to   space 10752K, 0% used [0x000000079bc80000,0x000000079bc80000,0x000000079c700000)
 ParOldGen       total 60928K, used 15502K [0x0000000740000000, 0x0000000743b80000, 0x0000000795580000)
  object space 60928K, 25% used [0x0000000740000000,0x0000000740f23b40,0x0000000743b80000)
 Metaspace       used 24229K, capacity 24475K, committed 24832K, reserved 1071104K
  class space    used 2384K, capacity 2484K, committed 2560K, reserved 1048576K
Event: 36.536 GC heap after
Heap after GC invocations=9 (full 1):
 PSYoungGen      total 97280K, used 5197K [0x0000000795580000, 0x000000079c280000, 0x00000007c0000000)
  eden space 91136K, 0% used [0x0000000795580000,0x0000000795580000,0x000000079ae80000)
  from space 6144K, 84% used [0x000000079bc80000,0x000000079c193430,0x000000079c280000)
  to   space 10240K, 0% used [0x000000079ae80000,0x000000079ae80000,0x000000079b880000)
 ParOldGen       total 60928K, used 15502K [0x0000000740000000, 0x0000000743b80000, 0x0000000795580000)
  object space 60928K, 25% used [0x0000000740000000,0x0000000740f23b40,0x0000000743b80000)
 Metaspace       used 24229K, capacity 24475K, committed 24832K, reserved 1071104K
  class space    used 2384K, capacity 2484K, committed 2560K, reserved 1048576K
}
Event: 49.255 GC heap before
{Heap before GC invocations=10 (full 1):
 PSYoungGen      total 97280K, used 96333K [0x0000000795580000, 0x000000079c280000, 0x00000007c0000000)
  eden space 91136K, 100% used [0x0000000795580000,0x000000079ae80000,0x000000079ae80000)
  from space 6144K, 84% used [0x000000079bc80000,0x000000079c193430,0x000000079c280000)
  to   space 10240K, 0% used [0x000000079ae80000,0x000000079ae80000,0x000000079b880000)
 ParOldGen       total 60928K, used 15502K [0x0000000740000000, 0x0000000743b80000, 0x0000000795580000)
  object space 60928K, 25% used [0x0000000740000000,0x0000000740f23b40,0x0000000743b80000)
 Metaspace       used 24233K, capacity 24539K, committed 24832K, reserved 1071104K
  class space    used 2384K, capacity 2484K, committed 2560K, reserved 1048576K
Event: 49.259 GC heap after
Heap after GC invocations=10 (full 1):
 PSYoungGen      total 101376K, used 5229K [0x0000000795580000, 0x000000079ce00000, 0x00000007c0000000)
  eden space 91136K, 0% used [0x0000000795580000,0x0000000795580000,0x000000079ae80000)
  from space 10240K, 51% used [0x000000079ae80000,0x000000079b39b430,0x000000079b880000)
  to   space 10240K, 0% used [0x000000079c400000,0x000000079c400000,0x000000079ce00000)
 ParOldGen       total 60928K, used 15502K [0x0000000740000000, 0x0000000743b80000, 0x0000000795580000)
  object space 60928K, 25% used [0x0000000740000000,0x0000000740f23b40,0x0000000743b80000)
 Metaspace       used 24233K, capacity 24539K, committed 24832K, reserved 1071104K
  class space    used 2384K, capacity 2484K, committed 2560K, reserved 1048576K
}

